Sceneryobjects\3dtranstudio\bridge_pier.sco
1056420289
1056420289
-1
Sceneryobjects\Generic\routearrow_dn_dyn.sco
1196580396
1196580396
-1
Sceneryobjects\Streetobjects_RUE\neonlight_2L_bend_L.sco
1196580403
1196580403
-1
Sceneryobjects\Streetobjects_RUE\neonlight_L_bend_L.sco
1196580403
1196580403
-1
Sceneryobjects\Trees_MC\RHD_tree_large_01.sco
1097248121
1097248121
-1
Sceneryobjects\Trees_MC\RHD_tree_large_02.sco
1097248121
1097248121
-1
Sceneryobjects\Trees_MC\tree_large_06.sco
1196580429
1196580429
-1
Splines\3dtranstudio\1way_1line_highway_a.sli
1192705519
-
-
Splines\3dtranstudio\2line_1way.sli
1132015050
-
-
Splines\3dtranstudio\2line_1way_bridge.sli
1192706180
-
-
Splines\3dtranstudio\3line_1way.sli
1134104275
-
-
Splines\3dtranstudio\highway_a - air.sli
1311346835
-
-
Splines\3dtranstudio\highway_a.sli
1143750682
-
-
Splines\3dtranstudio\str_0spur_4m_hk.sli
1065025632
-
-
Splines\M3_Spline\line_GV.sli
1177328550
-
-
Splines\M3_Spline\line_road.sli
1177328550
-
-
Splines\M3_Spline\line_white.sli
1177328550
-
-
Splines\taxidriverhk\0lane_pedonly_concrete_narrow.sli
1126481448
-
-
Splines\taxidriverhk\1lane_roadonly_4mwide.sli
1095707059
-
-
Splines\taxidriverhk_nopaths\0lanes_oneway_meifooflyover_bottom_narrow.sli
1194160552
-
-
