Sceneryobjects\3dtranstudio\hkstreet\ground_busstop1.sco
1312789596
1312789596
-1
Sceneryobjects\3dtranstudio\hkstreet\ground_busstop5.sco
1312789596
1312789596
-1
Sceneryobjects\Busstops_HK\Bus_hut_temp_green.sco
1351811225
1351811225
-1
Sceneryobjects\Busstops_HK\Bus_hut_temp_L_green.sco
1351811225
1351811225
-1
Sceneryobjects\CDLX\KMB\Helper2x2.sco
1351811258
1351811258
-1
Sceneryobjects\CDLX\KMB\NewLollipop2x2LWBFull.sco
1351811259
1351811259
-1
Sceneryobjects\Generic\bus_stop.sco
1351774414
1351774414
-1
Sceneryobjects\Generic\car_park.sco
1351774414
1351774414
-1
Sceneryobjects\Generic\entrypoint_bus.sco
1351774414
1351774414
-1
Sceneryobjects\Generic\people_standing_small.sco
1351774415
1351774415
-1
Sceneryobjects\gg\sport03.sco
1110943759
1110943759
-1
Sceneryobjects\GM4500 Objects\Coach.sco
1253396526
1253396526
-1
Sceneryobjects\GM4500 Objects\Hong Kong Buses\Coach2\Coach2_.sco
1253405339
1253405339
-1
Sceneryobjects\GM4500 Objects\Hong Kong Buses\Coach2\Coach4_.sco
1253405371
1253405371
-1
Sceneryobjects\GM4500 Objects\Hong Kong Buses\NLB MAN\NLB MAN.sco
1266590506
1266590506
-1
Sceneryobjects\HKBTS_Bus_stop\CTB Bus stop.sco
1312789756
1312789756
-1
Sceneryobjects\MAN F90\MAN_parked_F90.sco
1081124995
1081124995
-1
Sceneryobjects\Map E31\md.sco
1331760155
1331760155
-1
Sceneryobjects\Map E31\mdb.sco
1358413081
1358413081
-1
Sceneryobjects\Map E31\mdwall.sco
1331785257
1331785257
-1
Sceneryobjects\Map E31\Mtbara.sco
1378843819
1378843819
-1
Sceneryobjects\Map E31\nlbbs.sco
1352165752
1352165752
-1
Sceneryobjects\Map E31\tcsf.sco
1331197033
1331197033
-1
Sceneryobjects\Streetobjects_RUE\neonlight_L_bend_L.sco
1351811284
1351811284
-1
Sceneryobjects\taxidriverhk_hkwk_lite\chatham_crash_barrier_pole.sco
1291264289
1291264289
-1
Sceneryobjects\Trees_MC\RHD_tree_large_01.sco
1312789895
1312789895
-1
Sceneryobjects\Trees_MC\RHD_tree_large_02.sco
1312789895
1312789895
-1
Sceneryobjects\Trees_MC\RHD_tree_large_03.sco
1312789895
1312789895
-1
Sceneryobjects\Trees_MC\RHD_Tree_Small_05.sco
1312789895
1312789895
-1
Sceneryobjects\Trees_MC\RHD_Tree_Small_06.sco
1312789895
1312789895
-1
Sceneryobjects\Trees_MC\RHD_Tree_Small_07.sco
1312789895
1312789895
-1
Splines\3dtranstudio\2line_1way.sli
1132015050
-
-
Splines\3dtranstudio\str_0spur_7m_gras.sli
1330907635
-
-
Splines\3dtranstudio\str_0spur_7m_hk.sli
1065008832
-
-
Splines\GUHP Workshop\Rstreets\hkstreet_Uneven\invis_airway.sli
1177328535
-
-
Splines\kelvin1324\0lane_barrier2_slope_1.8m.sli
1348739485
-
-
Splines\M3_Spline\line_GV.sli
1177328550
-
-
Splines\taxidriverhk\0lane_pedonly_concrete.sli
1122402903
-
-
Splines\taxidriverhk\0lane_pedonly_concrete_narrow.sli
1126481448
-
-
Splines\taxidriverhk\0lane_pedonly_concrete_nocurb.sli
1143107296
-
-
Splines\taxidriverhk\1lane_pedonly_concrete.sli
1095543106
-
-
Splines\taxidriverhk_nopaths\0lane_barrierfortonkin.sli
1095330490
-
-
Splines\taxidriverhk_nopaths\0lane_crash_barrier.sli
1194157250
-
-
Splines\taxidriverhk_nopaths\0lane_pedonly_concrete_nocurb_wide.sli
1251169457
-
-
