Sceneryobjects\3dtranstudio\hkstreet\ground_busstop3.sco
1063489771
1063489771
-1
Sceneryobjects\3dtranstudio\hkstreet\ground_busstop4.sco
1063489776
1063489776
-1
Sceneryobjects\Busstops_HK\Bus_hut_temp_L.sco
1352925427
1352925427
-1
Sceneryobjects\Busstops_HK\people_standing_narrow.sco
1352925428
1352925428
-1
Sceneryobjects\CDLX\KMB\NewLollipop2x2NoBase.sco
1282491267
1282491267
-1
Sceneryobjects\CDLX\KMB\NewLollipop2x2NoBoardBase.sco
1279668362
1279668362
-1
Sceneryobjects\Generic\bus_stop.sco
1210215889
1210215889
-1
Sceneryobjects\Generic\routearrow_L_dyn.sco
1210215890
1210215890
-1
Sceneryobjects\Generic\routearrow_R_dyn.sco
1210215940
1210215940
-1
Sceneryobjects\Generic\routearrows_busstop.sco
1210216053
1210216053
-1
Sceneryobjects\Map E31\lybs.sco
1359456269
1359456269
-1
Sceneryobjects\Map E31\lyed.sco
1359482041
1359482041
-1
Sceneryobjects\Static_Vehicles_RUE\aau.sco
1064737048
1064737048
-1
Sceneryobjects\taxidriverhk_busstop\bushut_1980_large_3.sco
1291017218
1291017218
-1
Sceneryobjects\taxidriverhk_busstop\bushut_1990_freetex_2.sco
1291263118
1291263118
-1
Sceneryobjects\taxidriverhk_busstop\bushut_2000_9pole_2.sco
1291017218
1291017218
-1
Sceneryobjects\Trees_MC\RHD_tree_large_01.sco
1097248121
1097248121
-1
Sceneryobjects\Trees_MC\RHD_Tree_Small_07.sco
1097248122
1097248122
-1
Splines\3dtranstudio\2spur_11m_altonaer_c_noped.sli
1353727365
-
-
Splines\3dtranstudio\invis_street.sli
1353727366
-
-
Splines\3dtranstudio\ped_tstrd.sli
1358932009
-
-
Splines\3dtranstudio\str_0spur_20m_tstrd.sli
1350462196
-
-
Splines\gg\hillwall04.sli
1099939397
-
-
Splines\kelvin1324\fence1_grey.sli
1358084236
-
-
Splines\kelvin1324\fence2_grey.sli
1358084236
-
-
Splines\taxidriverhk_nopaths\0lane_pedonly_concrete_narrow_nocurb.sli
1353727451
-
-
Splines\taxidriverhk_nopaths\0lane_pedonly_concrete_nocurb_wide.sli
1353727451
-
-
Splines\taxidriverhk_nopaths\0lane_retainingwall_4.sli
1353727451
-
-
Vehicles\Toyota_Crown\Toyota_parked_Crown_urban.sco
1187578048
1187691381
-1
