Sceneryobjects\11_City\KowloonMTR11.sco
1187976249
1187976249
-1
Sceneryobjects\296a\obj_kt017.sco
1181968845
1181968845
-1
Sceneryobjects\296d_219x\To_Kwa_Wan07.sco
1188847985
1188847985
-1
Sceneryobjects\3dtranstudio\hkstreet\ground_busstop3.sco
1063489771
1063489771
-1
Sceneryobjects\3dtranstudio\hkstreet\ground_busstop5.sco
1063490791
1063490791
-1
Sceneryobjects\3dtranstudio\hkstreet\ground_slow.sco
1063473224
1063473224
-1
Sceneryobjects\3dtranstudio\hkstreet\RHD_ground_busstop4.sco
1345259081
1345259081
-1
Sceneryobjects\arisuhime_newobject\KwaiTsuiEstate_terrace_.sco
1311876808
1311876808
-1
Sceneryobjects\arisuhime_newobject\PARKnSHOP_.sco
1313705226
1313705226
-1
Sceneryobjects\arisuhime_TongLau\TongLau_1st-floor_03_.sco
1299031350
1299031350
-1
Sceneryobjects\Busstop\bushut_2000_12pole_2.sco
1291017218
1291017218
-1
Sceneryobjects\gg_RHD\sport03.sco
1353686588
1353686588
-1
Sceneryobjects\HK roadsurface mark\hkroadsurf_leftlane.sco
1177328320
1177328320
-1
Sceneryobjects\HK Static Bus\AMS Rose\4C\Rosa_AMS.sco
1115596569
1115596569
-1
Sceneryobjects\kelvin1324_Buildings\fh_BT_Top_shorten_.sco
1351811319
1351811319
-1
Sceneryobjects\kelvin1324_Buildings\kf_KwongChiHouse_BasketballCourt_.sco
1351811319
1351811319
-1
Sceneryobjects\kelvin1324_Buildings\sp_ScienceParkRoadPublicToilet_.sco
1351811319
1351811319
-1
Sceneryobjects\kelvin1324_Buildings\tpc_Bridge_Lift_.sco
1351811320
1351811320
-1
Sceneryobjects\kelvin1324_Misc\bollard_HK_1_NoArrow_.sco
1351811377
1351811377
-1
Sceneryobjects\kelvin1324_Vehicles\Hong Kong Toyota_Coaster_Series7\parked_Van_Green_Series7_.sco
1265677270
1265677270
-1
Sceneryobjects\KMB Bus stop Lollipop\Lollipop3x3NoBase.sco
1252879112
1252879112
-1
Sceneryobjects\KMB Bus stop Lollipop\Lollipop3x3NoBoardBase.sco
1252879124
1252879124
-1
Sceneryobjects\KMB Bus stop Lollipop\Lollipop4x4NoBase.sco
1252879122
1252879122
-1
Sceneryobjects\KMB Bus stop Lollipop\Lollipop4x4NoBoardBase.sco
1252879119
1252879119
-1
Sceneryobjects\KMB Bus stop Lollipop\Lollipop4x5NoBase.sco
1252886817
1252886817
-1
Sceneryobjects\KMB Bus stop Lollipop\Lollipop5x5NoBoardBase.sco
1252879131
1252879131
-1
Sceneryobjects\Map E31\COE.sco
1331001562
1331001562
-1
Sceneryobjects\Map E31\lybar.sco
1359441222
1359441222
-1
Sceneryobjects\Map E31\Mtbara.sco
1378843819
1378843819
-1
Sceneryobjects\NG1604's object\50 kmh.sco
1084137798
1084137798
-1
Sceneryobjects\ProjectTWS\F1sh\Choi Hung Station_substation_.sco
1383549490
1383549490
-1
Sceneryobjects\ProjectTWS\F1sh\Lung Poon Court_yellow_.sco
1379156692
1379156692
-1
Sceneryobjects\ProjectTWS\F1sh\Tak Po Garden Mall_.sco
1353233648
1353233648
-1
Sceneryobjects\ProjectTWS\F1sh\Tak Po Garden_.sco
1353233651
1353233651
-1
Sceneryobjects\ProjectTWS\UB1329\ChoiHungEstateFences.sco
1354465721
1354465721
-1
Sceneryobjects\SS_HKTrafficSign\RHD_Sign_Stop (134).sco
1053074265
1053074265
-1
Sceneryobjects\SS_HKTrafficSign\RHD_Sign_Stop (18).sco
1051658064
1051658064
-1
Sceneryobjects\SS_HKTrafficSign\RHD_SS_Pole_Grey.sco
1051658064
1051658064
-1
Sceneryobjects\SS_HKTrafficSign\SS_Pole_Grey (2).sco
1345259694
1345259694
-1
Sceneryobjects\SS_HKTrafficSign\SS_Sign_Spd70.sco
1053074266
1053074266
-1
Sceneryobjects\Streetobjects_RUE\Busstop_Column.sco
1044252994
1044252994
-1
Sceneryobjects\taxidriverhk\telephonebooth.sco
1291016875
1291016875
-1
Sceneryobjects\taxidriverhk_busstop\bushut_2000_12pole_seiko.sco
1291017218
1291017218
-1
Sceneryobjects\taxidriverhk_kowlooncity\hunghom_metropolis_pole.sco
1291264301
1291264301
-1
Sceneryobjects\taxidriverhk_signage\signage_reducespeednow.sco
1291264439
1291264439
-1
Sceneryobjects\taxidriverhk_tst_jordan\tst_mtr.sco
1291264531
1291264531
-1
Sceneryobjects\Trees_MC\RHD_tree_large_01.sco
1097248121
1097248121
-1
Sceneryobjects\Trees_MC\shrubbery_01_05.sco
1181629421
1181629421
-1
Sceneryobjects\UKDT\iomex\Flora 3\Basswood Tree 1.sco
1280485216
1280485216
-1
Sceneryobjects\UKDT\iomex\Flora 3\Blue Jacaranda 1.sco
1280485216
1280485216
-1
Sceneryobjects\UKDT\iomex\Flora 3\Bullet Tree 1.sco
1280485216
1280485216
-1
Sceneryobjects\UKDT\iomex\Flora 3\Dogwood 2 1.sco
1280485216
1280485216
-1
Sceneryobjects\UKDT\iomex\Flora 3\English Oak 1 6.sco
1280485216
1280485216
-1
Sceneryobjects\UKDT\iomex\Flora 3\European Beech Columnar 1.sco
1280485216
1280485216
-1
Sceneryobjects\UKDT\iomex\Flora 3\European Beech Columnar 2.sco
1280485216
1280485216
-1
Sceneryobjects\UKDT\iomex\Flora 3\Giant Miscanthus 1.sco
1280485216
1280485216
-1
Sceneryobjects\UKDT\iomex\Flora 3\Palm.sco
1280485216
1280485216
-1
Sceneryobjects\UKDT\iomex\Flora 3\shrubbery_01_05.sco
1280485216
1280485216
-1
Sceneryobjects\UKDT\iomex\Flora 3\White Pine 1.sco
1280485216
1280485216
-1
Sceneryobjects\W2_CDLX\KMB\NewLollipop4x4NoBase.sco
1422025131
1422025131
-1
Sceneryobjects\XA3487\Lam Tin\Tak Lai House.sco
1467037231
1467037231
-1
Splines\215x\rm.sli
1353733506
-
-
Splines\CDLX\Misc\whiteline_asphalt_patch_narrow.sli
1368620166
-
-
Splines\HKBTS_Spline\ChingCheungRd\ChingCheungRd_3Lines1Way_whi_000_cone.sli
1353997680
-
-
Splines\HKSAR_Marcel\str_0spur_25m.sli
1177328544
-
-
Splines\kelvin1324\0lane_barrier2_grassonly_1m.sli
1358084232
-
-
Splines\kelvin1324\0lane_barrier5_straight.sli
1358084233
-
-
Splines\kelvin1324\0lane_path_10m_AI_NoYellowLine.sli
1358084233
-
-
Splines\kelvin1324\0lane_path_2m_NoYellowLine.sli
1358084234
-
-
Splines\kelvin1324\0lane_path_4m_AI_NoYellowLine.sli
1512881398
-
-
Splines\kelvin1324\0lane_path_6m_NoYellowLine.sli
1514350429
-
-
Splines\kelvin1324\0lane_path-ped5_10m.sli
1358084233
-
-
Splines\kelvin1324\0lane_path-ped5_10m_AI_NoYellowLine.sli
1358084233
-
-
Splines\kelvin1324\0lane_path-ped5_20m.sli
1358084233
-
-
Splines\kelvin1324\0lane_path-ped5_4m_AI_NoYellowLine.sli
1515499154
-
-
Splines\kelvin1324\0lane_path-ped5_6m_NoYellowLine.sli
1515499191
-
-
Splines\kelvin1324\fence1_grey.sli
1358084236
-
-
Splines\kelvin1324\grass2_5m.sli
1358084236
-
-
Splines\London\Road-hog123\Addon_Walls___Fences\Fence_Wood_A.sli
1368898901
-
-
Splines\Map E31\grass2m.sli
1384955653
-
-
Splines\Splines\kelvin1324\0lane_grass_1.5m_NoYellowLine_OneSide.sli
1348739485
-
-
Splines\Splines\kelvin1324\1lanes_dro_s3s_4m.sli
1350111251
-
-
Splines\Splines\kelvin1324\fs_BusTerminusBridge_main.sli
1348739488
-
-
Splines\Splines\kelvin1324\Highway series\Tolo_RoadRailing&sidebeton.sli
1348739490
-
-
Splines\Splines\Splines\taxidriverhk_nopaths\0lane_chathamflyover_curbonly.sli
1194160355
-
-
Splines\Splines\TaiPoProject_Highway\1lanes_Tolo_PSK.sli
1352894850
-
-
Splines\Splines\taxidriverhk\taxidriverhk\taxidriverhk\taxidriverhk\0lane_singlewhiteline.sli
1312790251
-
-
Splines\TaiPoProject_Highway\Line_str_BrokenSingleLine.sli
1358102678
-
-
Splines\taxidriverhk\1lane_roadonly_4mwide.sli
1353727447
-
-
Splines\taxidriverhk\1lane_roadonly_wide.sli
1353727447
-
-
Splines\taxidriverhk_nopaths\0lane_barrierfornathan.sli
1353727451
-
-
Splines\taxidriverhk_nopaths\0lane_crash_barrier.sli
1353727451
-
-
Splines\taxidriverhk_nopaths\0lane_doublewhiteline_onesidebroken.sli
1353727451
-
-
Splines\taxidriverhk_nopaths\0lane_retainingwall_5.sli
1353727451
-
-
Splines\taxidriverhk_nopaths\0lane_road_0.5mwide.sli
1161071993
-
-
Splines\taxidriverhk_nopaths\0lane_road_15mwide.sli
1353727451
-
-
Splines\taxidriverhk_nopaths\0lane_road_7mwide.sli
1353727451
-
-
Splines\taxidriverhk_nopaths\0lane_road_8mwide.sli
1161073352
-
-
Splines\taxidriverhk_nopaths\0lane_singlebrokenwhiteline.sli
1353727451
-
-
Splines\UKDT\Westcountry3\_Walls\arches_style_wall.sli
1264406008
-
-
Vehicles\Toyota_Coaster_Series3-6_HK_Light_parked\parked_Van_Green_Series5_.sco
1360352938
1360352938
-1
Sceneryobjects\Busstops_HK\people_standing_narrow.sco
1352925428
1352925428
-1
Sceneryobjects\Generic\bus_stop.sco
1210215889
1210215889
-1
Sceneryobjects\Streetobjects_RUE\sodiumlight_2L_break_L.sco
1031241799
1031241799
-1
Sceneryobjects\Generic\routearrow_dn.sco
1210215877
1210215877
-1
Sceneryobjects\Generic\routearrows_busstop.sco
1210216053
1210216053
-1
Splines\kelvin1324\0lane_grass_1.5m_NoYellowLine_OneSide.sli
1384931466
-
-
Splines\kelvin1324\1lanes_dro_s3s_4m.sli
1358084235
-
-
Splines\kelvin1324\fs_BusTerminusBridge_main.sli
1495381133
-
-
Splines\kelvin1324\Highway series\Tolo_RoadRailing&sidebeton.sli
1358084240
-
-
Splines\TaiPoProject_Highway\1lanes_Tolo_PSK.sli
1358102678
-
-
Splines\taxidriverhk\0lane_singlewhiteline.sli
1353727447
-
-
Splines\taxidriverhk_nopaths\0lane_chathamflyover_curbonly.sli
1353727451
-
-
