Sceneryobjects\HK West Kowloon - Lite\hunghom_kcrstation_busstop_2.sco
1291264531
1291264531
-1
Sceneryobjects\kelvin1324_Buildings\kf_stairs_NamWanRoad_.sco
1351811319
1351811319
-1
Sceneryobjects\kelvin1324_Buildings\psk_CLPPowerSubstation_.sco
1351811319
1351811319
-1
Sceneryobjects\KMB Lollipop\Lollipop2x2NoBase.sco
1252832014
1252832014
-1
Sceneryobjects\KowloonEast_3D_3M\318KwunTongRd_.sco
1326678441
1326678441
-1
Sceneryobjects\KowloonEast_3D_3M\322KwunTongRd_.sco
1326676905
1326676905
-1
Sceneryobjects\KowloonEast_3D_3M\324KwunTongRd_.sco
1326674818
1326674818
-1
Sceneryobjects\SS_HKTrafficSign\RHD_SS_Pole_Grey.sco
1051658064
1051658064
-1
Sceneryobjects\SS_HKTrafficSign\RHD_SS_Sign_Spd50.sco
1345259705
1345259705
-1
Splines\296a\rm.sli
1179593147
-
-
Splines\kelvin1324\0lane_path-ped5_4m_AI.sli
1515499138
-
-
Splines\kelvin1324\0lane_path-ped5_4m_AI_NoYellowLine.sli
1515499154
-
-
Splines\Splines\kelvin1324\kelvin1324\fence1_grey.sli
1312790120
-
-
Splines\taxidriverhk\0lane_bridgewallwing2.sli
1353727447
-
-
Splines\taxidriverhk\0lane_pedonly_concrete_2m.sli
1359916518
-
-
Splines\taxidriverhk\taxidriverhk\taxidriverhk\taxidriverhk\taxidriverhk\3lanes_wstonebarriernoped_half_12mwide.sli
1312790256
-
-
Sceneryobjects\3dtranstudio\bridge_pier.sco
1056467393
1056467393
-1
Sceneryobjects\KMB Bus stop Lollipop\Lollipop4x4NoBoardBase.sco
1252879119
1252879119
-1
Sceneryobjects\KMB Lollipop\LollipopNoLP.sco
1252832026
1252832026
-1
Sceneryobjects\Trees_MC\Streetobjects_RUE\sodiumlight_L_break_L.sco
1031255860
1031255860
-1
Splines\296a\train_bridge.sli
1183142279
-
-
Splines\taxidriverhk\2lanes_gascoigneflyover.sli
1353727447
-
-
Splines\kelvin1324\fence1_grey.sli
1358084236
-
-
Splines\taxidriverhk\3lanes_wstonebarriernoped_half_12mwide.sli
1353727448
-
-
