Sceneryobjects\Map E31\s52barb.sco
1348839083
1348839083
-1
Splines\3dtranstudio\2spur_7m_altonaer_c_noped.sli
1348838737
-
-
Splines\3dtranstudio\pedonly_a - 4mtstrd.sli
1348665447
-
-
Splines\3dtranstudio\pedonly_a - 5mgras.sli
1348648757
-
-
Splines\gg_LHT\hillwall03.sli
1099479638
-
-
Splines\taxidriverhk_nopaths\taxidriverhk_nopaths\taxidriverhk_nopaths\taxidriverhk_nopaths\0lane_splineforbarrier.sli
1312790262
-
-
Sceneryobjects\ggplanes\a340-300-airfrance.sco
1152473158
1152473158
-1
Sceneryobjects\ggplanes\a340-300-cx.sco
1152473192
1152473192
-1
Sceneryobjects\Map E31\s52bard.sco
1348927780
1348927780
-1
Sceneryobjects\Map E31\s52bare.sco
1348928335
1348928335
-1
Splines\HKSAR_Marcel\str_0spur_20m_gras.sli
1344760663
-
-
