Sceneryobjects\HK West Kowloon - Lite\hunghom_kcrstation_busstop_2.sco
1291264531
1291264531
-1
Sceneryobjects\kelvin1324_Buildings\kf_stairs_NamWanRoad_.sco
1351811319
1351811319
-1
Sceneryobjects\ProjectTWS\F1sh\Luk Ching House Choi Hung Estate_.sco
1353256239
1353256239
-1
Sceneryobjects\Trees_MC\RHD_shrubbery_04_20.sco
1097248121
1097248121
-1
Sceneryobjects\Trees_MC\RHD_tree_large_01.sco
1097248121
1097248121
-1
Sceneryobjects\Trees_MC\ShrubberyBox_01.sco
1181629455
1181629455
-1
Sceneryobjects\Trees_MC\Streetobjects_RUE\sodiumlight_L_break_L.sco
1031255860
1031255860
-1
Splines\invis_sidewalk.sli
1344353082
-
-
Splines\kelvin1324\0lane_path-ped5_10m.sli
1358084233
-
-
Splines\kelvin1324\0lane_path-ped5_2m.sli
1358084233
-
-
Splines\kelvin1324\0lane_path-ped5_4m_AI.sli
1515499138
-
-
Splines\kelvin1324\0lane_path-ped5_4m_fence1_AI.sli
1358084233
-
-
Splines\kelvin1324\1lanes_dro_s3s_7m.sli
1358084235
-
-
Splines\kelvin1324\1lanes_dro0r_25m_nopath.sli
1358084235
-
-
Splines\Splines\kelvin1324\1lanes_dro_s3s_4m.sli
1350111251
-
-
Splines\Splines\kelvin1324\fence1_grey.sli
1248506984
-
-
Splines\Splines\kelvin1324\Highway series\Tolo_RoadRailing&sidebeton.sli
1348739490
-
-
Splines\Splines\M3_Spline\P_crossing.sli
1092449807
-
-
Splines\Splines\Splines\taxidriverhk_nopaths\0lane_grasscover_narrow.sli
1190618515
-
-
Splines\Splines\Splines\taxidriverhk_nopaths\0lane_wstonebarriernoped.sli
1194539413
-
-
Splines\Splines\TaiPoProject_Highway\0lanes_Tolo_nopath_verynarrow.sli
1352894850
-
-
Splines\Splines\TaiPoProject_Highway\1lanes_Tolo_PSK.sli
1352894850
-
-
Splines\Splines\taxidriverhk\taxidriverhk\1lane_salisburyroad_flyover.sli
1312790253
-
-
Splines\Splines\taxidriverhk\taxidriverhk\taxidriverhk\taxidriverhk\0lane_pedonly_concrete_narrow.sli
1312790251
-
-
Splines\Splines\taxidriverhk\taxidriverhk\taxidriverhk\taxidriverhk\2lanes_oneway_flyover.sli
1089498511
-
-
Splines\Splines\taxidriverhk\taxidriverhk\taxidriverhk\taxidriverhk\3lanes_oneway_noped.sli
1095589638
-
-
Splines\Splines\taxidriverhk\taxidriverhk\taxidriverhk\taxidriverhk\4lanes_wstonebarriernoped_half_16mwide.sli
1193084346
-
-
Splines\taxidriverhk\1lane_roadonly_4mwide.sli
1353727447
-
-
Splines\taxidriverhk_nopaths\0lane_barrierfornathan.sli
1353727451
-
-
Splines\taxidriverhk_nopaths\3lanes_oneway_noped_narrow.sli
1090169595
-
-
Splines\kelvin1324\1lanes_dro_s3s_4m.sli
1358084235
-
-
Splines\kelvin1324\fence1_grey.sli
1358084236
-
-
Splines\kelvin1324\Highway series\Tolo_RoadRailing&sidebeton.sli
1358084240
-
-
Splines\M3_Spline\P_crossing.sli
1312790127
-
-
Splines\TaiPoProject_Highway\0lanes_Tolo_nopath_verynarrow.sli
1358102678
-
-
Splines\TaiPoProject_Highway\1lanes_Tolo_PSK.sli
1358102678
-
-
Splines\taxidriverhk\0lane_pedonly_concrete_narrow.sli
1353727447
-
-
Splines\taxidriverhk\1lane_salisburyroad_flyover.sli
1353727447
-
-
Splines\taxidriverhk\2lanes_oneway_flyover.sli
1353727447
-
-
Splines\taxidriverhk\3lanes_oneway_noped.sli
1353727448
-
-
Splines\taxidriverhk\4lanes_wstonebarriernoped_half_16mwide.sli
1353727448
-
-
Splines\taxidriverhk_nopaths\0lane_grasscover_narrow.sli
1353727451
-
-
Splines\taxidriverhk_nopaths\0lane_wstonebarriernoped.sli
1353727451
-
-
