Sceneryobjects\Generic\routearrow_dn_dyn.sco
1196580396
1196580396
-1
Sceneryobjects\Streetobjects_RUE\neonlight_L_bend_L.sco
1196580403
1196580403
-1
Sceneryobjects\Trees_MC\RHD_tree_large_01.sco
1097248121
1097248121
-1
Sceneryobjects\Trees_MC\RHD_tree_large_03.sco
1097248121
1097248121
-1
Splines\3dtranstudio\1way_3line_highway_a.sli
1192705242
-
-
Splines\3dtranstudio\3line_1way.sli
1134104275
-
-
Splines\3dtranstudio\highway_a - air.sli
1311346835
-
-
Splines\3dtranstudio\hkstreet\str_0spur_7m_hk.sli
1064976090
-
-
Splines\3dtranstudio\str_0spur_4m_hk.sli
1065025632
-
-
Splines\gg_LHT\hillwall03.sli
1099479638
-
-
Splines\gg_LHT\hillwall07.sli
1109956452
-
-
Splines\gg_LHT\RQ_10,5_1spur_Bridge.sli
1185510425
-
-
Splines\ggtunnel_LHT\highway_1line.sli
1185517436
-
-
Splines\M3_Spline\line_GV.sli
1177328550
-
-
Splines\M3_Spline\line_white.sli
1177328550
-
-
Splines\taxidriverhk\0lane_pedonly_concrete_narrow.sli
1126481448
-
-
Splines\taxidriverhk\1lane_roadonly_4mwide.sli
1095707059
-
-
Splines\taxidriverhk_nopaths\0lanes_oneway_meifooflyover_bottom_narrow.sli
1194160552
-
-
