Sceneryobjects\3dtranstudio\bridge_pier.sco
1056467393
1056467393
-1
Splines\3dtranstudio\str_0spur_234m water.sli
1331198179
-
-
Splines\3dtranstudio\str_0spur_4m_hk.sli
1065025632
-
-
Splines\CDLX\Misc\KeepClearArrow.sli
1286471801
-
-
Splines\CDLX\Misc\whiteline.sli
1286433570
-
-
Splines\CDLX\Misc\whiteline_asphalt_patch_narrow.sli
1368620166
-
-
Splines\gg_LHT\hillwall03.sli
1099479638
-
-
Splines\kelvin1324\0lane_grass_1.5m_NoYellowLine_OneSide.sli
1384931466
-
-
Splines\kelvin1324\2lanes_dro2r.sli
1348739488
-
-
Splines\kelvin1324\3lanes_dro3r.sli
1348739488
-
-
Splines\kelvin1324\line_brokensingleline_cluster.sli
1348739488
-
-
Splines\Map E31\1way_1line_bridge_a_NLH_nobarrier.sli
1385213019
-
-
Splines\Map E31\highway_acon_NLH.sli
1365805789
-
-
Splines\taxidriverhk_nopaths\taxidriverhk_nopaths\taxidriverhk_nopaths\taxidriverhk_nopaths\0lanes_oneway_meifooflyover_bottom_narrow.sli
1312790261
-
-
