Sceneryobjects\3dtranstudio\hkstreet\ground_busstop5.sco
1063460071
1063460071
-1
Sceneryobjects\3dtranstudio\hkstreet\ground_slow.sco
1063426120
1063426120
-1
Sceneryobjects\Busstops_HK\Bus_hut_temp_L_yellow.sco
1079550982
1079550982
-1
Sceneryobjects\Busstops_HK\Bus_hut_temp_M.sco
1079550280
1079550280
-1
Sceneryobjects\Busstops_HK\people_standing_narrow.sco
1067410857
1067410857
-1
Sceneryobjects\Generic\bus_stop.sco
1196580392
1196580392
-1
Sceneryobjects\Generic\entrypoint_bus.sco
1196580385
1196580385
-1
Sceneryobjects\Generic\routearrow_dn.sco
1196580385
1196580385
-1
Sceneryobjects\Generic\routearrow_L.sco
1196580396
1196580396
-1
Sceneryobjects\Generic\routearrows_busstop.sco
1196580396
1196580396
-1
Sceneryobjects\NG1604's object\50 kmh.sco
1084297540
1084297540
-1
Sceneryobjects\NG1604's object\Autotoll.sco
1084299008
1084299008
-1
Sceneryobjects\SS_HKTrafficSign\SS_Pole_Grey.sco
1051658064
1051658064
-1
Sceneryobjects\SS_HKTrafficSign\SS_Sign_AllVehProh.sco
1053070999
1053070999
-1
Sceneryobjects\SS_HKTrafficSign\SS_Sign_DangerGoodsProh.sco
1053071148
1053071148
-1
Sceneryobjects\SS_HKTrafficSign\SS_Sign_GiveWay.sco
1053072933
1053072933
-1
Sceneryobjects\SS_HKTrafficSign\SS_Sign_HumpAhead.sco
1053073020
1053073020
-1
Sceneryobjects\SS_HKTrafficSign\SS_Sign_L_ExceptFranBuses.sco
1063680521
1063680521
-1
Sceneryobjects\SS_HKTrafficSign\SS_Sign_L_ExceptPermit.sco
1063680503
1063680503
-1
Sceneryobjects\SS_HKTrafficSign\SS_Sign_L_Left.sco
1063680562
1063680562
-1
Sceneryobjects\SS_HKTrafficSign\SS_Sign_L_Right.sco
1063680578
1063680578
-1
Sceneryobjects\SS_HKTrafficSign\SS_Sign_LearnerProh.sco
1053073203
1053073203
-1
Sceneryobjects\SS_HKTrafficSign\SS_Sign_N_NoStop24.sco
1053073489
1053073489
-1
Sceneryobjects\SS_HKTrafficSign\SS_Sign_N_NoStop24C.sco
1053073494
1053073494
-1
Sceneryobjects\SS_HKTrafficSign\SS_Sign_N_NoStopEnd.sco
1053073432
1053073432
-1
Sceneryobjects\SS_HKTrafficSign\SS_Sign_NoEntry.sco
1053073669
1053073669
-1
Sceneryobjects\SS_HKTrafficSign\SS_Sign_NoPedCyc.sco
1053073640
1053073640
-1
Sceneryobjects\SS_HKTrafficSign\SS_Sign_PubLightBusesProh.sco
1053073907
1053073907
-1
Sceneryobjects\SS_HKTrafficSign\SS_Sign_Spd50.sco
1053074265
1053074265
-1
Sceneryobjects\SS_HKTrafficSign\SS_Sign_Spd70.sco
1053074266
1053074266
-1
Sceneryobjects\SS_HKTrafficSign\SS_Sign_Stop.sco
1053074424
1053074424
-1
Sceneryobjects\SS_HKTrafficSign\SS_Sign_TraSignalAhead.sco
1053074472
1053074472
-1
Sceneryobjects\SS_HKTrafficSign\SS_Sign_TurnLeft.sco
1053074420
1053074420
-1
Sceneryobjects\SS_HKTrafficSign\SS_Sign_TwoWayAhead.sco
1053074511
1053074511
-1
Sceneryobjects\Streetobjects_RUE\sodiumlight_2L_break_L.sco
1196580395
1196580395
-1
Sceneryobjects\Streetobjects_RUE\sodiumlight_4L_break_L.sco
1196580397
1196580397
-1
Sceneryobjects\Streetobjects_RUE\sodiumlight_L_break_L.sco
1196580395
1196580395
-1
Sceneryobjects\taxidriverhk_hkwk_lite\bushut_1980.sco
1291262948
1291262948
-1
Sceneryobjects\taxidriverhk_hkwk_lite\bushut_1990_3.sco
1291017218
1291017218
-1
Sceneryobjects\taxidriverhk_hkwk_lite\chatham_bridge_pillar.sco
1291264079
1291264079
-1
Sceneryobjects\taxidriverhk_hkwk_lite\chatham_crash_barrier_pole.sco
1291264289
1291264289
-1
Sceneryobjects\taxidriverhk_hkwk_lite\chatham_eastrail_pole_2.sco
1291264301
1291264301
-1
Sceneryobjects\taxidriverhk_hkwk_lite\fence_1.sco
1226588946
1226588946
-1
Sceneryobjects\taxidriverhk_hkwk_lite\fence_2.sco
1226589147
1226589147
-1
Sceneryobjects\taxidriverhk_hkwk_lite\gascoigne_gascoignebridge_railing_pole.sco
1291264289
1291264289
-1
Sceneryobjects\taxidriverhk_hkwk_lite\hunghom_crossharbour-northbound-buslane.sco
1291264636
1291264636
-1
Sceneryobjects\taxidriverhk_hkwk_lite\hunghom_crossharbour-southbound-buslane.sco
1291264640
1291264640
-1
Sceneryobjects\taxidriverhk_hkwk_lite\hunghom_crossharbourtunnel_entrance.sco
1291264586
1291264586
-1
Sceneryobjects\taxidriverhk_hkwk_lite\hunghom_hongcheong_ad_2.sco
1291264531
1291264531
-1
Sceneryobjects\taxidriverhk_hkwk_lite\hunghom_hongcheong_bridge_1.sco
1291264695
1291264695
-1
Sceneryobjects\taxidriverhk_hkwk_lite\hunghom_hongcheong_shelter_northbound.sco
1291264531
1291264531
-1
Sceneryobjects\taxidriverhk_hkwk_lite\hunghom_hongcheong-and-crossharbour.sco
1291264586
1291264586
-1
Sceneryobjects\taxidriverhk_hkwk_lite\hunghom_hongcheong-and-railway.sco
1291264586
1291264586
-1
Sceneryobjects\taxidriverhk_hkwk_lite\hunghom_hongcheong-and-salisbury.sco
1291264586
1291264586
-1
Sceneryobjects\taxidriverhk_hkwk_lite\hunghom_kcrstation_bridge_pillar.sco
1291264238
1291264238
-1
Sceneryobjects\taxidriverhk_hkwk_lite\hunghom_kcrstation_bridge_temp.sco
1291264531
1291264531
-1
Sceneryobjects\taxidriverhk_hkwk_lite\hunghom_kcrstation_busstop_1.sco
1291264531
1291264531
-1
Sceneryobjects\taxidriverhk_hkwk_lite\hunghom_kcrstation_busstop_2.sco
1291264531
1291264531
-1
Sceneryobjects\taxidriverhk_hkwk_lite\hunghom_kcrstation_carpark.sco
1291264531
1291264531
-1
Sceneryobjects\taxidriverhk_hkwk_lite\hunghom_kcrstation_exita3.sco
1291264531
1291264531
-1
Sceneryobjects\taxidriverhk_hkwk_lite\hunghom_kcrstation_road.sco
1291264586
1291264586
-1
Sceneryobjects\taxidriverhk_hkwk_lite\kmb_regulator_room.sco
1291017218
1291017218
-1
Sceneryobjects\taxidriverhk_hkwk_lite\mf_meifoobridge_railing_end.sco
1291264394
1291264394
-1
Sceneryobjects\taxidriverhk_hkwk_lite\mf_meifoobridge_railing_pole.sco
1291264412
1291264412
-1
Sceneryobjects\taxidriverhk_hkwk_lite\parking_motorcycle_sign.sco
1291264439
1291264439
-1
Sceneryobjects\taxidriverhk_hkwk_lite\safe.sco
1291016789
1291016789
-1
Sceneryobjects\taxidriverhk_hkwk_lite\signage_buses_keepleft.sco
1291264439
1291264439
-1
Sceneryobjects\taxidriverhk_hkwk_lite\signage_buslane_2lanes.sco
1291264439
1291264439
-1
Sceneryobjects\taxidriverhk_hkwk_lite\signage_buslane_begins.sco
1291264439
1291264439
-1
Sceneryobjects\taxidriverhk_hkwk_lite\signage_cheongwan_1.sco
1291264439
1291264439
-1
Sceneryobjects\taxidriverhk_hkwk_lite\signage_cheongwan_10.sco
1291264439
1291264439
-1
Sceneryobjects\taxidriverhk_hkwk_lite\signage_cheongwan_11.sco
1291264439
1291264439
-1
Sceneryobjects\taxidriverhk_hkwk_lite\signage_exceptschlightbuses.sco
1291264439
1291264439
-1
Sceneryobjects\taxidriverhk_hkwk_lite\signage_excepttaxis.sco
1291264439
1291264439
-1
Sceneryobjects\taxidriverhk_hkwk_lite\signage_getinlane.sco
1291264439
1291264439
-1
Sceneryobjects\taxidriverhk_hkwk_lite\signage_hongcheong_1.sco
1291264439
1291264439
-1
Sceneryobjects\taxidriverhk_hkwk_lite\signage_hongcheong_2.sco
1291264439
1291264439
-1
Sceneryobjects\taxidriverhk_hkwk_lite\signage_hongcheong_3.sco
1291264439
1291264439
-1
Sceneryobjects\taxidriverhk_hkwk_lite\signage_hongcheong_4.sco
1291264439
1291264439
-1
Sceneryobjects\taxidriverhk_hkwk_lite\signage_hongcheong_5.sco
1291264439
1291264439
-1
Sceneryobjects\taxidriverhk_hkwk_lite\signage_hongcheong_6.sco
1291264439
1291264439
-1
Sceneryobjects\taxidriverhk_hkwk_lite\signage_hongcheong_7.sco
1291264439
1291264439
-1
Sceneryobjects\taxidriverhk_hkwk_lite\surfacemark_merge_right.sco
1291016904
1291016904
-1
Sceneryobjects\taxidriverhk_hkwk_lite\surfacemark_stop.sco
1291016919
1291016919
-1
Sceneryobjects\Traffic_Light_HK_FF3170\Teletech_car_standard.sco
1162295706
1162295706
-1
Sceneryobjects\Traffic_Light_HK_FF3170\Teletech_car_standard_L.sco
1165114929
1165114929
-1
Sceneryobjects\Traffic_Light_HK_FF3170\Teletech_car_standard_L_LM.sco
1165115150
1165115150
-1
Sceneryobjects\Traffic_Light_HK_FF3170\Teletech_car_standard_LM.sco
1162295709
1162295709
-1
Sceneryobjects\Traffic_Light_HK_FF3170\Teletech_car_standard_RM.sco
1162295713
1162295713
-1
Sceneryobjects\Traffic_Light_HK_FF3170\Teletech_car_standard_S.sco
1165115074
1165115074
-1
Sceneryobjects\Traffic_Light_HK_FF3170\Teletech_P_LM.sco
1165112042
1165112042
-1
Sceneryobjects\Traffic_Light_HK_FF3170\Teletech_P_RM.sco
1165112052
1165112052
-1
Sceneryobjects\Trees_MC\shrubbery_01_20.sco
1196580395
1196580395
-1
Sceneryobjects\Trees_MC\shrubbery_04_20.sco
1196580397
1196580397
-1
Sceneryobjects\Trees_MC\tree_large_01.sco
1196580429
1196580429
-1
Sceneryobjects\Trees_MC\tree_medium_06.sco
1196580429
1196580429
-1
Sceneryobjects\Trees_MC\tree_medium_09.sco
1196580402
1196580402
-1
Sceneryobjects\Trees_MC\Tree_Small_06.sco
1196580460
1196580460
-1
Sceneryobjects\Trees_MC\Tree_Small_07.sco
1196580407
1196580407
-1
Sceneryobjects\Trees_MC\Tree_Small_Nrw_01.sco
1196580455
1196580455
-1
Sceneryobjects\Verkehrszeichen_MC\Mast_Ampel_klein_1.sco
1196580402
1196580402
-1
Sceneryobjects\Verkehrszeichen_MC\VZ_surfmark_arrow_L.sco
1196580470
1196580470
-1
Sceneryobjects\Verkehrszeichen_MC\VZ_surfmark_arrow_S.sco
1196580400
1196580400
-1
Splines\Marcel\invis_street.sli
1196580442
-
-
Splines\Marcel\str_0spur_4m.sli
1054705313
-
-
Splines\Marcel\str_0spur_7m.sli
1054705142
-
-
Splines\Ruede\rail_wood_S49.sli
1196580408
-
-
Splines\taxidriverhk\1lane_chathamroad_flyover.sli
1193215345
-
-
Splines\taxidriverhk\1lane_pedonly_concrete.sli
1095590210
-
-
Splines\taxidriverhk\2lanes_chathamroad_flyover_oneway.sli
1193232115
-
-
Splines\taxidriverhk\2lanes_noped_doublewhiteline_8mwide.sli
1192886595
-
-
Splines\taxidriverhk\3lanes_oneway_noped_supernarrow.sli
1258844719
-
-
Splines\taxidriverhk\4lanes_wstonebarriernoped_half.sli
1090352506
-
-
Splines\taxidriverhk\4lanes_wstonebarriernoped_half_16mwide.sli
1193084346
-
-
Splines\taxidriverhk_nopaths\0lane_barbedwire.sli
1183916154
-
-
Splines\taxidriverhk_nopaths\0lane_bridgewallwing.sli
1133917775
-
-
Splines\taxidriverhk_nopaths\0lane_chathamflyover_curbonly.sli
1194160355
-
-
Splines\taxidriverhk_nopaths\0lane_cheongwanflyover_curbonly.sli
1215000240
-
-
Splines\taxidriverhk_nopaths\0lane_construction.sli
1133739488
-
-
Splines\taxidriverhk_nopaths\0lane_crash_barrier.sli
1194157250
-
-
Splines\taxidriverhk_nopaths\0lane_doublewhiteline_onesidebroken.sli
1200840101
-
-
Splines\taxidriverhk_nopaths\0lane_doubleyellowline.sli
1122646158
-
-
Splines\taxidriverhk_nopaths\0lane_grasscover.sli
1095463017
-
-
Splines\taxidriverhk_nopaths\0lane_mongkok_barrier.sli
1183154327
-
-
Splines\taxidriverhk_nopaths\0lane_pedonly.sli
1086949679
-
-
Splines\taxidriverhk_nopaths\0lane_pedonly_concrete.sli
1122450006
-
-
Splines\taxidriverhk_nopaths\0lane_pedonly_concrete_narrow.sli
1126528552
-
-
Splines\taxidriverhk_nopaths\0lane_pedonly_concrete_nocurb.sli
1143154397
-
-
Splines\taxidriverhk_nopaths\0lane_singlebrokenwhiteline.sli
1123559112
-
-
Splines\taxidriverhk_nopaths\0lane_singlewhiteline.sli
1122646063
-
-
Splines\taxidriverhk_nopaths\0lane_splineforbarrier.sli
1090273352
-
-
Splines\taxidriverhk_nopaths\0lane_waterbarrier.sli
1194272548
-
-
