Sceneryobjects\Generic\bus_stop.sco
1210215889
1210215889
-1
Sceneryobjects\Generic\routearrows_busstop.sco
1210216053
1210216053
-1
Sceneryobjects\SS_HKTrafficSign\RHD_Sign_Stop (135).sco
1053074266
1053074266
-1
Sceneryobjects\SS_HKTrafficSign\RHD_Sign_Stop (18).sco
1051658064
1051658064
-1
Sceneryobjects\Streetobjects_RUE\sodiumlight_2L_break_L.sco
1031241799
1031241799
-1
Splines\215x\rm2.sli
1353733506
-
-
Splines\ADDON_SimpleStreets\RQ_10,5_1spur_bridge_forward.sli
1056517466
-
-
Splines\CDLX\Misc\KeepClearArrow.sli
1286471801
-
-
Splines\CDLX\Misc\whiteline_asphalt_patch_narrow.sli
1368620166
-
-
Splines\HKBTS_Spline\ChingCheungRd\ChingCheungRd_2Lines1Way_whi_long00_cone_bababa.sli
1349820970
-
-
Splines\HKBTS_Spline\ChingCheungRd\ChingCheungRd_3Lines1Way_whi_000_cone.sli
1353997680
-
-
Splines\kelvin1324\0lane_path_4m_AI_NoYellowLine.sli
1512881398
-
-
Splines\Map E31\twabridge.sli
1428376412
-
-
Splines\Marcel\str_0spur_4m.sli
1054705313
-
-
Splines\Marcel\str_0spur_7m.sli
1054705142
-
-
Splines\TaiPoProject_Highway\1lines_Tolo_Oneway_narrow_Bshoulder.sli
1358102678
-
-
Splines\taxidriverhk\0lane_pedonly_concrete_narrow.sli
1353727447
-
-
Splines\taxidriverhk\1lane_pedonly.sli
1353727447
-
-
Splines\taxidriverhk\1lane_pedonly_concrete.sli
1353727447
-
-
Splines\taxidriverhk\1lane_roadonly.sli
1353727447
-
-
Splines\taxidriverhk\1lane_wstonebarriernoped_half.sli
1353727447
-
-
Splines\taxidriverhk\2lanes_cheungfatst_spline.sli
1353727447
-
-
Splines\taxidriverhk\2lanes_wstonebarriernoped_half.sli
1353727448
-
-
Splines\taxidriverhk\3lanes_wstonebarriernoped_half.sli
1353727448
-
-
Splines\taxidriverhk_nopaths\0lane_barrierforcsw.sli
1353727451
-
-
Splines\taxidriverhk_nopaths\0lane_barrierforleichenguk.sli
1353727451
-
-
Splines\taxidriverhk_nopaths\0lane_crash_barrier.sli
1353727451
-
-
Splines\taxidriverhk_nopaths\0lane_doublewhiteline.sli
1353727451
-
-
Splines\taxidriverhk_nopaths\0lane_doubleyellowline.sli
1353727451
-
-
Splines\taxidriverhk_nopaths\0lane_gascoigneflyover_curbonly.sli
1353727451
-
-
Splines\taxidriverhk_nopaths\0lane_mudcover.sli
1353727451
-
-
Splines\taxidriverhk_nopaths\0lane_pedonly_concrete_narrow.sli
1353727451
-
-
Splines\taxidriverhk_nopaths\0lane_retainingwall_4.sli
1353727451
-
-
Splines\taxidriverhk_nopaths\0lane_singlebrokenwhiteline.sli
1353727451
-
-
Splines\taxidriverhk_nopaths\0lane_singlewhiteline.sli
1353727451
-
-
Splines\taxidriverhk_nopaths\0lane_singleyellowline.sli
1353727451
-
-
Splines\taxidriverhk_nopaths\0lane_splineforbarrier.sli
1353727451
-
-
Splines\taxidriverhk_nopaths\1lane_pedonly_concrete.sli
1095543106
-
-
Sceneryobjects\Generic\routearrow_dn.sco
1210215877
1210215877
-1
