Sceneryobjects\3dtranstudio\hkstreet\ground_busstop1.sco
1312789596
1312789596
-1
Sceneryobjects\3dtranstudio\RHD_bridge_pier2.sco
1097248179
1097248179
-1
Sceneryobjects\Busstops_HK\people_standing_narrow.sco
1351811226
1351811226
-1
Sceneryobjects\CDLX\KMB\Helper2x2.sco
1351811258
1351811258
-1
Sceneryobjects\CDLX\KMB\NewLollipop2x2LWBFull.sco
1351811259
1351811259
-1
Sceneryobjects\Generic\bus_stop.sco
1351774414
1351774414
-1
Sceneryobjects\Generic\entrypoint_bus.sco
1351774414
1351774414
-1
Sceneryobjects\Generic\routearrow_dn_dyn.sco
1351774415
1351774415
-1
Sceneryobjects\Generic\routearrow_L_dyn.sco
1351774415
1351774415
-1
Sceneryobjects\Generic\routearrow_R_dyn.sco
1351774415
1351774415
-1
Sceneryobjects\HKBTS_Bus_stop\CTB Bus stop.sco
1312789756
1312789756
-1
Sceneryobjects\H-Studio Object\Barrier_grey_.sco
1353686601
1353686601
-1
Sceneryobjects\M3 Traffic Light AI\1Av_1St_1_Car1.sco
1177328359
1177328359
-1
Sceneryobjects\M3 Traffic Light AI\1Av_1St_1_Car2.sco
1177328359
1177328359
-1
Sceneryobjects\Map E31\nlbbs.sco
1352165752
1352165752
-1
Sceneryobjects\Map E31\TCPier.sco
1350350914
1350350914
-1
Sceneryobjects\Streetobjects_RUE\neonlight_2L_bend_L.sco
1351811284
1351811284
-1
Sceneryobjects\Streetobjects_RUE\neonlight_L_bend_L.sco
1351811284
1351811284
-1
Sceneryobjects\Streetobjects_RUE\single_pole.sco
1351811284
1351811284
-1
Sceneryobjects\taxidriverhk_hkwk_lite\chatham_crash_barrier_pole.sco
1291264289
1291264289
-1
Sceneryobjects\Traffic_Light_HK_FF3170\Teletech_car_large.sco
1351811286
1351811286
-1
Sceneryobjects\Trees_MC\RHD_tree_large_01.sco
1312789895
1312789895
-1
Sceneryobjects\Trees_MC\RHD_tree_large_02.sco
1312789895
1312789895
-1
Sceneryobjects\Trees_MC\RHD_tree_large_03.sco
1312789895
1312789895
-1
Sceneryobjects\Trees_MC\RHD_tree_large_04.sco
1312789895
1312789895
-1
Sceneryobjects\Trees_MC\RHD_Tree_Small_07.sco
1312789895
1312789895
-1
Splines\3dtranstudio\1way_2line_highway_a _tunnel.sli
1192705379
-
-
Splines\3dtranstudio\2line_1way _leftped.sli
1192905569
-
-
Splines\3dtranstudio\2line_1way.sli
1132015050
-
-
Splines\3dtranstudio\invis_street.sli
999109838
-
-
Splines\3dtranstudio\invis_street_2spur.sli
1222330849
-
-
Splines\3dtranstudio\pedonly_a.sli
1133908595
-
-
Splines\3dtranstudio\str_0spur_20m_hk.sli
1192832509
-
-
Splines\3dtranstudio\str_0spur_4m_gras.sli
1331858713
-
-
Splines\3dtranstudio\str_0spur_4m_hk.sli
1065025632
-
-
Splines\3dtranstudio\str_0spur_7m_hk.sli
1065008832
-
-
Splines\3dtranstudio\Wasser_40m.sli
1331197781
-
-
Splines\gg_LHT\hillwall03.sli
1099479638
-
-
Splines\gg_LHT\tunnel_wall2.sli
1132755054
-
-
Splines\HKSAR_Marcel\str_0spur_20m_gras.sli
1344760663
-
-
Splines\kelvin1324\0lane_barrier2_slope_2.5m.sli
1348739485
-
-
Splines\kelvin1324\fence1_grey.sli
1348739488
-
-
Splines\M3_Spline\line_GV.sli
1177328550
-
-
Splines\M3_Spline\line_white.sli
1177328550
-
-
Splines\Map E31\2way_2x3line_highway_a_NLH.sli
1365809818
-
-
Splines\taxidriverhk\0lane_pedonly_concrete_narrow.sli
1126481448
-
-
Splines\taxidriverhk\1lane_roadonly_4mwide.sli
1095659955
-
-
Splines\taxidriverhk_nopaths\0lane_barriercover_narrow.sli
1133740711
-
-
Splines\taxidriverhk_nopaths\0lane_barrierfortonkin.sli
1095330490
-
-
Splines\taxidriverhk_nopaths\0lane_crash_barrier.sli
1194157250
-
-
Splines\taxidriverhk_nopaths\0lane_pedonly_concrete_narrow.sli
1126528552
-
-
Splines\taxidriverhk_nopaths\0lane_pedonly_narrow.sli
1133549820
-
-
Splines\taxidriverhk_nopaths\0lane_tsuiyu_barrier.sli
1182428549
-
-
Splines\taxidriverhk_nopaths\taxidriverhk_nopaths\taxidriverhk_nopaths\taxidriverhk_nopaths\0lane_splineforbarrier.sli
1312790262
-
-
Vehicles\MAN_F90\Man_parked_F90.sco
1099890985
1099890985
-1
Vehicles\Tesla_Model_S\Parked_model_s.sco
1283158082
1324727649
-1
Vehicles\Tesla_Model_X\Parked_model_x.sco
1283158082
1324849160
-1
Vehicles\Toyota_Alphard\Parked_alphard.sco
1302292973
1302292973
-1
Vehicles\Toyota_Crown\Toyota_parked_Crown_islands.sco
1187578059
1187691367
-1
