Sceneryobjects\3dtranstudio\hkstreet\ground_slow.sco
1063473224
1063473224
-1
Sceneryobjects\arisuhime_newobject\Royal_View_Hotel_.sco
1177328195
1177328195
-1
Sceneryobjects\HK roadsurface mark\hkroadsurf_byright.sco
1177328320
1177328320
-1
Sceneryobjects\HKbus\ateu.sco
1064605890
1064605890
-1
Sceneryobjects\kelvin1324_Misc\bollard_HK_1_NoArrow_.sco
1351811377
1351811377
-1
Sceneryobjects\KowloonEast_3D_3M\TWSC_pole1_.sco
1328755496
1328755496
-1
Sceneryobjects\Map E31\tcabr.sco
1346657724
1346657724
-1
Sceneryobjects\NG1604's object\50 kmh.sco
1084137798
1084137798
-1
Sceneryobjects\Ruede\forest_backdrop01.sco
1210215922
1210215922
-1
Sceneryobjects\SS_HKTrafficSign\RHD_Sign_Stop (134).sco
1053074265
1053074265
-1
Sceneryobjects\SS_HKTrafficSign\RHD_Sign_Stop (135).sco
1053074266
1053074266
-1
Sceneryobjects\SS_HKTrafficSign\RHD_Sign_Stop (18).sco
1051658064
1051658064
-1
Sceneryobjects\SS_HKTrafficSign\RHD_Sign_Stop (20).sco
1052160820
1052160820
-1
Sceneryobjects\SS_HKTrafficSign\RHD_Sign_Stop (67).sco
1063680578
1063680578
-1
Sceneryobjects\SS_HKTrafficSign\RHD_Sign_Stop (81).sco
1053073494
1053073494
-1
Sceneryobjects\SS_HKTrafficSign\RHD_SS_Pole_Grey.sco
1051658064
1051658064
-1
Sceneryobjects\SS_HKTrafficSign\RHD_SS_Sign_DangerAhead.sco
1345259704
1345259704
-1
Sceneryobjects\SS_HKTrafficSign\RHD_SS_Sign_L_Left.sco
1345259705
1345259705
-1
Sceneryobjects\SS_HKTrafficSign\RHD_SS_Sign_NoPedCyc.sco
1345259705
1345259705
-1
Sceneryobjects\SS_HKTrafficSign\RHD_SS_Sign_PubLightBusesProh.sco
1053073907
1053073907
-1
Sceneryobjects\SS_HKTrafficSign\RHD_SS_Sign_SteepHillUp10.sco
1345259705
1345259705
-1
Sceneryobjects\SS_HKTrafficSign\SS_Pole_Grey (2).sco
1345259694
1345259694
-1
Sceneryobjects\SS_HKTrafficSign\SS_Pole_Grey.sco
1051658064
1051658064
-1
Sceneryobjects\SS_HKTrafficSign\SS_Sign_MergeTraFmLeft.sco
1053073248
1053073248
-1
Sceneryobjects\SS_HKTrafficSign\SS_Sign_N_NoStopEnd (2).sco
1345259694
1345259694
-1
Sceneryobjects\SS_HKTrafficSign\SS_Sign_RoadWorksAhead (2).sco
1345259694
1345259694
-1
Sceneryobjects\SS_HKTrafficSign\SS_Sign_Spd70.sco
1053074266
1053074266
-1
Sceneryobjects\Streetobjects_RUE\sodiumlight_2L_break_L.sco
1031241799
1031241799
-1
Sceneryobjects\taxidriverhk_kowlooncity\hunghom_metropolis_pole.sco
1291264301
1291264301
-1
Sceneryobjects\taxidriverhk_signage\camera_ahead.sco
1291264439
1291264439
-1
Sceneryobjects\taxidriverhk_signage\signage_hunghom_5.sco
1291264439
1291264439
-1
Sceneryobjects\taxidriverhk_signage\signage_reducespeednow.sco
1291264439
1291264439
-1
Sceneryobjects\Trees_MC\RHD_shrubbery_01_10.sco
1097248121
1097248121
-1
Sceneryobjects\Trees_MC\RHD_tree_large_05.sco
1097248121
1097248121
-1
Sceneryobjects\Trees_MC\RHD_tree_large_06.sco
1097248121
1097248121
-1
Sceneryobjects\Trees_MC\shrubbery_01_05.sco
1181629421
1181629421
-1
Sceneryobjects\UKDT\iomex\Flora 3\Basswood Tree 1.sco
1280485216
1280485216
-1
Sceneryobjects\UKDT\iomex\Flora 3\Birch Bush 1.sco
1280485216
1280485216
-1
Sceneryobjects\UKDT\iomex\Flora 3\Blue Jacaranda 3.sco
1280485216
1280485216
-1
Sceneryobjects\UKDT\iomex\Flora 3\Bougainvillea 1.sco
1280485216
1280485216
-1
Sceneryobjects\UKDT\iomex\Flora 3\Callery Pear 1.sco
1280485216
1280485216
-1
Sceneryobjects\UKDT\iomex\Flora 3\Crepe Myrtle 1.sco
1280485216
1280485216
-1
Sceneryobjects\UKDT\iomex\Flora 3\Gardenia 1.sco
1280485216
1280485216
-1
Sceneryobjects\UKDT\iomex\Flora 3\Gorse.sco
1280485216
1280485216
-1
Sceneryobjects\UKDT\iomex\Flora 3\Hydrangea.sco
1280485216
1280485216
-1
Sceneryobjects\UKDT\iomex\Flora 3\shrubbery_01_10.sco
1280485216
1280485216
-1
Sceneryobjects\UKDT\iomex\Flora 3\shrubbery_04_bush.sco
1280485216
1280485216
-1
Splines\215x\rm.sli
1353733506
-
-
Splines\CDLX\Misc\KeepClearArrow.sli
1286471801
-
-
Splines\CDLX\Misc\whiteline_asphalt_patch_narrow.sli
1368620166
-
-
Splines\HKBTS_Spline\ChingCheungRd\asp1_2Lines1Way_w11.sli
1354003741
-
-
Splines\HKBTS_Spline\ChingCheungRd\asp1_shortdot_2Line1Way.sli
1354074774
-
-
Splines\HKBTS_Spline\ChingCheungRd\ChingCheungRd_2Lines1Way_1G_00.sli
1349816704
-
-
Splines\HKBTS_Spline\ChingCheungRd\ChingCheungRd_2Lines1Way_whi_long00_cone_bababa.sli
1349820970
-
-
Splines\HKBTS_Spline\ChingCheungRd\ChingCheungRd_3Lines1Way_whi_000_cone.sli
1353997680
-
-
Splines\HKBTS_Spline\ChingCheungRd\ChingCheungRd_4Lines1Way_cone_l0000l_cone_surf.sli
1349810418
-
-
Splines\HKSAR_Marcel\str_0spur_25m.sli
1177328544
-
-
Splines\HKSAR_Marcel\str_0spur_2m.sli
1177328544
-
-
Splines\HKSAR_Marcel\str_0spur_4m.sli
1177328544
-
-
Splines\kelvin1324\0lane_path_2m_NoYellowLine.sli
1358084234
-
-
Splines\kelvin1324\0lane_path_4m_AI_NoYellowLine.sli
1512881398
-
-
Splines\kelvin1324\0lane_path_4m_fence1_NoYellowLine.sli
1358084234
-
-
Splines\kelvin1324\fence1_grey.sli
1358084236
-
-
Splines\kelvin1324\psk_hoarding01.sli
1358084237
-
-
Splines\Splines\TaiPoProject_Highway\1lanes_Tolo_PSK.sli
1352894850
-
-
Splines\TaiPoProject_Highway\Line_str_DoubleWhiteLine.sli
1358102678
-
-
Splines\taxidriverhk\0lane_pedonly_concrete_narrow.sli
1353727447
-
-
Splines\taxidriverhk\1lane_chathamroad_flyover.sli
1353727447
-
-
Splines\taxidriverhk\1lane_roadonly.sli
1353727447
-
-
Splines\taxidriverhk\4lanes_gascoigneflyover.sli
1353727448
-
-
Splines\taxidriverhk_nopaths\0lane_barrierfornathan.sli
1353727451
-
-
Splines\taxidriverhk_nopaths\0lane_bridgewallwing.sli
1353727451
-
-
Splines\taxidriverhk_nopaths\0lane_bridgewallwing2.sli
1353727451
-
-
Splines\taxidriverhk_nopaths\0lane_chathamroad_flyover_curbonly.sli
1353727451
-
-
Splines\taxidriverhk_nopaths\0lane_crash_barrier.sli
1353727451
-
-
Splines\taxidriverhk_nopaths\0lane_cswroadhedge.sli
1353727451
-
-
Splines\taxidriverhk_nopaths\0lane_doublewhiteline_onesidebroken.sli
1353727451
-
-
Splines\taxidriverhk_nopaths\0lane_pedonly_concrete_narrow_nocurb.sli
1353727451
-
-
Splines\taxidriverhk_nopaths\0lane_pedonly_concrete_nocurb.sli
1353727451
-
-
Splines\taxidriverhk_nopaths\0lane_retainingwall_4.sli
1353727451
-
-
Splines\taxidriverhk_nopaths\0lane_road_1mwide.sli
1151572055
-
-
Splines\taxidriverhk_nopaths\0lane_road_8mwide.sli
1161073352
-
-
Splines\taxidriverhk_nopaths\0lane_singlebrokenline_nonfrequent.sli
1353727451
-
-
Splines\taxidriverhk_nopaths\0lane_singlebrokenwhiteline.sli
1353727451
-
-
Splines\taxidriverhk_nopaths\0lane_singlebrokenwhiteline_frequent.sli
1353727451
-
-
Splines\taxidriverhk_nopaths\0lane_wstonebarriernoped.sli
1353727451
-
-
Sceneryobjects\kelvin1324_Buildings\tpm_TheGreatGate_Mall_.sco
1351811320
1351811320
-1
Splines\kelvin1324\0lane_path_4m_NoYellowLine.sli
1512746218
-
-
Sceneryobjects\Generic\routearrow_dn.sco
1210215877
1210215877
-1
Splines\TaiPoProject_Highway\1lanes_Tolo_PSK.sli
1358102678
-
-
