Sceneryobjects\3dtranstudio\hkstreet\ground_busstop1.sco
1063489763
1063489763
-1
Sceneryobjects\49x\Ah Lai Shan_.sco
1177328168
1177328168
-1
Sceneryobjects\49x\Citywalk1_.sco
1278719763
1278719763
-1
Sceneryobjects\49x\Hoi Pa Street Goverment School_.sco
1177328168
1177328168
-1
Sceneryobjects\49x\old tenement building_.sco
1177328168
1177328168
-1
Sceneryobjects\49x\tsuen wan pccw_.sco
1177328169
1177328169
-1
Sceneryobjects\49x\Tsuen_Wan_Town_Hall_.sco
1177328169
1177328169
-1
Sceneryobjects\49x\tw33_.sco
1177328169
1177328169
-1
Sceneryobjects\49x\wah shing_.sco
1177328169
1177328169
-1
Sceneryobjects\Busstops_HK\Bus_hut_temp_green.sco
1519428667
1519428667
-1
Sceneryobjects\Busstops_HK\people_standing_narrow.sco
1352925428
1352925428
-1
Sceneryobjects\CDLX\KMB\Helper2x2.sco
1286053976
1286053976
-1
Sceneryobjects\CDLX\KMB\NewLollipop2x2LWBFull.sco
1282491296
1282491296
-1
Sceneryobjects\CDLX\KMB\NewLollipop2x2NoBoardBase.sco
1279668362
1279668362
-1
Sceneryobjects\CDLX\KMB\NewLollipop3x3NoBase.sco
1282491140
1282491140
-1
Sceneryobjects\CDLX\KMB\NewLollipop3x3NoBoardBase.sco
1279549492
1279549492
-1
Sceneryobjects\Generic\bus_stop.sco
1210215889
1210215889
-1
Sceneryobjects\Generic\routearrow_dn_dyn.sco
1210215940
1210215940
-1
Sceneryobjects\Generic\routearrow_L_dyn.sco
1210215890
1210215890
-1
Sceneryobjects\Generic\routearrow_R_dyn.sco
1210215940
1210215940
-1
Sceneryobjects\kelvin1324_Buildings\fs_NF191_bridge_pillar_.sco
1351811319
1351811319
-1
Sceneryobjects\M3 Traffic Light AI\2Av_1Ow_1_Car1.sco
1345259634
1345259634
-1
Sceneryobjects\M3 Traffic Light AI\2Av_1Ow_1_Car2.sco
1345259634
1345259634
-1
Sceneryobjects\M3 Traffic Light AI\2Av_1Ow_1_Car3.sco
1345259634
1345259634
-1
Sceneryobjects\M3 Traffic Light AI\2Ow_1_Car1.sco
1345259634
1345259634
-1
Sceneryobjects\M3 Traffic Light AI\2Ow_1_Car2.sco
1345259634
1345259634
-1
Sceneryobjects\Map E31\Strramod.sco
1379300204
1379300204
-1
Sceneryobjects\Map E31\Strrf.sco
1380538963
1380538963
-1
Sceneryobjects\Streetobjects_RUE\neonlight_L_bend_L.sco
1030664421
1030664421
-1
Sceneryobjects\Streetobjects_RUE\single_pole.sco
1044220565
1044220565
-1
Sceneryobjects\taxidriverhk_busstop\bushut_2000_3pole_2.sco
1291017218
1291017218
-1
Sceneryobjects\taxidriverhk_busstop\bushut_2000_5pole_2.sco
1291017218
1291017218
-1
Sceneryobjects\taxidriverhk_busstop\bushut_2000_7pole.sco
1291017218
1291017218
-1
Sceneryobjects\taxidriverhk_hkwk_lite\chatham_crash_barrier_pole.sco
1291264289
1291264289
-1
Sceneryobjects\Traffic_Light_HK_FF3170\Teletech_car_large.sco
1165108835
1165108835
-1
Sceneryobjects\Trees_MC\RHD_tree_large_01.sco
1097248121
1097248121
-1
Sceneryobjects\Trees_MC\RHD_tree_large_03.sco
1097248121
1097248121
-1
Sceneryobjects\Trees_MC\RHD_tree_medium_06.sco
1097248121
1097248121
-1
Sceneryobjects\Trees_MC\tree_medium_02.sco
1181629490
1181629490
-1
Splines\3dtranstudio\2line_1way _leftped.sli
1353727365
-
-
Splines\3dtranstudio\2line_1way.sli
1353727365
-
-
Splines\3dtranstudio\2spur_11m_altonaer_c_noped.sli
1353727365
-
-
Splines\3dtranstudio\2spur_8m_altonaer_b_oneway.sli
1353727366
-
-
Splines\3dtranstudio\2spur_8m_altonaer_c.sli
1353727366
-
-
Splines\3dtranstudio\2way_2x2line_b.sli
1353727366
-
-
Splines\3dtranstudio\2way_2x2line_b_noped.sli
1353727366
-
-
Splines\3dtranstudio\2way_2x3line_b.sli
1353727366
-
-
Splines\3dtranstudio\3dtranstudio\str_0spur_4m_hk.sli
1065025632
-
-
Splines\3dtranstudio\3line_1way.sli
1353727366
-
-
Splines\3dtranstudio\invis_street.sli
1353727366
-
-
Splines\3dtranstudio\pedonly_a.sli
1353727366
-
-
Splines\3dtranstudio\str_0spur_1m_gras.sli
1358858575
-
-
Splines\3dtranstudio\str_0spur_20m_hk.sli
1353727366
-
-
Splines\3dtranstudio\str_0spur_20m_hkped.sli
1344670322
-
-
Splines\3dtranstudio\str_0spur_2m_gras.sli
1358858620
-
-
Splines\3dtranstudio\str_0spur_40m_hkped.sli
1345347077
-
-
Splines\3dtranstudio\str_0spur_4m_hk.sli
1353727366
-
-
Splines\3dtranstudio\str_0spur_7m_hk.sli
1353727366
-
-
Splines\kelvin1324\0lane_barrier2_slope.sli
1499078394
-
-
Splines\kelvin1324\0lane_barrier2_slope_1.8m.sli
1358084232
-
-
Splines\kelvin1324\0lane_barrier2_slope_3.5m.sli
1358084232
-
-
Splines\kelvin1324\0lane_barrier2_slope_both1.5m.sli
1358084232
-
-
Splines\kelvin1324\fence1_grey.sli
1358084236
-
-
Splines\kelvin1324\fence2_grey.sli
1358084236
-
-
Splines\M3_Spline\line_GV.sli
1312790127
-
-
Splines\M3_Spline\line_road.sli
1312790127
-
-
Splines\M3_Spline\line_white.sli
1312790127
-
-
Splines\M3_Spline\P_crossing.sli
1312790127
-
-
Splines\Map E31\kfebartw.sli
1380823571
-
-
Splines\Map E31\twbbridge.sli
1428380354
-
-
Splines\Map E31\twcbridge.sli
1428381108
-
-
Splines\Map E31\twdbridge.sli
1428381814
-
-
Splines\Map E31\tydbridge.sli
1428376431
-
-
Splines\taxidriverhk\0lane_pedonly_concrete_narrow.sli
1353727447
-
-
Splines\taxidriverhk\0lane_pedonly_concrete_narrow_nocurb.sli
1353727447
-
-
Splines\taxidriverhk\0lane_pedonly_concrete_nocurb.sli
1353727447
-
-
Splines\taxidriverhk\0lane_pedonly_narrow.sli
1353727447
-
-
Splines\taxidriverhk\0lane_pedonly_nocurb.sli
1353727447
-
-
Splines\taxidriverhk\1lane_roadonly_4mwide.sli
1353727447
-
-
Splines\taxidriverhk_nopaths\0lane_crash_barrier.sli
1353727451
-
-
Splines\taxidriverhk_nopaths\0lane_doublewhiteline.sli
1353727451
-
-
Splines\taxidriverhk_nopaths\0lane_pedonly_nocurb.sli
1353727451
-
-
Splines\taxidriverhk_nopaths\0lane_pedonly_nocurb_wide.sli
1353727451
-
-
Splines\taxidriverhk_nopaths\0lane_tsuiyu_barrier.sli
1353727451
-
-
Vehicles\Isuzu_N_Series\Parked_isuzu_npr.sco
1330739377
1345693456
-1
Sceneryobjects\KMB Lollipop\Lollipop2x2NoBase.sco
1252832014
1252832014
-1
Sceneryobjects\Generic\routearrow_dn.sco
1210215877
1210215877
-1
Sceneryobjects\Generic\routearrow_L.sco
1210215940
1210215940
-1
Sceneryobjects\Generic\routearrow_R.sco
1210215877
1210215877
-1
Sceneryobjects\Generic\routearrows_busstop.sco
1210216053
1210216053
-1
