Sceneryobjects\3dtranstudio\bridge_pier.sco
1056420289
1056420289
-1
Sceneryobjects\48x\TsingMaBridge_MaWan-BeachCommercialComplex.sco
1247256299
1247256299
-1
Sceneryobjects\48x\TsingMaBridge_MaWanEntrance-only.sco
1247255337
1247255337
-1
Splines\3dtranstudio\hkstreet\str_0spur_20m_hk.sli
1192832509
-
-
Splines\3dtranstudio\invis_street.sli
999109838
-
-
Splines\3dtranstudio\str_0spur_7m_hk.sli
1065008832
-
-
Splines\FF3170-Marcel\str_1spur_5m_bridge_rail_1.sli
1177328514
-
-
Splines\M3_Spline\line_road.sli
1177328550
-
-
Splines\taxidriverhk\0lanes_oneway_meifooflyover_bottom.sli
1134270717
-
-
Splines\taxidriverhk\1lane_roadonly_4mwide.sli
1095707059
-
-
Sceneryobjects\Streetobjects_RUE\neonlight_L_bend_L.sco
1196580403
1196580403
-1
Sceneryobjects\Trees_MC\RHD_tree_large_01.sco
1097248121
1097248121
-1
Splines\M3_Spline\line_white.sli
1177328550
-
-
