Sceneryobjects\3dtranstudio\hkstreet\RHD_ground_busstop5.sco
1312789600
1312789600
-1
Sceneryobjects\Busstops_HK\Bus_hut_temp.sco
1351811225
1351811225
-1
Sceneryobjects\CDLX\KMB\NewLollipop2x2_FreeLWBFull.sco
1351811259
1351811259
-1
Sceneryobjects\CDLX\Misc\belishabeacon.sco
1351811274
1351811274
-1
Sceneryobjects\HKBTS_Bus_stop\CTB Bus stop.sco
1312789756
1312789756
-1
Sceneryobjects\taxidriverhk_hkwk_lite\chatham_crash_barrier_pole.sco
1291264289
1291264289
-1
Sceneryobjects\Trees_MC\RHD_tree_large_02.sco
1312789895
1312789895
-1
Sceneryobjects\Trees_MC\RHD_tree_large_03.sco
1312789895
1312789895
-1
Sceneryobjects\Trees_MC\RHD_Tree_Small_06.sco
1312789895
1312789895
-1
Splines\3dtranstudio\2spur_11m_altonaer_c_noped.sli
1198605225
-
-
Splines\3dtranstudio\pedonly_a - 4mgras.sli
1364005776
-
-
Splines\3dtranstudio\pedonly_a - 4mtstrd.sli
1348665447
-
-
Splines\3dtranstudio\str_0spur_20m_tstrd.sli
1350462196
-
-
Splines\3dtranstudio\str_0spur_234m water.sli
1331198179
-
-
Splines\3dtranstudio\str_0spur_4m_hk.sli
1065025632
-
-
Splines\gg_LHT\hillwall03.sli
1099479638
-
-
Splines\kelvin1324\0lane_barrier2_grassonly_1m.sli
1348739485
-
-
Splines\kelvin1324\1lanes_cross_dz_4m.sli
1348739488
-
-
Splines\kelvin1324\fence1_grey.sli
1348739488
-
-
Splines\M3_Spline\line_GV.sli
1177328550
-
-
Splines\Map E31\CLKSA.sli
1364034845
-
-
Splines\Map E31\CLKSB.sli
1364035315
-
-
Splines\taxidriverhk_nopaths\0lane_crash_barrier.sli
1194157250
-
-
Splines\taxidriverhk_nopaths\0lane_pedonly_concrete_narrow_nocurb.sli
1126529296
-
-
Splines\taxidriverhk_nopaths\0lane_pedonly_concrete_nocurb.sli
1143154397
-
-
Splines\taxidriverhk_nopaths\0lane_pedonly_concrete_nocurb_wide.sli
1251169457
-
-
