Sceneryobjects\3dtranstudio\bridge_pier.sco
1056467393
1056467393
-1
Sceneryobjects\Map E31\twwside.sco
1353278025
1353278025
-1
Sceneryobjects\Trees_MC\RHD_tree_medium_07.sco
1097248122
1097248122
-1
Sceneryobjects\Trees_MC\RHD_Tree_Small_01.sco
1097248122
1097248122
-1
Sceneryobjects\Trees_MC\tree_medium_02.sco
1181629490
1181629490
-1
Splines\CDLX\Misc\whiteline.sli
1286433570
-
-
Splines\CDLX\TsuenWanRd\TsuenWanRd_TaiChungRd.sli
1288523176
-
-
Splines\CDLX\TsuenWanRd\TsuenWanRd_TaiChungRdExit_WB.sli
1287284879
-
-
Splines\gg\hillwall02.sli
1099074958
-
-
Splines\kelvin1324\1lanes_dro12r_4m_nopath.sli
1358084235
-
-
Splines\kelvin1324\line_plain6r_brokensingleline_short.sli
1358084237
-
-
Splines\taxidriverhk_nopaths\taxidriverhk_nopaths\taxidriverhk_nopaths\taxidriverhk_nopaths\0lanes_oneway_meifooflyover_bottom_narrow.sli
1312790261
-
-
Sceneryobjects\CDLX\Bayview Garden\ceilinglight.sco
1284324936
1284324936
-1
Sceneryobjects\ProjectTWS\F1sh\Choi Hung Estate substation small_.sco
1353144885
1353144885
-1
Sceneryobjects\SS_HKTrafficSign\RHD_SS_Pole_Grey.sco
1051658064
1051658064
-1
Sceneryobjects\SS_HKTrafficSign\RHD_SS_Sign_PedAhead.sco
1345259705
1345259705
-1
Sceneryobjects\taxidriverhk\surfacemark_yellowbox_10mx10m.sco
1291016876
1291016876
-1
Sceneryobjects\taxidriverhk_hkwk_lite\gascoigne_gascoignebridge_elasticpole.sco
1291264301
1291264301
-1
Splines\3dtranstudio\pedonly_a.sli
1353727366
-
-
Splines\HKSAR_Marcel\str_0spur_47m.sli
1177328544
-
-
Splines\HKSAR_Marcel\str_0spur_4m.sli
1177328544
-
-
Splines\taxidriverhk\0lane_pedonly_nocurb.sli
1353727447
-
-
Splines\taxidriverhk\1lane_roadonly.sli
1353727447
-
-
Splines\taxidriverhk\2lanes_noped.sli
1353727447
-
-
Splines\taxidriverhk_nopaths\0lane_gascoigneflyover_curbonly.sli
1353727451
-
-
Sceneryobjects\Generic\routearrow_dn.sco
1210215877
1210215877
-1
Sceneryobjects\Generic\routearrow_L.sco
1210215940
1210215940
-1
Splines\taxidriverhk_nopaths\0lanes_oneway_meifooflyover_bottom_narrow.sli
1353727451
-
-
