Sceneryobjects\3dtranstudio\bridge_pier.sco
1056467393
1056467393
-1
Sceneryobjects\3dtranstudio\hkstreet\ground_busstop1.sco
1312789596
1312789596
-1
Sceneryobjects\HKBTS_Bus_stop\CTB Bus stop.sco
1312789756
1312789756
-1
Sceneryobjects\Map E31\tpole.sco
1331859116
1331859116
-1
Sceneryobjects\Trees_MC\RHD_tree_large_01.sco
1312789895
1312789895
-1
Sceneryobjects\Trees_MC\RHD_tree_large_02.sco
1312789895
1312789895
-1
Sceneryobjects\Trees_MC\RHD_tree_large_03.sco
1312789895
1312789895
-1
Splines\3dtranstudio\invis_street.sli
999109838
-
-
Splines\3dtranstudio\invis_street_2spur.sli
1222330849
-
-
Splines\3dtranstudio\invis_street_human.sli
1061633174
-
-
Splines\3dtranstudio\str_0spur_20m_hk.sli
1192832509
-
-
Splines\3dtranstudio\str_0spur_4m_hk.sli
1065025632
-
-
Splines\3dtranstudio\str_0spur_7m_hk.sli
1065008832
-
-
Splines\CDLX\Misc\KeepClearArrow.sli
1286471801
-
-
Splines\CDLX\Misc\KeepClearLine.sli
1286480113
-
-
Splines\CDLX\Misc\whiteline.sli
1286433570
-
-
Splines\CDLX\Misc\whiteline_asphalt_patch.sli
1287285058
-
-
Splines\CDLX\Misc\whiteline_asphalt_patch_narrow.sli
1368620166
-
-
Splines\kelvin1324\0lane_grass_1.5m_NoYellowLine_OneSide.sli
1384931466
-
-
Splines\kelvin1324\0lane_path_10m_AI_NoYellowLine.sli
1348739485
-
-
Splines\kelvin1324\0lane_path_2m_NoYellowLine.sli
1348739485
-
-
Splines\kelvin1324\0lane_path_4m_AI_NoYellowLine.sli
1348739485
-
-
Splines\kelvin1324\1lanes_dro0r_4m.sli
1348739488
-
-
Splines\kelvin1324\1lanes_dro0r_4m_nopath.sli
1348739488
-
-
Splines\kelvin1324\2lanes_dro2r.sli
1348739488
-
-
Splines\kelvin1324\2lanes_dro6r.sli
1348739488
-
-
Splines\kelvin1324\fence1_grey.sli
1348739488
-
-
Splines\kelvin1324\line_brokensingleline_cluster.sli
1348739488
-
-
Splines\kelvin1324\line_doubleline.sli
1348739488
-
-
Splines\kelvin1324\line_singleline.sli
1348739489
-
-
Splines\kelvin1324\shrub1.sli
1348739489
-
-
Splines\M3_Spline\line_GV.sli
1177328550
-
-
Splines\Map E31\1way_1line_bridge_a_NLH_nobarrier.sli
1385213019
-
-
Splines\Map E31\1way_1line_highway_a_nobar_NLH.sli
1385269341
-
-
Splines\Map E31\1way_2line_highway_a_NLH.sli
1365805600
-
-
Splines\Map E31\2way_2x2line_a_noped_NLH.sli
1385268363
-
-
Splines\Map E31\grass.sli
1384931944
-
-
Splines\Map E31\grass2m.sli
1384955653
-
-
Splines\Map E31\highway_acon_NLH.sli
1365805789
-
-
Splines\taxidriverhk_nopaths\0lane_bridgewallwing.sli
1133917775
-
-
Splines\taxidriverhk_nopaths\0lane_splineforbarrier.sli
1090273352
-
-
Vehicles\Tesla_Model_S\Parked_model_s.sco
1283158082
1324727649
-1
Vehicles\Tesla_Model_X\Parked_model_x.sco
1283158082
1324849160
-1
Vehicles\Toyota_Alphard\Parked_alphard.sco
1302292973
1302292973
-1
Vehicles\Toyota_Echoverso\Toyota_parked_Echoverso.sco
1029800536
1082232855
-1
Vehicles\Toyota_Hiace_89\parked_Toyota_Hiace_89.sco
1090624883
1114354081
-1
Vehicles\Toyota_Prius\Parked_prius_xw30.sco
1322597637
1324694340
-1
