Sceneryobjects\Busstops_HK\people_standing_narrow.sco
1067410857
1067410857
-1
Sceneryobjects\CDLX\KMB\NewLollipop2x2LWBFull.sco
1351837291
1351837291
-1
Sceneryobjects\Generic\bus_stop.sco
1196580392
1196580392
-1
Sceneryobjects\Generic\entrypoint_bus.sco
1196580385
1196580385
-1
Sceneryobjects\Generic\routearrow_L_dyn.sco
1196580392
1196580392
-1
Sceneryobjects\Streetobjects_RUE\neonlight_2L_bend_L.sco
1196580403
1196580403
-1
Sceneryobjects\Streetobjects_RUE\neonlight_L_bend_L.sco
1196580403
1196580403
-1
Sceneryobjects\Trees_MC\RHD_tree_large_01.sco
1097248121
1097248121
-1
Splines\3dtranstudio\hkstreet\str_0spur_7m_hk.sli
1064976090
-
-
Splines\3dtranstudio\str_0spur_40m_hk.sli
1192832538
-
-
Splines\3dtranstudio\str_0spur_4m_hk.sli
1065025632
-
-
Splines\kelvin1324\0lane_path-ped5_6m_AI_NoYellowLine.sli
1351837344
-
-
Splines\taxidriverhk\0lane_pedonly_concrete_nocurb.sli
1143107296
-
-
Splines\taxidriverhk\1lane_roadonly_4mwide.sli
1095707059
-
-
Splines\taxidriverhk_nopaths\0lane_pedonly_concrete_narrow.sli
1126528552
-
-
Splines\taxidriverhk_nopaths\0lane_pedonly_concrete_narrow_nocurb.sli
1126529296
-
-
Splines\taxidriverhk_nopaths\0lane_waterbarrier.sli
1194272548
-
-
Sceneryobjects\taxidriverhk_hkwk_lite\chatham_crash_barrier_pole.sco
1291264289
1291264289
-1
Splines\taxidriverhk_nopaths\0lane_crash_barrier.sli
1194157250
-
-
