Sceneryobjects\Generic\routearrow_dn.sco
1196580385
1196580385
-1
Sceneryobjects\Ruede\forest_backdrop01.sco
1196580392
1196580392
-1
Sceneryobjects\SS_HKTrafficSign\SS_Pole_Grey.sco
1051658064
1051658064
-1
Sceneryobjects\SS_HKTrafficSign\SS_Sign_BlackspotAhead.sco
1053071032
1053071032
-1
Sceneryobjects\SS_HKTrafficSign\SS_Sign_L_Left.sco
1063680562
1063680562
-1
Sceneryobjects\SS_HKTrafficSign\SS_Sign_L_Right.sco
1063680578
1063680578
-1
Sceneryobjects\SS_HKTrafficSign\SS_Sign_LearnerProh.sco
1053073203
1053073203
-1
Sceneryobjects\SS_HKTrafficSign\SS_Sign_N_NoStop24.sco
1053073489
1053073489
-1
Sceneryobjects\SS_HKTrafficSign\SS_Sign_N_NoStop24C.sco
1053073494
1053073494
-1
Sceneryobjects\SS_HKTrafficSign\SS_Sign_NoEntry.sco
1053073669
1053073669
-1
Sceneryobjects\SS_HKTrafficSign\SS_Sign_NoPedCyc.sco
1053073640
1053073640
-1
Sceneryobjects\SS_HKTrafficSign\SS_Sign_PubLightBusesProh.sco
1053073907
1053073907
-1
Sceneryobjects\SS_HKTrafficSign\SS_Sign_Stop.sco
1053074424
1053074424
-1
Sceneryobjects\Streetobjects_RUE\sodiumlight_2L_break_L.sco
1196580395
1196580395
-1
Sceneryobjects\Streetobjects_RUE\sodiumlight_4L_break_L.sco
1196580397
1196580397
-1
Sceneryobjects\Streetobjects_RUE\sodiumlight_L_break_L.sco
1196580395
1196580395
-1
Sceneryobjects\taxidriverhk_hkwk_lite\chatham_bridge_pillar.sco
1291264079
1291264079
-1
Sceneryobjects\taxidriverhk_hkwk_lite\chatham_chatham-and-gascoigne.sco
1291264178
1291264178
-1
Sceneryobjects\taxidriverhk_hkwk_lite\chatham_crash_barrier_pole.sco
1291264289
1291264289
-1
Sceneryobjects\taxidriverhk_hkwk_lite\chatham_polyu.sco
1291264079
1291264079
-1
Sceneryobjects\taxidriverhk_hkwk_lite\chatham_polyu_z.sco
1291264079
1291264079
-1
Sceneryobjects\taxidriverhk_hkwk_lite\fence_1.sco
1226588946
1226588946
-1
Sceneryobjects\taxidriverhk_hkwk_lite\gascoigne_gascoignebridge_elasticpole.sco
1291264301
1291264301
-1
Sceneryobjects\taxidriverhk_hkwk_lite\gascoigne_gascoignebridge_railing_end.sco
1291264289
1291264289
-1
Sceneryobjects\taxidriverhk_hkwk_lite\gascoigne_gascoignebridge_railing_pole.sco
1291264289
1291264289
-1
Sceneryobjects\taxidriverhk_hkwk_lite\mf_busterminus_2.sco
1291264410
1291264410
-1
Sceneryobjects\taxidriverhk_hkwk_lite\signage_chatham_1.sco
1291264439
1291264439
-1
Sceneryobjects\taxidriverhk_hkwk_lite\signage_gascoigne_10.sco
1291264439
1291264439
-1
Sceneryobjects\taxidriverhk_hkwk_lite\signage_gascoigne_11.sco
1291264439
1291264439
-1
Sceneryobjects\taxidriverhk_hkwk_lite\signage_gascoigne_12.sco
1291264439
1291264439
-1
Sceneryobjects\taxidriverhk_hkwk_lite\signage_gascoigne_13.sco
1291264439
1291264439
-1
Sceneryobjects\taxidriverhk_hkwk_lite\signage_gascoigne_14.sco
1291264439
1291264439
-1
Sceneryobjects\taxidriverhk_hkwk_lite\signage_getinlane.sco
1291264439
1291264439
-1
Sceneryobjects\Traffic_Light_HK_FF3170\Teletech_car_standard.sco
1162295706
1162295706
-1
Sceneryobjects\Traffic_Light_HK_FF3170\Teletech_P_RM.sco
1165112052
1165112052
-1
Sceneryobjects\Trees_MC\shrubbery_01_20.sco
1196580395
1196580395
-1
Sceneryobjects\Trees_MC\shrubbery_04_05.sco
1196580420
1196580420
-1
Sceneryobjects\Trees_MC\shrubbery_04_10.sco
1196580395
1196580395
-1
Sceneryobjects\Trees_MC\shrubbery_04_20.sco
1196580397
1196580397
-1
Sceneryobjects\Trees_MC\tree_large_01.sco
1196580429
1196580429
-1
Sceneryobjects\Trees_MC\tree_large_06.sco
1196580429
1196580429
-1
Sceneryobjects\Trees_MC\tree_medium_05.sco
1196580407
1196580407
-1
Sceneryobjects\Trees_MC\tree_medium_06.sco
1196580429
1196580429
-1
Sceneryobjects\Trees_MC\tree_medium_09.sco
1196580402
1196580402
-1
Sceneryobjects\Trees_MC\Tree_Small_07.sco
1196580407
1196580407
-1
Sceneryobjects\Trees_MC\Tree_Small_08.sco
1196580400
1196580400
-1
Sceneryobjects\Verkehrszeichen_MC\Mast_Ampel_klein_1.sco
1196580402
1196580402
-1
Sceneryobjects\Verkehrszeichen_MC\VZ_surfmark_arrow_R.sco
1196580407
1196580407
-1
Sceneryobjects\Verkehrszeichen_MC\VZ_surfmark_arrow_S.sco
1196580400
1196580400
-1
Sceneryobjects\Verkehrszeichen_MC\VZ_surfmark_arrow_SL.sco
1196580429
1196580429
-1
Sceneryobjects\Verkehrszeichen_MC\VZ_surfmark_arrow_SR.sco
1196580407
1196580407
-1
Splines\Marcel\invis_street.sli
1196580442
-
-
Splines\Marcel\str_0spur_7m.sli
1054705142
-
-
Splines\taxidriverhk\1lane_chathamroad_flyover.sli
1193215345
-
-
Splines\taxidriverhk\1lane_pedonly.sli
1090611022
-
-
Splines\taxidriverhk\1lane_roadonly.sli
1086799912
-
-
Splines\taxidriverhk\2lanes_oneway_noped.sli
1090215393
-
-
Splines\taxidriverhk\2lanes_wbarriernoped_half.sli
1086946592
-
-
Splines\taxidriverhk\2lanes_wcurbnoped_half.sli
1090406584
-
-
Splines\taxidriverhk\3lanes_wbarriernoped_half.sli
1086944898
-
-
Splines\taxidriverhk\4lanes_gascoigneflyover.sli
1192888631
-
-
Splines\taxidriverhk\4lanes_wbarriernoped_half.sli
1086799552
-
-
Splines\taxidriverhk\4lanes_wstonebarriernoped_half.sli
1090352506
-
-
Splines\taxidriverhk\4lanes_wstonebarriernoped_half_16mwide.sli
1193084346
-
-
Splines\taxidriverhk_nopaths\0lane_barbedwire.sli
1183916154
-
-
Splines\taxidriverhk_nopaths\0lane_barrierfornathan.sli
1089613101
-
-
Splines\taxidriverhk_nopaths\0lane_bridgewallwing.sli
1133917775
-
-
Splines\taxidriverhk_nopaths\0lane_crash_barrier.sli
1194157250
-
-
Splines\taxidriverhk_nopaths\0lane_doublewhiteline.sli
1200840106
-
-
Splines\taxidriverhk_nopaths\0lane_doublewhiteline_onesidebroken.sli
1200840101
-
-
Splines\taxidriverhk_nopaths\0lane_doubleyellowline.sli
1122646158
-
-
Splines\taxidriverhk_nopaths\0lane_grasscover.sli
1095463017
-
-
Splines\taxidriverhk_nopaths\0lane_pedonly.sli
1086949679
-
-
Splines\taxidriverhk_nopaths\0lane_pedonly_concrete.sli
1122450006
-
-
Splines\taxidriverhk_nopaths\0lane_pedonly_concrete_narrow.sli
1126528552
-
-
Splines\taxidriverhk_nopaths\0lane_pedonly_concrete_nocurb.sli
1143154397
-
-
Splines\taxidriverhk_nopaths\0lane_singlewhiteline.sli
1122646063
-
-
Splines\taxidriverhk_nopaths\0lane_yenchowbarrier.sli
1184115886
-
-
Splines\taxidriverhk_nopaths\0lane_yenchowbarrier_narrow.sli
1186933645
-
-
