Sceneryobjects\3dtranstudio\hkstreet\RHD_ground_busstop5.sco
1312789600
1312789600
-1
Sceneryobjects\Busstops_HK\Bus_hut_new_L.sco
1351811225
1351811225
-1
Sceneryobjects\Busstops_HK\people_standing_narrow.sco
1351811226
1351811226
-1
Sceneryobjects\CDLX\KMB\Helper2x2.sco
1351811258
1351811258
-1
Sceneryobjects\Generic\bus_stop.sco
1351774414
1351774414
-1
Sceneryobjects\Generic\routearrow_dn_dyn.sco
1351774415
1351774415
-1
Sceneryobjects\Generic\routearrow_L_dyn.sco
1351774415
1351774415
-1
Sceneryobjects\GG2Signs\gg2_large_sign_with_lights.sco
1121495591
1121495591
-1
Sceneryobjects\Map E31\airround2.sco
1346723974
1346723974
-1
Sceneryobjects\Map E31\airround3.sco
1346879196
1346879196
-1
Sceneryobjects\Map E31\cathay.sco
1346813114
1346813114
-1
Sceneryobjects\Map E31\faketreea.sco
1347126929
1347126929
-1
Sceneryobjects\S1\Bus Stop\Cathay_CTB1\1.sco
1185856141
1185856141
-1
Sceneryobjects\S1\Bus Stop\Cathay_CTB2\1.sco
1185856618
1185856618
-1
Sceneryobjects\S1\Bus Stop\Cathay_LWB2\1.sco
1185853748
1185853748
-1
Sceneryobjects\Trees_MC\RHD_tree_large_01.sco
1312789895
1312789895
-1
Sceneryobjects\Trees_MC\RHD_tree_large_02.sco
1312789895
1312789895
-1
Sceneryobjects\Trees_MC\RHD_tree_large_03.sco
1312789895
1312789895
-1
Sceneryobjects\Trees_MC\RHD_tree_large_05.sco
1312789895
1312789895
-1
Sceneryobjects\Trees_MC\tree_large_06.sco
1351774433
1351774433
-1
Splines\3dtranstudio\2way_2x2line_c_noped.sli
1196247872
-
-
Splines\3dtranstudio\half_8m_altonaer_1a tstrd.sli
1346669909
-
-
Splines\3dtranstudio\invis_street.sli
999109838
-
-
Splines\3dtranstudio\invis_street_2spur.sli
1222330849
-
-
Splines\3dtranstudio\invis_street_human.sli
1061633174
-
-
Splines\3dtranstudio\pedonly_a tstrd.sli
1346658763
-
-
Splines\3dtranstudio\str_0spur_4m_hk.sli
1065025632
-
-
Splines\3dtranstudio\str_0spur_7m_hk.sli
1065008832
-
-
Splines\CDLX\Misc\KeepClearArrow.sli
1286471801
-
-
Splines\CDLX\Misc\whiteline_asphalt_patch.sli
1287285058
-
-
Splines\kelvin1324\0lane_grass_1.5m_NoYellowLine_OneSide.sli
1384931466
-
-
Splines\kelvin1324\0lane_path_10m_AI_NoYellowLine.sli
1348739485
-
-
Splines\kelvin1324\0lane_path_4m_AI_NoYellowLine.sli
1348739485
-
-
Splines\kelvin1324\1lanes_dro0r_4m.sli
1348739488
-
-
Splines\kelvin1324\1lanes_dro0r_4m_nopath.sli
1348739488
-
-
Splines\kelvin1324\2lanes_dro2r.sli
1348739488
-
-
Splines\kelvin1324\fence1_grey.sli
1348739488
-
-
Splines\kelvin1324\line_brokensingleline_cluster.sli
1348739488
-
-
Splines\kelvin1324\line_singleline.sli
1348739489
-
-
Splines\kelvin1324\shrub1.sli
1348739489
-
-
Splines\M3_Spline\line_GV.sli
1177328550
-
-
Splines\M3_Spline\line_white.sli
1177328550
-
-
Splines\Map E31\1way_2line_highway_noright_NLH.sli
1365804416
-
-
Splines\Map E31\grass.sli
1384931944
-
-
Splines\taxidriverhk_nopaths\0lane_barriercover_1.4m.sli
1358654167
-
-
Splines\taxidriverhk_nopaths\0lane_pedonly_concrete_narrow_nocurb.sli
1126529296
-
-
Splines\taxidriverhk_nopaths\0lane_tsuiyu_barrier.sli
1182428549
-
-
Sceneryobjects\3dtranstudio\bridge_pier.sco
1056467393
1056467393
-1
Splines\CDLX\Misc\whiteline_asphalt_patch_narrow.sli
1368620166
-
-
Splines\Map E31\highway_acon_NLH.sli
1365805789
-
-
Splines\taxidriverhk_nopaths\taxidriverhk_nopaths\taxidriverhk_nopaths\taxidriverhk_nopaths\0lanes_oneway_meifooflyover_bottom_narrow.sli
1312790261
-
-
