Sceneryobjects\11NW10B\tin-ma-court-carpark-bridge.sco
1490661044
1490661044
-1
Sceneryobjects\3dtranstudio\hkstreet\ground_busstop1.sco
1063489763
1063489763
-1
Sceneryobjects\arisuhime_newobject\KwaiTsuiEstate_terrace_.sco
1311876808
1311876808
-1
Sceneryobjects\Busstop\bushut_2000.sco
1291017218
1291017218
-1
Sceneryobjects\Generic\entrypoint_bus.sco
1196580385
1196580385
-1
Sceneryobjects\HK roadsurface mark\hkroadsurf_leftlane.sco
1177328320
1177328320
-1
Sceneryobjects\KMB Bus stop Lollipop\Lollipop3x3NoBoardBase.sco
1252879124
1252879124
-1
Sceneryobjects\Map E31\Cswbridgea.sco
1465166037
1465166037
-1
Sceneryobjects\Map E31\kfwalla.sco
1345503036
1345503036
-1
Sceneryobjects\Map E31\khbar.sco
1345000582
1345000582
-1
Sceneryobjects\Map E31\Mtbara.sco
1378843819
1378843819
-1
Sceneryobjects\Map E31\tcabr.sco
1346657724
1346657724
-1
Sceneryobjects\Ruede\forest_backdrop01.sco
1210215922
1210215922
-1
Sceneryobjects\SS_HKTrafficSign\RHD_SS_Pole_Grey.sco
1051658064
1051658064
-1
Sceneryobjects\SS_HKTrafficSign\SS_Pole_Grey.sco
1051658064
1051658064
-1
Sceneryobjects\SS_HKTrafficSign\SS_Sign_PedAhead (2).sco
1345259694
1345259694
-1
Sceneryobjects\SS_HKTrafficSign\SS_Sign_Spd70.sco
1053074266
1053074266
-1
Sceneryobjects\Streetobjects_RUE\sodiumlight_2L_break_L.sco
1031241799
1031241799
-1
Sceneryobjects\Tai Po_BusStop\TaiPoBS\bushut_1990_3.sco
1245997576
1245997576
-1
Sceneryobjects\taxidriverhk_for_ssp_csw_lck_mf\lck_nc_sitting.sco
1161324336
1161324336
-1
Sceneryobjects\taxidriverhk_hkwk_lite\signage_csw_4.sco
1291264439
1291264439
-1
Sceneryobjects\taxidriverhk_kowlooncity\hunghom_metropolis_pole.sco
1291264301
1291264301
-1
Sceneryobjects\taxidriverhk_signage\signage_reducespeednow.sco
1291264439
1291264439
-1
Sceneryobjects\Trees_MC\RHD_shrubbery_01_10.sco
1097248121
1097248121
-1
Sceneryobjects\Trees_MC\RHD_tree_large_05.sco
1097248121
1097248121
-1
Sceneryobjects\Trees_MC\RHD_tree_large_06.sco
1097248121
1097248121
-1
Sceneryobjects\Trees_MC\RHD_tree_medium_01.sco
1097248121
1097248121
-1
Sceneryobjects\Trees_MC\RHD_tree_medium_06.sco
1097248121
1097248121
-1
Sceneryobjects\Trees_MC\shrubbery_01_05.sco
1181629421
1181629421
-1
Sceneryobjects\Trees_MC\shrubbery_01_10_mod.sco
1312789896
1312789896
-1
Sceneryobjects\UKDT\iomex\Flora 3\Basswood Tree 1.sco
1280485216
1280485216
-1
Sceneryobjects\UKDT\iomex\Flora 3\Crepe Myrtle 1.sco
1280485216
1280485216
-1
Sceneryobjects\UKDT\iomex\Flora 3\Hydrangea.sco
1280485216
1280485216
-1
Splines\213M_DYC_SMP\hillwall_SMP_Park2.sli
1422025156
-
-
Splines\213M_Splines_DYC\hillwall_Potat_Higher Hill.sli
1422025156
-
-
Splines\215x\rm.sli
1353733506
-
-
Splines\HKBTS_Spline\ChingCheungRd\ChingCheungRd_3Lines1Way_whi_000_cone.sli
1353997680
-
-
Splines\HKSAR_Marcel\str_0spur_4m.sli
1177328544
-
-
Splines\kelvin1324\0lane_path_2m_NoYellowLine.sli
1358084234
-
-
Splines\kelvin1324\0lane_path_4m_fence1_NoYellowLine.sli
1358084234
-
-
Splines\Splines\TaiPoProject_Highway\1lanes_Tolo_PSK.sli
1352894850
-
-
Splines\taxidriverhk\1lane_roadonly.sli
1353727447
-
-
Splines\taxidriverhk_nopaths\0lane_bridgewallwing2.sli
1353727451
-
-
Splines\taxidriverhk_nopaths\0lane_chatham_century_fence.sli
1353727451
-
-
Splines\taxidriverhk_nopaths\0lane_crash_barrier.sli
1353727451
-
-
Splines\taxidriverhk_nopaths\0lane_doublewhiteline_onesidebroken.sli
1353727451
-
-
Splines\taxidriverhk_nopaths\0lane_pedonly_concrete_nocurb.sli
1353727451
-
-
Splines\taxidriverhk_nopaths\0lane_pedonly_concrete_nocurb_wide.sli
1353727451
-
-
Splines\taxidriverhk_nopaths\0lane_road_1mwide.sli
1151572055
-
-
Splines\taxidriverhk_nopaths\0lane_singlebrokenwhiteline.sli
1353727451
-
-
Sceneryobjects\3dtranstudio\hkstreet\ground_slow.sco
1063473224
1063473224
-1
Sceneryobjects\Map E31\kfed.sco
1345289034
1345289034
-1
Sceneryobjects\taxidriverhk_for_ssp_csw_lck_mf\tonkin_leichenguk_5.sco
1192240430
1192240430
-1
Splines\kelvin1324\fence1_grey.sli
1358084236
-
-
Sceneryobjects\Generic\routearrow_dn.sco
1210215877
1210215877
-1
Splines\TaiPoProject_Highway\1lanes_Tolo_PSK.sli
1358102678
-
-
