Sceneryobjects\3dtranstudio\hkstreet\ground_busstop1.sco
1063489763
1063489763
-1
Sceneryobjects\3dtranstudio\hkstreet\ground_busstop5.sco
1063490791
1063490791
-1
Sceneryobjects\48x\NTS-PoliceActionStn_.sco
1177328161
1177328161
-1
Sceneryobjects\arisuhime_newobject\KMHT6build_.sco
1177328195
1177328195
-1
Sceneryobjects\arisuhime_newobject\KwanMunHauTsuen_.sco
1177328195
1177328195
-1
Sceneryobjects\Busstops_HK\people_standing_narrow.sco
1352925428
1352925428
-1
Sceneryobjects\CDLX\KMB\Helper2x2.sco
1286053976
1286053976
-1
Sceneryobjects\CDLX\KMB\NewLollipop2x2LWBFull.sco
1282491296
1282491296
-1
Sceneryobjects\CDLX\KMB\NewLollipop4x4NoBoardBase.sco
1281063004
1281063004
-1
Sceneryobjects\CDLX\KMB\NewLollipop4x5NoBoardBase.sco
1281129734
1281129734
-1
Sceneryobjects\Generic\bus_stop.sco
1210215889
1210215889
-1
Sceneryobjects\Generic\routearrow_dn_dyn.sco
1210215940
1210215940
-1
Sceneryobjects\Generic\routearrow_L_dyn.sco
1210215890
1210215890
-1
Sceneryobjects\HK roadsurface mark\hkroadsurf_roundabt.sco
1177328320
1177328320
-1
Sceneryobjects\H-Studio Object\Barrier_grey_.sco
1080526992
1080526992
-1
Sceneryobjects\M3 Traffic Light AI\2Ow_1_Car1.sco
1345259634
1345259634
-1
Sceneryobjects\Map E31\611.sco
1331038930
1331038930
-1
Sceneryobjects\Map E31\tpole.sco
1331859116
1331859116
-1
Sceneryobjects\Map E31\Twhmtrr.sco
1380875929
1380875929
-1
Sceneryobjects\Map E31\Twhmtrra.sco
1380877177
1380877177
-1
Sceneryobjects\Streetobjects_RUE\neonlight_2L_bend_L.sco
1030664952
1030664952
-1
Sceneryobjects\Streetobjects_RUE\neonlight_L_bend_L.sco
1030664421
1030664421
-1
Sceneryobjects\Streetobjects_RUE\single_pole.sco
1044220565
1044220565
-1
Sceneryobjects\taxidriverhk_busstop\bushut_1980_large_2.sco
1291017218
1291017218
-1
Sceneryobjects\taxidriverhk_busstop\bushut_2000_7pole.sco
1291017218
1291017218
-1
Sceneryobjects\taxidriverhk_hkwk_lite\gascoigne_gascoignebridge_railing_end.sco
1291264289
1291264289
-1
Sceneryobjects\taxidriverhk_hkwk_lite\gascoigne_gascoignebridge_railing_pole.sco
1291264289
1291264289
-1
Sceneryobjects\taxidriverhk_tst_jordan\roadbarrier_1.sco
1312789878
1312789878
-1
Sceneryobjects\Traffic_Light_HK_FF3170\Teletech_car_large.sco
1165108835
1165108835
-1
Sceneryobjects\Trees_MC\RHD_tree_large_01.sco
1097248121
1097248121
-1
Sceneryobjects\Trees_MC\RHD_tree_large_02.sco
1097248121
1097248121
-1
Sceneryobjects\Trees_MC\RHD_tree_large_03.sco
1097248121
1097248121
-1
Sceneryobjects\Trees_MC\RHD_tree_medium_06.sco
1097248121
1097248121
-1
Sceneryobjects\Trees_MC\RHD_tree_medium_07.sco
1097248122
1097248122
-1
Splines\3dtranstudio\1spur_3_5m_hkped.sli
1353727365
-
-
Splines\3dtranstudio\1way_1line_highway_a.sli
1353727365
-
-
Splines\3dtranstudio\2spur_8m_altonaer_c.sli
1353727366
-
-
Splines\3dtranstudio\2way_2x2line_a_noped.sli
1353727366
-
-
Splines\3dtranstudio\2way_2x2line_bridge.sli
1353727366
-
-
Splines\3dtranstudio\2way_2x3line_b.sli
1353727366
-
-
Splines\3dtranstudio\2way_2x3line_b_noped.sli
1353727366
-
-
Splines\3dtranstudio\2way_2x3line_bridge.sli
1353727366
-
-
Splines\3dtranstudio\concretwall01.sli
1353727366
-
-
Splines\3dtranstudio\half_8m_altonaer_b.sli
1353727366
-
-
Splines\3dtranstudio\highway_a.sli
1353727366
-
-
Splines\3dtranstudio\invis_street.sli
1353727366
-
-
Splines\3dtranstudio\pedonly_a.sli
1353727366
-
-
Splines\3dtranstudio\str_0spur_4m_gras.sli
1353727366
-
-
Splines\3dtranstudio\str_0spur_4m_hk.sli
1353727366
-
-
Splines\3dtranstudio\str_0spur_7m_gras.sli
1353727366
-
-
Splines\3dtranstudio\str_0spur_7m_hk.sli
1353727366
-
-
Splines\kelvin1324\0lane_barrier2_grassonly_1m.sli
1358084232
-
-
Splines\kelvin1324\0lane_barrier2_slope_1.8m.sli
1358084232
-
-
Splines\kelvin1324\0lane_barrier2_slope_3.5m.sli
1358084232
-
-
Splines\kelvin1324\0lane_barrier2_slope_both1.5m.sli
1358084232
-
-
Splines\kelvin1324\fence1_grey.sli
1358084236
-
-
Splines\kelvin1324\fence5_grey.sli
1358084236
-
-
Splines\M3_Spline\line_GV.sli
1312790127
-
-
Splines\M3_Spline\line_road.sli
1312790127
-
-
Splines\M3_Spline\line_white.sli
1312790127
-
-
Splines\M3_Spline\P_crossing.sli
1312790127
-
-
Splines\Map E31\kfebartw.sli
1380823571
-
-
Splines\taxidriverhk\0lane_pedonly_concrete_narrow.sli
1353727447
-
-
Splines\taxidriverhk\0lane_pedonly_narrow.sli
1353727447
-
-
Splines\taxidriverhk\0lane_pedonly_nocurb.sli
1353727447
-
-
Splines\taxidriverhk\0lanes_oneway_meifooflyover_bottom.sli
1353727447
-
-
Splines\taxidriverhk\1lane_roadonly_4mwide.sli
1353727447
-
-
Splines\taxidriverhk\2lanes_gascoigneflyover.sli
1353727447
-
-
Splines\taxidriverhk_nopaths\0lane_doublewhiteline.sli
1353727451
-
-
Splines\taxidriverhk_nopaths\0lane_pedonly_narrow_nocurb.sli
1417940998
-
-
Splines\taxidriverhk_nopaths\0lane_pedonly_nocurb.sli
1353727451
-
-
Splines\taxidriverhk_nopaths\0lane_pedonly_nocurb_wide.sli
1353727451
-
-
Splines\taxidriverhk_nopaths\0lane_tsuiyu_barrier.sli
1353727451
-
-
