Sceneryobjects\3dtranstudio\bridge_pier.sco
1056467393
1056467393
-1
Sceneryobjects\Busstops_HK\Bus_hut_temp_green.sco
1519428667
1519428667
-1
Sceneryobjects\Busstops_HK\people_standing_narrow.sco
1352925428
1352925428
-1
Sceneryobjects\CDLX\KMB\Helper2x2.sco
1286053976
1286053976
-1
Sceneryobjects\CDLX\Misc\Minibus_Lollipop.sco
1351811274
1351811274
-1
Sceneryobjects\Generic\bus_stop.sco
1210215889
1210215889
-1
Sceneryobjects\Generic\routearrow_dn_dyn.sco
1210215940
1210215940
-1
Sceneryobjects\M3 Traffic Light AI\2Ow_1_Car1.sco
1345259634
1345259634
-1
Sceneryobjects\Map E31\faketreea.sco
1347126929
1347126929
-1
Sceneryobjects\Map E31\Laikingmtr.sco
1464818375
1464818375
-1
Sceneryobjects\Map E31\lke.sco
1359578446
1359578446
-1
Sceneryobjects\Map E31\lkrbr.sco
1359771361
1359771361
-1
Sceneryobjects\Streetobjects_RUE\single_pole.sco
1044220565
1044220565
-1
Sceneryobjects\taxidriverhk\island_small.sco
1291016761
1291016761
-1
Sceneryobjects\taxidriverhk_busstop\bushut_1980.sco
1291262948
1291262948
-1
Sceneryobjects\taxidriverhk_busstop\bushut_1980_large_2.sco
1291017218
1291017218
-1
Sceneryobjects\taxidriverhk_busstop\bushut_1990_freetex_2.sco
1291263118
1291263118
-1
Sceneryobjects\taxidriverhk_hkwk_lite\chatham_crash_barrier_pole.sco
1291264289
1291264289
-1
Sceneryobjects\taxidriverhk_hkwk_lite\gascoigne_gascoignebridge_railing_end.sco
1291264289
1291264289
-1
Sceneryobjects\taxidriverhk_hkwk_lite\gascoigne_gascoignebridge_railing_pole.sco
1291264289
1291264289
-1
Sceneryobjects\Traffic_Light_HK_FF3170\Teletech_car_large.sco
1165108835
1165108835
-1
Sceneryobjects\Trees_MC\RHD_tree_large_01.sco
1097248121
1097248121
-1
Sceneryobjects\Trees_MC\RHD_tree_medium_06.sco
1097248121
1097248121
-1
Splines\3dtranstudio\2spur_11m_altonaer_c_noped.sli
1353727365
-
-
Splines\3dtranstudio\2spur_11m_altonaer_c_tstrd.sli
1358931827
-
-
Splines\3dtranstudio\2spur_8m_altonaer_c_noped.sli
1353727366
-
-
Splines\3dtranstudio\invis_street.sli
1353727366
-
-
Splines\3dtranstudio\ped_a.sli
1359046796
-
-
Splines\3dtranstudio\ped_ab.sli
1359506301
-
-
Splines\3dtranstudio\ped_tstrd.sli
1358932009
-
-
Splines\3dtranstudio\pedonly_a - 4mtstrd.sli
1348665447
-
-
Splines\3dtranstudio\str_0spur_20m_hk.sli
1353727366
-
-
Splines\3dtranstudio\str_0spur_4m_hk.sli
1353727366
-
-
Splines\3dtranstudio\str_0spur_7m_gras.sli
1353727366
-
-
Splines\3dtranstudio\str_0spur_7m_hk.sli
1353727366
-
-
Splines\3dtranstudio\str_0spur_7m_ped.sli
1359648960
-
-
Splines\CDLX\Misc\KeepClearLineR.sli
1286480231
-
-
Splines\CDLX\Misc\whiteline.sli
1286433570
-
-
Splines\CDLX\Misc\whiteline_asphalt_patch.sli
1287285058
-
-
Splines\CDLX\Misc\whiteline_asphalt_patch_narrow.sli
1368620166
-
-
Splines\gg\hillwall03.sli
1099479639
-
-
Splines\HKBTS_Spline\KwaiChungRd_StartatKwaiFong\KwaiChungRd_4Lines2Ways_Dotlongwhitlinecone00.sli
1329727824
-
-
Splines\HKBTS_Spline\TsingKwaiHighway\KwaiTsingRd_1Line1way_WHL_coneonly.sli
1345500913
-
-
Splines\kelvin1324\0lane_barrier2_straight_halfopen_2m.sli
1358084233
-
-
Splines\kelvin1324\1lanes_lro0r_4m_nopath.sli
1358084235
-
-
Splines\kelvin1324\4lanes_dro2r.sli
1358084235
-
-
Splines\kelvin1324\fence1_grey.sli
1358084236
-
-
Splines\kelvin1324\fence2_grey.sli
1358084236
-
-
Splines\kelvin1324\fence4_grey.sli
1358084236
-
-
Splines\kelvin1324\fence5_grey.sli
1358084236
-
-
Splines\kelvin1324\line_brokendoubleline_cluster.sli
1358084237
-
-
Splines\kelvin1324\line_brokensingleline.sli
1358084237
-
-
Splines\kelvin1324\line_brokensingleline_cluster.sli
1358084237
-
-
Splines\kelvin1324\line_doubleline.sli
1358084237
-
-
Splines\kelvin1324\line_singleline.sli
1358084237
-
-
Splines\kelvin1324\line_yellow&white_line.sli
1358084237
-
-
Splines\M3_Spline\line_GV.sli
1312790127
-
-
Splines\M3_Spline\P_crossing.sli
1312790127
-
-
Splines\Map E31\fencelk1.sli
1360308463
-
-
Splines\taxidriverhk\0lane_pedonly_concrete_narrow.sli
1353727447
-
-
Splines\taxidriverhk\0lane_pedonly_concrete_nocurb.sli
1353727447
-
-
Splines\taxidriverhk\1lane_roadonly_4mwide.sli
1353727447
-
-
Splines\taxidriverhk_nopaths\0lane_barbedwire.sli
1353727451
-
-
Splines\taxidriverhk_nopaths\0lane_barriercover_narrow.sli
1353727451
-
-
Splines\taxidriverhk_nopaths\0lane_chathamflyover_curbonly.sli
1353727451
-
-
Splines\taxidriverhk_nopaths\0lane_crash_barrier.sli
1353727451
-
-
Splines\taxidriverhk_nopaths\0lane_pedonly_narrow.sli
1353727451
-
-
Splines\taxidriverhk_nopaths\0lane_pedonly_narrow_nocurb.sli
1417940998
-
-
Splines\taxidriverhk_nopaths\0lane_pedonly_nocurb.sli
1353727451
-
-
Splines\taxidriverhk_nopaths\0lane_pedonly_nocurb_wide.sli
1353727451
-
-
Splines\taxidriverhk_nopaths\0lane_splineforbarrier.sli
1353727451
-
-
Splines\taxidriverhk_nopaths\0lane_tsuiyu_barrier.sli
1353727451
-
-
Vehicles\Isuzu_N_Series\Parked_isuzu_npr.sco
1330739377
1345693456
-1
Vehicles\Lexus_CT200h\Parked_lexus_ct200h.sco
1330843066
1325036851
-1
Vehicles\Tesla_Model_X\Parked_model_x.sco
1283158082
1324849160
-1
Vehicles\Toyota_Alphard\Parked_alphard.sco
1282691193
1330882214
-1
Vehicles\Toyota_Coaster_Series3-6_HK\parked_Van_Green_Series6_.sco
1348739878
1348739878
-1
Vehicles\Toyota_Coaster_Series7_HK\parked_Van_Green_Series7_.sco
1348739869
1348739869
-1
Vehicles\Toyota_Crown\Toyota_parked_Crown_urban.sco
1187578048
1187691381
-1
Vehicles\Toyota_Prius\Parked_prius_xw30.sco
1322597637
1324694340
-1
