Sceneryobjects\Map E31\visbbar.sco
1351846194
1351846194
-1
Splines\3dtranstudio\2spur_8m_altonaer_c_noped.sli
1210914471
-
-
Splines\3dtranstudio\2spur_8m_altonaer_d_noped.sli
1347990530
-
-
Splines\3dtranstudio\str_0spur_234m water.sli
1331198179
-
-
Splines\gg_LHT\hillwall03.sli
1099479638
-
-
Splines\kelvin1324\0lane_barrier2_slope_2.5m.sli
1348739485
-
-
Splines\OSC\bicycle.sli
1100903982
-
-
Splines\taxidriverhk\1lane_pedonly_concrete.sli
1095543106
-
-
Splines\taxidriverhk_nopaths\0lane_pedonly_concrete_nocurb_wide.sli
1251169457
-
-
Splines\taxidriverhk_nopaths\taxidriverhk_nopaths\taxidriverhk_nopaths\taxidriverhk_nopaths\0lane_splineforbarrier.sli
1312790262
-
-
