Sceneryobjects\Generic\routearrows_busstop.sco
1210216053
1210216053
-1
Sceneryobjects\Map E31\lyec.sco
1359482035
1359482035
-1
Sceneryobjects\taxidriverhk_hkwk_lite\gascoigne_gascoignebridge_railing_end.sco
1291264289
1291264289
-1
Sceneryobjects\taxidriverhk_hkwk_lite\gascoigne_gascoignebridge_railing_pole.sco
1291264289
1291264289
-1
Sceneryobjects\Trees_MC\RHD_tree_large_01.sco
1097248121
1097248121
-1
Sceneryobjects\Trees_MC\RHD_tree_large_03.sco
1097248121
1097248121
-1
Sceneryobjects\Trees_MC\RHD_tree_medium_06.sco
1097248121
1097248121
-1
Splines\3dtranstudio\2spur_11m_altonaer_c_noped.sli
1353727365
-
-
Splines\3dtranstudio\2spur_11m_altonaer_d_tstrd.sli
1358872293
-
-
Splines\3dtranstudio\2spur_11m_altonaer_d_x-0-1-2_tstrd.sli
1358871867
-
-
Splines\3dtranstudio\ped_tstrd.sli
1358932009
-
-
Splines\gg\hillwall03.sli
1099479639
-
-
Splines\gg\hillwall04.sli
1099939397
-
-
Splines\kelvin1324\0lane_barrier5_straight_sidebeton.sli
1358084233
-
-
Splines\taxidriverhk\0lane_pedonly_concrete_narrow.sli
1353727447
-
-
Splines\taxidriverhk_nopaths\0lane_chathamflyover_rail.sli
1358934598
-
-
Splines\taxidriverhk_nopaths\0lane_pedonly_concrete_nocurb_wide.sli
1353727451
-
-
