Sceneryobjects\3dtranstudio\bridge_pier.sco
1056467393
1056467393
-1
Sceneryobjects\48x\Kerry_Cargo_Centre.sco
1246889703
1246889703
-1
Sceneryobjects\Generic\routearrow_dn_dyn.sco
1210215940
1210215940
-1
Sceneryobjects\Map E31\rasonic.sco
1331105031
1331105031
-1
Sceneryobjects\Map E31\tpole.sco
1331859116
1331859116
-1
Sceneryobjects\Streetobjects_RUE\neonlight_2L_bend_L.sco
1030664952
1030664952
-1
Sceneryobjects\Streetobjects_RUE\neonlight_L_bend_L.sco
1030664421
1030664421
-1
Sceneryobjects\taxidriverhk_hkwk_lite\gascoigne_gascoignebridge_railing_end.sco
1291264289
1291264289
-1
Sceneryobjects\taxidriverhk_hkwk_lite\gascoigne_gascoignebridge_railing_pole.sco
1291264289
1291264289
-1
Sceneryobjects\Trees_MC\RHD_tree_large_01.sco
1097248121
1097248121
-1
Sceneryobjects\Trees_MC\tree_large_06.sco
1181629460
1181629460
-1
Sceneryobjects\Tsing Yi Project\KwaiFongBuilding\KwaiFukRd_TsuenWanRdBuilding_.sco
1325371538
1325371538
-1
Splines\3dtranstudio\2line_1way.sli
1353727365
-
-
Splines\3dtranstudio\3line_1way.sli
1353727366
-
-
Splines\3dtranstudio\highway_a.sli
1353727366
-
-
Splines\3dtranstudio\pedonly_a - gras.sli
1354063342
-
-
Splines\3dtranstudio\pedonly_a.sli
1353727366
-
-
Splines\3dtranstudio\str_0spur_4m_hk.sli
1353727366
-
-
Splines\M3_Spline\line_road.sli
1312790127
-
-
Splines\taxidriverhk\0lane_pedonly_concrete_narrow.sli
1353727447
-
-
Splines\taxidriverhk\1lane_roadonly_4mwide.sli
1353727447
-
-
Splines\taxidriverhk\3lanes_gascoigneflyover.sli
1353727448
-
-
Splines\taxidriverhk_nopaths\0lane_barbedwire.sli
1353727451
-
-
Splines\taxidriverhk_nopaths\0lane_doublewhiteline.sli
1353727451
-
-
