Sceneryobjects\3dtranstudio\hkstreet\ground_busstop1.sco
1063459043
1063459043
-1
Sceneryobjects\3dtranstudio\hkstreet\ground_busstop3.sco
1063459051
1063459051
-1
Sceneryobjects\3dtranstudio\hkstreet\ground_busstop4.sco
1063459056
1063459056
-1
Sceneryobjects\3dtranstudio\hkstreet\ground_left.sco
1063426176
1063426176
-1
Sceneryobjects\3dtranstudio\hkstreet\ground_right.sco
1063426185
1063426185
-1
Sceneryobjects\3dtranstudio\hkstreet\ground_slow.sco
1063426120
1063426120
-1
Sceneryobjects\3dtranstudio\safe.sco
1053208753
1053208753
-1
Sceneryobjects\Busstops_HK\Bus_hut_temp_L.sco
1079550957
1079550957
-1
Sceneryobjects\Busstops_HK\Bus_hut_temp_M_yellow.sco
1079550371
1079550371
-1
Sceneryobjects\Busstops_HK\people_standing_narrow.sco
1067410857
1067410857
-1
Sceneryobjects\Generic\bus_stop.sco
1196580392
1196580392
-1
Sceneryobjects\Generic\car_park.sco
1196580424
1196580424
-1
Sceneryobjects\Generic\routearrow_dn.sco
1196580385
1196580385
-1
Sceneryobjects\Generic\routearrow_L.sco
1196580396
1196580396
-1
Sceneryobjects\Generic\routearrow_R.sco
1196580386
1196580386
-1
Sceneryobjects\Generic\routearrows_busstop.sco
1196580396
1196580396
-1
Sceneryobjects\H-Studio Object\Column_b_grey.sco
1110784253
1110784253
-1
Sceneryobjects\SS_HKTrafficSign\SS_Pole_Grey.sco
1051658064
1051658064
-1
Sceneryobjects\SS_HKTrafficSign\SS_Pole_Red.sco
1051658066
1051658066
-1
Sceneryobjects\SS_HKTrafficSign\SS_Pole_Yellow.sco
1051658063
1051658063
-1
Sceneryobjects\SS_HKTrafficSign\SS_Sign_AllVehProh.sco
1053070999
1053070999
-1
Sceneryobjects\SS_HKTrafficSign\SS_Sign_BendRightAhead.sco
1053071027
1053071027
-1
Sceneryobjects\SS_HKTrafficSign\SS_Sign_GiveWay.sco
1053072933
1053072933
-1
Sceneryobjects\SS_HKTrafficSign\SS_Sign_L_ExceptFranBuses.sco
1063680521
1063680521
-1
Sceneryobjects\SS_HKTrafficSign\SS_Sign_L_Left.sco
1063680562
1063680562
-1
Sceneryobjects\SS_HKTrafficSign\SS_Sign_L_Right.sco
1063680578
1063680578
-1
Sceneryobjects\SS_HKTrafficSign\SS_Sign_N_NoStop24.sco
1053073489
1053073489
-1
Sceneryobjects\SS_HKTrafficSign\SS_Sign_N_NoStop712.sco
1053073523
1053073523
-1
Sceneryobjects\SS_HKTrafficSign\SS_Sign_N_NoStop712C.sco
1053073524
1053073524
-1
Sceneryobjects\SS_HKTrafficSign\SS_Sign_N_NoStop77.sco
1053073516
1053073516
-1
Sceneryobjects\SS_HKTrafficSign\SS_Sign_N_NoStop77C.sco
1053073520
1053073520
-1
Sceneryobjects\SS_HKTrafficSign\SS_Sign_N_NoStopEnd.sco
1053073432
1053073432
-1
Sceneryobjects\SS_HKTrafficSign\SS_Sign_NoEntry.sco
1053073669
1053073669
-1
Sceneryobjects\SS_HKTrafficSign\SS_Sign_NoPedCyc.sco
1053073640
1053073640
-1
Sceneryobjects\SS_HKTrafficSign\SS_Sign_NoRightTurn.sco
1053073650
1053073650
-1
Sceneryobjects\SS_HKTrafficSign\SS_Sign_NoUTurns.sco
1053073851
1053073851
-1
Sceneryobjects\SS_HKTrafficSign\SS_Sign_PedAhead.sco
1053073873
1053073873
-1
Sceneryobjects\SS_HKTrafficSign\SS_Sign_PubLightBusesProh.sco
1053073907
1053073907
-1
Sceneryobjects\SS_HKTrafficSign\SS_Sign_StaJuncLeftAhead.sco
1053074291
1053074291
-1
Sceneryobjects\SS_HKTrafficSign\SS_Sign_Stop.sco
1053074424
1053074424
-1
Sceneryobjects\SS_HKTrafficSign\SS_Sign_TraSignalAhead.sco
1053074472
1053074472
-1
Sceneryobjects\SS_HKTrafficSign\SS_Sign_TurnLeft.sco
1053074420
1053074420
-1
Sceneryobjects\SS_HKTrafficSign\SS_Sign_TurnRight.sco
1053074423
1053074423
-1
Sceneryobjects\Streetobjects_RUE\neonlight_S_bend_S.sco
1196580397
1196580397
-1
Sceneryobjects\Streetobjects_RUE\sodiumlight_2L_break_L.sco
1196580395
1196580395
-1
Sceneryobjects\Streetobjects_RUE\sodiumlight_4L_break_L.sco
1196580397
1196580397
-1
Sceneryobjects\Streetobjects_RUE\sodiumlight_L_break_L.sco
1196580395
1196580395
-1
Sceneryobjects\taxidriverhk\palmtree.sco
1161262892
1161262892
-1
Sceneryobjects\taxidriverhk\surfacemark_brokenlineforgiveway.sco
1161262884
1161262884
-1
Sceneryobjects\taxidriverhk\surfacemark_doublelineforstop.sco
1161262880
1161262880
-1
Sceneryobjects\taxidriverhk\surfacemark_giveway.sco
1161262876
1161262876
-1
Sceneryobjects\taxidriverhk\surfacemark_giveway_small.sco
1161262875
1161262875
-1
Sceneryobjects\taxidriverhk\surfacemark_stop.sco
1161262873
1161262873
-1
Sceneryobjects\taxidriverhk_hkwk_lite\bushut_2000_5pole_2.sco
1291017218
1291017218
-1
Sceneryobjects\taxidriverhk_hkwk_lite\bushut_2000_7pole.sco
1291017218
1291017218
-1
Sceneryobjects\taxidriverhk_hkwk_lite\busstop_newplate.sco
1291262927
1291262927
-1
Sceneryobjects\taxidriverhk_hkwk_lite\busstop_stone.sco
1291017218
1291017218
-1
Sceneryobjects\taxidriverhk_hkwk_lite\chatham_bridge_pillar.sco
1291264079
1291264079
-1
Sceneryobjects\taxidriverhk_hkwk_lite\chatham_crash_barrier_pole.sco
1291264289
1291264289
-1
Sceneryobjects\taxidriverhk_hkwk_lite\cheonghang_2.sco
1291264079
1291264079
-1
Sceneryobjects\taxidriverhk_hkwk_lite\cheongtung_1.sco
1291264079
1291264079
-1
Sceneryobjects\taxidriverhk_hkwk_lite\cheongtung_grass_covers.sco
1291264289
1291264289
-1
Sceneryobjects\taxidriverhk_hkwk_lite\cheongtung_ped_crossing.sco
1291264178
1291264178
-1
Sceneryobjects\taxidriverhk_hkwk_lite\fence_1.sco
1226588946
1226588946
-1
Sceneryobjects\taxidriverhk_hkwk_lite\fence_2.sco
1226589147
1226589147
-1
Sceneryobjects\taxidriverhk_hkwk_lite\gascoigne_gascoignebridge_elasticpole.sco
1291264301
1291264301
-1
Sceneryobjects\taxidriverhk_hkwk_lite\gillies_2.sco
1291264079
1291264079
-1
Sceneryobjects\taxidriverhk_hkwk_lite\hunghom_hunglok-and-hunglai.sco
1291264178
1291264178
-1
Sceneryobjects\taxidriverhk_hkwk_lite\hunghom_kcrstation_base.sco
1291264531
1291264531
-1
Sceneryobjects\taxidriverhk_hkwk_lite\hunghom_kcrstation_bridge_pillar.sco
1291264238
1291264238
-1
Sceneryobjects\taxidriverhk_hkwk_lite\hunghom_kcrstation_busstop_1.sco
1291264531
1291264531
-1
Sceneryobjects\taxidriverhk_hkwk_lite\hunghom_kcrstation_busstop_2.sco
1291264531
1291264531
-1
Sceneryobjects\taxidriverhk_hkwk_lite\hunghom_kcrstation_concourse.sco
1291264531
1291264531
-1
Sceneryobjects\taxidriverhk_hkwk_lite\hunghom_kcrstation_grasscover.sco
1291264531
1291264531
-1
Sceneryobjects\taxidriverhk_hkwk_lite\hunghom_polyu_residence.sco
1291264079
1291264079
-1
Sceneryobjects\taxidriverhk_hkwk_lite\hunghom_royal_peninsula.sco
1291264079
1291264079
-1
Sceneryobjects\taxidriverhk_hkwk_lite\hunghomsouth_bridge.sco
1291264289
1291264289
-1
Sceneryobjects\taxidriverhk_hkwk_lite\hungling_island.sco
1291264289
1291264289
-1
Sceneryobjects\taxidriverhk_hkwk_lite\hungling_substation.sco
1291264079
1291264079
-1
Sceneryobjects\taxidriverhk_hkwk_lite\mf_meifoobridge_railing_end.sco
1291264394
1291264394
-1
Sceneryobjects\taxidriverhk_hkwk_lite\mf_meifoobridge_railing_pole.sco
1291264412
1291264412
-1
Sceneryobjects\taxidriverhk_hkwk_lite\signage_cheongwan_2.sco
1291264439
1291264439
-1
Sceneryobjects\taxidriverhk_hkwk_lite\signage_cheongwan_3.sco
1291264439
1291264439
-1
Sceneryobjects\taxidriverhk_hkwk_lite\signage_cheongwan_4.sco
1291264439
1291264439
-1
Sceneryobjects\taxidriverhk_hkwk_lite\signage_exceptschlightbuses.sco
1291264439
1291264439
-1
Sceneryobjects\taxidriverhk_hkwk_lite\signage_excepttaxis.sco
1291264439
1291264439
-1
Sceneryobjects\taxidriverhk_hkwk_lite\signage_hunghom_23.sco
1291264439
1291264439
-1
Sceneryobjects\taxidriverhk_hkwk_lite\signage_hunghom_24.sco
1291264439
1291264439
-1
Sceneryobjects\taxidriverhk_hkwk_lite\signage_hunghom_25.sco
1291264439
1291264439
-1
Sceneryobjects\taxidriverhk_hkwk_lite\signage_hunghom_26.sco
1291264439
1291264439
-1
Sceneryobjects\taxidriverhk_hkwk_lite\signage_hunghom_27.sco
1291264439
1291264439
-1
Sceneryobjects\taxidriverhk_hkwk_lite\signage_reducespeednow.sco
1291264439
1291264439
-1
Sceneryobjects\taxidriverhk_hkwk_lite\signage_waitingwillbeprosecutedwithoutwarning.sco
1291264439
1291264439
-1
Sceneryobjects\Traffic_Light_HK_FF3170\Teletech_car_standard.sco
1162295706
1162295706
-1
Sceneryobjects\Traffic_Light_HK_FF3170\Teletech_car_standard_L.sco
1165114929
1165114929
-1
Sceneryobjects\Traffic_Light_HK_FF3170\Teletech_car_standard_L_LM.sco
1165115150
1165115150
-1
Sceneryobjects\Traffic_Light_HK_FF3170\Teletech_car_standard_R.sco
1165115081
1165115081
-1
Sceneryobjects\Traffic_Light_HK_FF3170\Teletech_car_standard_R_RM.sco
1165115413
1165115413
-1
Sceneryobjects\Traffic_Light_HK_FF3170\Teletech_car_standard_S.sco
1165115074
1165115074
-1
Sceneryobjects\Traffic_Light_HK_FF3170\Teletech_car_standard_S_LM.sco
1165115173
1165115173
-1
Sceneryobjects\Traffic_Light_HK_FF3170\Teletech_car_standard_S_RM.sco
1165115183
1165115183
-1
Sceneryobjects\Traffic_Light_HK_FF3170\Teletech_P_LM.sco
1165112042
1165112042
-1
Sceneryobjects\Traffic_Light_HK_FF3170\Teletech_P_RM.sco
1165112052
1165112052
-1
Sceneryobjects\Trees_MC\fir_medium_01.sco
1196580461
1196580461
-1
Sceneryobjects\Trees_MC\shrubbery_01_10.sco
1196580395
1196580395
-1
Sceneryobjects\Trees_MC\shrubbery_04_05.sco
1196580420
1196580420
-1
Sceneryobjects\Trees_MC\shrubbery_04_10.sco
1196580395
1196580395
-1
Sceneryobjects\Trees_MC\shrubbery_04_20.sco
1196580397
1196580397
-1
Sceneryobjects\Trees_MC\tree_large_06.sco
1196580429
1196580429
-1
Sceneryobjects\Trees_MC\tree_medium_05.sco
1196580407
1196580407
-1
Sceneryobjects\Trees_MC\tree_medium_06.sco
1196580429
1196580429
-1
Sceneryobjects\Trees_MC\tree_medium_09.sco
1196580402
1196580402
-1
Sceneryobjects\Trees_MC\Tree_Small_06.sco
1196580460
1196580460
-1
Sceneryobjects\Trees_MC\Tree_Small_07.sco
1196580407
1196580407
-1
Sceneryobjects\Trees_MC\Tree_Small_Nrw_01.sco
1196580455
1196580455
-1
Sceneryobjects\Verkehrszeichen_MC\Mast_Ampel_klein_1.sco
1196580402
1196580402
-1
Sceneryobjects\Verkehrszeichen_MC\VZ_surfmark_arrow_L.sco
1196580470
1196580470
-1
Sceneryobjects\Verkehrszeichen_MC\VZ_surfmark_arrow_R.sco
1196580407
1196580407
-1
Sceneryobjects\Verkehrszeichen_MC\VZ_surfmark_arrow_S.sco
1196580400
1196580400
-1
Sceneryobjects\Verkehrszeichen_MC\VZ_surfmark_arrow_SL.sco
1196580429
1196580429
-1
Sceneryobjects\Verkehrszeichen_MC\VZ_surfmark_arrow_SR.sco
1196580407
1196580407
-1
Splines\Marcel\invis_street.sli
1196580442
-
-
Splines\Marcel\str_0spur_4m.sli
1054705313
-
-
Splines\Marcel\str_0spur_7m.sli
1054705142
-
-
Splines\taxidriverhk\1lane_chathamroad_flyover.sli
1193215345
-
-
Splines\taxidriverhk\1lane_pedonly_concrete.sli
1095590210
-
-
Splines\taxidriverhk\1lane_roadonly.sli
1086799912
-
-
Splines\taxidriverhk\2lanes_chathamroad_flyover_oneway.sli
1193232115
-
-
Splines\taxidriverhk\2lanes_noped_doublewhiteline_8mwide.sli
1192886595
-
-
Splines\taxidriverhk\2lanes_oneway_noped.sli
1090215393
-
-
Splines\taxidriverhk\2lanes_oneway_noped_wide.sli
1126842628
-
-
Splines\taxidriverhk\2lanes_wcurbnoped_half.sli
1090406584
-
-
Splines\taxidriverhk\4lanes_poonroad_spline.sli
1097497295
-
-
Splines\taxidriverhk_nopaths\0lane_barrierforcsw.sli
1133745801
-
-
Splines\taxidriverhk_nopaths\0lane_barrierfornathan_2_half.sli
1089954807
-
-
Splines\taxidriverhk_nopaths\0lane_bridgewallwing.sli
1133917775
-
-
Splines\taxidriverhk_nopaths\0lane_chathamroad_flyover_curbonly.sli
1211249990
-
-
Splines\taxidriverhk_nopaths\0lane_cheongwanflyover_curbonly.sli
1215000240
-
-
Splines\taxidriverhk_nopaths\0lane_construction.sli
1133739488
-
-
Splines\taxidriverhk_nopaths\0lane_crash_barrier.sli
1194157250
-
-
Splines\taxidriverhk_nopaths\0lane_doublewhiteline.sli
1200840106
-
-
Splines\taxidriverhk_nopaths\0lane_doubleyellowline.sli
1122646158
-
-
Splines\taxidriverhk_nopaths\0lane_grasscover.sli
1095463017
-
-
Splines\taxidriverhk_nopaths\0lane_grasscover_narrow.sli
1190618515
-
-
Splines\taxidriverhk_nopaths\0lane_hunghomroadtunnel.sli
1210472294
-
-
Splines\taxidriverhk_nopaths\0lane_metropolis_barrier.sli
1256283792
-
-
Splines\taxidriverhk_nopaths\0lane_pedonly_concrete.sli
1122450006
-
-
Splines\taxidriverhk_nopaths\0lane_pedonly_concrete_narrow.sli
1126528552
-
-
Splines\taxidriverhk_nopaths\0lane_pedonly_concrete_narrow_nocurb.sli
1126529296
-
-
Splines\taxidriverhk_nopaths\0lane_pedonly_concrete_nocurb.sli
1143154397
-
-
Splines\taxidriverhk_nopaths\0lane_pedonly_metropolis.sli
1255438839
-
-
Splines\taxidriverhk_nopaths\0lane_pedonly_metropolis_yellowcurb.sli
1255438835
-
-
Splines\taxidriverhk_nopaths\0lane_road_15mwide.sli
1133782256
-
-
Splines\taxidriverhk_nopaths\0lane_singlebrokenline_nonfrequent.sli
1197087091
-
-
Splines\taxidriverhk_nopaths\0lane_singlebrokenwhiteline.sli
1123559112
-
-
Splines\taxidriverhk_nopaths\0lane_singlewhiteandyellowline.sli
1186755994
-
-
Splines\taxidriverhk_nopaths\0lane_singleyellowline.sli
1122646105
-
-
Splines\taxidriverhk_nopaths\0lane_splineforbarrier.sli
1090273352
-
-
Vehicles\Toyota_Hiace\Toyota_parked_Hiace.sco
1091747689
1091347828
-1
