Sceneryobjects\ProjectTWS\F1sh\Grandview Garden block1-5_.sco
1353028074
1353028074
-1
Sceneryobjects\ProjectTWS\F1sh\RegentOnTheHill_.sco
1353028069
1353028069
-1
Sceneryobjects\Streetobjects_RUE\sodiumlight_2L_break_L.sco
1031241799
1031241799
-1
Sceneryobjects\Trees_MC\RHD_fir_medium_01.sco
1097248121
1097248121
-1
Sceneryobjects\Trees_MC\RHD_shrubbery_04_20.sco
1097248121
1097248121
-1
Sceneryobjects\Trees_MC\RHD_tree_large_01.sco
1097248121
1097248121
-1
Sceneryobjects\Trees_MC\RHD_tree_medium_07.sco
1097248122
1097248122
-1
Sceneryobjects\Trees_MC\tree_medium_05.sco
1196580407
1196580407
-1
Splines\HKBTS_Spline\ChingCheungRd\ChingCheungRd_3Lines1Way_whi_000_cone.sli
1353997680
-
-
Splines\kelvin1324\0lane_path-ped5_6m_AI.sli
1515499170
-
-
Splines\KowloonEast_3D\ChiLinNunnery2.sli
1347503836
-
-
Splines\Map E31\Map E31\twrcbridge.sli
1464752953
-
-
Splines\Splines\gg_LHT\gg_LHT\hillwall04.sli
1312790066
-
-
Splines\Splines\kelvin1324\1lanes_dro_s3s_4m.sli
1350111251
-
-
Splines\Splines\kelvin1324\Highway series\Tolo_RoadRailing&sidebeton.sli
1348739490
-
-
Splines\Splines\Splines\taxidriverhk_nopaths\0lane_wstonebarriernoped.sli
1194539413
-
-
Splines\Splines\TaiPoProject_Highway\0lanes_Tolo_nopath_verynarrow.sli
1352894850
-
-
Splines\Splines\TaiPoProject_Highway\Standard 4m\1lines_Wide_1mShou_1mMed.sli
1416714288
-
-
Splines\Splines\taxidriverhk\taxidriverhk\taxidriverhk\taxidriverhk\0lane_pedonly_concrete_narrow.sli
1312790251
-
-
Splines\Splines\taxidriverhk\taxidriverhk\taxidriverhk\taxidriverhk\2lanes_chathamroad_flyover_oneway.sli
1193232115
-
-
Splines\Splines\taxidriverhk\taxidriverhk\taxidriverhk\taxidriverhk\2lanes_wstonebarriernoped_half_8mwide.sli
1193215138
-
-
Splines\Splines\taxidriverhk\taxidriverhk\taxidriverhk\taxidriverhk\3lanes_wstonebarriernoped_half.sli
1090858491
-
-
Splines\Splines\taxidriverhk\taxidriverhk\taxidriverhk\taxidriverhk\8lanes_4+4_flyover.sli
1143244832
-
-
Splines\taxidriverhk\1lane_roadonly_4mwide.sli
1095707059
-
-
Splines\taxidriverhk\taxidriverhk\taxidriverhk\taxidriverhk\taxidriverhk\1lane_chathamroad_flyover.sli
1312790255
-
-
Splines\taxidriverhk\taxidriverhk\taxidriverhk\taxidriverhk\taxidriverhk\6lanes_3+3_flyover.sli
1312790256
-
-
Splines\taxidriverhk_nopaths\0lane_barrierfornathan.sli
1353727451
-
-
Splines\taxidriverhk_nopaths\0lane_retainingwall_4.sli
1353727451
-
-
Sceneryobjects\NG1604's object\50 kmh.sco
1084137798
1084137798
-1
Sceneryobjects\ProjectTWS\F1sh\Rhythm Garden_.sco
1379156711
1379156711
-1
Sceneryobjects\SS_HKTrafficSign\SS_Pole_Grey (2).sco
1345259694
1345259694
-1
Sceneryobjects\SS_HKTrafficSign\SS_Sign_Spd50 (2).sco
1345259694
1345259694
-1
Sceneryobjects\SS_HKTrafficSign\SS_Sign_Stop.sco
1053074424
1053074424
-1
Sceneryobjects\taxidriverhk\surfacemark_doublelineforstop.sco
1291016916
1291016916
-1
Sceneryobjects\taxidriverhk\surfacemark_stop.sco
1291016919
1291016919
-1
Sceneryobjects\Trees_MC\shrubbery_01_05.sco
1181629421
1181629421
-1
Sceneryobjects\Trees_MC\shrubbery_01_10.sco
1181629421
1181629421
-1
Sceneryobjects\UKDT\iomex\Flora 3\Generic Maple 1.sco
1280485216
1280485216
-1
Splines\CDLX\Misc\whiteline_asphalt_patch_narrow.sli
1368620166
-
-
Splines\HKBTS_Spline\TsingKwaiHighway\KeepClearLine.sli
1286480113
-
-
Splines\HKSAR_Marcel\str_0spur_2m.sli
1177328544
-
-
Splines\HKSAR_Marcel\str_0spur_7m.sli
1177328544
-
-
Splines\kelvin1324\0lane_barrier5_straight.sli
1358084233
-
-
Splines\kelvin1324\sp_WSCwall1.sli
1358084238
-
-
Splines\taxidriverhk\1lane_roadonly.sli
1353727447
-
-
Splines\taxidriverhk_nopaths\0lane_chathamroad_flyover_curbonly.sli
1353727451
-
-
Splines\taxidriverhk_nopaths\0lane_doublewhiteline_onesidebroken.sli
1353727451
-
-
Splines\taxidriverhk_nopaths\0lane_pedonly_concrete_narrow_nocurb.sli
1353727451
-
-
Splines\taxidriverhk_nopaths\0lanes_westklncorridor_ridgeonly.sli
1353727451
-
-
Splines\kelvin1324\1lanes_dro_s3s_4m.sli
1358084235
-
-
Splines\kelvin1324\Highway series\Tolo_RoadRailing&sidebeton.sli
1358084240
-
-
Splines\Map E31\twrcbridge.sli
1464752953
-
-
Splines\TaiPoProject_Highway\0lanes_Tolo_nopath_verynarrow.sli
1358102678
-
-
Splines\TaiPoProject_Highway\Standard 4m\1lines_Wide_1mShou_1mMed.sli
1358102679
-
-
Splines\taxidriverhk\0lane_pedonly_concrete_narrow.sli
1353727447
-
-
Splines\taxidriverhk\1lane_chathamroad_flyover.sli
1353727447
-
-
Splines\taxidriverhk\2lanes_chathamroad_flyover_oneway.sli
1353727447
-
-
Splines\taxidriverhk\2lanes_wstonebarriernoped_half_8mwide.sli
1353727448
-
-
Splines\taxidriverhk\3lanes_wstonebarriernoped_half.sli
1353727448
-
-
Splines\taxidriverhk\6lanes_3+3_flyover.sli
1353727448
-
-
Splines\taxidriverhk\8lanes_4+4_flyover.sli
1353727448
-
-
Splines\taxidriverhk_nopaths\0lane_wstonebarriernoped.sli
1353727451
-
-
