Sceneryobjects\3dtranstudio\bridge_pier.sco
1056467393
1056467393
-1
Sceneryobjects\kelvin1324_Misc\bollard_HK_1_LeftArrow_.sco
1351811377
1351811377
-1
Sceneryobjects\M3 Traffic Light AI\1Av_1St_1_Car1.sco
1345259634
1345259634
-1
Sceneryobjects\Map E31\cgbar.sco
1353222147
1353222147
-1
Sceneryobjects\Map E31\kfdhw.sco
1345653579
1345653579
-1
Sceneryobjects\Map E31\lybar.sco
1359441222
1359441222
-1
Sceneryobjects\Newtoen SHK-01\Wong Chuk Hang Hospital\WCHH_Gate.sco
1177328418
1177328418
-1
Sceneryobjects\SS_HKTrafficSign\RHD_SS_Sign_L_Right.sco
1345259705
1345259705
-1
Sceneryobjects\SS_HKTrafficSign\RHD_SS_Sign_LearnerProh.sco
1345259705
1345259705
-1
Sceneryobjects\SS_HKTrafficSign\RHD_SS_Sign_PedAhead.sco
1345259705
1345259705
-1
Sceneryobjects\SS_HKTrafficSign\SS_Pole_Grey (2).sco
1345259694
1345259694
-1
Sceneryobjects\SS_HKTrafficSign\SS_Pole_Grey.sco
1051658064
1051658064
-1
Sceneryobjects\SS_HKTrafficSign\SS_Sign_L_Left.sco
1063680562
1063680562
-1
Sceneryobjects\SS_HKTrafficSign\SS_Sign_LearnerProh (2).sco
1345259694
1345259694
-1
Sceneryobjects\SS_HKTrafficSign\SS_Sign_N_NoStop24C (2).sco
1345259694
1345259694
-1
Sceneryobjects\SS_HKTrafficSign\SS_Sign_Spd70.sco
1053074266
1053074266
-1
Sceneryobjects\Streetobjects_RUE\sodiumlight_2L_break_L.sco
1031241799
1031241799
-1
Sceneryobjects\taxidriverhk_signage\signage_construction_slow.sco
1291264439
1291264439
-1
Sceneryobjects\Trees_MC\RHD_shrubbery_01_10.sco
1097248121
1097248121
-1
Sceneryobjects\Trees_MC\shrubbery_01_05.sco
1181629421
1181629421
-1
Sceneryobjects\Trees_MC\shrubbery_04_20_mod.sco
1312789896
1312789896
-1
Sceneryobjects\UKDT\iomex\Flora 3\Basswood Tree 3.sco
1280485216
1280485216
-1
Sceneryobjects\UKDT\iomex\Flora 3\Box Elder Tree 1.sco
1280485216
1280485216
-1
Sceneryobjects\UKDT\iomex\Flora 3\Bullet Tree 1.sco
1280485216
1280485216
-1
Sceneryobjects\UKDT\iomex\Flora 3\Common Beech 1.sco
1280485216
1280485216
-1
Sceneryobjects\UKDT\iomex\Flora 3\Crack Willow 1.sco
1280485216
1280485216
-1
Sceneryobjects\UKDT\iomex\Flora 3\Elm 1 1.sco
1280485216
1280485216
-1
Sceneryobjects\UKDT\iomex\Flora 3\Elm 2 1.sco
1280485216
1280485216
-1
Sceneryobjects\UKDT\iomex\Flora 3\White Pine 1.sco
1280485216
1280485216
-1
Sceneryobjects\whistlehead originals\STI_gate.sco
1230506080
1230506080
-1
Splines\213M_Splines_DYC\hillwall_PoTat.sli
1422025156
-
-
Splines\215x\rail_boxcut_concrete_1tr6m.sli
1353733506
-
-
Splines\3dtranstudio\ped_tstrdab.sli
1360072337
-
-
Splines\CDLX\Misc\KeepClearArrow.sli
1286471801
-
-
Splines\CDLX\Misc\KeepClearLineR.sli
1286480231
-
-
Splines\CDLX\Misc\whiteline_asphalt_patch_narrow.sli
1368620166
-
-
Splines\HKBTS_Spline\ChingCheungRd\ChingCheungRd_2Lines1Way_whi_long00_cone_bababa.sli
1349820970
-
-
Splines\HKBTS_Spline\ChingCheungRd\ChingCheungRd_3Lines1Way_whi_000_cone.sli
1353997680
-
-
Splines\HKBTS_Spline\KwaiChungRd_StartatKwaiFong\KwaiChungRd_2Lines1Way_conebridge0.5whitelineshortdotwhitline0.5bridgecone.sli
1349748072
-
-
Splines\HKSAR_Marcel\str_0spur_20m_gras.sli
1344760663
-
-
Splines\HKSAR_Marcel\str_0spur_22m.sli
1177328544
-
-
Splines\HKSAR_Marcel\str_0spur_4m.sli
1177328544
-
-
Splines\kelvin1324\0lane_grass_1.5m_NoYellowLine_OneSide.sli
1384931466
-
-
Splines\kelvin1324\0lane_path_4m_AI_NoYellowLine.sli
1512881398
-
-
Splines\kelvin1324\0lane_path-ped5_4m_AI_NoYellowLine.sli
1515499154
-
-
Splines\kelvin1324\0lane_path-ped5_6m_NoYellowLine.sli
1515499191
-
-
Splines\kelvin1324\fence1_grey.sli
1358084236
-
-
Splines\kelvin1324\grass2_20m.sli
1358084236
-
-
Splines\SaiKung\str_1spur_5m_bridge_rail_Anoai.sli
1179497810
-
-
Splines\surface mark\hkstreet\str_0spur_40m_hk.sli
1192832538
-
-
Splines\TaiPoProject_Highway\1lines_Tolo_Oneway_narrow_Bshoulder.sli
1358102678
-
-
Splines\TaiPoProject_Highway\Line_str_DoubleWhiteLine.sli
1358102678
-
-
Splines\taxidriverhk\0lane_pedonly_concrete_nocurb.sli
1353727447
-
-
Splines\taxidriverhk\1lane_chathamroad_flyover.sli
1353727447
-
-
Splines\taxidriverhk\1lane_roadonly.sli
1353727447
-
-
Splines\taxidriverhk\1lane_roadonly_wide.sli
1353727447
-
-
Splines\taxidriverhk\1lane_salisburyroad_flyover.sli
1353727447
-
-
Splines\taxidriverhk\2lanes_oneway_noped.sli
1353727447
-
-
Splines\taxidriverhk\4lanes_oneway_bridge.sli
1353727448
-
-
Splines\taxidriverhk_nopaths\0lane_barbedwire - lk.sli
1464817197
-
-
Splines\taxidriverhk_nopaths\0lane_bridgewallwing2.sli
1353727451
-
-
Splines\taxidriverhk_nopaths\0lane_crash_barrier.sli
1353727451
-
-
Splines\taxidriverhk_nopaths\0lane_doublewhiteline.sli
1353727451
-
-
Splines\taxidriverhk_nopaths\0lane_pedonly_concrete.sli
1353727451
-
-
Splines\taxidriverhk_nopaths\0lane_pedonly_concrete_narrow.sli
1353727451
-
-
Splines\taxidriverhk_nopaths\0lane_pedonly_concrete_narrow_nocurb.sli
1353727451
-
-
Splines\taxidriverhk_nopaths\0lane_pedonly_concrete_nocurb_wide.sli
1353727451
-
-
Splines\taxidriverhk_nopaths\0lane_retainingwall_4.sli
1353727451
-
-
Splines\taxidriverhk_nopaths\0lane_retainingwall_5.sli
1353727451
-
-
Splines\taxidriverhk_nopaths\0lane_road_15mwide.sli
1353727451
-
-
Splines\taxidriverhk_nopaths\0lane_road_1mwide.sli
1151572055
-
-
Splines\taxidriverhk_nopaths\0lane_road_7mwide.sli
1353727451
-
-
Splines\taxidriverhk_nopaths\0lane_singlewhiteline_thick.sli
1353727451
-
-
Splines\taxidriverhk_nopaths\0lanes_oneway_meifooflyover_bottom.sli
1353727451
-
-
