Sceneryobjects\Generic\car_park.sco
1210215900
1210215900
-1
Sceneryobjects\OMSIFreak97\Toilette.sco
1177328425
1177328425
-1
Sceneryobjects\Sceneryobjects\Buildings_MC\bw_business_01.sco
1196580374
1196580374
-1
Sceneryobjects\SS_HKTrafficSign\RHD_Sign_Stop (135).sco
1053074266
1053074266
-1
Sceneryobjects\SS_HKTrafficSign\RHD_Sign_Stop (18).sco
1051658064
1051658064
-1
Sceneryobjects\Streetobjects_RUE\sodiumlight_2L_break_L.sco
1031241799
1031241799
-1
Sceneryobjects\Trees_MC\RHD_tree_large_01.sco
1097248121
1097248121
-1
Splines\3dtranstudio\str_0spur_7m_hk.sli
1353727366
-
-
Splines\HKBTS_Spline\ChingCheungRd\ChingCheungRd_3Lines1Way_whi_000_cone.sli
1353997680
-
-
Splines\HKBTS_Spline\ChingCheungRd\ChingCheungRd_4Lines1Way_cone_l0000l_cone_surf.sli
1349810418
-
-
Splines\HKSAR_Marcel\str_0spur_47m.sli
1177328544
-
-
Splines\kelvin1324\0lane_path_4m_AI_NoYellowLine.sli
1512881398
-
-
Splines\kelvin1324\fence1_grey.sli
1358084236
-
-
Splines\SaiKung\str_1spur_5m_bridge_rail_Anoai.sli
1179497810
-
-
Splines\taxidriverhk\1lane_pedonly_concrete.sli
1353727447
-
-
Splines\taxidriverhk\1lane_roadonly.sli
1353727447
-
-
Splines\taxidriverhk\1lane_roadonly_4mwide.sli
1353727447
-
-
Splines\taxidriverhk\3lanes_wcurbnoped_half.sli
1353727448
-
-
Splines\taxidriverhk_nopaths\0lane_doublewhiteline_onesidebroken.sli
1353727451
-
-
Splines\taxidriverhk_nopaths\0lane_pedonly_concrete_narrow.sli
1353727451
-
-
Splines\taxidriverhk_nopaths\0lane_retainingwall_4.sli
1353727451
-
-
Splines\taxidriverhk_nopaths\0lane_road_1mwide.sli
1151572055
-
-
Splines\taxidriverhk_nopaths\0lane_road_7mwide.sli
1353727451
-
-
Splines\taxidriverhk_nopaths\0lane_singlebrokenwhiteline_frequent.sli
1353727451
-
-
Sceneryobjects\Buildings_MC\bw_business_01.sco
1177989478
1177989478
-1
Sceneryobjects\Generic\routearrow_dn.sco
1210215877
1210215877
-1
