Sceneryobjects\3dtranstudio\hkstreet\ground_busstop3.sco
1063489771
1063489771
-1
Sceneryobjects\3dtranstudio\hkstreet\ground_busstop5.sco
1063490791
1063490791
-1
Sceneryobjects\3dtranstudio\hkstreet\ground_slow.sco
1063473224
1063473224
-1
Sceneryobjects\3dtranstudio\hkstreet\RHD_ground_busstop4.sco
1345259081
1345259081
-1
Sceneryobjects\Busstops_HK\Bus_hut_temp_green (2).sco
1351811225
1351811225
-1
Sceneryobjects\Busstops_HK\Bus_hut_temp_green.sco
1519428667
1519428667
-1
Sceneryobjects\HK roadsurface mark\hkroadsurf_byright.sco
1177328320
1177328320
-1
Sceneryobjects\HK roadsurface mark\hkroadsurf_leftlane.sco
1177328320
1177328320
-1
Sceneryobjects\JY4462_obj\Po Leung Kuk Grandmont Primary School.sco
1330815322
1330815322
-1
Sceneryobjects\kelvin1324_Buildings\mtr_PedCover1_Pillar_TatWanRoad_.sco
1351811319
1351811319
-1
Sceneryobjects\kelvin1324_Buildings\tpc_Bridge_Lift_.sco
1351811320
1351811320
-1
Sceneryobjects\kelvin1324_Buildings\wtt_Schools_3_lee_heng_kwei_seco_.sco
1351811321
1351811321
-1
Sceneryobjects\kelvin1324_Misc\bollard_HK_1_NoArrow_.sco
1351811377
1351811377
-1
Sceneryobjects\kelvin1324_Misc\HK Road Marking_TransDept Standard\HKRoadMarking_arrowStraight_.sco
1351811378
1351811378
-1
Sceneryobjects\KMB Bus stop Lollipop\Lollipop2x2NoBoardBase.sco
1252886804
1252886804
-1
Sceneryobjects\KMB Bus stop Lollipop\LollipopNoLP.sco
1252879129
1252879129
-1
Sceneryobjects\Map E31\kfwallb.sco
1345503044
1345503044
-1
Sceneryobjects\Map E31\lkecw.sco
1360313050
1360313050
-1
Sceneryobjects\Map E31\lybar.sco
1359441222
1359441222
-1
Sceneryobjects\Map E31\Mtbara.sco
1378843819
1378843819
-1
Sceneryobjects\Map E31\tcabr.sco
1346657724
1346657724
-1
Sceneryobjects\NG1604's object\50 kmh.sco
1084137798
1084137798
-1
Sceneryobjects\Ruede\forest_backdrop01.sco
1210215922
1210215922
-1
Sceneryobjects\SS_HKTrafficSign\RHD_Sign_Stop (1).sco
1053074424
1053074424
-1
Sceneryobjects\SS_HKTrafficSign\RHD_Sign_Stop (106).sco
1053073669
1053073669
-1
Sceneryobjects\SS_HKTrafficSign\RHD_Sign_Stop (123).sco
1053073907
1053073907
-1
Sceneryobjects\SS_HKTrafficSign\RHD_Sign_Stop (135).sco
1053074266
1053074266
-1
Sceneryobjects\SS_HKTrafficSign\RHD_Sign_Stop (18).sco
1051658064
1051658064
-1
Sceneryobjects\SS_HKTrafficSign\RHD_SS_Sign_BendLeftAhead.sco
1345259704
1345259704
-1
Sceneryobjects\SS_HKTrafficSign\RHD_SS_Sign_N_NoStop24.sco
1345259705
1345259705
-1
Sceneryobjects\SS_HKTrafficSign\RHD_SS_Sign_PedAhead.sco
1345259705
1345259705
-1
Sceneryobjects\SS_HKTrafficSign\RHD_SS_Sign_Spd70.sco
1345259705
1345259705
-1
Sceneryobjects\SS_HKTrafficSign\SS_Pole_Grey (2).sco
1345259694
1345259694
-1
Sceneryobjects\SS_HKTrafficSign\SS_Pole_Grey.sco
1051658064
1051658064
-1
Sceneryobjects\SS_HKTrafficSign\SS_Sign_PedAhead (2).sco
1345259694
1345259694
-1
Sceneryobjects\SS_HKTrafficSign\SS_Sign_Spd50 (2).sco
1345259694
1345259694
-1
Sceneryobjects\SS_HKTrafficSign\SS_Sign_Spd70.sco
1053074266
1053074266
-1
Sceneryobjects\SS_HKTrafficSign\SS_Sign_TurnRight (2).sco
1345259694
1345259694
-1
Sceneryobjects\taxidriverhk\surfacemark_doublelineforstop.sco
1291016916
1291016916
-1
Sceneryobjects\taxidriverhk\surfacemark_stop.sco
1291016919
1291016919
-1
Sceneryobjects\taxidriverhk_busstop\bushut_1980_large_2.sco
1291017218
1291017218
-1
Sceneryobjects\taxidriverhk_for_ssp_csw_lck_mf\lck_nc_sitting.sco
1161324336
1161324336
-1
Sceneryobjects\taxidriverhk_hkwk_lite\fence_1.sco
1226588946
1226588946
-1
Sceneryobjects\taxidriverhk_hkwk_lite\gascoigne_gascoignebridge_elasticpole.sco
1291264301
1291264301
-1
Sceneryobjects\taxidriverhk_signage\signage_reducespeednow.sco
1291264439
1291264439
-1
Sceneryobjects\Trees_MC\RHD_tree_large_06.sco
1097248121
1097248121
-1
Sceneryobjects\Trees_MC\RHD_tree_medium_01.sco
1097248121
1097248121
-1
Sceneryobjects\Trees_MC\RHD_tree_medium_06.sco
1097248121
1097248121
-1
Sceneryobjects\Trees_MC\shrubbery_01_05.sco
1181629421
1181629421
-1
Sceneryobjects\Trees_MC\shrubbery_01_10_mod.sco
1312789896
1312789896
-1
Sceneryobjects\UKDT\iomex\Flora 3\Birch Bush 1.sco
1280485216
1280485216
-1
Sceneryobjects\UKDT\iomex\Flora 3\Birch Tree 1 1.sco
1280485216
1280485216
-1
Sceneryobjects\UKDT\iomex\Flora 3\Black Eyed Susans.sco
1280485216
1280485216
-1
Sceneryobjects\UKDT\iomex\Flora 3\Blue Jacaranda 1.sco
1280485216
1280485216
-1
Sceneryobjects\UKDT\iomex\Flora 3\Caragana 1.sco
1280485216
1280485216
-1
Sceneryobjects\UKDT\iomex\Flora 3\Chrysanthemum Red.sco
1280485216
1280485216
-1
Sceneryobjects\UKDT\iomex\Flora 3\Crepe Myrtle 1.sco
1280485216
1280485216
-1
Sceneryobjects\UKDT\iomex\Flora 3\Elm 1 1.sco
1280485216
1280485216
-1
Sceneryobjects\UKDT\iomex\Flora 3\Hazel 1.sco
1280485216
1280485216
-1
Sceneryobjects\UKDT\iomex\Flora 3\Honey Locust Red 3.sco
1280485216
1280485216
-1
Sceneryobjects\UKDT\iomex\Flora 3\Hydrangea.sco
1280485216
1280485216
-1
Sceneryobjects\UKDT\iomex\Flora 3\Lilac 2.sco
1280485216
1280485216
-1
Sceneryobjects\UKDT\iomex\Flora 3\Norway Maple 1.sco
1280485216
1280485216
-1
Sceneryobjects\UKDT\iomex\Flora 3\Palm.sco
1280485216
1280485216
-1
Sceneryobjects\UKDT\iomex\Flora 3\Plum 2.sco
1280485216
1280485216
-1
Sceneryobjects\UKDT\iomex\Flora 3\shrubbery_01_05.sco
1280485216
1280485216
-1
Sceneryobjects\UKDT\iomex\Flora 3\Texas Sage 2.sco
1280485216
1280485216
-1
Sceneryobjects\UKDT\iomex\Flora 3\Texas Sage 3.sco
1280485216
1280485216
-1
Sceneryobjects\UKDT\iomex\Flora 3\Tropical Rose Hydrangea 1.sco
1280485216
1280485216
-1
Sceneryobjects\whistlehead repaints\sodiumlight_L_break_L.sco
1222250327
1222250327
-1
Splines\213M City\hillwall02.sli
1281794068
-
-
Splines\213M_DYC_SMP\hillwall_SMP_Park2.sli
1422025156
-
-
Splines\213M_Splines_DYC\hillwall_Potat_Higher Hill.sli
1422025156
-
-
Splines\215x\rail_boxcut_concrete.sli
1353733506
-
-
Splines\215x\rm.sli
1353733506
-
-
Splines\296D_M+\TKO Int\mtr_PedCover1_TatWanRoad.sli
1352894844
-
-
Splines\CDLX\Misc\KeepClearArrow.sli
1286471801
-
-
Splines\CDLX\Misc\whiteline_asphalt_patch_narrow.sli
1368620166
-
-
Splines\gg2_splines\hillwall03.sli
1312790059
-
-
Splines\HKBTS_Spline\ChingCheungRd\ChingCheungRd_3Lines1Way_whi_000_cone.sli
1353997680
-
-
Splines\HKBTS_Spline\ChingCheungRd\ChingCheungRd_4Lines1Way_cone_0000_cone_surf.sli
1349808250
-
-
Splines\HKBTS_Spline\ChingCheungRd\con_1m.sli
1335625327
-
-
Splines\HKSAR_Marcel\str_0spur_22m.sli
1177328544
-
-
Splines\HKSAR_Marcel\str_0spur_4m.sli
1177328544
-
-
Splines\kelvin1324\0lane_grass_1.5m_NoYellowLine_OneSide.sli
1384931466
-
-
Splines\kelvin1324\0lane_path_2m_NoYellowLine.sli
1358084234
-
-
Splines\kelvin1324\0lane_path_4m_fence1_AI_NoYellowLine.sli
1358084234
-
-
Splines\kelvin1324\0lane_path_4m_fence1_NoYellowLine.sli
1358084234
-
-
Splines\kelvin1324\0lane_path-ped5_10m.sli
1358084233
-
-
Splines\kelvin1324\0lane_path-ped5_10m_AI_NoYellowLine.sli
1358084233
-
-
Splines\kelvin1324\0lane_path-ped5_20m.sli
1358084233
-
-
Splines\kelvin1324\0lane_path-ped5_2m.sli
1358084233
-
-
Splines\kelvin1324\0lane_path-ped5_4m.sli
1515499146
-
-
Splines\kelvin1324\0lane_path-ped5_4m_AI_NoYellowLine.sli
1515499154
-
-
Splines\kelvin1324\0lane_path-ped5_4m_fence1_AI_NoYellowLine.sli
1358084233
-
-
Splines\kelvin1324\0lane_path-ped5_6m.sli
1512835309
-
-
Splines\kelvin1324\fence1_grey.sli
1358084236
-
-
Splines\kelvin1324\grass2_4m.sli
1499078320
-
-
Splines\Map E31\cswbridgea.sli
1465164957
-
-
Splines\Map E31\fencelk2.sli
1360308474
-
-
Splines\Map E31\twabridge.sli
1428376412
-
-
Splines\Map E31\twbbridge.sli
1428380354
-
-
Splines\Map E31\twcbridge.sli
1428381108
-
-
Splines\Map E31\twdbridge.sli
1428381814
-
-
Splines\Map E31\twebridge.sli
1428443276
-
-
Splines\Map E31\twrbbridge.sli
1464752952
-
-
Splines\Map E31\twrbridge.sli
1464752952
-
-
Splines\Map E31\twrcbridge.sli
1464752953
-
-
Splines\Map E31\tyabridge.sli
1386635474
-
-
Splines\Map E31\tybbridge.sli
1386636242
-
-
Splines\Map E31\tycbridge.sli
1428376428
-
-
Splines\Map E31\tydbridge.sli
1428376431
-
-
Splines\Splines\kelvin1324\fence1_lightblue.sli
1248568135
-
-
Splines\Splines\TaiPoProject_Highway\1lanes_Tolo_PSK.sli
1352894850
-
-
Splines\taxidriverhk\0lane_pedonly_concrete_narrow.sli
1353727447
-
-
Splines\taxidriverhk\1lane_roadonly.sli
1353727447
-
-
Splines\taxidriverhk\1lane_roadonly_wide.sli
1353727447
-
-
Splines\taxidriverhk\2lanes_gascoigneflyover.sli
1353727447
-
-
Splines\taxidriverhk_nopaths\0lane_bridgewallwing2.sli
1353727451
-
-
Splines\taxidriverhk_nopaths\0lane_chatham_century_fence.sli
1353727451
-
-
Splines\taxidriverhk_nopaths\0lane_crash_barrier.sli
1353727451
-
-
Splines\taxidriverhk_nopaths\0lane_cswroadhedge.sli
1353727451
-
-
Splines\taxidriverhk_nopaths\0lane_doublewhiteline.sli
1353727451
-
-
Splines\taxidriverhk_nopaths\0lane_doublewhiteline_onesidebroken.sli
1353727451
-
-
Splines\taxidriverhk_nopaths\0lane_pedonly_concrete.sli
1353727451
-
-
Splines\taxidriverhk_nopaths\0lane_pedonly_concrete_nocurb_wide.sli
1353727451
-
-
Splines\taxidriverhk_nopaths\0lane_road_0.5mwide.sli
1161071993
-
-
Splines\taxidriverhk_nopaths\0lane_road_15mwide.sli
1353727451
-
-
Splines\taxidriverhk_nopaths\0lane_road_1mwide.sli
1151572055
-
-
Splines\taxidriverhk_nopaths\0lane_road_7mwide.sli
1353727451
-
-
Splines\taxidriverhk_nopaths\0lane_singlebrokenline_nonfrequent.sli
1353727451
-
-
Splines\taxidriverhk_nopaths\0lane_singlebrokenwhiteline.sli
1353727451
-
-
Splines\taxidriverhk_nopaths\0lane_singlewhiteline_thick.sli
1353727451
-
-
Sceneryobjects\kelvin1324_Buildings\tw_School_ChuiYiStreet_.sco
1351811321
1351811321
-1
Sceneryobjects\Streetobjects_RUE\sodiumlight_2L_break_L.sco
1031241799
1031241799
-1
Sceneryobjects\taxidriverhk_for_shamshuipowest\sspw_namcheongestate_cheonghimhouse.sco
1184071472
1184071472
-1
Sceneryobjects\Generic\routearrow_dn.sco
1210215877
1210215877
-1
Sceneryobjects\Generic\routearrow_L.sco
1210215940
1210215940
-1
Splines\kelvin1324\fence1_lightblue.sli
1358084236
-
-
Splines\TaiPoProject_Highway\1lanes_Tolo_PSK.sli
1358102678
-
-
