Sceneryobjects\gg_RHD\phousing_1101.sco
1353686588
1353686588
-1
Sceneryobjects\Streetobjects_RUE\sodiumlight_2L_break_L.sco
1031241799
1031241799
-1
Sceneryobjects\UKDT\iomex\Flora 3\Basswood Tree 1.sco
1280485216
1280485216
-1
Sceneryobjects\UKDT\iomex\Flora 3\Box Elder Tree 3.sco
1280485216
1280485216
-1
Sceneryobjects\UKDT\iomex\Flora 3\Callery Pear 1.sco
1280485216
1280485216
-1
Sceneryobjects\UKDT\iomex\Flora 3\Crack Willow 1.sco
1280485216
1280485216
-1
Splines\HKBTS_Spline\ChingCheungRd\ChingCheungRd_3Lines1Way_whi_000_cone.sli
1353997680
-
-
Splines\HKBTS_Spline\ChingCheungRd\ChingCheungRd_3Lines1Way_whi_000_cone_bababa_Barrier1A.sli
1354001196
-
-
Splines\kelvin1324\0lane_path_2m_NoYellowLine.sli
1358084234
-
-
Splines\taxidriverhk\4lanes_gascoigneflyover.sli
1353727448
-
-
Splines\taxidriverhk_nopaths\0lane_retainingwall_4.sli
1353727451
-
-
Splines\taxidriverhk_nopaths\0lane_road_7mwide.sli
1353727451
-
-
Splines\taxidriverhk_nopaths\0lane_waterbarrier.sli
1353727451
-
-
