Sceneryobjects\296d_219x\To_Kwa_Wan07.sco
1188847985
1188847985
-1
Sceneryobjects\3dtranstudio\bridge_pier.sco
1056467393
1056467393
-1
Sceneryobjects\3dtranstudio\hkstreet\ground_slow.sco
1063473224
1063473224
-1
Sceneryobjects\Generic\car_park.sco
1210215900
1210215900
-1
Sceneryobjects\Generic\entrypoint_bus.sco
1210215900
1210215900
-1
Sceneryobjects\HK roadsurface mark\hkroadsurf_byright.sco
1177328320
1177328320
-1
Sceneryobjects\kelvin1324_Buildings\psk_ProvidencePeak_1_.sco
1351811319
1351811319
-1
Sceneryobjects\kelvin1324_Misc\bollard_HK_1_LeftArrow_.sco
1351811377
1351811377
-1
Sceneryobjects\kelvin1324_Misc\bollard_HK_1_NoArrow_.sco
1351811377
1351811377
-1
Sceneryobjects\kelvin1324_Misc\HK Road Marking_TransDept Standard\HKRoadMarking_arrowLeft_.sco
1351811378
1351811378
-1
Sceneryobjects\kelvin1324_Misc\HK Road Sign_TransDept Standard\HKRoadSign_Chevrons_Left_.sco
1351811379
1351811379
-1
Sceneryobjects\NG1604's object\50 kmh.sco
1084137798
1084137798
-1
Sceneryobjects\Ruede\forest_backdrop01.sco
1210215922
1210215922
-1
Sceneryobjects\SS_HKTrafficSign\RHD_Sign_Stop (1).sco
1053074424
1053074424
-1
Sceneryobjects\SS_HKTrafficSign\RHD_Sign_Stop (127).sco
1053074147
1053074147
-1
Sceneryobjects\SS_HKTrafficSign\RHD_Sign_Stop (18).sco
1051658064
1051658064
-1
Sceneryobjects\SS_HKTrafficSign\RHD_Sign_Stop (20).sco
1052160820
1052160820
-1
Sceneryobjects\SS_HKTrafficSign\RHD_Sign_Stop (26).sco
1053071022
1053071022
-1
Sceneryobjects\SS_HKTrafficSign\RHD_Sign_Stop (37).sco
1053071148
1053071148
-1
Sceneryobjects\SS_HKTrafficSign\RHD_Sign_Stop (81).sco
1053073494
1053073494
-1
Sceneryobjects\SS_HKTrafficSign\RHD_SS_Pole_Grey.sco
1051658064
1051658064
-1
Sceneryobjects\SS_HKTrafficSign\RHD_SS_Sign_Height46m.sco
1345259705
1345259705
-1
Sceneryobjects\SS_HKTrafficSign\RHD_SS_Sign_KeepRight.sco
1345259705
1345259705
-1
Sceneryobjects\SS_HKTrafficSign\RHD_SS_Sign_LearnerProh.sco
1345259705
1345259705
-1
Sceneryobjects\SS_HKTrafficSign\RHD_SS_Sign_N_NoStop24.sco
1345259705
1345259705
-1
Sceneryobjects\SS_HKTrafficSign\RHD_SS_Sign_N_NoStop24C.sco
1345259705
1345259705
-1
Sceneryobjects\SS_HKTrafficSign\RHD_SS_Sign_NarrowLeftAhead.sco
1345259705
1345259705
-1
Sceneryobjects\SS_HKTrafficSign\RHD_SS_Sign_Spd50.sco
1345259705
1345259705
-1
Sceneryobjects\SS_HKTrafficSign\RHD_SS_Sign_Spd70.sco
1345259705
1345259705
-1
Sceneryobjects\SS_HKTrafficSign\SS_Pole_Grey.sco
1051658064
1051658064
-1
Sceneryobjects\SS_HKTrafficSign\SS_Pole_WorkSmall.sco
1052160820
1052160820
-1
Sceneryobjects\SS_HKTrafficSign\SS_Sign_DangerGoodsProh (2).sco
1345259694
1345259694
-1
Sceneryobjects\SS_HKTrafficSign\SS_Sign_DangerGoodsProh.sco
1053071148
1053071148
-1
Sceneryobjects\SS_HKTrafficSign\SS_Sign_Height46m (2).sco
1345259694
1345259694
-1
Sceneryobjects\SS_HKTrafficSign\SS_Sign_KeepLeft (2).sco
1345259694
1345259694
-1
Sceneryobjects\SS_HKTrafficSign\SS_Sign_KeepRight (2).sco
1345259694
1345259694
-1
Sceneryobjects\SS_HKTrafficSign\SS_Sign_N_NoStop24C (2).sco
1345259694
1345259694
-1
Sceneryobjects\SS_HKTrafficSign\SS_Sign_PedAhead (2).sco
1345259694
1345259694
-1
Sceneryobjects\SS_HKTrafficSign\SS_Sign_RoadWorksAhead (2).sco
1345259694
1345259694
-1
Sceneryobjects\SS_HKTrafficSign\SS_Sign_Spd50 (2).sco
1345259694
1345259694
-1
Sceneryobjects\SS_HKTrafficSign\SS_Sign_Spd50.sco
1053074265
1053074265
-1
Sceneryobjects\SS_HKTrafficSign\SS_Sign_Spd70.sco
1053074266
1053074266
-1
Sceneryobjects\Streetobjects_RUE\sodiumlight_2L_break_L.sco
1031241799
1031241799
-1
Sceneryobjects\taxidriverhk\island_small.sco
1291016761
1291016761
-1
Sceneryobjects\taxidriverhk\RHD_surfacemark_buslane.sco
1097233792
1097233792
-1
Sceneryobjects\taxidriverhk\surfacemark_doublelineforstop.sco
1291016916
1291016916
-1
Sceneryobjects\taxidriverhk\surfacemark_stop.sco
1291016919
1291016919
-1
Sceneryobjects\taxidriverhk_kowlooncity\hunghom_construction_component_10.sco
1291264289
1291264289
-1
Sceneryobjects\taxidriverhk_kowlooncity\hunghom_construction_component_11.sco
1291264289
1291264289
-1
Sceneryobjects\taxidriverhk_kowlooncity\hunghom_construction_component_12.sco
1291264289
1291264289
-1
Sceneryobjects\taxidriverhk_kowlooncity\hunghom_construction_component_13.sco
1291264289
1291264289
-1
Sceneryobjects\taxidriverhk_kowlooncity\hunghom_construction_component_14.sco
1291264289
1291264289
-1
Sceneryobjects\taxidriverhk_kowlooncity\hunghom_construction_component_15.sco
1291264289
1291264289
-1
Sceneryobjects\taxidriverhk_kowlooncity\hunghom_construction_component_3.sco
1291264289
1291264289
-1
Sceneryobjects\taxidriverhk_kowlooncity\hunghom_construction_component_5.sco
1291264289
1291264289
-1
Sceneryobjects\taxidriverhk_kowlooncity\hunghom_construction_component_6.sco
1291264289
1291264289
-1
Sceneryobjects\taxidriverhk_kowlooncity\hunghom_construction_component_7.sco
1291264289
1291264289
-1
Sceneryobjects\taxidriverhk_signage\signage_construction_slow.sco
1291264439
1291264439
-1
Sceneryobjects\taxidriverhk_signage\signage_construction_slow_siteaccess.sco
1291264439
1291264439
-1
Sceneryobjects\taxidriverhk_signage\signage_construction_slow_siteaccess_50m.sco
1291264439
1291264439
-1
Sceneryobjects\taxidriverhk_signage\signage_leftbend_singlearrow.sco
1291264439
1291264439
-1
Sceneryobjects\taxidriverhk_signage\signage_reducespeednow.sco
1291264439
1291264439
-1
Sceneryobjects\taxidriverhk_signage\signage_rightbend_singlearrow.sco
1291264439
1291264439
-1
Sceneryobjects\taxidriverhk_signage\signage_traffic_merge_from_left.sco
1291264439
1291264439
-1
Sceneryobjects\Trees_MC\RHD_shrubbery_01_10.sco
1097248121
1097248121
-1
Sceneryobjects\Trees_MC\RHD_shrubbery_01_20.sco
1097248121
1097248121
-1
Sceneryobjects\Trees_MC\RHD_tree_large_02.sco
1097248121
1097248121
-1
Sceneryobjects\Trees_MC\RHD_tree_large_03.sco
1097248121
1097248121
-1
Sceneryobjects\Trees_MC\RHD_tree_large_05.sco
1097248121
1097248121
-1
Sceneryobjects\Trees_MC\RHD_tree_large_06.sco
1097248121
1097248121
-1
Sceneryobjects\Trees_MC\shrubbery_01_05.sco
1181629421
1181629421
-1
Sceneryobjects\Trees_MC\shrubbery_01_10_mod.sco
1312789896
1312789896
-1
Sceneryobjects\UKDT\iomex\Flora 3\Basswood Tree 1.sco
1280485216
1280485216
-1
Sceneryobjects\UKDT\iomex\Flora 3\Blue Jacaranda 1.sco
1280485216
1280485216
-1
Sceneryobjects\UKDT\iomex\Flora 3\Box Elder Tree 1.sco
1280485216
1280485216
-1
Sceneryobjects\UKDT\iomex\Flora 3\Callery Pear 1.sco
1280485216
1280485216
-1
Sceneryobjects\UKDT\iomex\Flora 3\Cider Gum Tree 1.sco
1280485216
1280485216
-1
Sceneryobjects\UKDT\iomex\Flora 3\Generic Tree 10 1.sco
1280485216
1280485216
-1
Sceneryobjects\UKDT\iomex\Flora 3\Generic Tree 14 2.sco
1280485216
1280485216
-1
Sceneryobjects\UKDT\iomex\Flora 3\Generic Tree 16 1.sco
1280485216
1280485216
-1
Sceneryobjects\UKDT\iomex\Flora 3\Generic Tree 17 1.sco
1280485216
1280485216
-1
Sceneryobjects\UKDT\iomex\Flora 3\Gorse.sco
1280485216
1280485216
-1
Sceneryobjects\UKDT\iomex\Flora 3\Hornbeam 1.sco
1280485216
1280485216
-1
Sceneryobjects\UKDT\iomex\Flora 3\shrubbery_01_10.sco
1280485216
1280485216
-1
Sceneryobjects\UKDT\iomex\Flora 3\Tropical Rose Hydrangea 1.sco
1280485216
1280485216
-1
Splines\CDLX\Misc\KeepClearArrow.sli
1286471801
-
-
Splines\CDLX\Misc\whiteline_asphalt_patch_narrow.sli
1368620166
-
-
Splines\HKBTS_Spline\ChingCheungRd\ChingCheungRd_2Lines1Way_whi_long00_cone_bababa.sli
1349820970
-
-
Splines\HKBTS_Spline\ChingCheungRd\ChingCheungRd_3Lines1Way_whi_000_cone.sli
1353997680
-
-
Splines\HKBTS_Spline\ChingCheungRd\ChingCheungRd_3Lines1Way_whi_000_cone_bababa_Barrier1A.sli
1354001196
-
-
Splines\kelvin1324\0lane_grass_1.5m_NoYellowLine_OneSide.sli
1384931466
-
-
Splines\kelvin1324\0lane_path_20m.sli
1358084233
-
-
Splines\kelvin1324\0lane_path_2m_NoYellowLine.sli
1358084234
-
-
Splines\kelvin1324\0lane_path_4m_fence1_NoYellowLine.sli
1358084234
-
-
Splines\kelvin1324\fence2_grey.sli
1358084236
-
-
Splines\kelvin1324\psk_hoarding01.sli
1358084237
-
-
Splines\kelvin1324\psk_wall2_BT.sli
1358084237
-
-
Splines\Map E31\cswbridgea.sli
1465164957
-
-
Splines\Map E31\twcbridge.sli
1428381108
-
-
Splines\TaiPoProject_Highway\Line_str_DoubleWhiteLine.sli
1358102678
-
-
Splines\taxidriverhk\0lane_pedonly_concrete_narrow.sli
1353727447
-
-
Splines\taxidriverhk\1lane_roadonly.sli
1353727447
-
-
Splines\taxidriverhk\2lanes_oneway_noped_wide.sli
1353727447
-
-
Splines\taxidriverhk\3lanes_oneway_noped.sli
1353727448
-
-
Splines\taxidriverhk\4lanes_gascoigneflyover.sli
1353727448
-
-
Splines\taxidriverhk_nopaths\0lane_barrierfornathan.sli
1353727451
-
-
Splines\taxidriverhk_nopaths\0lane_bridgewallwing.sli
1353727451
-
-
Splines\taxidriverhk_nopaths\0lane_crash_barrier.sli
1353727451
-
-
Splines\taxidriverhk_nopaths\0lane_doublewhiteline_onesidebroken.sli
1353727451
-
-
Splines\taxidriverhk_nopaths\0lane_grasscover.sli
1353727451
-
-
Splines\taxidriverhk_nopaths\0lane_pedonly_concrete_narrow_nocurb.sli
1353727451
-
-
Splines\taxidriverhk_nopaths\0lane_pedonly_concrete_nocurb_wide.sli
1353727451
-
-
Splines\taxidriverhk_nopaths\0lane_retainingwall_4.sli
1353727451
-
-
Splines\taxidriverhk_nopaths\0lane_road_15mwide.sli
1353727451
-
-
Splines\taxidriverhk_nopaths\0lane_road_1mwide.sli
1151572055
-
-
Splines\taxidriverhk_nopaths\0lane_road_7mwide.sli
1353727451
-
-
Splines\taxidriverhk_nopaths\0lane_road_8mwide.sli
1161073352
-
-
Splines\taxidriverhk_nopaths\0lane_singlebrokenline_nonfrequent.sli
1353727451
-
-
Splines\taxidriverhk_nopaths\0lane_singlebrokenwhiteline_frequent.sli
1353727451
-
-
Splines\taxidriverhk_nopaths\0lane_singlewhiteline_thick.sli
1353727451
-
-
Splines\taxidriverhk_nopaths\0lane_waterbarrier.sli
1353727451
-
-
Sceneryobjects\Braemar_Hill\Plaza2-1.sco
1395984197
1395984197
-1
Sceneryobjects\Generic\routearrow_dn.sco
1210215877
1210215877
-1
