Sceneryobjects\Generic\routearrow_dn_dyn.sco
1196580396
1196580396
-1
Sceneryobjects\H-Studio Object\Barrier_grey_.sco
1080526992
1080526992
-1
Sceneryobjects\M3 Traffic Light AI\2Av_1Ow_1_Car1.sco
1177328359
1177328359
-1
Sceneryobjects\M3 Traffic Light AI\2Av_1Ow_1_Car2.sco
1177328359
1177328359
-1
Sceneryobjects\M3 Traffic Light AI\2Av_1Ow_1_Car3.sco
1177328359
1177328359
-1
Sceneryobjects\Streetobjects_RUE\neonlight_L_bend_L.sco
1196580403
1196580403
-1
Sceneryobjects\Streetobjects_RUE\single_pole.sco
1196580461
1196580461
-1
Sceneryobjects\taxidriverhk_hkwk_lite\chatham_crash_barrier_pole.sco
1291264289
1291264289
-1
Sceneryobjects\Traffic_Light_HK_FF3170\Teletech_car_large.sco
1165108835
1165108835
-1
Sceneryobjects\Trees_MC\RHD_tree_large_01.sco
1097248121
1097248121
-1
Sceneryobjects\Trees_MC\RHD_tree_large_03.sco
1097248121
1097248121
-1
Splines\3dtranstudio\2line_1way _leftped.sli
1192905569
-
-
Splines\3dtranstudio\2line_1way.sli
1132015050
-
-
Splines\3dtranstudio\2way_2x2line_b.sli
1168092149
-
-
Splines\3dtranstudio\2way_2x2line_b_noped.sli
1133908325
-
-
Splines\3dtranstudio\2way_2x2line_c_noped.sli
1196247872
-
-
Splines\3dtranstudio\half_8m_altonaer_b.sli
1197092677
-
-
Splines\3dtranstudio\pedonly_a.sli
1133908595
-
-
Splines\3dtranstudio\str_0spur_20m_hk.sli
1192832509
-
-
Splines\3dtranstudio\str_0spur_4m_gras.sli
1331858713
-
-
Splines\3dtranstudio\str_0spur_4m_hk.sli
1065025632
-
-
Splines\3dtranstudio\str_0spur_7m_hk.sli
1065008832
-
-
Splines\CDLX\Misc\KeepClearLineR.sli
1286480231
-
-
Splines\CDLX\Misc\whiteline.sli
1286433570
-
-
Splines\CDLX\Misc\whiteline_asphalt_patch_narrow.sli
1368620166
-
-
Splines\kelvin1324\0lane_barrier2_grassonly_1m.sli
1351837344
-
-
Splines\kelvin1324\0lane_barrier2_slope.sli
1351837344
-
-
Splines\kelvin1324\fence1_grey.sli
1351837345
-
-
Splines\kelvin1324\fence2_grey.sli
1351837345
-
-
Splines\kelvin1324\fence5_grey.sli
1351837345
-
-
Splines\M3_Spline\line_white.sli
1177328550
-
-
Splines\M3_Spline\P_crossing.sli
1177328550
-
-
Splines\Map E31\fencelk2.sli
1360308474
-
-
Splines\taxidriverhk\0lane_pedonly_concrete_narrow.sli
1126481448
-
-
Splines\taxidriverhk\1lane_roadonly_4mwide.sli
1095707059
-
-
Splines\taxidriverhk_nopaths\0lane_barriercover_narrow.sli
1133740711
-
-
Splines\taxidriverhk_nopaths\0lane_crash_barrier.sli
1194157250
-
-
Splines\taxidriverhk_nopaths\0lane_doublewhiteline.sli
1200840106
-
-
Splines\taxidriverhk_nopaths\0lane_pedonly_concrete_narrow_nocurb.sli
1126529296
-
-
Splines\taxidriverhk_nopaths\0lane_pedonly_concrete_nocurb.sli
1143154397
-
-
Splines\taxidriverhk_nopaths\0lane_tsuiyu_barrier.sli
1182428549
-
-
Sceneryobjects\Trees_MC\RHD_tree_medium_06.sco
1097248121
1097248121
-1
Splines\taxidriverhk_nopaths\0lane_pedonly_concrete_nocurb_wide.sli
1251169457
-
-
