Sceneryobjects\Generic\routearrow_dn_dyn.sco
1351774415
1351774415
-1
Sceneryobjects\Generic\routearrow_L_dyn.sco
1351774415
1351774415
-1
Sceneryobjects\Generic\routearrow_R_dyn.sco
1351774415
1351774415
-1
Sceneryobjects\GG2Signs\gg2_drn_sign_medium.sco
1114212787
1114212787
-1
Sceneryobjects\GG2Signs\gg2_large_sign_with_lights.sco
1121495591
1121495591
-1
Sceneryobjects\Map E31\airround1.sco
1346661187
1346661187
-1
Sceneryobjects\Map E31\faketree.sco
1347132296
1347132296
-1
Sceneryobjects\Map E31\faketreea.sco
1347126929
1347126929
-1
Sceneryobjects\Map E31\tcabr.sco
1346657724
1346657724
-1
Sceneryobjects\taxidriverhk_tst_jordan\island_small.sco
1312789877
1312789877
-1
Sceneryobjects\Trees_MC\RHD_tree_large_01.sco
1312789895
1312789895
-1
Sceneryobjects\Trees_MC\RHD_tree_large_02.sco
1312789895
1312789895
-1
Sceneryobjects\Trees_MC\RHD_tree_large_03.sco
1312789895
1312789895
-1
Splines\3dtranstudio\2spur_11m_altonaer_b tstrd.sli
1346667544
-
-
Splines\3dtranstudio\2spur_11m_altonaer_c_noped.sli
1198605225
-
-
Splines\3dtranstudio\2spur_8m_altonaer_b tstrd.sli
1346669864
-
-
Splines\3dtranstudio\2way_2x2line_c tstrd.sli
1358590858
-
-
Splines\3dtranstudio\2way_2x2line_c_noped.sli
1196247872
-
-
Splines\3dtranstudio\half_8m_altonaer_1a tstrd.sli
1346669909
-
-
Splines\3dtranstudio\invis_street.sli
999109838
-
-
Splines\3dtranstudio\invis_street_2spur.sli
1222330849
-
-
Splines\3dtranstudio\pedonly_a - 4mtstrd.sli
1348665447
-
-
Splines\3dtranstudio\pedonly_a tstrd.sli
1346658763
-
-
Splines\3dtranstudio\str_0spur_20m_gras.sli
1344760663
-
-
Splines\3dtranstudio\str_0spur_20m_hk.sli
1192832509
-
-
Splines\3dtranstudio\str_0spur_20m_tstrd.sli
1350462196
-
-
Splines\3dtranstudio\str_0spur_234m water.sli
1331198179
-
-
Splines\3dtranstudio\str_0spur_4m_hk.sli
1065025632
-
-
Splines\3dtranstudio\str_0spur_7m_gras.sli
1330907635
-
-
Splines\3dtranstudio\str_0spur_7m_hk.sli
1065008832
-
-
Splines\gg_LHT\hillwall03.sli
1099479638
-
-
Splines\kelvin1324\fence1_grey.sli
1348739488
-
-
Splines\kelvin1324\fence2_grey.sli
1348739488
-
-
Splines\M3_Spline\line_GV.sli
1177328550
-
-
Splines\M3_Spline\line_road.sli
1177328550
-
-
Splines\M3_Spline\line_white.sli
1177328550
-
-
Splines\Map E31\CLKSB.sli
1364035315
-
-
Splines\Map E31\tcabar.sli
1365881828
-
-
Splines\taxidriverhk\0lanes_oneway_meifooflyover_bottom.sli
1134270717
-
-
Splines\taxidriverhk_nopaths\0lane_barriercover_1.4m.sli
1358654167
-
-
Splines\taxidriverhk_nopaths\0lane_barriercover_narrow.sli
1133740711
-
-
Splines\taxidriverhk_nopaths\0lane_doublewhiteline - a.sli
1335646842
-
-
Splines\taxidriverhk_nopaths\0lane_pedonly_concrete_narrow_nocurb.sli
1126529296
-
-
Splines\taxidriverhk_nopaths\0lane_pedonly_concrete_nocurb.sli
1143154397
-
-
Splines\taxidriverhk_nopaths\0lane_pedonly_concrete_nocurb_wide.sli
1251169457
-
-
Splines\taxidriverhk_nopaths\0lane_tsuiyu_barrier.sli
1182428549
-
-
Splines\taxidriverhk_nopaths\taxidriverhk_nopaths\taxidriverhk_nopaths\taxidriverhk_nopaths\0lane_splineforbarrier.sli
1312790262
-
-
Vehicles\Isuzu_N_Series\Parked_isuzu_npr.sco
1330739377
1345693456
-1
Vehicles\MAN_F90\Man_parked_F90.sco
1099923753
1099923753
-1
Vehicles\Scania_P_Series\Parked_scania_p410.sco
1344975527
1345629242
-1
Vehicles\Tesla_Model_S\Parked_model_s.sco
1283158082
1324727649
-1
Vehicles\Toyota_Echoverso\Toyota_parked_Echoverso.sco
1177329123
1177329123
-1
Vehicles\Toyota_Hiace_89\parked_Toyota_Hiace_89.sco
1090624883
1114354081
-1
Vehicles\Toyota_Prius\Parked_prius_xw30.sco
1322597637
1324694340
-1
