Sceneryobjects\3dtranstudio\RHD_bridge_pier2.sco
1353686816
1353686816
-1
Sceneryobjects\Streetobjects_RUE\neonlight_2L_bend_L.sco
1353686696
1353686696
-1
Sceneryobjects\Trees_MC\RHD_tree_large_01.sco
1312789895
1312789895
-1
Sceneryobjects\Trees_MC\RHD_tree_large_03.sco
1312789895
1312789895
-1
Sceneryobjects\Trees_MC\tree_large_06.sco
1351774433
1351774433
-1
Splines\3dtranstudio\str_0spur_234m water.sli
1331198179
-
-
Splines\3dtranstudio\Wasser_40m.sli
1331197781
-
-
Splines\gg_LHT\hillwall03.sli
1099479638
-
-
Splines\Map E31\2way_2x3line_highway_a_NLH.sli
1365809818
-
-
Splines\3dtranstudio\invis_street.sli
999109838
-
-
