Sceneryobjects\3dtranstudio\bridge_pier.sco
1056467393
1056467393
-1
Sceneryobjects\3dtranstudio\hkstreet\ground_busstop5.sco
1063490791
1063490791
-1
Sceneryobjects\Busstop\busstop_fence4a.sco
1291017218
1291017218
-1
Sceneryobjects\Busstop\kcf_bt_bushut_1.sco
1291017218
1291017218
-1
Sceneryobjects\CDLX\KMB\GlassLollipop2x2NoBase.sco
1280989521
1280989521
-1
Sceneryobjects\CDLX\KMB\GlassLollipop3x3NoBase.sco
1280988112
1280988112
-1
Sceneryobjects\CDLX\KMB\GlassLollipop4x5NoBase.sco
1281133434
1281133434
-1
Sceneryobjects\CDLX\KMB\NewLollipop3x3NoBase.sco
1282491140
1282491140
-1
Sceneryobjects\Generic\routearrow_dn_dyn.sco
1210215940
1210215940
-1
Sceneryobjects\Generic\routearrow_R_dyn.sco
1210215940
1210215940
-1
Sceneryobjects\M3 Traffic Light AI\1Av_1St_1_Car1.sco
1345259634
1345259634
-1
Sceneryobjects\M3 Traffic Light AI\1Av_1St_1_Car2.sco
1345259634
1345259634
-1
Sceneryobjects\Map E31\Csw9091.sco
1379234563
1379234563
-1
Sceneryobjects\Map E31\Cswa.sco
1378487850
1378487850
-1
Sceneryobjects\SS_HKTrafficSign\SS_Pole_Grey.sco
1051658064
1051658064
-1
Sceneryobjects\Streetobjects_RUE\single_pole.sco
1044220565
1044220565
-1
Sceneryobjects\taxidriverhk_busstop\kmb_regulator_room.sco
1291017218
1291017218
-1
Sceneryobjects\taxidriverhk_hkwk_lite\csw_920.sco
1291018594
1291018594
-1
Sceneryobjects\taxidriverhk_hkwk_lite\lck_kwaichungbridge.sco
1291264416
1291264416
-1
Sceneryobjects\taxidriverhk_hkwk_lite\mf_lckmtr.sco
1291264398
1291264398
-1
Sceneryobjects\taxidriverhk_hkwk_lite\mf_noisebarrier.sco
1291264405
1291264405
-1
Sceneryobjects\taxidriverhk_hkwk_lite\signage_csw_13.sco
1291264439
1291264439
-1
Sceneryobjects\taxidriverhk_meifoo\mf_meifoobridge_railing_end.sco
1291264394
1291264394
-1
Sceneryobjects\taxidriverhk_meifoo\mf_meifoobridge_railing_pole.sco
1291264412
1291264412
-1
Sceneryobjects\taxidriverhk_meifoo\mf_mtr_construction_1.sco
1291264402
1291264402
-1
Sceneryobjects\taxidriverhk_meifoo\mf_mtr_construction_2.sco
1291264403
1291264403
-1
Sceneryobjects\taxidriverhk_meifoo\mf_mtr_construction_3.sco
1291264404
1291264404
-1
Sceneryobjects\Traffic_Light_HK_FF3170\Teletech_car_large.sco
1165108835
1165108835
-1
Sceneryobjects\Trees_MC\RHD_tree_large_01.sco
1097248121
1097248121
-1
Sceneryobjects\Trees_MC\RHD_tree_medium_06.sco
1097248121
1097248121
-1
Sceneryobjects\Trees_MC\RHD_Tree_Small_07.sco
1097248122
1097248122
-1
Sceneryobjects\Trees_MC\shrubbery_01_05.sco
1181629421
1181629421
-1
Sceneryobjects\Trees_MC\shrubbery_04_20_mod.sco
1312789896
1312789896
-1
Sceneryobjects\Trees_MC\tree_large_02.sco
1181629467
1181629467
-1
Sceneryobjects\UKDT\iomex\Flora 3\Gardenia 1.sco
1280485216
1280485216
-1
Sceneryobjects\UKDT\iomex\Flora 3\Gorse.sco
1280485216
1280485216
-1
Sceneryobjects\UKDT\iomex\Flora 3\Hawthorn 1 1.sco
1280485216
1280485216
-1
Sceneryobjects\UKDT\iomex\Flora 3\Hydrangea.sco
1280485216
1280485216
-1
Splines\3dtranstudio\2spur_8m_altonaer_d_noped.sli
1347990530
-
-
Splines\3dtranstudio\half_8m_altonaer_1a tstrd.sli
1346669909
-
-
Splines\3dtranstudio\ped_ab.sli
1359506301
-
-
Splines\3dtranstudio\ped_tstrdab.sli
1360072337
-
-
Splines\3dtranstudio\str_0spur_2m_gras.sli
1358858620
-
-
Splines\3dtranstudio\str_0spur_2m_hk.sli
1353727366
-
-
Splines\3dtranstudio\str_0spur_7m_gras.sli
1353727366
-
-
Splines\3dtranstudio\str_0spur_7m_hk.sli
1353727366
-
-
Splines\CDLX\Misc\KeepClearLineR.sli
1286480231
-
-
Splines\CDLX\Misc\whiteline.sli
1286433570
-
-
Splines\CDLX\Misc\whiteline_asphalt_patch_narrow.sli
1368620166
-
-
Splines\HKSAR_Marcel\str_0spur_4m.sli
1177328544
-
-
Splines\kelvin1324\0lane_grass_1.5m_NoYellowLine_OneSide.sli
1384931466
-
-
Splines\kelvin1324\0lane_path-ped5_4m_AI_NoYellowLine.sli
1515499154
-
-
Splines\kelvin1324\0lane_path-ped5_6m_NoYellowLine.sli
1515499191
-
-
Splines\kelvin1324\fence1_grey.sli
1358084236
-
-
Splines\kelvin1324\fence1_lightblue.sli
1358084236
-
-
Splines\kelvin1324\fence2_grey.sli
1358084236
-
-
Splines\kelvin1324\fence5_grey.sli
1358084236
-
-
Splines\kelvin1324\line_brokendoubleline_cluster.sli
1358084237
-
-
Splines\kelvin1324\line_doubleline.sli
1358084237
-
-
Splines\kelvin1324\line_singleline.sli
1358084237
-
-
Splines\kelvin1324\line_singleline_brokenline.sli
1358084237
-
-
Splines\M3_Spline\P_crossing.sli
1312790127
-
-
Splines\Map E31\highway_acon_NLH.sli
1365805789
-
-
Splines\surface mark\hkstreet\str_0spur_40m_hk.sli
1192832538
-
-
Splines\taxidriverhk\0lane_barrierfornathan.sli
1353727447
-
-
Splines\taxidriverhk\0lane_pedonly_concrete_nocurb.sli
1353727447
-
-
Splines\taxidriverhk\1lane_roadonly.sli
1353727447
-
-
Splines\taxidriverhk\1lane_roadonly_4mwide.sli
1353727447
-
-
Splines\taxidriverhk\1lane_roadonly_wide.sli
1353727447
-
-
Splines\taxidriverhk\2lanes_8mwide_noped oneway.sli
1244172773
-
-
Splines\taxidriverhk\2lanes_8mwide_noped.sli
1353727447
-
-
Splines\taxidriverhk\2lanes_oneway_meifooflyover.sli
1353727447
-
-
Splines\taxidriverhk\2lanes_oneway_noped.sli
1353727447
-
-
Splines\taxidriverhk\2lanes_wcurbnoped_half.sli
1353727448
-
-
Splines\taxidriverhk\2lanes_wstonebarriernoped_half.sli
1353727448
-
-
Splines\taxidriverhk\3lanes_1+2_noped.sli
1353727448
-
-
Splines\taxidriverhk\3lanes_1+2_noped_doublewhiteline.sli
1466334952
-
-
Splines\taxidriverhk\3lanes_oneway_meifooflyover.sli
1353727448
-
-
Splines\taxidriverhk\3lanes_oneway_noped_narrow.sli
1353727448
-
-
Splines\taxidriverhk\3lanes_oneway_noped_verynarrow.sli
1353727448
-
-
Splines\taxidriverhk\3lanes_wstonebarriernoped_half.sli
1353727448
-
-
Splines\taxidriverhk\4lanes_oneway_bridge.sli
1353727448
-
-
Splines\taxidriverhk\4lanes_oneway_noped_narrow.sli
1353727448
-
-
Splines\taxidriverhk\4lanes_wcurbnoped_half_narrow.sli
1353727448
-
-
Splines\taxidriverhk_nopaths\0lane_barbedwire - lk.sli
1464817197
-
-
Splines\taxidriverhk_nopaths\0lane_barriercover.sli
1353727451
-
-
Splines\taxidriverhk_nopaths\0lane_barrierforcsw.sli
1353727451
-
-
Splines\taxidriverhk_nopaths\0lane_bridgewallwing.sli
1353727451
-
-
Splines\taxidriverhk_nopaths\0lane_construction.sli
1353727451
-
-
Splines\taxidriverhk_nopaths\0lane_crash_barrier.sli
1353727451
-
-
Splines\taxidriverhk_nopaths\0lane_grasscover.sli
1353727451
-
-
Splines\taxidriverhk_nopaths\0lane_metalwall.sli
1353727451
-
-
Splines\taxidriverhk_nopaths\0lane_pedonly.sli
1353727451
-
-
Splines\taxidriverhk_nopaths\0lane_pedonly_concrete.sli
1353727451
-
-
Splines\taxidriverhk_nopaths\0lane_pedonly_concrete_narrow.sli
1353727451
-
-
Splines\taxidriverhk_nopaths\0lane_pedonly_concrete_narrow_nocurb.sli
1353727451
-
-
Splines\taxidriverhk_nopaths\0lane_pedonly_concrete_nocurb.sli
1353727451
-
-
Splines\taxidriverhk_nopaths\0lane_pedonly_concrete_nocurb_wide.sli
1353727451
-
-
Splines\taxidriverhk_nopaths\0lane_pedonly_narrow.sli
1353727451
-
-
Splines\taxidriverhk_nopaths\0lane_pedonly_nocurb.sli
1353727451
-
-
Splines\taxidriverhk_nopaths\0lane_pedonly_nocurb_wide.sli
1353727451
-
-
Splines\taxidriverhk_nopaths\0lane_singlebrokenline_nonfrequent.sli
1353727451
-
-
Splines\taxidriverhk_nopaths\0lane_singlebrokenwhiteline.sli
1353727451
-
-
Splines\taxidriverhk_nopaths\0lane_singlewhiteline_thick.sli
1353727451
-
-
Splines\taxidriverhk_nopaths\0lanes_oneway_meifooflyover_curbonly.sli
1353727451
-
-
Vehicles\Isuzu_N_Series\Parked_isuzu_npr.sco
1330739377
1345693456
-1
Vehicles\Lexus_CT200h\Parked_lexus_ct200h.sco
1330843066
1325036851
-1
Vehicles\Tesla_Model_X\Parked_model_x.sco
1283158082
1324849160
-1
Vehicles\Toyota_Alphard\Parked_alphard.sco
1282691193
1330882214
-1
Vehicles\Toyota_Crown\Toyota_parked_Crown_urban.sco
1187578048
1187691381
-1
Vehicles\Toyota_Echoverso\Toyota_parked_Echoverso.sco
1029800536
1082232855
-1
Vehicles\Toyota_Hiace\Toyota_parked_Hiace.sco
1091747689
1091347828
-1
Vehicles\Toyota_Prius\Parked_prius_xw30.sco
1322597637
1324694340
-1
