Sceneryobjects\3dtranstudio\bridge_pier.sco
1056467393
1056467393
-1
Sceneryobjects\gg_LHT\container02b.sco
1100528841
1100528841
-1
Sceneryobjects\gg_LHT\container02c.sco
1100528844
1100528844
-1
Sceneryobjects\gg_LHT\container04.sco
1109695818
1109695818
-1
Sceneryobjects\GreenIsland_HC2105\noisebarrier_tsingkwaihighway.sco
1379863704
1379863704
-1
Sceneryobjects\Trees_MC\shrubbery_01_05.sco
1181629421
1181629421
-1
Sceneryobjects\Tsing Yi Project\TsingKwaiHighway\TsingKwaiHighway_KwaiChungRdExit9D_.sco
1330164054
1330164054
-1
Splines\HKBTS_Spline\KwaiChungRd_StartatKwaiFong\KwaiChungRd_5Lines1Way_0.5whiteline11Dotlongwhitlinecone.sli
1329726817
-
-
Splines\HKBTS_Spline\TsingKwaiHighway\KwaiTsingRd_1Line1way_WHL_coneonly.sli
1345500913
-
-
Splines\HKBTS_Spline\TsingKwaiHighway\TsingKwaiHighway\TsingKwaiHighway_1D0000cone_bridge_Dotlong.sli
1330119065
-
-
Splines\HKBTS_Spline\TsingKwaiHighway\TsingKwaiHighway_2mcon0000cone_bridge.sli
1330482530
-
-
Splines\HKBTS_Spline\TsingKwaiHighway\TsingKwaiHighway_2mcon00cone_bridge.sli
1346699445
-
-
Splines\HKBTS_Spline\TsingKwaiHighway\TsingKwaiHighway_2mcon00whiteline_bridge.sli
1330478554
-
-
Splines\HKBTS_Spline\TsingKwaiHighway\TsingKwaiHighway_whiteline0000cone_bridge_Dotlong.sli
1330118996
-
-
Splines\kelvin1324\0lane_barrier2_slope.sli
1499078394
-
-
Splines\taxidriverhk_nopaths\0lane_barbedwire - lk.sli
1464817197
-
-
Splines\HKBTS_Spline\TsingKwaiHighway\TsingKwaiHighway_1D0000cone_bridge_Dotlong.sli
1330119065
-
-
