Sceneryobjects\3dtranstudio\hkstreet\ground_busstop1.sco
1312789596
1312789596
-1
Sceneryobjects\Generic\people_standing_small.sco
1351774415
1351774415
-1
Sceneryobjects\GM4500 Objects\Hong Kong Buses\81xx S1\81xx_.sco
1218921993
1218921993
-1
Sceneryobjects\HKBTS_Bus_stop\CTB Bus stop.sco
1312789756
1312789756
-1
Splines\3dtranstudio\invis_street.sli
999109838
-
-
Splines\3dtranstudio\invis_street_human.sli
1061633174
-
-
Splines\kelvin1324\fence1_grey.sli
1348739488
-
-
Splines\kelvin1324\fence4_grey.sli
1348739488
-
-
Sceneryobjects\kelvin1324_Misc\mtr_IndoorBT_Light_.sco
1351811378
1351811378
-1
