Sceneryobjects\3dtranstudio\hkstreet\ground_busstop2.sco
1063489766
1063489766
-1
Sceneryobjects\3dtranstudio\hkstreet\ground_busstop3.sco
1063489771
1063489771
-1
Sceneryobjects\3dtranstudio\hkstreet\ground_busstop4.sco
1063489776
1063489776
-1
Sceneryobjects\Busstop\bushut_2000_5pole_2.sco
1291017218
1291017218
-1
Sceneryobjects\Busstop\bushut_2000_5pole_3.sco
1291017218
1291017218
-1
Sceneryobjects\Busstop\bushut_2000_5pole_sony.sco
1291017218
1291017218
-1
Sceneryobjects\HK West Kowloon - Lite\hunghom_kcrstation_busstop_2.sco
1291264531
1291264531
-1
Sceneryobjects\kelvin1324_Buildings\kf_stairs_NamWanRoad_.sco
1351811319
1351811319
-1
Sceneryobjects\kelvin1324_Buildings\tpc_Bridge_Lift_.sco
1351811320
1351811320
-1
Sceneryobjects\kelvin1324_Misc\bollard_HK_1_NoArrow_.sco
1351811377
1351811377
-1
Sceneryobjects\kelvin1324_Misc\HK Road Marking_TransDept Standard\HKRoadMarking_arrowLeft_.sco
1351811378
1351811378
-1
Sceneryobjects\kelvin1324_Misc\HK Road Marking_TransDept Standard\HKRoadMarking_arrowRight_.sco
1351811378
1351811378
-1
Sceneryobjects\kelvin1324_Misc\HK Road Marking_TransDept Standard\HKRoadMarking_arrowStraight_.sco
1351811378
1351811378
-1
Sceneryobjects\kelvin1324_Misc\HK Road Marking_TransDept Standard\HKRoadMarking_arrowStraightLeft_.sco
1351811378
1351811378
-1
Sceneryobjects\kelvin1324_Misc\HK Road Marking_TransDept Standard\HKRoadMarking_GiveWay_.sco
1351811378
1351811378
-1
Sceneryobjects\KMB Lollipop\Lollipop4x4NoBoardBase.sco
1252832016
1252832016
-1
Sceneryobjects\KMB Lollipop\Lollipop4x5NoBoardBase.sco
1252832035
1252832035
-1
Sceneryobjects\KowloonEast_3D_3M\249KwunTongRd_.sco
1326743110
1326743110
-1
Sceneryobjects\KowloonEast_3D_3M\275KwunTongRd_.sco
1326740786
1326740786
-1
Sceneryobjects\Map E31\khbr.sco
1344869883
1344869883
-1
Sceneryobjects\ProjectTWS\UB1329\KowloonBayFences.sco
1352892476
1352892476
-1
Sceneryobjects\Road-hog123\Addon_British-Style_Road_Markings\SpeedRoundel_50.sco
1334616122
1334616122
-1
Sceneryobjects\Sceneryobjects\Generic\car_park.sco
995274758
995274758
-1
Sceneryobjects\SS_HKTrafficSign\RHD_Sign_Stop (135).sco
1053074266
1053074266
-1
Sceneryobjects\SS_HKTrafficSign\RHD_Sign_Stop (18).sco
1051658064
1051658064
-1
Sceneryobjects\SS_HKTrafficSign\RHD_Sign_Stop (46).sco
1053072933
1053072933
-1
Sceneryobjects\SS_HKTrafficSign\RHD_SS_Pole_Grey.sco
1051658064
1051658064
-1
Sceneryobjects\SS_HKTrafficSign\RHD_SS_Sign_Spd50.sco
1345259705
1345259705
-1
Sceneryobjects\SS_HKTrafficSign\SS_Pole_Grey.sco
1051658064
1051658064
-1
Sceneryobjects\SS_HKTrafficSign\SS_Sign_PedAhead.sco
1053073873
1053073873
-1
Sceneryobjects\SS_HKTrafficSign\SS_Sign_PubLightBusesProh.sco
1053073907
1053073907
-1
Sceneryobjects\taxidriverhk\surfacemark_brokenlineforgiveway.sco
1291016917
1291016917
-1
Sceneryobjects\taxidriverhk\surfacemark_doublelineforstop.sco
1291016916
1291016916
-1
Sceneryobjects\taxidriverhk\surfacemark_stop.sco
1291016919
1291016919
-1
Sceneryobjects\taxidriverhk_busstop\bushut_1980_large.sco
1291263115
1291263115
-1
Sceneryobjects\taxidriverhk_busstop\bushut_2000_9pole_2.sco
1291017218
1291017218
-1
Sceneryobjects\Trees_MC\RHD_fir_medium_01.sco
1097248121
1097248121
-1
Sceneryobjects\Trees_MC\RHD_shrubbery_04_20.sco
1097248121
1097248121
-1
Sceneryobjects\Trees_MC\RHD_tree_large_01.sco
1097248121
1097248121
-1
Sceneryobjects\Trees_MC\RHD_Tree_Small_05.sco
1097248122
1097248122
-1
Sceneryobjects\Trees_MC\shrubbery_03_10.sco
1181629455
1181629455
-1
Sceneryobjects\Trees_MC\shrubbery_03_20.sco
1181629521
1181629521
-1
Sceneryobjects\Trees_MC\tree_medium_05.sco
1181629490
1181629490
-1
Sceneryobjects\Trees_MC\tree_medium_09.sco
1181629460
1181629460
-1
Splines\296a\rm.sli
1179593147
-
-
Splines\kelvin1324\0lane_path-ped5_20m.sli
1358084233
-
-
Splines\kelvin1324\0lane_path-ped5_4m.sli
1515499146
-
-
Splines\kelvin1324\0lane_path-ped5_4m_AI.sli
1515499138
-
-
Splines\kelvin1324\0lane_path-ped5_4m_AI_NoYellowLine.sli
1515499154
-
-
Splines\kelvin1324\0lane_path-ped5_4m_fence1_AI.sli
1358084233
-
-
Splines\kelvin1324\0lane_path-ped5_6m_NoYellowLine.sli
1515499191
-
-
Splines\kelvin1324\fence1_grey.sli
1358084236
-
-
Splines\Splines\kelvin1324\1lanes_dro_s3s_4m.sli
1350111251
-
-
Splines\Splines\kelvin1324\Highway series\Tolo_RoadRailing&sidebeton.sli
1348739490
-
-
Splines\Splines\TaiPoProject_Highway\0lanes_Tolo_nopath_verynarrow.sli
1352894850
-
-
Splines\Splines\taxidriverhk\taxidriverhk\taxidriverhk\taxidriverhk\0lane_pedonly_concrete_narrow.sli
1312790251
-
-
Splines\Splines\taxidriverhk\taxidriverhk\taxidriverhk\taxidriverhk\0lane_pedonly_concrete_narrow_nocurb.sli
1312790251
-
-
Splines\Splines\taxidriverhk\taxidriverhk\taxidriverhk\taxidriverhk\0lane_singlewhiteline.sli
1312790251
-
-
Splines\Splines\taxidriverhk\taxidriverhk\taxidriverhk\taxidriverhk\0lane_singlewhiteline_thick.sli
1312790251
-
-
Splines\taxidriverhk\0lane_bridgewallwing2.sli
1353727447
-
-
Splines\taxidriverhk\0lane_construction.sli
1353727447
-
-
Splines\taxidriverhk\0lane_pedonly_concrete_2m.sli
1359916518
-
-
Splines\taxidriverhk\0lane_pedonly_concrete_6m.sli
1359810155
-
-
Splines\taxidriverhk\0lane_pedonly_concrete_nocurb.sli
1353727447
-
-
Splines\taxidriverhk\taxidriverhk\taxidriverhk\taxidriverhk\taxidriverhk\3lanes_wstonebarriernoped_half_12mwide.sli
1312790256
-
-
Splines\taxidriverhk_nopaths\0lane_barbedwire - lk.sli
1464817197
-
-
Splines\taxidriverhk_nopaths\0lane_barrierfornathan.sli
1353727451
-
-
Sceneryobjects\296a\obj_kt020.sco
1181970138
1181970138
-1
Sceneryobjects\3dtranstudio\bridge_pier.sco
1056467393
1056467393
-1
Sceneryobjects\Busstops_HK\people_standing_narrow.sco
1352925428
1352925428
-1
Sceneryobjects\Generic\bus_stop.sco
1210215889
1210215889
-1
Sceneryobjects\KMB Lollipop\Lollipop3x3NoBoardBase.sco
1252832021
1252832021
-1
Sceneryobjects\KowloonEast_3D_3M\3TingOnSt_.sco
1326724285
1326724285
-1
Sceneryobjects\NG1604's object\50 kmh.sco
1084137798
1084137798
-1
Sceneryobjects\Streetobjects_RUE\neonlight_2L_bend_L.sco
1030664952
1030664952
-1
Sceneryobjects\Trees_MC\RHD_tree_large_02.sco
1097248121
1097248121
-1
Sceneryobjects\Trees_MC\Streetobjects_RUE\sodiumlight_L_break_L.sco
1031255860
1031255860
-1
Sceneryobjects\UKDT\iomex\Flora 3\Bougainvillea 1.sco
1280485216
1280485216
-1
Sceneryobjects\UKDT\iomex\Flora 3\Chinese Red Birch 1.sco
1280485216
1280485216
-1
Splines\296a\train_bridge.sli
1183142279
-
-
Splines\296a\train_bridge4.sli
1183142787
-
-
Splines\taxidriverhk\2lanes_gascoigneflyover.sli
1353727447
-
-
Splines\taxidriverhk_nopaths\0lane_doublewhiteline_onesidebroken.sli
1353727451
-
-
Sceneryobjects\Generic\car_park.sco
1210215900
1210215900
-1
Sceneryobjects\Generic\routearrow_dn.sco
1210215877
1210215877
-1
Sceneryobjects\Generic\routearrows_busstop.sco
1210216053
1210216053
-1
Splines\kelvin1324\1lanes_dro_s3s_4m.sli
1358084235
-
-
Splines\kelvin1324\Highway series\Tolo_RoadRailing&sidebeton.sli
1358084240
-
-
Splines\TaiPoProject_Highway\0lanes_Tolo_nopath_verynarrow.sli
1358102678
-
-
Splines\taxidriverhk\0lane_pedonly_concrete_narrow.sli
1353727447
-
-
Splines\taxidriverhk\0lane_pedonly_concrete_narrow_nocurb.sli
1353727447
-
-
Splines\taxidriverhk\0lane_singlewhiteline.sli
1353727447
-
-
Splines\taxidriverhk\0lane_singlewhiteline_thick.sli
1353727447
-
-
Splines\taxidriverhk\3lanes_wstonebarriernoped_half_12mwide.sli
1353727448
-
-
