Sceneryobjects\3dtranstudio\bridge_pier.sco
1056467393
1056467393
-1
Sceneryobjects\Buildings_MC\tank_2_esso.sco
1030794770
1030794770
-1
Sceneryobjects\Generic\routearrow_dn_dyn.sco
1210215940
1210215940
-1
Sceneryobjects\kelvin1324_Buildings\fs_NF191_bridge_pillar_.sco
1351811319
1351811319
-1
Sceneryobjects\M3 Traffic Light AI\4Av_1_Car1.sco
1345259634
1345259634
-1
Sceneryobjects\M3 Traffic Light AI\4Av_1_Car2.sco
1345259634
1345259634
-1
Sceneryobjects\M3 Traffic Light AI\4Av_1_Car3.sco
1345259634
1345259634
-1
Sceneryobjects\M3 Traffic Light AI\4Av_1_Car4.sco
1345259634
1345259634
-1
Sceneryobjects\Map E31\kerry.sco
1331104700
1331104700
-1
Sceneryobjects\Map E31\tpole.sco
1331859116
1331859116
-1
Sceneryobjects\Map E31\yurb.sco
1331084626
1331084626
-1
Sceneryobjects\Map E31\Yurgs.sco
1418835659
1418835659
-1
Sceneryobjects\Streetobjects_RUE\neonlight_2L_bend_L.sco
1030664952
1030664952
-1
Sceneryobjects\Streetobjects_RUE\neonlight_L_bend_L.sco
1030664421
1030664421
-1
Sceneryobjects\Streetobjects_RUE\single_pole.sco
1044220565
1044220565
-1
Sceneryobjects\taxidriverhk_hkwk_lite\chatham_crash_barrier_pole.sco
1291264289
1291264289
-1
Sceneryobjects\taxidriverhk_hkwk_lite\gascoigne_gascoignebridge_railing_end.sco
1291264289
1291264289
-1
Sceneryobjects\taxidriverhk_hkwk_lite\gascoigne_gascoignebridge_railing_pole.sco
1291264289
1291264289
-1
Sceneryobjects\Traffic_Light_HK_FF3170\Teletech_car_large.sco
1165108835
1165108835
-1
Sceneryobjects\Trees_MC\RHD_tree_large_01.sco
1097248121
1097248121
-1
Sceneryobjects\Trees_MC\RHD_tree_large_02.sco
1097248121
1097248121
-1
Splines\3dtranstudio\2line_1way _leftped.sli
1353727365
-
-
Splines\3dtranstudio\2line_1way.sli
1353727365
-
-
Splines\3dtranstudio\2way_2x2line_b_noped.sli
1353727366
-
-
Splines\3dtranstudio\3line_1way.sli
1353727366
-
-
Splines\3dtranstudio\highway_a.sli
1353727366
-
-
Splines\3dtranstudio\pedonly_a.sli
1353727366
-
-
Splines\3dtranstudio\str_0spur_20m_hk.sli
1353727366
-
-
Splines\3dtranstudio\str_0spur_20m_hkped.sli
1344670322
-
-
Splines\3dtranstudio\str_0spur_40m_hkped.sli
1345347077
-
-
Splines\3dtranstudio\str_0spur_4m_gras.sli
1353727366
-
-
Splines\3dtranstudio\str_0spur_4m_hk.sli
1353727366
-
-
Splines\3dtranstudio\str_0spur_7m_hk.sli
1353727366
-
-
Splines\kelvin1324\0lane_barrier2_grassonly_1m.sli
1358084232
-
-
Splines\kelvin1324\0lane_barrier2_slope_1.8m.sli
1358084232
-
-
Splines\kelvin1324\0lane_barrier2_slope_3.5m.sli
1358084232
-
-
Splines\kelvin1324\2lanes_dro2r.sli
1358084235
-
-
Splines\kelvin1324\2lanes_dro6r.sli
1358084235
-
-
Splines\kelvin1324\fence1_grey.sli
1358084236
-
-
Splines\kelvin1324\line_brokendoubleline_cluster.sli
1358084237
-
-
Splines\kelvin1324\line_brokenline_singleline.sli
1358084237
-
-
Splines\kelvin1324\line_brokensingleline_short.sli
1495933477
-
-
Splines\kelvin1324\line_doubleline.sli
1358084237
-
-
Splines\M3_Spline\line_GV.sli
1312790127
-
-
Splines\M3_Spline\line_road.sli
1312790127
-
-
Splines\M3_Spline\line_white.sli
1312790127
-
-
Splines\M3_Spline\P_crossing.sli
1312790127
-
-
Splines\Map E31\twebridge.sli
1428443276
-
-
Splines\taxidriverhk\0lane_pedonly_concrete_narrow.sli
1353727447
-
-
Splines\taxidriverhk\0lane_pedonly_concrete_narrow_nocurb.sli
1353727447
-
-
Splines\taxidriverhk\0lane_pedonly_concrete_nocurb.sli
1353727447
-
-
Splines\taxidriverhk\1lane_roadonly_4mwide.sli
1353727447
-
-
Splines\taxidriverhk\2lanes_8mwide_noped.sli
1353727447
-
-
Splines\taxidriverhk\2lanes_gascoigneflyover.sli
1353727447
-
-
Splines\taxidriverhk_nopaths\0lane_crash_barrier.sli
1353727451
-
-
Splines\taxidriverhk_nopaths\0lane_doublewhiteline.sli
1353727451
-
-
Splines\taxidriverhk_nopaths\0lane_pedonly_nocurb_wide.sli
1353727451
-
-
Splines\taxidriverhk_nopaths\0lane_retainingwall_4.sli
1353727451
-
-
Vehicles\Isuzu_N_Series\Parked_isuzu_npr.sco
1330739377
1345693456
-1
Vehicles\Scania_P_Series\Parked_scania_p410.sco
1344975527
1345629242
-1
Vehicles\Toyota_Alphard\Parked_alphard.sco
1282691193
1330882214
-1
