Sceneryobjects\3dtranstudio\hkstreet\ground_left.sco
1063426176
1063426176
-1
Sceneryobjects\3dtranstudio\hkstreet\ground_right.sco
1063426185
1063426185
-1
Sceneryobjects\3dtranstudio\hkstreet\ground_slow.sco
1063426120
1063426120
-1
Sceneryobjects\3dtranstudio\safe.sco
1053208753
1053208753
-1
Sceneryobjects\Busstops_HK\people_standing_narrow.sco
1067410857
1067410857
-1
Sceneryobjects\Generic\bus_stop.sco
1196580392
1196580392
-1
Sceneryobjects\Generic\entrypoint_bus.sco
1351774414
1351774414
-1
Sceneryobjects\Generic\routearrow_L.sco
1196580396
1196580396
-1
Sceneryobjects\Generic\routearrow_R.sco
1196580386
1196580386
-1
Sceneryobjects\Generic\routearrows_busstop.sco
1196580396
1196580396
-1
Sceneryobjects\H-Studio Object\Column_b_grey.sco
1110784253
1110784253
-1
Sceneryobjects\SS_HKTrafficSign\SS_Pole_Grey.sco
1051658064
1051658064
-1
Sceneryobjects\SS_HKTrafficSign\SS_Pole_Red.sco
1051658066
1051658066
-1
Sceneryobjects\SS_HKTrafficSign\SS_Pole_Yellow.sco
1051658063
1051658063
-1
Sceneryobjects\SS_HKTrafficSign\SS_Sign_AllVehProh.sco
1053070999
1053070999
-1
Sceneryobjects\SS_HKTrafficSign\SS_Sign_GiveWay.sco
1053072933
1053072933
-1
Sceneryobjects\SS_HKTrafficSign\SS_Sign_HumpAhead.sco
1053073020
1053073020
-1
Sceneryobjects\SS_HKTrafficSign\SS_Sign_L_ExceptFranBuses.sco
1063680521
1063680521
-1
Sceneryobjects\SS_HKTrafficSign\SS_Sign_L_Left.sco
1063680562
1063680562
-1
Sceneryobjects\SS_HKTrafficSign\SS_Sign_L_Right.sco
1063680578
1063680578
-1
Sceneryobjects\SS_HKTrafficSign\SS_Sign_N_NoStop24C.sco
1053073494
1053073494
-1
Sceneryobjects\SS_HKTrafficSign\SS_Sign_N_NoStop24GoodsVeh.sco
1053073505
1053073505
-1
Sceneryobjects\SS_HKTrafficSign\SS_Sign_N_NoStop712C.sco
1053073524
1053073524
-1
Sceneryobjects\SS_HKTrafficSign\SS_Sign_N_NoStop77.sco
1053073516
1053073516
-1
Sceneryobjects\SS_HKTrafficSign\SS_Sign_N_NoStopEnd.sco
1053073432
1053073432
-1
Sceneryobjects\SS_HKTrafficSign\SS_Sign_NoEntry.sco
1053073669
1053073669
-1
Sceneryobjects\SS_HKTrafficSign\SS_Sign_NoUTurns.sco
1053073851
1053073851
-1
Sceneryobjects\SS_HKTrafficSign\SS_Sign_PedAhead.sco
1053073873
1053073873
-1
Sceneryobjects\SS_HKTrafficSign\SS_Sign_SilentZone.sco
1053074122
1053074122
-1
Sceneryobjects\SS_HKTrafficSign\SS_Sign_Stop.sco
1053074424
1053074424
-1
Sceneryobjects\SS_HKTrafficSign\SS_Sign_TurnLeft.sco
1053074420
1053074420
-1
Sceneryobjects\Streetobjects_RUE\sodiumlight_L_break_L.sco
1196580395
1196580395
-1
Sceneryobjects\taxidriverhk_hkwk_lite\busstop_fence4.sco
1291017218
1291017218
-1
Sceneryobjects\taxidriverhk_hkwk_lite\busstop_fence4a.sco
1291017218
1291017218
-1
Sceneryobjects\taxidriverhk_hkwk_lite\busstop_fence4b.sco
1291017218
1291017218
-1
Sceneryobjects\taxidriverhk_hkwk_lite\busstop_manming.sco
1291017218
1291017218
-1
Sceneryobjects\taxidriverhk_hkwk_lite\chatham_crash_barrier_pole.sco
1291264289
1291264289
-1
Sceneryobjects\taxidriverhk_hkwk_lite\fence_1.sco
1226588946
1226588946
-1
Sceneryobjects\taxidriverhk_hkwk_lite\hunghom_laguna_part3.sco
1291264079
1291264079
-1
Sceneryobjects\taxidriverhk_hkwk_lite\hunghom_laguna_part4.sco
1291264079
1291264079
-1
Sceneryobjects\taxidriverhk_hkwk_lite\hunghom_laguna-verde-bus-terminus.sco
1291264178
1291264178
-1
Sceneryobjects\taxidriverhk_hkwk_lite\hunghom_taiwaneast-and-laguna.sco
1291264178
1291264178
-1
Sceneryobjects\taxidriverhk_hkwk_lite\kmb_regulator_room.sco
1291017218
1291017218
-1
Sceneryobjects\taxidriverhk_hkwk_lite\palmtree.sco
1291016771
1291016771
-1
Sceneryobjects\taxidriverhk_hkwk_lite\surfacemark_brokenlineforgiveway.sco
1291016917
1291016917
-1
Sceneryobjects\taxidriverhk_hkwk_lite\surfacemark_giveway_small.sco
1291016920
1291016920
-1
Sceneryobjects\taxidriverhk_hkwk_lite\surfacemark_stop.sco
1291016919
1291016919
-1
Sceneryobjects\taxidriverhk_hkwk_lite\whampoa_site12_block.sco
1291264079
1291264079
-1
Sceneryobjects\taxidriverhk_hkwk_lite\whampoa_site5_block.sco
1291264079
1291264079
-1
Sceneryobjects\Trees_MC\shrubbery_04_05.sco
1196580420
1196580420
-1
Sceneryobjects\Trees_MC\shrubbery_04_10.sco
1196580395
1196580395
-1
Sceneryobjects\Trees_MC\shrubbery_04_20.sco
1196580397
1196580397
-1
Sceneryobjects\Trees_MC\tree_large_01.sco
1196580429
1196580429
-1
Sceneryobjects\Trees_MC\tree_large_05.sco
1196580402
1196580402
-1
Sceneryobjects\Trees_MC\tree_medium_06.sco
1196580429
1196580429
-1
Sceneryobjects\Trees_MC\Tree_Small_07.sco
1196580407
1196580407
-1
Sceneryobjects\Trees_MC\Tree_Small_Nrw_01.sco
1196580455
1196580455
-1
Sceneryobjects\Verkehrszeichen_MC\VZ_surfmark_arrow_L.sco
1196580470
1196580470
-1
Sceneryobjects\Verkehrszeichen_MC\VZ_surfmark_arrow_R.sco
1196580407
1196580407
-1
Sceneryobjects\Verkehrszeichen_MC\VZ_surfmark_arrow_S.sco
1196580400
1196580400
-1
Sceneryobjects\Verkehrszeichen_MC\VZ_surfmark_arrow_SL.sco
1196580429
1196580429
-1
Splines\Marcel\invis_street.sli
1196580442
-
-
Splines\taxidriverhk\1lane_pedonly.sli
1090611022
-
-
Splines\taxidriverhk\2lanes_noped_verywide.sli
1095590011
-
-
Splines\taxidriverhk\3lanes_castlepeakroad_spline.sli
1133539697
-
-
Splines\taxidriverhk_nopaths\0lane_barrierforssppark.sli
1094083608
-
-
Splines\taxidriverhk_nopaths\0lane_crash_barrier.sli
1194157250
-
-
Splines\taxidriverhk_nopaths\0lane_pedonly.sli
1086949679
-
-
Splines\taxidriverhk_nopaths\0lane_pedonly_concrete.sli
1122450006
-
-
Splines\taxidriverhk_nopaths\0lane_pedonly_concrete_narrow.sli
1126528552
-
-
Splines\taxidriverhk_nopaths\0lane_pedonly_nocurb_wide.sli
1184136138
-
-
Splines\taxidriverhk_nopaths\0lane_road_15mwide.sli
1133782256
-
-
Splines\taxidriverhk_nopaths\0lane_singlebrokenline_nonfrequent.sli
1197087091
-
-
Splines\taxidriverhk_nopaths\0lane_singlewhiteandyellowline.sli
1186755994
-
-
Splines\taxidriverhk_nopaths\0lane_singleyellowline.sli
1122646105
-
-
