Sceneryobjects\Busstops_HK\Bus_hut_temp_green.sco
1519428667
1519428667
-1
Sceneryobjects\Busstops_HK\people_standing_narrow.sco
1352925428
1352925428
-1
Sceneryobjects\Generic\entrypoint_bus.sco
1210215900
1210215900
-1
Sceneryobjects\Generic\routearrow_dn_dyn.sco
1210215940
1210215940
-1
Sceneryobjects\Generic\routearrow_L_dyn.sco
1210215890
1210215890
-1
Sceneryobjects\Trees_MC\RHD_tree_large_01.sco
1097248121
1097248121
-1
Sceneryobjects\Trees_MC\RHD_tree_large_03.sco
1097248121
1097248121
-1
Splines\3dtranstudio\2spur_8m_altonaer_b.sli
1353727366
-
-
Splines\3dtranstudio\2spur_8m_altonaer_b_x-0-0-x.sli
1353727366
-
-
Splines\3dtranstudio\invis_street.sli
1353727366
-
-
Splines\3dtranstudio\pedonly_a.sli
1353727366
-
-
Splines\3dtranstudio\str_0spur_7m_hk.sli
1353727366
-
-
Splines\kelvin1324\fence1_grey.sli
1358084236
-
-
Splines\kelvin1324\fence2_grey.sli
1358084236
-
-
Splines\kelvin1324\fence5_grey.sli
1358084236
-
-
Splines\M3_Spline\line_GV.sli
1312790127
-
-
Splines\taxidriverhk_nopaths\0lane_barbedwire.sli
1353727451
-
-
Splines\taxidriverhk_nopaths\0lane_pedonly_nocurb.sli
1353727451
-
-
Splines\taxidriverhk_nopaths\0lane_pedonly_nocurb_wide.sli
1353727451
-
-
Splines\taxidriverhk_nopaths\0lane_retainingwall_5.sli
1353727451
-
-
