Sceneryobjects\GM4500 Objects\Coach.sco
1253396526
1253396526
-1
Sceneryobjects\M3 Traffic Light AI\2Av_1Ow_1_Car3.sco
1177328359
1177328359
-1
Sceneryobjects\Map E31\faketreea.sco
1347126929
1347126929
-1
Sceneryobjects\Map E31\tcnibar.sco
1350919249
1350919249
-1
Sceneryobjects\Map E31\tcnmbar.sco
1351517670
1351517670
-1
Sceneryobjects\taxidriverhk_hkwk_lite\chatham_crash_barrier_pole.sco
1291264289
1291264289
-1
Sceneryobjects\Trees_MC\RHD_tree_large_02.sco
1312789895
1312789895
-1
Sceneryobjects\Trees_MC\RHD_tree_large_03.sco
1312789895
1312789895
-1
Sceneryobjects\Trees_MC\RHD_tree_medium_06.sco
1312789895
1312789895
-1
Sceneryobjects\Trees_MC\RHD_Tree_Small_07.sco
1312789895
1312789895
-1
Splines\3dtranstudio\2line_1way.sli
1132015050
-
-
Splines\3dtranstudio\2way_2x2line_c_noped.sli
1196247872
-
-
Splines\3dtranstudio\invis_street.sli
999109838
-
-
Splines\3dtranstudio\str_0spur_20m_hk.sli
1192832509
-
-
Splines\3dtranstudio\str_0spur_4m_gras.sli
1331858713
-
-
Splines\3dtranstudio\str_0spur_7m_hk.sli
1065008832
-
-
Splines\gg_LHT\hillwall03.sli
1099479638
-
-
Splines\kelvin1324\fence1_grey.sli
1348739488
-
-
Splines\kelvin1324\fence2_grey.sli
1348739488
-
-
Splines\M3_Spline\line_white.sli
1177328550
-
-
Splines\taxidriverhk\taxidriverhk\taxidriverhk\1lane_roadonly_4mwide.sli
1312790255
-
-
Splines\taxidriverhk_nopaths\0lane_barrierfortonkin.sli
1095330490
-
-
Splines\taxidriverhk_nopaths\0lane_crash_barrier.sli
1194157250
-
-
Splines\taxidriverhk_nopaths\0lane_pedonly_concrete_narrow.sli
1126528552
-
-
Splines\taxidriverhk_nopaths\0lane_pedonly_concrete_narrow_nocurb.sli
1126529296
-
-
Splines\taxidriverhk_nopaths\0lane_pedonly_concrete_nocurb_wide.sli
1251169457
-
-
Splines\taxidriverhk_nopaths\0lane_tsuiyu_barrier.sli
1182428549
-
-
Splines\taxidriverhk_nopaths\taxidriverhk_nopaths\taxidriverhk_nopaths\taxidriverhk_nopaths\0lane_splineforbarrier.sli
1312790262
-
-
