Sceneryobjects\Generic\car_park.sco
1210215900
1210215900
-1
Sceneryobjects\Generic\entrypoint_bus.sco
1210215900
1210215900
-1
Sceneryobjects\kelvin1324_Misc\bollard_HK_1_NoArrow_.sco
1351811377
1351811377
-1
Sceneryobjects\kelvin1324_Misc\HK Road Marking_TransDept Standard\HKRoadMarking_arrowLeft_.sco
1351811378
1351811378
-1
Sceneryobjects\kelvin1324_Misc\HK Road Marking_TransDept Standard\HKRoadMarking_arrowRight_.sco
1351811378
1351811378
-1
Sceneryobjects\kelvin1324_Misc\HK Road Marking_TransDept Standard\HKRoadMarking_arrowStraight_.sco
1351811378
1351811378
-1
Sceneryobjects\kelvin1324_Misc\HK Road Marking_TransDept Standard\HKRoadMarking_GiveWay_.sco
1351811378
1351811378
-1
Sceneryobjects\kelvin1324_Misc\HK Road Marking_TransDept Standard\HKRoadMarking_LookLeft_.sco
1351811378
1351811378
-1
Sceneryobjects\kelvin1324_Misc\HK Road Marking_TransDept Standard\HKRoadMarking_LookRight_.sco
1351811378
1351811378
-1
Sceneryobjects\kelvin1324_Misc\HK Road Sign_TransDept Standard\HKRoadSign_Left_.sco
1351811379
1351811379
-1
Sceneryobjects\kelvin1324_Misc\HK Road Sign_TransDept Standard\HKRoadSign_NoEntry_.sco
1351811379
1351811379
-1
Sceneryobjects\kelvin1324_Misc\HK Road Sign_TransDept Standard\HKRoadSign_NoEntry_Yield_.sco
1351811379
1351811379
-1
Sceneryobjects\kelvin1324_Misc\HK Road Sign_TransDept Standard\HKRoadSign_Stop_.sco
1351811379
1351811379
-1
Sceneryobjects\kelvin1324_Misc\HK Road Sign_TransDept Standard\HKRoadSign_Straight_.sco
1351811379
1351811379
-1
Sceneryobjects\KMB Lollipop\Lollipop2x2NoBase.sco
1252832014
1252832014
-1
Sceneryobjects\KowloonEast_3D_3M\21TingOnSt_.sco
1326726849
1326726849
-1
Sceneryobjects\KowloonEast_3D_3M\326KwunTongRd_.sco
1326673058
1326673058
-1
Sceneryobjects\KowloonEast_3D_3M\330KwunTongRd_.sco
1326614296
1326614296
-1
Sceneryobjects\KowloonEast_3D_3M\332KwunTongRd_.sco
1326612921
1326612921
-1
Sceneryobjects\KowloonEast_3D_3M\334KwunTongRd_.sco
1326610614
1326610614
-1
Sceneryobjects\KowloonEast_3D_3M\338KwunTongRd_.sco
1326607886
1326607886
-1
Sceneryobjects\KowloonEast_3D_3M\340KwunTongRd_.sco
1326606832
1326606832
-1
Sceneryobjects\KowloonEast_3D_3M\342KwunTongRd_.sco
1326675156
1326675156
-1
Sceneryobjects\KowloonEast_3D_3M\3TingOnSt_.sco
1326724285
1326724285
-1
Sceneryobjects\KowloonEast_3D_3M\45TingFuSt_.sco
1326730328
1326730328
-1
Sceneryobjects\KowloonEast_3D_3M\83TingFuSt_.sco
1326728900
1326728900
-1
Sceneryobjects\M3 Traffic Light AI\1Av_2St_1_Car3.sco
1345259634
1345259634
-1
Sceneryobjects\NG1604's object\water-barrier-white.sco
1345259674
1345259674
-1
Sceneryobjects\Sceneryobjects\Generic\car_park.sco
995274758
995274758
-1
Sceneryobjects\Sceneryobjects\Lai Chi Kok Depot\water-barrier-white.sco
1114482531
1114482531
-1
Sceneryobjects\SS_HKTrafficSign\RHD_Sign_Stop (21).sco
1051658063
1051658063
-1
Sceneryobjects\SS_HKTrafficSign\RHD_Sign_Stop (22).sco
1053070980
1053070980
-1
Sceneryobjects\SS_HKTrafficSign\RHD_SS_Pole_Grey.sco
1051658064
1051658064
-1
Sceneryobjects\SS_HKTrafficSign\RHD_SS_Sign_N_NoStop77.sco
1345259705
1345259705
-1
Sceneryobjects\SS_HKTrafficSign\SS_Pole_Grey (2).sco
1345259694
1345259694
-1
Sceneryobjects\SS_HKTrafficSign\SS_Sign_GiveWay (2).sco
1345259694
1345259694
-1
Sceneryobjects\SS_HKTrafficSign\SS_Sign_NoPed.sco
1053073633
1053073633
-1
Sceneryobjects\SS_HKTrafficSign\SS_Sign_TurnLeft.sco
1053074420
1053074420
-1
Sceneryobjects\taxidriverhk\surfacemark_brokenlineforgiveway.sco
1291016917
1291016917
-1
Sceneryobjects\taxidriverhk\surfacemark_doublelineforstop.sco
1291016916
1291016916
-1
Sceneryobjects\taxidriverhk\surfacemark_stop.sco
1291016919
1291016919
-1
Sceneryobjects\taxidriverhk\surfacemark_yellowbox_5mx3.5m.sco
1291016881
1291016881
-1
Sceneryobjects\taxidriverhk\surfacemark_yellowbox_8mx4.3m.sco
1291016878
1291016878
-1
Sceneryobjects\taxidriverhk_signage\signage_excepttaxis.sco
1291264439
1291264439
-1
Sceneryobjects\Traffic_Light_HK_FF3170\Philips_car_standard_L.sco
1149331984
1149331984
-1
Sceneryobjects\Traffic_Light_HK_FF3170\Philips_car_standard_S.sco
1149332005
1149332005
-1
Sceneryobjects\Traffic_Light_HK_FF3170\Philips_P.sco
1149053701
1149053701
-1
Sceneryobjects\Trees_MC\RHD_shrubbery_04_20.sco
1097248121
1097248121
-1
Sceneryobjects\Trees_MC\RHD_tree_large_01.sco
1097248121
1097248121
-1
Sceneryobjects\Trees_MC\RHD_tree_large_02.sco
1097248121
1097248121
-1
Sceneryobjects\Trees_MC\shrubbery_03_10.sco
1181629455
1181629455
-1
Sceneryobjects\Trees_MC\tree_medium_05.sco
1181629490
1181629490
-1
Splines\296a\rm.sli
1179593147
-
-
Splines\296a\str_2spur_8m_1_line_bridge_rail.sli
1353733506
-
-
Splines\296d\building01.sli
1353733507
-
-
Splines\ALPWorkshopSLI\CDLX\Misc\yellowline.sli
1286433570
-
-
Splines\kelvin1324\0lane_path-ped5_20m.sli
1358084233
-
-
Splines\kelvin1324\0lane_path-ped5_2m.sli
1358084233
-
-
Splines\kelvin1324\0lane_path-ped5_4m_AI.sli
1515499138
-
-
Splines\kelvin1324\0lane_path-ped5_4m_fence1_AI.sli
1358084233
-
-
Splines\kelvin1324\fence1_grey.sli
1358084236
-
-
Splines\kelvin1324\fence1_lightblue.sli
1358084236
-
-
Splines\M3_Spline\P_crossing.sli
1312790127
-
-
Splines\Splines\kelvin1324\1lanes_dro_s3s_4m.sli
1351790241
-
-
Splines\Splines\kelvin1324\Highway series\Tolo_RoadRailing&sidebeton.sli
1348739490
-
-
Splines\Splines\TaiPoProject_Highway\0lanes_Tolo_nopath_verynarrow.sli
1352894850
-
-
Splines\Splines\taxidriverhk\taxidriverhk\taxidriverhk\taxidriverhk\0lane_pedonly_concrete_narrow.sli
1312790251
-
-
Splines\Splines\taxidriverhk\taxidriverhk\taxidriverhk\taxidriverhk\0lane_singlewhiteline.sli
1312790251
-
-
Splines\Splines\taxidriverhk\taxidriverhk\taxidriverhk\taxidriverhk\0lane_singlewhiteline_thick.sli
1312790251
-
-
Splines\Splines\taxidriverhk\taxidriverhk\taxidriverhk\taxidriverhk\1lane_roadonly.sli
1312790255
-
-
Splines\taxidriverhk\0lane_bridgewallwing2.sli
1353727447
-
-
Splines\taxidriverhk\0lane_pedonly_concrete_nocurb.sli
1353727447
-
-
Splines\taxidriverhk\1lane_gascoigneflyover.sli
1353727447
-
-
Splines\taxidriverhk\2lanes_gascoigneflyover.sli
1353727447
-
-
Splines\taxidriverhk\2lanes_oneway_noped_wide.sli
1353727447
-
-
Splines\taxidriverhk\2lanes_wcurbnoped_half.sli
1353727448
-
-
Splines\taxidriverhk\taxidriverhk\taxidriverhk\taxidriverhk\taxidriverhk\3lanes_wstonebarriernoped_half_12mwide.sli
1312790256
-
-
Splines\taxidriverhk_nopaths\0lane_barrierfornathan.sli
1353727451
-
-
Splines\taxidriverhk_nopaths\0lane_grasscover.sli
1353727451
-
-
Splines\taxidriverhk_nopaths\0lane_pedonly_concrete.sli
1353727451
-
-
Splines\taxidriverhk_nopaths\0lane_retainingwall_5.sli
1353727451
-
-
Splines\taxidriverhk_nopaths\0lane_waterbarrier.sli
1353727451
-
-
Sceneryobjects\296a\obj_kt020.sco
1181970138
1181970138
-1
Sceneryobjects\3dtranstudio\bridge_pier.sco
1056467393
1056467393
-1
Sceneryobjects\Busstops_HK\people_standing_narrow.sco
1352925428
1352925428
-1
Sceneryobjects\Generic\bus_stop.sco
1210215889
1210215889
-1
Sceneryobjects\kelvin1324_Buildings\mtr_Platform1_.sco
1351811319
1351811319
-1
Sceneryobjects\KMB Bus stop Lollipop\Lollipop3x3NoBase.sco
1252879112
1252879112
-1
Sceneryobjects\KMB Lollipop\Lollipop4x5NoBase.sco
1252856098
1252856098
-1
Sceneryobjects\Streetobjects_RUE\neonlight_2L_bend_L.sco
1030664952
1030664952
-1
Sceneryobjects\Streetobjects_RUE\neonlight_L_bend_L.sco
1030664421
1030664421
-1
Sceneryobjects\Traffic_Light_HK_FF3170\Philips_P_LM.sco
1151167040
1151167040
-1
Sceneryobjects\Traffic_Light_HK_FF3170\Philips_P_RM.sco
1151167040
1151167040
-1
Sceneryobjects\Trees_MC\shrubbery_03_20.sco
1181629521
1181629521
-1
Sceneryobjects\Trees_MC\Streetobjects_RUE\sodiumlight_L_break_L.sco
1031255860
1031255860
-1
Sceneryobjects\Trees_MC\Tree_Small_04.sco
1181629524
1181629524
-1
Sceneryobjects\UKDT\iomex\Flora 3\Chinese Red Birch 1.sco
1280485216
1280485216
-1
Sceneryobjects\UKDT\iomex\Flora 3\Gorse.sco
1280485216
1280485216
-1
Sceneryobjects\UKDT\iomex\Flora 3\Hibiscus 1.sco
1280485216
1280485216
-1
Sceneryobjects\UKDT\iomex\Flora 3\Hydrangea.sco
1280485216
1280485216
-1
Sceneryobjects\UKDT\iomex\Flora 3\Texas Sage 3.sco
1280485216
1280485216
-1
Splines\296a\train_bridge.sli
1183142279
-
-
Splines\296a\train_bridge4.sli
1183142787
-
-
Splines\kelvin1324\psk_hoarding01.sli
1358084237
-
-
Splines\taxidriverhk\0lane_road_7mwide.sli
1353727447
-
-
Splines\taxidriverhk_nopaths\0lane_doublewhiteline_onesidebroken.sli
1353727451
-
-
Splines\taxidriverhk_nopaths\0lane_road_1mwide.sli
1151572055
-
-
Splines\taxidriverhk_nopaths\0lane_singlewhiteline_thick.sli
1353727451
-
-
Splines\taxidriverhk_nopaths\0lane_wstonebarriernoped.sli
1353727451
-
-
Sceneryobjects\Generic\routearrow_dn.sco
1210215877
1210215877
-1
Sceneryobjects\Generic\routearrows_busstop.sco
1210216053
1210216053
-1
Sceneryobjects\Lai Chi Kok Depot\water-barrier-white.sco
1114482531
1114482531
-1
Splines\kelvin1324\Highway series\Tolo_RoadRailing&sidebeton.sli
1358084240
-
-
Splines\TaiPoProject_Highway\0lanes_Tolo_nopath_verynarrow.sli
1358102678
-
-
Splines\taxidriverhk\0lane_pedonly_concrete_narrow.sli
1353727447
-
-
Splines\taxidriverhk\0lane_singlewhiteline.sli
1353727447
-
-
Splines\taxidriverhk\0lane_singlewhiteline_thick.sli
1353727447
-
-
Splines\taxidriverhk\1lane_roadonly.sli
1353727447
-
-
Splines\taxidriverhk\3lanes_wstonebarriernoped_half_12mwide.sli
1353727448
-
-
