Sceneryobjects\3dtranstudio\hkstreet\ground_busstop1.sco
1063459043
1063459043
-1
Sceneryobjects\3dtranstudio\hkstreet\ground_busstop2.sco
1063459046
1063459046
-1
Sceneryobjects\3dtranstudio\hkstreet\ground_busstop3.sco
1063459051
1063459051
-1
Sceneryobjects\3dtranstudio\hkstreet\ground_busstop4.sco
1063459056
1063459056
-1
Sceneryobjects\3dtranstudio\safe.sco
1053208753
1053208753
-1
Sceneryobjects\Buildings_MC\Box01.sco
1196580373
1196580373
-1
Sceneryobjects\Buildings_MC\portao.sco
1226475078
1226475078
-1
Sceneryobjects\Busstops_HK\Bus_hut_temp_M_green.sco
1079550354
1079550354
-1
Sceneryobjects\Busstops_HK\people_standing_narrow.sco
1067410857
1067410857
-1
Sceneryobjects\Generic\bus_stop.sco
1196580392
1196580392
-1
Sceneryobjects\Generic\car_park.sco
1196580424
1196580424
-1
Sceneryobjects\Generic\people_standing_small.sco
1196580424
1196580424
-1
Sceneryobjects\Generic\routearrow_dn.sco
1196580385
1196580385
-1
Sceneryobjects\Generic\routearrows_busstop.sco
1196580396
1196580396
-1
Sceneryobjects\Mice122 Production\HK_Lamp\lamp(y)Twins_T.sco
1149673861
1149673861
-1
Sceneryobjects\Mice122 Production\HK_Objects\FlashLight\FL_Base.sco
1149734513
1149734513
-1
Sceneryobjects\Mice122 Production\HK_Objects\FlashLight\FL_Body.sco
1149734511
1149734511
-1
Sceneryobjects\Mice122 Production\HK_Objects\FlashLight\FL_holder_N.sco
1149734508
1149734508
-1
Sceneryobjects\Mice122 Production\HK_Objects\SpeedCam\Spdcam_body.sco
1131764072
1131764072
-1
Sceneryobjects\Mice122 Production\HK_Objects\SpeedCam\Spdcam_L_holder_N.sco
1149181340
1149181340
-1
Sceneryobjects\Mice122 Production\HK_Objects\SpeedCam\Spdcam_Std_body.sco
1131761788
1131761788
-1
Sceneryobjects\SS_HKTrafficSign\SS_Pole_Grey.sco
1051658064
1051658064
-1
Sceneryobjects\SS_HKTrafficSign\SS_Pole_Red.sco
1051658066
1051658066
-1
Sceneryobjects\SS_HKTrafficSign\SS_Pole_Yellow.sco
1051658063
1051658063
-1
Sceneryobjects\SS_HKTrafficSign\SS_Sign_AllVehProh.sco
1053070999
1053070999
-1
Sceneryobjects\SS_HKTrafficSign\SS_Sign_BlackspotAhead.sco
1053071032
1053071032
-1
Sceneryobjects\SS_HKTrafficSign\SS_Sign_Children.sco
1053071113
1053071113
-1
Sceneryobjects\SS_HKTrafficSign\SS_Sign_GiveWay.sco
1053072933
1053072933
-1
Sceneryobjects\SS_HKTrafficSign\SS_Sign_L_Left.sco
1063680562
1063680562
-1
Sceneryobjects\SS_HKTrafficSign\SS_Sign_L_Right.sco
1063680578
1063680578
-1
Sceneryobjects\SS_HKTrafficSign\SS_Sign_N_NoStop24.sco
1053073489
1053073489
-1
Sceneryobjects\SS_HKTrafficSign\SS_Sign_N_NoStop712.sco
1053073523
1053073523
-1
Sceneryobjects\SS_HKTrafficSign\SS_Sign_N_NoStop712C.sco
1053073524
1053073524
-1
Sceneryobjects\SS_HKTrafficSign\SS_Sign_N_NoStop712CLightBus.sco
1053073531
1053073531
-1
Sceneryobjects\SS_HKTrafficSign\SS_Sign_N_NoStop77C.sco
1053073520
1053073520
-1
Sceneryobjects\SS_HKTrafficSign\SS_Sign_N_NoStopEnd.sco
1053073432
1053073432
-1
Sceneryobjects\SS_HKTrafficSign\SS_Sign_NoEntry.sco
1053073669
1053073669
-1
Sceneryobjects\SS_HKTrafficSign\SS_Sign_NoRightTurn.sco
1053073650
1053073650
-1
Sceneryobjects\SS_HKTrafficSign\SS_Sign_NoUTurns.sco
1053073851
1053073851
-1
Sceneryobjects\SS_HKTrafficSign\SS_Sign_TurnLeft.sco
1053074420
1053074420
-1
Sceneryobjects\SS_HKTrafficSign\SS_Sign_TwoWayAhead.sco
1053074511
1053074511
-1
Sceneryobjects\Streetobjects_RUE\sodiumlight_L_break_L.sco
1196580395
1196580395
-1
Sceneryobjects\taxidriverhk_hkwk_lite\bushut_2000.sco
1291017218
1291017218
-1
Sceneryobjects\taxidriverhk_hkwk_lite\bushut_2000_5pole_2.sco
1291017218
1291017218
-1
Sceneryobjects\taxidriverhk_hkwk_lite\bushut_2000_7pole_2.sco
1291017218
1291017218
-1
Sceneryobjects\taxidriverhk_hkwk_lite\bushut_2000_8pole_3.sco
1291017218
1291017218
-1
Sceneryobjects\taxidriverhk_hkwk_lite\bushut_2000_9pole.sco
1291017218
1291017218
-1
Sceneryobjects\taxidriverhk_hkwk_lite\busstop_crystal_freetex.sco
1291262573
1291262573
-1
Sceneryobjects\taxidriverhk_hkwk_lite\busstop_crystal2.sco
1291263125
1291263125
-1
Sceneryobjects\taxidriverhk_hkwk_lite\busstop_newplate_freetex.sco
1291262929
1291262929
-1
Sceneryobjects\taxidriverhk_hkwk_lite\busstop_stone.sco
1291017218
1291017218
-1
Sceneryobjects\taxidriverhk_hkwk_lite\endofbarrierfortrees.sco
1291016857
1291016857
-1
Sceneryobjects\taxidriverhk_hkwk_lite\fence_1.sco
1226588946
1226588946
-1
Sceneryobjects\taxidriverhk_hkwk_lite\fence_2.sco
1226589147
1226589147
-1
Sceneryobjects\taxidriverhk_hkwk_lite\gascoigne_gascoignebridge_elasticpole.sco
1291264301
1291264301
-1
Sceneryobjects\taxidriverhk_hkwk_lite\gascoigne_gascoignebridge_pillar.sco
1291264289
1291264289
-1
Sceneryobjects\taxidriverhk_hkwk_lite\gascoigne_gascoignebridge_railing_pole.sco
1291264289
1291264289
-1
Sceneryobjects\taxidriverhk_hkwk_lite\gascoigne_methodist.sco
1291264079
1291264079
-1
Sceneryobjects\taxidriverhk_hkwk_lite\jordan_gascoigne_ped.sco
1291264719
1291264719
-1
Sceneryobjects\taxidriverhk_hkwk_lite\jordan_gascoigne_surfacemark.sco
1291264720
1291264720
-1
Sceneryobjects\taxidriverhk_hkwk_lite\jordan_kowloon.sco
1291264531
1291264531
-1
Sceneryobjects\taxidriverhk_hkwk_lite\jordan_publicsquare-and-nathan.sco
1291264586
1291264586
-1
Sceneryobjects\taxidriverhk_hkwk_lite\jordan_tang.sco
1291264531
1291264531
-1
Sceneryobjects\taxidriverhk_hkwk_lite\signage_gascoigne_1.sco
1291264439
1291264439
-1
Sceneryobjects\taxidriverhk_hkwk_lite\surfacemark_brokenlineforgiveway.sco
1291016917
1291016917
-1
Sceneryobjects\taxidriverhk_hkwk_lite\surfacemark_giveway.sco
1291016921
1291016921
-1
Sceneryobjects\taxidriverhk_hkwk_lite\surfacemark_merge_left.sco
1291016902
1291016902
-1
Sceneryobjects\taxidriverhk_hkwk_lite\ymt_469.sco
1291152875
1291152875
-1
Sceneryobjects\taxidriverhk_hkwk_lite\ymt_475.sco
1291152876
1291152876
-1
Sceneryobjects\taxidriverhk_hkwk_lite\ymt_500.sco
1291152877
1291152877
-1
Sceneryobjects\taxidriverhk_hkwk_lite\ymt_fayuen.sco
1291152890
1291152890
-1
Sceneryobjects\Traffic_Light_HK_FF3170\Philips_car_single_L.sco
1151216227
1151216227
-1
Sceneryobjects\Traffic_Light_HK_FF3170\Philips_car_standard_board.sco
1151230789
1151230789
-1
Sceneryobjects\Traffic_Light_HK_FF3170\Philips_car_standard_R_board.sco
1151611143
1151611143
-1
Sceneryobjects\Traffic_Light_HK_FF3170\Philips_car_standard_S_board.sco
1151611147
1151611147
-1
Sceneryobjects\Traffic_Light_HK_FF3170\Philips_P.sco
1149053701
1149053701
-1
Sceneryobjects\Traffic_Light_HK_FF3170\Philips_P_RM.sco
1151216205
1151216205
-1
Sceneryobjects\Traffic_Light_HK_FF3170\Teletech_car_standard.sco
1162295706
1162295706
-1
Sceneryobjects\Traffic_Light_HK_FF3170\Teletech_car_standard_R_RM.sco
1165115413
1165115413
-1
Sceneryobjects\Traffic_Light_HK_FF3170\Teletech_car_standard_S_LM.sco
1165115173
1165115173
-1
Sceneryobjects\Traffic_Light_HK_FF3170\Teletech_P.sco
1165111819
1165111819
-1
Sceneryobjects\Traffic_Light_HK_FF3170\Teletech_P_LM.sco
1165112042
1165112042
-1
Sceneryobjects\Traffic_Light_HK_FF3170\Teletech_P_RM.sco
1165112052
1165112052
-1
Sceneryobjects\Trees_MC\tree_large_06.sco
1196580429
1196580429
-1
Sceneryobjects\Trees_MC\tree_medium_06.sco
1196580429
1196580429
-1
Sceneryobjects\Trees_MC\tree_medium_09.sco
1196580402
1196580402
-1
Sceneryobjects\Trees_MC\Tree_Small_08.sco
1196580400
1196580400
-1
Sceneryobjects\Verkehrszeichen_MC\Mast_Ampel_klein_1.sco
1196580402
1196580402
-1
Sceneryobjects\Verkehrszeichen_MC\VZ_surfmark_arrow_L.sco
1196580470
1196580470
-1
Sceneryobjects\Verkehrszeichen_MC\VZ_surfmark_arrow_R.sco
1196580407
1196580407
-1
Sceneryobjects\Verkehrszeichen_MC\VZ_surfmark_arrow_S.sco
1196580400
1196580400
-1
Sceneryobjects\Verkehrszeichen_MC\VZ_surfmark_arrow_SL.sco
1196580429
1196580429
-1
Splines\Marcel\str_0spur_4m.sli
1054705313
-
-
Splines\Marcel\str_0spur_7m.sli
1054705142
-
-
Splines\taxidriverhk\1lane_pedonly.sli
1090611022
-
-
Splines\taxidriverhk\1lane_pedonly_concrete.sli
1095590210
-
-
Splines\taxidriverhk\1lane_roadonly.sli
1086799912
-
-
Splines\taxidriverhk\2lanes_gascoigneflyover.sli
1192867680
-
-
Splines\taxidriverhk\2lanes_oneway_noped.sli
1090215393
-
-
Splines\taxidriverhk\2lanes_wbarriernoped_half.sli
1086946592
-
-
Splines\taxidriverhk\3lanes_wbarriernoped_half.sli
1086944898
-
-
Splines\taxidriverhk\4lanes_wbarriernoped_half.sli
1086799552
-
-
Splines\taxidriverhk_nopaths\0lane_barrierforgascoigne.sli
1087919396
-
-
Splines\taxidriverhk_nopaths\0lane_barrierfortrees.sli
1089825661
-
-
Splines\taxidriverhk_nopaths\0lane_construction.sli
1133739488
-
-
Splines\taxidriverhk_nopaths\0lane_doubleyellowline.sli
1122646158
-
-
Splines\taxidriverhk_nopaths\0lane_pedonly.sli
1086949679
-
-
Splines\taxidriverhk_nopaths\0lane_road_15mwide.sli
1133782256
-
-
Splines\taxidriverhk_nopaths\0lane_singlebrokenwhiteline.sli
1123559112
-
-
Splines\taxidriverhk_nopaths\0lane_singlewhiteline.sli
1122646063
-
-
Splines\taxidriverhk_nopaths\0lane_singleyellowline.sli
1122646105
-
-
Sceneryobjects\CDLX\KMB\GlassLollipop2x2NoBase.sco
1351837291
1351837291
-1
Sceneryobjects\CDLX\KMB\GlassLollipop3x2NoBase.sco
1351837291
1351837291
-1
Sceneryobjects\CDLX\KMB\GlassLollipop4x4NoBase.sco
1351837291
1351837291
-1
Sceneryobjects\CDLX\KMB\NewLollipop2x2NoBase.sco
1351837291
1351837291
-1
Sceneryobjects\CDLX\KMB\NewLollipop3x3NoBase.sco
1351837291
1351837291
-1
Sceneryobjects\CDLX\KMB\NewLollipop4x4NoBase.sco
1351837291
1351837291
-1
