Sceneryobjects\Busstops_HK\people_standing_narrow.sco
1352925428
1352925428
-1
Sceneryobjects\CDLX\KMB\Helper2x2.sco
1286053976
1286053976
-1
Sceneryobjects\CDLX\KMB\NewLollipop2x2Full.sco
1282491258
1282491258
-1
Sceneryobjects\Generic\bus_stop.sco
1210215889
1210215889
-1
Sceneryobjects\Map E31\kfcou.sco
1358936877
1358936877
-1
Sceneryobjects\Map E31\lyec.sco
1359482035
1359482035
-1
Sceneryobjects\taxidriverhk\island_small.sco
1291016761
1291016761
-1
Sceneryobjects\taxidriverhk_busstop\bushut_1980.sco
1291262948
1291262948
-1
Sceneryobjects\taxidriverhk_hkwk_lite\chatham_crash_barrier_pole.sco
1291264289
1291264289
-1
Sceneryobjects\taxidriverhk_hkwk_lite\gascoigne_gascoignebridge_railing_end.sco
1291264289
1291264289
-1
Sceneryobjects\taxidriverhk_hkwk_lite\gascoigne_gascoignebridge_railing_pole.sco
1291264289
1291264289
-1
Sceneryobjects\Trees_MC\RHD_tree_large_01.sco
1097248121
1097248121
-1
Sceneryobjects\Trees_MC\RHD_tree_large_03.sco
1097248121
1097248121
-1
Sceneryobjects\Trees_MC\RHD_tree_medium_06.sco
1097248121
1097248121
-1
Splines\3dtranstudio\2line_1way _leftped.sli
1353727365
-
-
Splines\3dtranstudio\2spur_11m_altonaer_c_noped.sli
1353727365
-
-
Splines\3dtranstudio\2spur_11m_altonaer_d_tstrd.sli
1358872293
-
-
Splines\3dtranstudio\2spur_11m_altonaer_d_x-0-1-2_tstrd.sli
1358871867
-
-
Splines\3dtranstudio\2spur_8m_altonaer_c_tstrd.sli
1358931779
-
-
Splines\3dtranstudio\2way_2x2line_a_noped.sli
1353727366
-
-
Splines\3dtranstudio\half_8m_altonaer_b.sli
1353727366
-
-
Splines\3dtranstudio\half_8m_altonaer_b_tstrd.sli
1358872443
-
-
Splines\3dtranstudio\hkstreet\highway_a.sli
1353727382
-
-
Splines\3dtranstudio\ped_tstrd.sli
1358932009
-
-
Splines\3dtranstudio\pedonly_a tstrd.sli
1346658763
-
-
Splines\3dtranstudio\pedonly_a.sli
1353727366
-
-
Splines\3dtranstudio\str_0spur_0.5m_gras.sli
1358858958
-
-
Splines\3dtranstudio\str_0spur_1m_gras.sli
1358858575
-
-
Splines\3dtranstudio\str_0spur_2m_gras.sli
1358858620
-
-
Splines\3dtranstudio\str_0spur_4m_gras.sli
1353727366
-
-
Splines\3dtranstudio\str_0spur_4m_hk.sli
1353727366
-
-
Splines\3dtranstudio\str_0spur_7m_gras.sli
1353727366
-
-
Splines\3dtranstudio\str_0spur_7m_hk.sli
1353727366
-
-
Splines\CDLX\Misc\KeepClearArrow.sli
1286471801
-
-
Splines\CDLX\Misc\whiteline.sli
1286433570
-
-
Splines\CDLX\Misc\whiteline_asphalt_patch.sli
1287285058
-
-
Splines\gg\hillwall03.sli
1099479639
-
-
Splines\gg\hillwall04.sli
1099939397
-
-
Splines\kelvin1324\fence1_grey.sli
1358084236
-
-
Splines\kelvin1324\fence2_grey.sli
1358084236
-
-
Splines\kelvin1324\line_brokendoubleline_cluster.sli
1358084237
-
-
Splines\kelvin1324\line_brokensingleline.sli
1358084237
-
-
Splines\kelvin1324\line_brokensingleline_cluster.sli
1358084237
-
-
Splines\kelvin1324\line_singleline_brokenline.sli
1358084237
-
-
Splines\kelvin1324\psk_hoarding01.sli
1358084237
-
-
Splines\M3_Spline\line_GV.sli
1312790127
-
-
Splines\M3_Spline\line_road.sli
1312790127
-
-
Splines\taxidriverhk\0lane_pedonly_concrete_narrow.sli
1353727447
-
-
Splines\taxidriverhk\1lane_roadonly_4mwide.sli
1353727447
-
-
Splines\taxidriverhk\2lanes_gascoigneflyover.sli
1353727447
-
-
Splines\taxidriverhk\Chathamroad_flyover_ped.sli
1358867624
-
-
Splines\taxidriverhk_nopaths\0lane_chathamflyover_rail.sli
1358934598
-
-
Splines\taxidriverhk_nopaths\0lane_crash_barrier.sli
1353727451
-
-
Splines\taxidriverhk_nopaths\0lane_doublewhiteline - a.sli
1335646842
-
-
Splines\taxidriverhk_nopaths\0lane_pedonly_concrete_narrow_nocurb.sli
1353727451
-
-
Splines\taxidriverhk_nopaths\0lane_pedonly_concrete_nocurb_wide.sli
1353727451
-
-
Splines\taxidriverhk_nopaths\0lane_tsuiyu_barrier.sli
1353727451
-
-
Splines\taxidriverhk_nopaths\0lanes_oneway_meifooflyover_bottom_narrow.sli
1353727451
-
-
