Sceneryobjects\Ruede\forest_backdrop01.sco
1210215922
1210215922
-1
Sceneryobjects\Streetobjects_RUE\sodiumlight_L_break_L.sco
1031241524
1031241524
-1
Sceneryobjects\taxidriverhk_for_ssp_csw_lck_mf\tonkin_leichenguk_6.sco
1192240428
1192240428
-1
Sceneryobjects\taxidriverhk_for_taipo_uc_cp\uc_caltex.sco
1192061308
1192061308
-1
Sceneryobjects\Trees_MC\RHD_shrubbery_01_10.sco
1097248121
1097248121
-1
Sceneryobjects\Trees_MC\tree_large_06.sco
1181629460
1181629460
-1
Sceneryobjects\Trees_MC\Tree_Small_05.sco
1181629490
1181629490
-1
Sceneryobjects\UKDT\iomex\Flora 3\Bullet Tree 1.sco
1280485216
1280485216
-1
Sceneryobjects\UKDT\iomex\Flora 3\Green Leaf Tree 1.sco
1280485216
1280485216
-1
Splines\215x\rail_boxcut_concrete_1tr6m.sli
1353733506
-
-
Splines\ADDON_SimpleStreets\RQ_10,5_1spur_bridge_forward.sli
1056517466
-
-
Splines\CDLX\Misc\KeepClearArrow.sli
1286471801
-
-
Splines\CDLX\Misc\whiteline_asphalt_patch_narrow.sli
1368620166
-
-
Splines\HKSAR_Marcel\invis_street.sli
1177328544
-
-
Splines\kelvin1324\0lane_path-ped5_4m_AI_NoYellowLine.sli
1515499154
-
-
Splines\SaiKung\str_1spur_5m_bridge_rail_Anoai.sli
1179497810
-
-
Splines\Splines\kelvin1324\fence1_lightblue.sli
1248568135
-
-
Splines\Splines\kelvin1324\kelvin1324\kelvin1324\kelvin1324\fence1_grey.sli
1352894844
-
-
Splines\taxidriverhk\0lane_pedonly_concrete_narrow.sli
1353727447
-
-
Splines\taxidriverhk\0lane_pedonly_concrete_nocurb.sli
1353727447
-
-
Splines\taxidriverhk\1lane_pedonly.sli
1353727447
-
-
Splines\taxidriverhk\1lane_roadonly.sli
1353727447
-
-
Splines\taxidriverhk\1lane_wstonebarriernoped_half.sli
1353727447
-
-
Splines\taxidriverhk\2lanes_cheungfatst_spline.sli
1353727447
-
-
Splines\taxidriverhk\2lanes_oneway_noped.sli
1353727447
-
-
Splines\taxidriverhk\2lanes_wstonebarriernoped_half.sli
1353727448
-
-
Splines\taxidriverhk\3lanes_oneway_noped_narrow.sli
1353727448
-
-
Splines\taxidriverhk\3lanes_wstonebarriernoped_half.sli
1353727448
-
-
Splines\taxidriverhk_nopaths\0lane_retainingwall.sli
1353727451
-
-
Splines\taxidriverhk_nopaths\0lane_retainingwall_4.sli
1353727451
-
-
Splines\taxidriverhk_nopaths\1lane_pedonly_concrete.sli
1095543106
-
-
Splines\kelvin1324\fence1_grey.sli
1358084236
-
-
Splines\kelvin1324\fence1_lightblue.sli
1358084236
-
-
