Sceneryobjects\3dtranstudio\bridge_pier.sco
1056467393
1056467393
-1
Sceneryobjects\3dtranstudio\hkstreet\ground_busstop3.sco
1063489771
1063489771
-1
Sceneryobjects\3dtranstudio\hkstreet\ground_busstop4.sco
1063489776
1063489776
-1
Sceneryobjects\3dtranstudio\hkstreet\ground_busstop5.sco
1063490791
1063490791
-1
Sceneryobjects\Busstops_HK\Bus_hut_temp_green.sco
1519428667
1519428667
-1
Sceneryobjects\Busstops_HK\people_standing_narrow.sco
1352925428
1352925428
-1
Sceneryobjects\CDLX\KMB\Helper2x2.sco
1286053976
1286053976
-1
Sceneryobjects\CDLX\KMB\NewLollipop3x3NoBoardBase.sco
1279549492
1279549492
-1
Sceneryobjects\Generic\bus_stop.sco
1210215889
1210215889
-1
Sceneryobjects\M3 Traffic Light AI\2Ow_1_Car1.sco
1345259634
1345259634
-1
Sceneryobjects\Map E31\Clcb.sco
1368368823
1368368823
-1
Sceneryobjects\Map E31\Cle.sco
1368152676
1368152676
-1
Sceneryobjects\Map E31\Cls.sco
1368239741
1368239741
-1
Sceneryobjects\Map E31\Lkt.sco
1368034505
1368034505
-1
Sceneryobjects\Map E31\Pmhd.sco
1368026561
1368026561
-1
Sceneryobjects\Map E31\Pmhs.sco
1368372246
1368372246
-1
Sceneryobjects\Streetobjects_RUE\single_pole.sco
1044220565
1044220565
-1
Sceneryobjects\taxidriverhk\island_small.sco
1291016761
1291016761
-1
Sceneryobjects\taxidriverhk_busstop\bushut_1980.sco
1291262948
1291262948
-1
Sceneryobjects\taxidriverhk_busstop\bushut_2000_2_noads.sco
1291017218
1291017218
-1
Sceneryobjects\taxidriverhk_hkwk_lite\chatham_crash_barrier_pole.sco
1291264289
1291264289
-1
Sceneryobjects\Traffic_Light_HK_FF3170\Teletech_car_large.sco
1165108835
1165108835
-1
Sceneryobjects\Trees_MC\RHD_tree_large_01.sco
1097248121
1097248121
-1
Sceneryobjects\Trees_MC\RHD_tree_large_03.sco
1097248121
1097248121
-1
Sceneryobjects\Trees_MC\RHD_tree_medium_06.sco
1097248121
1097248121
-1
Sceneryobjects\Trees_MC\RHD_Tree_Small_07.sco
1097248122
1097248122
-1
Sceneryobjects\Trees_MC\tree_large_02.sco
1181629467
1181629467
-1
Sceneryobjects\Trees_MC\tree_large_06.sco
1181629460
1181629460
-1
Splines\3dtranstudio\2spur_11m_altonaer_c_noped.sli
1353727365
-
-
Splines\3dtranstudio\invis_street.sli
1353727366
-
-
Splines\3dtranstudio\ped_tstrdab.sli
1360072337
-
-
Splines\3dtranstudio\str_0spur_7m_gras.sli
1353727366
-
-
Splines\3dtranstudio\str_0spur_7m_hk.sli
1353727366
-
-
Splines\CDLX\Misc\KeepClearLineR.sli
1286480231
-
-
Splines\CDLX\Misc\whiteline.sli
1286433570
-
-
Splines\CDLX\Misc\whiteline_asphalt_patch.sli
1287285058
-
-
Splines\HKBTS_Spline\ChingCheungRd\ChingCheungRd_2Lines1Way_Betonplatten0.5whitelinelongdotwhitline0.5bridgecone.sli
1349758501
-
-
Splines\HKBTS_Spline\KwaiChungRd_StartatKwaiFong\KwaiChungRd_2Lines1Way_bridgecone0.5whitelineshortdotwhitline0.5bridgecone.sli
1349825204
-
-
Splines\HKBTS_Spline\KwaiChungRd_StartatKwaiFong\KwaiChungRd_2Lines1Way_conebridge0.5whitelineshortdotwhitline0.5bridgecone.sli
1349748072
-
-
Splines\kelvin1324\1lanes_lro0r_4m_nopath.sli
1358084235
-
-
Splines\kelvin1324\1lanes_lro1_7m_nopath.sli
1358084235
-
-
Splines\kelvin1324\fence1_grey.sli
1358084236
-
-
Splines\kelvin1324\fence2_grey.sli
1358084236
-
-
Splines\kelvin1324\fence5_grey.sli
1358084236
-
-
Splines\kelvin1324\line_brokensingleline_cluster.sli
1358084237
-
-
Splines\kelvin1324\line_doubleline.sli
1358084237
-
-
Splines\kelvin1324\line_singleline.sli
1358084237
-
-
Splines\M3_Spline\line_GV.sli
1312790127
-
-
Splines\M3_Spline\P_crossing.sli
1312790127
-
-
Splines\Map E31\clbar.sli
1368235584
-
-
Splines\Map E31\fencelk1.sli
1360308463
-
-
Splines\Map E31\fencelk2.sli
1360308474
-
-
Splines\Map E31\lktb.sli
1368037488
-
-
Splines\taxidriverhk\0lane_pedonly_concrete_nocurb.sli
1353727447
-
-
Splines\taxidriverhk\1lane_roadonly_4mwide.sli
1353727447
-
-
Splines\taxidriverhk\3lanes_wstonebarriernoped_half.sli
1353727448
-
-
Splines\taxidriverhk_nopaths\0lane_barbedwire.sli
1353727451
-
-
Splines\taxidriverhk_nopaths\0lane_crash_barrier.sli
1353727451
-
-
Vehicles\Lexus_CT200h\Parked_lexus_ct200h.sco
1330843066
1325036851
-1
Vehicles\Toyota_Alphard\Parked_alphard.sco
1282691193
1330882214
-1
Vehicles\Toyota_Hiace\Toyota_parked_Hiace.sco
1091747689
1091347828
-1
