Sceneryobjects\Busstops_HK\people_standing_narrow.sco
1352925428
1352925428
-1
Sceneryobjects\Generic\bus_stop.sco
1210215889
1210215889
-1
Sceneryobjects\Generic\routearrows_busstop.sco
1210216053
1210216053
-1
Sceneryobjects\HK West Kowloon - Lite\csw_csw-and-cheungwah.sco
1291018587
1291018587
-1
Sceneryobjects\taxidriverhk_hkwk_lite\bushut_1980_large.sco
1291263115
1291263115
-1
Sceneryobjects\taxidriverhk_hkwk_lite\bushut_1980_large_2.sco
1291017218
1291017218
-1
Sceneryobjects\taxidriverhk_hkwk_lite\csw_789.sco
1291018543
1291018543
-1
Sceneryobjects\taxidriverhk_hkwk_lite\csw_track.sco
1291018581
1291018581
-1
Sceneryobjects\Traffic_Light_HK_FF3170\Teletech_car_large.sco
1165108835
1165108835
-1
Sceneryobjects\Trees_MC\RHD_Tree_Small_07.sco
1097248122
1097248122
-1
Sceneryobjects\Trees_MC\tree_large_01.sco
1181629460
1181629460
-1
Sceneryobjects\Trees_MC\tree_medium_05.sco
1181629490
1181629490
-1
Sceneryobjects\Verkehrszeichen_MC\Mast_Ampel_klein_1.sco
979934881
979934881
-1
Sceneryobjects\Verkehrszeichen_MC\VZ_surfmark_arrow_S.sco
1042454965
1042454965
-1
Splines\3dtranstudio\str_0spur_7m_hk.sli
1353727366
-
-
Splines\kelvin1324\fence1_grey.sli
1358084236
-
-
Splines\taxidriverhk\0lane_singlewhiteline.sli
1353727447
-
-
Splines\taxidriverhk\1lane_pedonly.sli
1353727447
-
-
Splines\taxidriverhk\3lanes_oneway_noped_narrow.sli
1353727448
-
-
Splines\taxidriverhk\4lanes_oneway_noped_verynarrow.sli
1353727448
-
-
