Sceneryobjects\3dtranstudio\hkstreet\ground_busstop1.sco
1063489763
1063489763
-1
Sceneryobjects\Busstops_HK\Bus_hut_temp.sco
1352925427
1352925427
-1
Sceneryobjects\CDLX\KMB\NewLollipop2x2NoBase.sco
1282491267
1282491267
-1
Sceneryobjects\Generic\routearrow_L_dyn.sco
1210215890
1210215890
-1
Sceneryobjects\taxidriverhk_hkwk_lite\lck_822.sco
1291264344
1291264344
-1
Sceneryobjects\taxidriverhk_hkwk_lite\mf_noisebarrier.sco
1291264405
1291264405
-1
Sceneryobjects\taxidriverhk_hkwk_lite\signage_laichikok_13.sco
1291264439
1291264439
-1
Sceneryobjects\taxidriverhk_hkwk_lite\signage_laichikok_14.sco
1291264439
1291264439
-1
Sceneryobjects\taxidriverhk_meifoo\lck_863.sco
1291264344
1291264344
-1
Sceneryobjects\taxidriverhk_meifoo\lck_880.sco
1291264344
1291264344
-1
Sceneryobjects\taxidriverhk_meifoo\lck_885.sco
1291264344
1291264344
-1
Sceneryobjects\taxidriverhk_meifoo\mf_mtr_construction_1.sco
1291264402
1291264402
-1
Sceneryobjects\taxidriverhk_meifoo\mf_mtr_construction_2.sco
1291264403
1291264403
-1
Sceneryobjects\taxidriverhk_meifoo\mf_mtr_construction_3.sco
1291264404
1291264404
-1
Sceneryobjects\Trees_MC\RHD_tree_large_01.sco
1097248121
1097248121
-1
Sceneryobjects\Trees_MC\RHD_tree_medium_06.sco
1097248121
1097248121
-1
Sceneryobjects\Trees_MC\RHD_Tree_Small_07.sco
1097248122
1097248122
-1
Sceneryobjects\Trees_MC\tree_large_02.sco
1181629467
1181629467
-1
Splines\3dtranstudio\invis_street.sli
1353727366
-
-
Splines\3dtranstudio\ped_ab.sli
1359506301
-
-
Splines\3dtranstudio\ped_tstrdab.sli
1360072337
-
-
Splines\3dtranstudio\str_0spur_20m_hk.sli
1353727366
-
-
Splines\3dtranstudio\str_0spur_4m_hk.sli
1353727366
-
-
Splines\3dtranstudio\str_0spur_7m_hk.sli
1353727366
-
-
Splines\kelvin1324\fence1_grey.sli
1358084236
-
-
Splines\kelvin1324\line_brokendoubleline_cluster.sli
1358084237
-
-
Splines\kelvin1324\line_doubleline.sli
1358084237
-
-
Splines\kelvin1324\line_singleline_brokenline.sli
1358084237
-
-
Splines\taxidriverhk\1lane_roadonly_4mwide.sli
1353727447
-
-
Splines\taxidriverhk\2lanes_8mwide_noped oneway.sli
1244172773
-
-
Splines\taxidriverhk\2lanes_wstonebarriernoped_half.sli
1353727448
-
-
Splines\taxidriverhk\3lanes_wstonebarriernoped_half.sli
1353727448
-
-
Splines\taxidriverhk\4lanes_oneway_bridge.sli
1353727448
-
-
Splines\taxidriverhk_nopaths\0lane_barriercover.sli
1353727451
-
-
Splines\taxidriverhk_nopaths\0lane_barriercover_narrow.sli
1353727451
-
-
Splines\taxidriverhk_nopaths\0lane_construction.sli
1353727451
-
-
Splines\taxidriverhk_nopaths\0lane_pedonly_concrete.sli
1353727451
-
-
Splines\taxidriverhk_nopaths\0lane_pedonly_concrete_narrow.sli
1353727451
-
-
Splines\taxidriverhk_nopaths\0lane_pedonly_concrete_nocurb.sli
1353727451
-
-
Splines\taxidriverhk_nopaths\0lane_pedonly_concrete_nocurb_wide.sli
1353727451
-
-
Splines\taxidriverhk_nopaths\0lane_pedonly_nocurb.sli
1353727451
-
-
Splines\taxidriverhk_nopaths\0lane_pedonly_nocurb_wide.sli
1353727451
-
-
Splines\taxidriverhk_nopaths\0lane_singlebrokenline_nonfrequent.sli
1353727451
-
-
Splines\taxidriverhk_nopaths\0lane_singlebrokenwhiteline.sli
1353727451
-
-
