Sceneryobjects\3dtranstudio\hkstreet\ground_busstop3.sco
1312789596
1312789596
-1
Sceneryobjects\3dtranstudio\hkstreet\ground_busstop4.sco
1312789596
1312789596
-1
Sceneryobjects\3dtranstudio\hkstreet\RHD_ground_busstop2.sco
1312789600
1312789600
-1
Sceneryobjects\Buildings_MC\tank_1_esso.sco
1196580379
1196580379
-1
Sceneryobjects\Busstops_HK\Bus_hut_new_L.sco
1351811225
1351811225
-1
Sceneryobjects\CDLX\KMB\Helper2x2.sco
1351811258
1351811258
-1
Sceneryobjects\Generic\bus_stop.sco
1351774414
1351774414
-1
Sceneryobjects\Generic\people_standing_small.sco
1351774415
1351774415
-1
Sceneryobjects\S1\Bus Stop\Cathay_CTB1\1.sco
1185856141
1185856141
-1
Sceneryobjects\S1\Bus Stop\Cathay_CTB2\1.sco
1185856618
1185856618
-1
Sceneryobjects\S1\Bus Stop\Cathay_LWB1\1.sco
1185790533
1185790533
-1
Sceneryobjects\S1\Bus Stop\Cathay_LWB2\1.sco
1185853748
1185853748
-1
Sceneryobjects\Trees_MC\RHD_tree_large_02.sco
1312789895
1312789895
-1
Sceneryobjects\Trees_MC\RHD_tree_large_03.sco
1312789895
1312789895
-1
Sceneryobjects\Trees_MC\RHD_tree_large_05.sco
1312789895
1312789895
-1
Sceneryobjects\Trees_MC\tree_large_06.sco
1351774433
1351774433
-1
Splines\3dtranstudio\2spur_8m_altonaer_b tstrd.sli
1346669864
-
-
Splines\3dtranstudio\invis_street.sli
999109838
-
-
Splines\3dtranstudio\invis_street_2spur.sli
1222330849
-
-
Splines\3dtranstudio\invis_street_human.sli
1061633174
-
-
Splines\3dtranstudio\pedonly_a tstrd.sli
1346658763
-
-
Splines\3dtranstudio\str_0spur_40m_hk.sli
1192832538
-
-
Splines\3dtranstudio\str_0spur_4m_hk.sli
1065025632
-
-
Splines\kelvin1324\fence1_grey.sli
1348739488
-
-
Splines\taxidriverhk\0lane_pedonly_concrete_nocurb.sli
1143107296
-
-
Splines\taxidriverhk_nopaths\0lane_pedonly_concrete_narrow_nocurb.sli
1126529296
-
-
