Sceneryobjects\Map E31\nlhy.sco
1331129715
1331129715
-1
Sceneryobjects\Trees_MC\RHD_tree_large_01.sco
1312789895
1312789895
-1
Sceneryobjects\Trees_MC\RHD_tree_large_03.sco
1312789895
1312789895
-1
Sceneryobjects\Trees_MC\tree_large_06.sco
1351774433
1351774433
-1
Splines\3dtranstudio\2line_1way.sli
1132015050
-
-
Splines\3dtranstudio\highway_a.sli
1143750682
-
-
Splines\gg_LHT\Damm2.sli
1099979144
-
-
Splines\HKSAR_Marcel\str_0spur_20m_gras.sli
1344760663
-
-
Splines\taxidriverhk\2lanes_8mwide.sli
1115198293
-
-
