Sceneryobjects\3dtranstudio\hkstreet\RHD_ground_busstop5.sco
1312789600
1312789600
-1
Sceneryobjects\Busstops_HK\people_standing_narrow.sco
1351811226
1351811226
-1
Sceneryobjects\CDLX\KMB\Helper2x2.sco
1351811258
1351811258
-1
Sceneryobjects\Generic\bus_stop.sco
1351774414
1351774414
-1
Sceneryobjects\Map E31\airround9.sco
1350196384
1350196384
-1
Sceneryobjects\S1\Bus Stop\Airmail_CTB\1.sco
1185920617
1185920617
-1
Sceneryobjects\S1\Bus Stop\Airmail_LWB\1.sco
1185920218
1185920218
-1
Sceneryobjects\S1\Bus Stop\CRW_CTB\1.sco
1185921383
1185921383
-1
Sceneryobjects\S1\Bus Stop\CRW_LWB\1.sco
1185921145
1185921145
-1
Sceneryobjects\S1\Bus Stop\Shelter\1.sco
1185459353
1185459353
-1
Sceneryobjects\Trees_MC\RHD_tree_large_02.sco
1312789895
1312789895
-1
Sceneryobjects\Trees_MC\RHD_tree_medium_01.sco
1312789895
1312789895
-1
Sceneryobjects\Trees_MC\RHD_Tree_Small_05.sco
1312789895
1312789895
-1
Sceneryobjects\Trees_MC\RHD_Tree_Small_07.sco
1312789895
1312789895
-1
Splines\3dtranstudio\invis_street_2spur.sli
1222330849
-
-
Splines\3dtranstudio\invis_street_human.sli
1061633174
-
-
Splines\kelvin1324\fence1_grey.sli
1348739488
-
-
Splines\kelvin1324\fence2_grey.sli
1348739488
-
-
Splines\M3_Spline\line_GV.sli
1177328550
-
-
