Sceneryobjects\Streetobjects_RUE\neonlight_2L_bend_L.sco
1353686696
1353686696
-1
Splines\3dtranstudio\str_0spur_234m water.sli
1331198179
-
-
Splines\CDLX\Misc\KeepClearArrow.sli
1286471801
-
-
Splines\CDLX\Misc\whiteline_asphalt_patch.sli
1287285058
-
-
Splines\gg_LHT\hillwall03.sli
1099479638
-
-
Splines\kelvin1324\1lanes_dro0r_4m_nopath.sli
1348739488
-
-
Splines\kelvin1324\line_brokensingleline_cluster.sli
1348739488
-
-
Splines\kelvin1324\line_brokensingleline_short.sli
1348739488
-
-
Splines\Map E31\1way_2line_highway_noright_NLH.sli
1365804416
-
-
Splines\Map E31\2way_2x2line_a_noped_NLH.sli
1385268363
-
-
Splines\Map E31\2way_2x3line_highway_a_NLH.sli
1365809818
-
-
Splines\taxidriverhk\1lane_roadonly_4mwide.sli
1095659955
-
-
Sceneryobjects\3dtranstudio\bridge_pier.sco
1056467393
1056467393
-1
Splines\CDLX\Misc\whiteline_asphalt_patch_narrow.sli
1368620166
-
-
Splines\kelvin1324\2lanes_dro2r.sli
1348739488
-
-
Splines\Map E31\highway_acon_NLH.sli
1365805789
-
-
Splines\taxidriverhk_nopaths\taxidriverhk_nopaths\taxidriverhk_nopaths\taxidriverhk_nopaths\0lanes_oneway_meifooflyover_bottom_narrow.sli
1312790261
-
-
