Sceneryobjects\Generic\routearrow_dn_dyn.sco
1351774415
1351774415
-1
Sceneryobjects\Generic\routearrow_L_dyn.sco
1351774415
1351774415
-1
Sceneryobjects\Generic\routearrow_R_dyn.sco
1351774415
1351774415
-1
Sceneryobjects\gg\light02.sco
1353686554
1353686554
-1
Sceneryobjects\GM4500 Objects\Coach.sco
1233499885
1233499885
-1
Sceneryobjects\GM4500 Objects\Hong Kong Buses\NLB MAN\NLB MAN.sco
1266590506
1266590506
-1
Sceneryobjects\M3 Traffic Light AI\1Av_1St_1_Car2.sco
1177328359
1177328359
-1
Sceneryobjects\Map E31\tcsf.sco
1331197033
1331197033
-1
Sceneryobjects\Streetobjects_RUE\neonlight_2L_bend_L.sco
1351811284
1351811284
-1
Sceneryobjects\Streetobjects_RUE\neonlight_L_bend_L.sco
1351811284
1351811284
-1
Sceneryobjects\Streetobjects_RUE\single_pole.sco
1351811284
1351811284
-1
Sceneryobjects\taxidriverhk_hkwk_lite\chatham_crash_barrier_pole.sco
1291264289
1291264289
-1
Sceneryobjects\Traffic_Light_HK_FF3170\Teletech_car_large.sco
1351811286
1351811286
-1
Sceneryobjects\Trees_MC\RHD_tree_large_01.sco
1312789895
1312789895
-1
Sceneryobjects\Trees_MC\RHD_tree_large_02.sco
1312789895
1312789895
-1
Sceneryobjects\Trees_MC\RHD_tree_large_03.sco
1312789895
1312789895
-1
Sceneryobjects\Trees_MC\RHD_tree_large_04.sco
1312789895
1312789895
-1
Splines\3dtranstudio\1way_2line_highway_a _tunnel.sli
1192705379
-
-
Splines\3dtranstudio\2way_2x2line_c_noped.sli
1196247872
-
-
Splines\3dtranstudio\invis_street.sli
999109838
-
-
Splines\3dtranstudio\invis_street_2spur.sli
1222330849
-
-
Splines\3dtranstudio\invis_street_human.sli
1061633174
-
-
Splines\3dtranstudio\pedonly_a.sli
1133908595
-
-
Splines\3dtranstudio\str_0spur_20m_hk.sli
1192832509
-
-
Splines\3dtranstudio\str_0spur_4m_hk.sli
1065025632
-
-
Splines\gg_LHT\hillwall03.sli
1099479638
-
-
Splines\gg_LHT\tunnel_wall2.sli
1132755054
-
-
Splines\GUHP Workshop\Rstreets\hkstreet_Uneven\invis_airway.sli
1177328535
-
-
Splines\HKSAR_Marcel\str_0spur_20m_gras.sli
1344760663
-
-
Splines\kelvin1324\0lane_barrier2_grassonly_1m.sli
1348739485
-
-
Splines\kelvin1324\0lane_barrier2_slope_2.5m.sli
1348739485
-
-
Splines\kelvin1324\0lane_barrier2_slope_3.5m.sli
1348739485
-
-
Splines\kelvin1324\fence1_grey.sli
1348739488
-
-
Splines\kelvin1324\fence2_grey.sli
1348739488
-
-
Splines\kelvin1324\line_brokendoubleline_cluster.sli
1348739488
-
-
Splines\kelvin1324\line_brokensingleline_cluster.sli
1348739488
-
-
Splines\M3_Spline\line_GV.sli
1177328550
-
-
Splines\M3_Spline\line_white.sli
1177328550
-
-
Splines\Map E31\1way_2line_highway_a_NLH.sli
1365805600
-
-
Splines\Map E31\2way_2x3line_highway_a_NLH.sli
1365809818
-
-
Splines\Map E31\highway_acon_NLH.sli
1365805789
-
-
Splines\taxidriverhk\0lane_pedonly_concrete_narrow.sli
1126481448
-
-
Splines\taxidriverhk\0lane_pedonly_concrete_nocurb.sli
1143107296
-
-
Splines\taxidriverhk\1lane_roadonly_4mwide.sli
1095659955
-
-
Splines\taxidriverhk_nopaths\0lane_barriercover_narrow.sli
1133740711
-
-
Splines\taxidriverhk_nopaths\0lane_crash_barrier.sli
1194157250
-
-
Splines\taxidriverhk_nopaths\0lane_pedonly_concrete_nocurb_wide.sli
1251169457
-
-
Splines\taxidriverhk_nopaths\0lane_pedonly_narrow.sli
1133549820
-
-
Splines\taxidriverhk_nopaths\0lane_tsuiyu_barrier.sli
1182428549
-
-
Vehicles\Tesla_Model_S\Parked_model_s.sco
1283158082
1324727649
-1
Vehicles\Tesla_Model_X\Parked_model_x.sco
1283158082
1324849160
-1
Vehicles\Toyota_Alphard\Parked_alphard.sco
1302292973
1302292973
-1
Vehicles\Toyota_Prius\Parked_prius_xw30_hktaxi.sco
1322598469
1324694337
-1
Sceneryobjects\kelvin1324_Misc\mtr_IndoorBT_Light_.sco
1351811378
1351811378
-1
