Sceneryobjects\kelvin1324_Buildings\fs_NF191_bridge_pillar_.sco
1351811319
1351811319
-1
Splines\CDLX\TsuenWanRd\TsuenWanRd_TaiChungRdEnt_EB_2_nopath.sli
1428836392
-
-
Splines\kelvin1324\3lanes_dro6r_2.sli
1358084235
-
-
Splines\kelvin1324\line_brokensingleline_cluster.sli
1358084237
-
-
Splines\kelvin1324\line_doubleline.sli
1358084237
-
-
Splines\Map E31\twrbridge.sli
1464752952
-
-
Splines\taxidriverhk\0lane_pedonly_concrete_narrow_whiteline.sli
1428838433
-
-
Splines\taxidriverhk_nopaths\0lane_crash_barrier.sli
1353727451
-
-
Sceneryobjects\taxidriverhk_hkwk_lite\chatham_crash_barrier_pole.sco
1291264289
1291264289
-1
Sceneryobjects\Trees_MC\RHD_tree_large_03.sco
1097248121
1097248121
-1
