Sceneryobjects\37M City\TWW_.sco
1177326339
1177326339
-1
Sceneryobjects\3dtranstudio\bridge_pier.sco
1056467393
1056467393
-1
Sceneryobjects\3dtranstudio\safe.sco
1053208753
1053208753
-1
Sceneryobjects\ALPWorkshopOBJ\ninatower_.sco
1384297614
1384297614
-1
Sceneryobjects\ALPWorkshopOBJ\TerminusWall_.sco
1384297614
1384297614
-1
Sceneryobjects\CDLX\Bayview Garden\ceilinglight.sco
1284324936
1284324936
-1
Sceneryobjects\CDLX\KMB\Lollipop2x2Full.sco
1282491160
1282491160
-1
Sceneryobjects\Generic\entrypoint_bus.sco
1210215900
1210215900
-1
Sceneryobjects\Generic\routearrow_dn_dyn.sco
1210215940
1210215940
-1
Sceneryobjects\gg\sport03.sco
1110943759
1110943759
-1
Sceneryobjects\HKbus\avbe.sco
1064605906
1064605906
-1
Sceneryobjects\Map E31\cg.sco
1353221714
1353221714
-1
Sceneryobjects\Map E31\pc.sco
1353280912
1353280912
-1
Sceneryobjects\Streetobjects_RUE\single_pole.sco
1044220565
1044220565
-1
Sceneryobjects\taxidriverhk\surfacemark_buslane.sco
1161262883
1161262883
-1
Sceneryobjects\Traffic_Light_HK_FF3170\Teletech_car_large.sco
1165108835
1165108835
-1
Sceneryobjects\Trees_MC\RHD_tree_large_01.sco
1097248121
1097248121
-1
Sceneryobjects\Trees_MC\RHD_tree_large_02.sco
1097248121
1097248121
-1
Sceneryobjects\Trees_MC\RHD_tree_large_03.sco
1097248121
1097248121
-1
Sceneryobjects\Trees_MC\tree_medium_02.sco
1181629490
1181629490
-1
Sceneryobjects\Trees_MC\Tree_Small_06.sco
1196580460
1196580460
-1
Splines\3dtranstudio\2line_1way _leftped.sli
1192905569
-
-
Splines\3dtranstudio\2line_1way.sli
1132015050
-
-
Splines\3dtranstudio\2way_2x2line_b.sli
1168092149
-
-
Splines\3dtranstudio\invis_street.sli
1353727366
-
-
Splines\3dtranstudio\pedonly_a.sli
1353727366
-
-
Splines\3dtranstudio\str_0spur_20m_hk.sli
1353727366
-
-
Splines\3dtranstudio\str_0spur_20m_hkped.sli
1344670322
-
-
Splines\3dtranstudio\str_0spur_4m_hk.sli
1353727366
-
-
Splines\3dtranstudio\str_0spur_7m_hk.sli
1353727366
-
-
Splines\3dtranstudio\white_line.sli
1353727366
-
-
Splines\CDLX\Misc\bolHigh_rail.sli
1286472883
-
-
Splines\CDLX\Misc\KeepClearArrow.sli
1286471801
-
-
Splines\CDLX\Misc\KeepClearArrow_half.sli
1286471799
-
-
Splines\CDLX\Misc\KeepClearLine.sli
1286480113
-
-
Splines\CDLX\Misc\KeepClearLineR.sli
1286480231
-
-
Splines\CDLX\Misc\whiteline.sli
1286433570
-
-
Splines\CDLX\Misc\whiteline_asphalt_patch.sli
1287285058
-
-
Splines\CDLX\Misc\whiteline_asphalt_patch_narrow.sli
1368620166
-
-
Splines\CDLX\TsuenWanRd\TsuenWanRd_HoiKwaiRd.sli
1286478280
-
-
Splines\CDLX\TsuenWanRd\TsuenWanRd_TaiChungRdEnt_EB_1.sli
1286473208
-
-
Splines\CDLX\TsuenWanRd\TsuenWanRd_TaiChungRdEnt_EB_2.sli
1287285074
-
-
Splines\CDLX\TsuenWanRd\TsuenWanRd_TaiChungRdExit_WB.sli
1287284879
-
-
Splines\CDLX\TsuenWanRd\TsuenWanRd_TaiHoRd.sli
1286479335
-
-
Splines\HKBTS_Spline\rail_Bridge6.sli
1312790070
-
-
Splines\kelvin1324\0lane_barrier2_slope.sli
1499078394
-
-
Splines\kelvin1324\0lane_barrier2_slope_3.5m.sli
1351837344
-
-
Splines\kelvin1324\1lanes_dro12r_4m_nopath.sli
1358084235
-
-
Splines\kelvin1324\2lanes_dro2r.sli
1351837345
-
-
Splines\kelvin1324\fence1_grey.sli
1358084236
-
-
Splines\kelvin1324\fence2_grey.sli
1358084236
-
-
Splines\kelvin1324\line_plain6r_brokensingleline_short.sli
1358084237
-
-
Splines\kelvin1324\line_plaind2r_cross_d2.sli
1358084237
-
-
Splines\M3_Spline\line_GV.sli
1312790127
-
-
Splines\M3_Spline\line_white.sli
1177328550
-
-
Splines\Map E31\citywalkb.sli
1428377621
-
-
Splines\Map E31\fencetye1.sli
1427918645
-
-
Splines\Splines\3dtranstudio\str_0spur_40m_hkped.sli
1345347077
-
-
Splines\surface mark\hkstreet\hkstreet\hkstreet\hkstreet\hkstreet\str_0spur_40m_hk.sli
1399945939
-
-
Splines\taxidriverhk\0lane_pedonly_concrete_narrow.sli
1353727447
-
-
Splines\taxidriverhk\0lane_pedonly_concrete_nocurb.sli
1353727447
-
-
Splines\taxidriverhk\0lane_pedonly_nocurb.sli
1353727447
-
-
Splines\taxidriverhk\1lane_roadonly_4mwide.sli
1353727447
-
-
Splines\taxidriverhk\2lanes_8mwide_noped oneway.sli
1244172773
-
-
Splines\taxidriverhk\2lanes_noped_verywide.sli
1095590011
-
-
Splines\taxidriverhk_nopaths\0lane_doubleyellowline.sli
1353727451
-
-
Splines\taxidriverhk_nopaths\0lane_pedonly_nocurb_wide.sli
1353727451
-
-
Splines\taxidriverhk_nopaths\taxidriverhk_nopaths\taxidriverhk_nopaths\taxidriverhk_nopaths\0lanes_oneway_meifooflyover_bottom_narrow.sli
1312790261
-
-
Sceneryobjects\213M City\PoTatBTPole.sco
1381138248
1381138248
-1
Sceneryobjects\3dtranstudio\hkstreet\ground_busstop2.sco
1063489766
1063489766
-1
Sceneryobjects\48x\TsuenWanWest-2_.sco
1254769668
1254769668
-1
Sceneryobjects\Busstops_HK\Bus_hut_temp.sco
1352925427
1352925427
-1
Sceneryobjects\Busstops_HK\Bus_hut_temp_L (2).sco
1351811225
1351811225
-1
Sceneryobjects\Busstops_HK\Bus_hut_temp_L.sco
1352925427
1352925427
-1
Sceneryobjects\Busstops_HK\Bus_hut_WKE_light.sco
1352925427
1352925427
-1
Sceneryobjects\Busstops_HK\people_standing_narrow.sco
1352925428
1352925428
-1
Sceneryobjects\Generic\bus_stop.sco
1210215889
1210215889
-1
Sceneryobjects\kelvin1324_Misc\bollard_HK_1_LeftArrow_.sco
1351811377
1351811377
-1
Sceneryobjects\kelvin1324_Misc\bollard_HK_1_NoArrow_.sco
1351811377
1351811377
-1
Sceneryobjects\kelvin1324_Misc\HK Road Marking_TransDept Standard\HKRoadMarking_arrowRight_.sco
1351811378
1351811378
-1
Sceneryobjects\kelvin1324_Misc\HK Road Marking_TransDept Standard\HKRoadMarking_arrowStraight_.sco
1351811378
1351811378
-1
Sceneryobjects\kelvin1324_Misc\HK Road Marking_TransDept Standard\HKRoadMarking_arrowStraightLeft_.sco
1351811378
1351811378
-1
Sceneryobjects\kelvin1324_Misc\HK Road Marking_TransDept Standard\HKRoadMarking_arrowStraightRight_.sco
1351811378
1351811378
-1
Sceneryobjects\kelvin1324_Misc\HK Road Marking_TransDept Standard\HKRoadMarking_LookLeft_.sco
1351811378
1351811378
-1
Sceneryobjects\kelvin1324_Misc\HK Road Marking_TransDept Standard\HKRoadMarking_LookRight_.sco
1351811378
1351811378
-1
Sceneryobjects\kelvin1324_Misc\HK Road Marking_TransDept Standard\HKRoadMarking_Slow_.sco
1351811378
1351811378
-1
Sceneryobjects\M3 Traffic Light AI\1Av_1St_1_Car1.sco
1345259634
1345259634
-1
Sceneryobjects\M3 Traffic Light AI\1Av_1St_1_Car2.sco
1345259634
1345259634
-1
Sceneryobjects\M3 Traffic Light AI\1Av_2St_1_Car1.sco
1345259634
1345259634
-1
Sceneryobjects\M3 Traffic Light AI\1Av_2St_1_Car2.sco
1345259634
1345259634
-1
Sceneryobjects\M3 Traffic Light AI\1Av_2St_1_Car3.sco
1345259634
1345259634
-1
Sceneryobjects\SS_HKTrafficSign\RHD_Sign_Stop (106).sco
1053073669
1053073669
-1
Sceneryobjects\SS_HKTrafficSign\RHD_Sign_Stop (107).sco
1053073606
1053073606
-1
Sceneryobjects\SS_HKTrafficSign\RHD_Sign_Stop (115).sco
1053073851
1053073851
-1
Sceneryobjects\SS_HKTrafficSign\RHD_Sign_Stop (65).sco
1063680562
1063680562
-1
Sceneryobjects\SS_HKTrafficSign\RHD_Sign_Stop (81).sco
1053073494
1053073494
-1
Sceneryobjects\SS_HKTrafficSign\RHD_SS_Pole_Grey.sco
1051658064
1051658064
-1
Sceneryobjects\SS_HKTrafficSign\RHD_SS_Sign_AllVehProh.sco
1345259704
1345259704
-1
Sceneryobjects\SS_HKTrafficSign\RHD_SS_Sign_L_ExceptFranBuses.sco
1345259705
1345259705
-1
Sceneryobjects\SS_HKTrafficSign\RHD_SS_Sign_L_Right.sco
1345259705
1345259705
-1
Sceneryobjects\SS_HKTrafficSign\RHD_SS_Sign_PedAhead.sco
1345259705
1345259705
-1
Sceneryobjects\SS_HKTrafficSign\RHD_SS_Sign_TurnRight.sco
1345259705
1345259705
-1
Sceneryobjects\SS_HKTrafficSign\SS_Sign_L_Left.sco
1063680562
1063680562
-1
Sceneryobjects\SS_HKTrafficSign\SS_Sign_L_Right.sco
1063680578
1063680578
-1
Sceneryobjects\SS_HKTrafficSign\SS_Sign_N_NoStop24GoodsVeh (2).sco
1345259694
1345259694
-1
Sceneryobjects\SS_HKTrafficSign\SS_Sign_NoEntry.sco
1053073669
1053073669
-1
Sceneryobjects\SS_HKTrafficSign\SS_Sign_NoLeftTurn (2).sco
1345259694
1345259694
-1
Sceneryobjects\SS_HKTrafficSign\SS_Sign_TurnLeft.sco
1053074420
1053074420
-1
Sceneryobjects\SS_HKTrafficSign\SS_Sign_TurnRight.sco
1053074423
1053074423
-1
Sceneryobjects\STN\Objects\KMB_RestHouse.sco
1351837336
1351837336
-1
Sceneryobjects\Streetobjects_RUE\neonlight_L_bend_L.sco
1030664421
1030664421
-1
Sceneryobjects\taxidriverhk\surfacemark_merge_left.sco
1291016902
1291016902
-1
Sceneryobjects\taxidriverhk\surfacemark_yellowbox_10mx10m.sco
1291016876
1291016876
-1
Sceneryobjects\taxidriverhk\surfacemark_yellowbox_5mx3.5m.sco
1291016881
1291016881
-1
Sceneryobjects\taxidriverhk\surfacemark_yellowbox_6mx4m.sco
1291016879
1291016879
-1
Sceneryobjects\taxidriverhk_busstop\busstop_fence2.sco
1291017218
1291017218
-1
Sceneryobjects\taxidriverhk_tst_jordan\RHD_surfacemark_buslane.sco
1312789877
1312789877
-1
Sceneryobjects\Traffic_Light_HK_FF3170\Teletech_car_standard.sco
1162295706
1162295706
-1
Sceneryobjects\Traffic_Light_HK_FF3170\Teletech_car_standard_LM.sco
1162295709
1162295709
-1
Sceneryobjects\Traffic_Light_HK_FF3170\Teletech_car_standard_R.sco
1165115080
1165115080
-1
Sceneryobjects\Traffic_Light_HK_FF3170\Teletech_car_standard_S.sco
1165115073
1165115073
-1
Sceneryobjects\Traffic_Light_HK_FF3170\Teletech_P_LM.sco
1165112042
1165112042
-1
Sceneryobjects\Traffic_Light_HK_FF3170\Teletech_P_RM.sco
1165112051
1165112051
-1
Sceneryobjects\Trees_MC\RHD_shrubbery_01_05.sco
1097248121
1097248121
-1
Sceneryobjects\Trees_MC\RHD_shrubbery_01_10.sco
1097248121
1097248121
-1
Sceneryobjects\UKDT\iomex\Flora 3\Chrysanthemum Yellow.sco
1280485216
1280485216
-1
Sceneryobjects\UKDT\iomex\Flora 3\Crepe Myrtle 2.sco
1280485216
1280485216
-1
Sceneryobjects\UKDT\iomex\Flora 3\FoxglovePurple.sco
1280485216
1280485216
-1
Sceneryobjects\UKDT\iomex\Flora 3\Little Red Oleander 2.sco
1280485216
1280485216
-1
Sceneryobjects\UKDT\iomex\Flora 3\Palm.sco
1280485216
1280485216
-1
Sceneryobjects\UKDT\iomex\Flora 3\Tulips Yellow.sco
1280485216
1280485216
-1
Sceneryobjects\UKDT\iomex\Flora 3\Violet.sco
1280485216
1280485216
-1
Splines\215x\rm.sli
1353733506
-
-
Splines\HKSAR_Marcel\str_0spur_22m.sli
1177328544
-
-
Splines\HKSAR_Marcel\str_0spur_25m.sli
1177328544
-
-
Splines\HKSAR_Marcel\str_0spur_47m.sli
1177328544
-
-
Splines\kelvin1324\kelvin1324\0lane_grass_1.5m_NoYellowLine_OneSide.sli
1384931466
-
-
Splines\ProjectTWS\Yue Mun Square BT Pole.sli
1412264249
-
-
Splines\taxidriverhk\0lane_pedonly_narrow.sli
1353727447
-
-
Splines\taxidriverhk\0lanes_oneway_meifooflyover_bottom.sli
1353727447
-
-
Splines\taxidriverhk\1lane_roadonly.sli
1353727447
-
-
Splines\taxidriverhk\2lanes_oneway_noped.sli
1353727447
-
-
Splines\taxidriverhk\3lanes_oneway_noped_verynarrow.sli
1353727448
-
-
Splines\taxidriverhk_nopaths\0lane_pedonly_narrow_nocurb.sli
1417940998
-
-
Splines\taxidriverhk_nopaths\0lane_pedonly_nocurb.sli
1353727451
-
-
Splines\taxidriverhk_nopaths\0lane_road_0.5mwide.sli
1161071993
-
-
Splines\taxidriverhk_nopaths\0lane_road_15mwide.sli
1353727451
-
-
Splines\taxidriverhk_nopaths\0lane_road_1mwide.sli
1151572055
-
-
Splines\taxidriverhk_nopaths\0lane_road_7mwide.sli
1353727451
-
-
Splines\taxidriverhk_nopaths\0lane_singlebrokenline_nonfrequent.sli
1353727451
-
-
Splines\taxidriverhk_nopaths\0lane_singlebrokenwhiteline.sli
1353727451
-
-
Splines\taxidriverhk_nopaths\0lane_singlewhiteline_thick.sli
1353727451
-
-
Splines\taxidriverhk_nopaths\1lane_roadonly.sli
1086752808
-
-
Sceneryobjects\Generic\routearrow_dn.sco
1210215877
1210215877
-1
Sceneryobjects\Generic\routearrow_L.sco
1210215940
1210215940
-1
Sceneryobjects\Generic\routearrow_R.sco
1210215877
1210215877
-1
Sceneryobjects\Generic\routearrows_busstop.sco
1210216053
1210216053
-1
Splines\kelvin1324\0lane_grass_1.5m_NoYellowLine_OneSide.sli
1384931466
-
-
Splines\surface mark\hkstreet\str_0spur_40m_hk.sli
1192832538
-
-
Splines\taxidriverhk_nopaths\0lanes_oneway_meifooflyover_bottom_narrow.sli
1353727451
-
-
