Sceneryobjects\296a\obj_kt006.sco
1179602260
1179602260
-1
Sceneryobjects\296a\obj_kt007.sco
1179659669
1179659669
-1
Sceneryobjects\296a\obj_kt008.sco
1179662566
1179662566
-1
Sceneryobjects\296a\obj_kt009.sco
1179663201
1179663201
-1
Sceneryobjects\296a\obj_kt010.sco
1179664419
1179664419
-1
Sceneryobjects\296a\obj_kt013.sco
1181909755
1181909755
-1
Sceneryobjects\3dtranstudio\bridge_pier.sco
1056467393
1056467393
-1
Sceneryobjects\Buildings_MC\tank_2_esso.sco
1030794770
1030794770
-1
Sceneryobjects\Generic\entrypoint_bus.sco
1210215900
1210215900
-1
Sceneryobjects\HK West Kowloon - Lite\hunghom_kcrstation_busstop_2.sco
1291264531
1291264531
-1
Sceneryobjects\kelvin1324_Buildings\kf_stairs_NamWanRoad_.sco
1351811319
1351811319
-1
Sceneryobjects\kelvin1324_Misc\bollard_HK_1_LeftArrow_.sco
1351811377
1351811377
-1
Sceneryobjects\kelvin1324_Misc\bollard_HK_1_NoArrow_.sco
1351811377
1351811377
-1
Sceneryobjects\kelvin1324_Misc\HK Road Marking_TransDept Standard\HKRoadMarking_arrowStraight_.sco
1351811378
1351811378
-1
Sceneryobjects\kelvin1324_Misc\HK Road Marking_TransDept Standard\HKRoadMarking_arrowStraightLeft_.sco
1351811378
1351811378
-1
Sceneryobjects\kelvin1324_Misc\HK Road Marking_TransDept Standard\HKRoadMarking_LookLeft_.sco
1351811378
1351811378
-1
Sceneryobjects\kelvin1324_Misc\HK Road Marking_TransDept Standard\HKRoadMarking_LookRight_.sco
1351811378
1351811378
-1
Sceneryobjects\kelvin1324_Misc\HK Road Marking_TransDept Standard\HKRoadMarking_Slow_.sco
1351811378
1351811378
-1
Sceneryobjects\M3 Traffic Light AI\1Av_2St_1_Car2.sco
1177328359
1177328359
-1
Sceneryobjects\M3 Traffic Light AI_DYC\1Av_2St_1_Car1.sco
1177295591
1177295591
-1
Sceneryobjects\Map E31\Pmhs.sco
1368372246
1368372246
-1
Sceneryobjects\Objekte von DarkGuardian\More Trees Addon\Bush4.sco
1124310178
1124310178
-1
Sceneryobjects\Objekte von DarkGuardian\More Trees Addon\PalmTree3.sco
1124339052
1124339052
-1
Sceneryobjects\ProjectTWS\UB1329\Morning Light_Champion_.sco
1413107958
1413107958
-1
Sceneryobjects\ProjectTWS\UB1329\Yan On Building_.sco
1413105690
1413105690
-1
Sceneryobjects\Sceneryobjects\Generic\car_park.sco
995274758
995274758
-1
Sceneryobjects\SS_HKTrafficSign\RHD_Sign_Stop (100).sco
1053073420
1053073420
-1
Sceneryobjects\SS_HKTrafficSign\RHD_Sign_Stop (111).sco
1053073633
1053073633
-1
Sceneryobjects\SS_HKTrafficSign\RHD_Sign_Stop (21).sco
1051658063
1051658063
-1
Sceneryobjects\SS_HKTrafficSign\RHD_Sign_Stop (22).sco
1053070980
1053070980
-1
Sceneryobjects\SS_HKTrafficSign\RHD_Sign_Stop (49).sco
1053072961
1053072961
-1
Sceneryobjects\SS_HKTrafficSign\RHD_Sign_Stop (91).sco
1053073531
1053073531
-1
Sceneryobjects\SS_HKTrafficSign\RHD_SS_Pole_Grey.sco
1051658064
1051658064
-1
Sceneryobjects\SS_HKTrafficSign\RHD_SS_Sign_BlackspotAhead.sco
1345259704
1345259704
-1
Sceneryobjects\SS_HKTrafficSign\RHD_SS_Sign_N_NoStop77.sco
1345259705
1345259705
-1
Sceneryobjects\SS_HKTrafficSign\RHD_SS_Sign_PedAhead.sco
1345259705
1345259705
-1
Sceneryobjects\SS_HKTrafficSign\SS_Sign_N_NoStop712CLightBus (2).sco
1345259694
1345259694
-1
Sceneryobjects\SS_HKTrafficSign\SS_Sign_TraSignalAhead (2).sco
1345259694
1345259694
-1
Sceneryobjects\taxidriverhk_hkwk_lite\surfacemark_yellowbox_8mx4.3m.sco
1291016878
1291016878
-1
Sceneryobjects\taxidriverhk_signage\signage_reducespeednow.sco
1291264439
1291264439
-1
Sceneryobjects\Traffic_Light_HK_FF3170\Philips_car_standard_board.sco
1151181632
1151181632
-1
Sceneryobjects\Traffic_Light_HK_FF3170\Philips_car_standard_L.sco
1149331984
1149331984
-1
Sceneryobjects\Traffic_Light_HK_FF3170\Philips_car_standard_L_board.sco
1151561984
1151561984
-1
Sceneryobjects\Traffic_Light_HK_FF3170\Philips_car_standard_L_LM.sco
1151167008
1151167008
-1
Sceneryobjects\Traffic_Light_HK_FF3170\Philips_car_standard_S.sco
1149332005
1149332005
-1
Sceneryobjects\Traffic_Light_HK_FF3170\Philips_car_standard_S_board.sco
1151561984
1151561984
-1
Sceneryobjects\Traffic_Light_HK_FF3170\Philips_car_standard_S_RM.sco
1151167040
1151167040
-1
Sceneryobjects\Traffic_Light_HK_FF3170\Philips_P.sco
1149053701
1149053701
-1
Sceneryobjects\UKDT\iomex\Flora 3\Gardenia 1.sco
1280485216
1280485216
-1
Sceneryobjects\UKDT\iomex\Flora 3\Gorse.sco
1280485216
1280485216
-1
Sceneryobjects\UKDT\iomex\Flora 3\Hydrangea.sco
1280485216
1280485216
-1
Sceneryobjects\UKDT\Westcountry3\btv\Petrol Stations\Texaco\tank_2_texaco.sco
1194985299
1194985299
-1
Sceneryobjects\Yorkshire\Road-hog123\Addon_British-Style_Road_Signs\Generic\Traffic Lights\Bracket_Small.sco
1311203155
1311203155
-1
Splines\296d\rm2.sli
1353733507
-
-
Splines\gg2_splines\hillwall03.sli
1312790059
-
-
Splines\kelvin1324\0lane_path-ped5_2m.sli
1358084233
-
-
Splines\kelvin1324\0lane_path-ped5_4m_AI.sli
1515499138
-
-
Splines\kelvin1324\0lane_path-ped5_4m_AI_NoYellowLine.sli
1515499154
-
-
Splines\kelvin1324\0lane_path-ped5_6m_NoYellowLine.sli
1515499191
-
-
Splines\kelvin1324\0lane_path-ped9_4m_NoYellowLine_reverse.sli
1358084233
-
-
Splines\kelvin1324\2lanes_dro2r.sli
1358084235
-
-
Splines\kelvin1324\fence1_grey.sli
1358084236
-
-
Splines\M3_Spline\P_crossing.sli
1312790127
-
-
Splines\Map E31\cswbridgea.sli
1465164957
-
-
Splines\Splines\kelvin1324\0lane_path-ped5_6m_fence1_AI_NoYellowLine.sli
1348739485
-
-
Splines\Splines\kelvin1324\Highway series\Tolo_RoadRailing&sidebeton.sli
1348739490
-
-
Splines\Splines\TaiPoProject_Highway\0lanes_Tolo_nopath_verynarrow.sli
1352894850
-
-
Splines\Splines\taxidriverhk\taxidriverhk\taxidriverhk\taxidriverhk\0lane_pedonly_concrete_narrow.sli
1312790251
-
-
Splines\Splines\taxidriverhk\taxidriverhk\taxidriverhk\taxidriverhk\0lane_pedonly_concrete_narrow_nocurb.sli
1312790251
-
-
Splines\Splines\taxidriverhk\taxidriverhk\taxidriverhk\taxidriverhk\0lane_singlewhiteline_thick.sli
1312790251
-
-
Splines\Splines\taxidriverhk\taxidriverhk\taxidriverhk\taxidriverhk\1lane_roadonly.sli
1312790255
-
-
Splines\taxidriverhk\0lane_construction.sli
1353727447
-
-
Splines\taxidriverhk\0lane_road_7mwide_red.sli
1353727447
-
-
Splines\taxidriverhk\4lanes_oneway_noped.sli
1353727448
-
-
Splines\taxidriverhk\4lanes_wstonebarriernoped_half_16mwide.sli
1353727448
-
-
Splines\taxidriverhk_nopaths\0lane_barbedwire - lk.sli
1464817197
-
-
Splines\taxidriverhk_nopaths\0lane_road_15mwide.sli
1353727451
-
-
Splines\taxidriverhk_nopaths\0lane_road_1mwide.sli
1151572055
-
-
Splines\UKDT\iomex\LH Roads v2\_Walls\Fake Warehouse Walls\White_Concrete_01.sli
1257273015
-
-
Sceneryobjects\296a\obj_kt020.sco
1181970138
1181970138
-1
Sceneryobjects\Generic\bus_stop.sco
1210215889
1210215889
-1
Sceneryobjects\M3 Traffic Light AI\1Av_1St_1_Car1.sco
1345259634
1345259634
-1
Sceneryobjects\M3 Traffic Light AI\1Av_1St_1_Car2.sco
1345259634
1345259634
-1
Sceneryobjects\Streetobjects_RUE\neonlight_2L_bend_L.sco
1030664952
1030664952
-1
Sceneryobjects\Streetobjects_RUE\neonlight_L_bend_L.sco
1030664421
1030664421
-1
Sceneryobjects\taxidriverhk_busstop\bushut_2000_8pole_2.sco
1291017218
1291017218
-1
Sceneryobjects\Traffic_Light_HK_FF3170\Philips_P_LM.sco
1151167040
1151167040
-1
Sceneryobjects\Traffic_Light_HK_FF3170\Philips_P_RM.sco
1151167040
1151167040
-1
Splines\296a\train_bridge.sli
1183142279
-
-
Splines\296a\train_bridge4.sli
1183142787
-
-
Sceneryobjects\Generic\car_park.sco
1210215900
1210215900
-1
Sceneryobjects\Generic\routearrow_dn.sco
1210215877
1210215877
-1
Sceneryobjects\Generic\routearrows_busstop.sco
1210216053
1210216053
-1
Splines\kelvin1324\0lane_path-ped5_6m_fence1_AI_NoYellowLine.sli
1358084233
-
-
Splines\kelvin1324\Highway series\Tolo_RoadRailing&sidebeton.sli
1358084240
-
-
Splines\TaiPoProject_Highway\0lanes_Tolo_nopath_verynarrow.sli
1358102678
-
-
Splines\taxidriverhk\0lane_pedonly_concrete_narrow.sli
1353727447
-
-
Splines\taxidriverhk\0lane_pedonly_concrete_narrow_nocurb.sli
1353727447
-
-
Splines\taxidriverhk\0lane_singlewhiteline_thick.sli
1353727447
-
-
Splines\taxidriverhk\1lane_roadonly.sli
1353727447
-
-
