Sceneryobjects\3dtranstudio\hkstreet\ground_busstop1.sco
1063459043
1063459043
-1
Sceneryobjects\3dtranstudio\hkstreet\ground_busstop2.sco
1063459046
1063459046
-1
Sceneryobjects\3dtranstudio\hkstreet\ground_busstop3.sco
1063459051
1063459051
-1
Sceneryobjects\3dtranstudio\hkstreet\ground_busstop4.sco
1063459056
1063459056
-1
Sceneryobjects\3dtranstudio\safe.sco
1053208753
1053208753
-1
Sceneryobjects\Busstops_HK\people_standing_narrow.sco
1067410857
1067410857
-1
Sceneryobjects\CDLX\KMB\GlassLollipop3x2NoBase.sco
1351837291
1351837291
-1
Sceneryobjects\CDLX\KMB\GlassLollipop4x4NoBase.sco
1351837291
1351837291
-1
Sceneryobjects\CDLX\KMB\NewLollipop2x2NoBase.sco
1351837291
1351837291
-1
Sceneryobjects\CDLX\KMB\NewLollipop3x3NoBase.sco
1351837291
1351837291
-1
Sceneryobjects\Generic\bus_stop.sco
1196580392
1196580392
-1
Sceneryobjects\Generic\routearrow_dn.sco
1196580385
1196580385
-1
Sceneryobjects\Generic\routearrows_busstop.sco
1196580396
1196580396
-1
Sceneryobjects\Mice122 Production\HK_Objects\FlashLight\FL_Base.sco
1149734513
1149734513
-1
Sceneryobjects\Mice122 Production\HK_Objects\FlashLight\FL_Body.sco
1149734511
1149734511
-1
Sceneryobjects\Mice122 Production\HK_Objects\FlashLight\FL_holder_N.sco
1149734508
1149734508
-1
Sceneryobjects\Mice122 Production\HK_Objects\SpeedCam\Spdcam_body.sco
1131764072
1131764072
-1
Sceneryobjects\Mice122 Production\HK_Objects\SpeedCam\Spdcam_L_holder_N.sco
1149181340
1149181340
-1
Sceneryobjects\Mice122 Production\HK_Objects\SpeedCam\Spdcam_Std_body.sco
1131761788
1131761788
-1
Sceneryobjects\SS_HKTrafficSign\SS_Pole_Green.sco
1051658049
1051658049
-1
Sceneryobjects\SS_HKTrafficSign\SS_Pole_Grey.sco
1051658064
1051658064
-1
Sceneryobjects\SS_HKTrafficSign\SS_Pole_Red.sco
1051658066
1051658066
-1
Sceneryobjects\SS_HKTrafficSign\SS_Pole_Yellow.sco
1051658063
1051658063
-1
Sceneryobjects\SS_HKTrafficSign\SS_Sign_GiveWay.sco
1053072933
1053072933
-1
Sceneryobjects\SS_HKTrafficSign\SS_Sign_HumpAhead.sco
1053073020
1053073020
-1
Sceneryobjects\SS_HKTrafficSign\SS_Sign_L_Left.sco
1063680562
1063680562
-1
Sceneryobjects\SS_HKTrafficSign\SS_Sign_L_Right.sco
1063680578
1063680578
-1
Sceneryobjects\SS_HKTrafficSign\SS_Sign_N_NoStop24.sco
1053073489
1053073489
-1
Sceneryobjects\SS_HKTrafficSign\SS_Sign_N_NoStop712.sco
1053073523
1053073523
-1
Sceneryobjects\SS_HKTrafficSign\SS_Sign_N_NoStop712CLightBus.sco
1053073531
1053073531
-1
Sceneryobjects\SS_HKTrafficSign\SS_Sign_N_NoStop712LightBus.sco
1053073540
1053073540
-1
Sceneryobjects\SS_HKTrafficSign\SS_Sign_N_NoStop77.sco
1053073516
1053073516
-1
Sceneryobjects\SS_HKTrafficSign\SS_Sign_N_NoStop77C.sco
1053073520
1053073520
-1
Sceneryobjects\SS_HKTrafficSign\SS_Sign_N_NoStop81057.sco
1053073581
1053073581
-1
Sceneryobjects\SS_HKTrafficSign\SS_Sign_N_NoStop81057C.sco
1053073584
1053073584
-1
Sceneryobjects\SS_HKTrafficSign\SS_Sign_N_NoStopEnd.sco
1053073432
1053073432
-1
Sceneryobjects\SS_HKTrafficSign\SS_Sign_N_NoStopEndLightBus.sco
1053073420
1053073420
-1
Sceneryobjects\SS_HKTrafficSign\SS_Sign_NoEntry.sco
1053073669
1053073669
-1
Sceneryobjects\SS_HKTrafficSign\SS_Sign_NoLeftTurn.sco
1053073606
1053073606
-1
Sceneryobjects\SS_HKTrafficSign\SS_Sign_NoRightTurn.sco
1053073650
1053073650
-1
Sceneryobjects\SS_HKTrafficSign\SS_Sign_PubLightBusesProh.sco
1053073907
1053073907
-1
Sceneryobjects\SS_HKTrafficSign\SS_Sign_TurnLeft.sco
1053074420
1053074420
-1
Sceneryobjects\SS_HKTrafficSign\SS_Sign_TurnLeftAhead.sco
1053074459
1053074459
-1
Sceneryobjects\SS_HKTrafficSign\SS_Sign_TurnRight.sco
1053074423
1053074423
-1
Sceneryobjects\Streetobjects_RUE\sodiumlight_2L_break_L.sco
1196580395
1196580395
-1
Sceneryobjects\Streetobjects_RUE\sodiumlight_L_break_L.sco
1196580395
1196580395
-1
Sceneryobjects\taxidriverhk_for_ssp_csw_lck_mf\cp_endofcastlepeakroad.sco
1291017903
1291017903
-1
Sceneryobjects\taxidriverhk_hkwk_lite\busstop_fence2.sco
1291017218
1291017218
-1
Sceneryobjects\taxidriverhk_hkwk_lite\busstop_newplate.sco
1291262927
1291262927
-1
Sceneryobjects\taxidriverhk_hkwk_lite\busstop_newplate_movable.sco
1291263136
1291263136
-1
Sceneryobjects\taxidriverhk_hkwk_lite\csw_184.sco
1291017915
1291017915
-1
Sceneryobjects\taxidriverhk_hkwk_lite\csw_200.sco
1291017917
1291017917
-1
Sceneryobjects\taxidriverhk_hkwk_lite\endofbarrierfortrees.sco
1291016857
1291016857
-1
Sceneryobjects\taxidriverhk_hkwk_lite\fence_1.sco
1226588946
1226588946
-1
Sceneryobjects\taxidriverhk_hkwk_lite\fence_2.sco
1226589147
1226589147
-1
Sceneryobjects\taxidriverhk_hkwk_lite\palmtree.sco
1291016771
1291016771
-1
Sceneryobjects\taxidriverhk_hkwk_lite\poon_paidong.sco
1291018043
1291018043
-1
Sceneryobjects\taxidriverhk_hkwk_lite\ssp_mtr_1.sco
1291018055
1291018055
-1
Sceneryobjects\taxidriverhk_hkwk_lite\surfacemark_brokenlineforgiveway.sco
1291016917
1291016917
-1
Sceneryobjects\taxidriverhk_hkwk_lite\surfacemark_giveway.sco
1291016921
1291016921
-1
Sceneryobjects\taxidriverhk_hkwk_lite\surfacemark_giveway_small.sco
1291016920
1291016920
-1
Sceneryobjects\taxidriverhk_hkwk_lite\taipo_244.sco
1291018056
1291018056
-1
Sceneryobjects\taxidriverhk_hkwk_lite\taipo_49.sco
1291018567
1291018567
-1
Sceneryobjects\taxidriverhk_hkwk_lite\taipo_91.sco
1291018566
1291018566
-1
Sceneryobjects\taxidriverhk_hkwk_lite\uc_123.sco
1291017853
1291017853
-1
Sceneryobjects\taxidriverhk_hkwk_lite\uc_2.sco
1291018560
1291018560
-1
Sceneryobjects\taxidriverhk_hkwk_lite\uc_25.sco
1291018556
1291018556
-1
Sceneryobjects\taxidriverhk_hkwk_lite\uc_32.sco
1291018556
1291018556
-1
Sceneryobjects\taxidriverhk_hkwk_lite\uc_63.sco
1291018555
1291018555
-1
Sceneryobjects\taxidriverhk_hkwk_lite\uc_73.sco
1291017851
1291017851
-1
Sceneryobjects\taxidriverhk_hkwk_lite\uc_82.sco
1291017852
1291017852
-1
Sceneryobjects\taxidriverhk_hkwk_lite\uc_unchau-and-peiho.sco
1291018507
1291018507
-1
Sceneryobjects\taxidriverhk_hkwk_lite\yc_golden.sco
1291017880
1291017880
-1
Sceneryobjects\taxidriverhk_hkwk_lite\yc_yenchowstreet.sco
1291017883
1291017883
-1
Sceneryobjects\Traffic_Light_HK_FF3170\Philips_car_standard_board.sco
1151230789
1151230789
-1
Sceneryobjects\Traffic_Light_HK_FF3170\Teletech_car_large.sco
1165108835
1165108835
-1
Sceneryobjects\Traffic_Light_HK_FF3170\Teletech_car_standard.sco
1162295706
1162295706
-1
Sceneryobjects\Traffic_Light_HK_FF3170\Teletech_car_standard_L.sco
1165114929
1165114929
-1
Sceneryobjects\Traffic_Light_HK_FF3170\Teletech_car_standard_R_RM.sco
1165115413
1165115413
-1
Sceneryobjects\Traffic_Light_HK_FF3170\Teletech_car_standard_S.sco
1165115074
1165115074
-1
Sceneryobjects\Traffic_Light_HK_FF3170\Teletech_car_standard_S_LM.sco
1165115173
1165115173
-1
Sceneryobjects\Traffic_Light_HK_FF3170\Teletech_P.sco
1165111819
1165111819
-1
Sceneryobjects\Traffic_Light_HK_FF3170\Teletech_P_LM.sco
1165112042
1165112042
-1
Sceneryobjects\Traffic_Light_HK_FF3170\Teletech_P_RM.sco
1165112052
1165112052
-1
Sceneryobjects\Trees_MC\fir_medium_03.sco
1196580420
1196580420
-1
Sceneryobjects\Trees_MC\tree_large_06.sco
1196580429
1196580429
-1
Sceneryobjects\Trees_MC\Tree_Small_06.sco
1196580460
1196580460
-1
Sceneryobjects\Trees_MC\Tree_Small_07.sco
1196580407
1196580407
-1
Sceneryobjects\Trees_MC\Tree_Small_08.sco
1196580400
1196580400
-1
Sceneryobjects\Verkehrszeichen_MC\Mast_Ampel_klein_1.sco
1196580402
1196580402
-1
Sceneryobjects\Verkehrszeichen_MC\VZ_surfmark_arrow_L.sco
1196580470
1196580470
-1
Sceneryobjects\Verkehrszeichen_MC\VZ_surfmark_arrow_R.sco
1196580407
1196580407
-1
Sceneryobjects\Verkehrszeichen_MC\VZ_surfmark_arrow_S.sco
1196580400
1196580400
-1
Sceneryobjects\Verkehrszeichen_MC\VZ_surfmark_arrow_SL.sco
1196580429
1196580429
-1
Sceneryobjects\Verkehrszeichen_MC\VZ_surfmark_arrow_SR.sco
1196580407
1196580407
-1
Splines\Marcel\str_0spur_4m.sli
1054705313
-
-
Splines\Marcel\str_0spur_7m.sli
1054705142
-
-
Splines\taxidriverhk\1lane_pedonly.sli
1090611022
-
-
Splines\taxidriverhk\2lanes_oneway_noped.sli
1090215393
-
-
Splines\taxidriverhk\2lanes_wbarriernoped_half.sli
1086946592
-
-
Splines\taxidriverhk\3lanes_oneway_noped.sli
1095589638
-
-
Splines\taxidriverhk\3lanes_oneway_noped_narrow.sli
1090216699
-
-
Splines\taxidriverhk\3lanes_wbarriernoped_half.sli
1086944898
-
-
Splines\taxidriverhk_nopaths\0lane_barrierfortrees.sli
1089825661
-
-
Splines\taxidriverhk_nopaths\0lane_doubleyellowline.sli
1122646158
-
-
Splines\taxidriverhk_nopaths\0lane_grasscover.sli
1095463017
-
-
Splines\taxidriverhk_nopaths\0lane_pedonly.sli
1086949679
-
-
Splines\taxidriverhk_nopaths\0lane_pedonly_concrete.sli
1122450006
-
-
Splines\taxidriverhk_nopaths\0lane_singlewhiteandyellowline.sli
1186755994
-
-
Splines\taxidriverhk_nopaths\0lane_singlewhiteline.sli
1122646063
-
-
Splines\taxidriverhk_nopaths\0lane_singleyellowline.sli
1122646105
-
-
Splines\taxidriverhk_nopaths\0lane_splineforbarrier.sli
1090273352
-
-
