Sceneryobjects\Ruede\forest_backdrop01.sco
1196580392
1196580392
-1
Sceneryobjects\Streetobjects_RUE\sodiumlight_L_break_L.sco
1196580395
1196580395
-1
Sceneryobjects\taxidriverhk_hkwk_lite\victoria_harbour_4.sco
1291264704
1291264704
-1
Sceneryobjects\taxidriverhk_hkwk_lite\whampoa_fence.sco
1291264289
1291264289
-1
Sceneryobjects\taxidriverhk_hkwk_lite\whampoa_gcewps.sco
1291264079
1291264079
-1
Sceneryobjects\taxidriverhk_hkwk_lite\whampoa_harbour.sco
1291264079
1291264079
-1
Sceneryobjects\taxidriverhk_hkwk_lite\whampoa_palm_tree.sco
1291264289
1291264289
-1
Sceneryobjects\taxidriverhk_hkwk_lite\whampoa_site12.sco
1291264079
1291264079
-1
Sceneryobjects\taxidriverhk_hkwk_lite\whampoa_site5.sco
1291264079
1291264079
-1
Sceneryobjects\taxidriverhk_hkwk_lite\whampoa_site5_block.sco
1291264079
1291264079
-1
Sceneryobjects\Trees_MC\shrubbery_01_10.sco
1196580395
1196580395
-1
Sceneryobjects\Trees_MC\tree_medium_06.sco
1196580429
1196580429
-1
Sceneryobjects\Trees_MC\Tree_Small_07.sco
1196580407
1196580407
-1
Splines\Marcel\str_0spur_4m.sli
1054705313
-
-
Splines\taxidriverhk\1lane_pedonly.sli
1090611022
-
-
Splines\taxidriverhk\2lanes_noped.sli
1095784982
-
-
Splines\taxidriverhk\2lanes_oneway_noped.sli
1090215393
-
-
Splines\taxidriverhk_nopaths\0lane_pedonly.sli
1086949679
-
-
Splines\taxidriverhk_nopaths\0lane_road_15mwide.sli
1133782256
-
-
Splines\taxidriverhk_nopaths\0lane_singleyellowline_whampoa.sli
1200840826
-
-
