Sceneryobjects\3dtranstudio\bridge_pier.sco
1056420289
1056420289
-1
Sceneryobjects\Trees_MC\RHD_tree_large_01.sco
1097248121
1097248121
-1
Sceneryobjects\Trees_MC\RHD_tree_large_03.sco
1097248121
1097248121
-1
Sceneryobjects\Trees_MC\tree_large_06.sco
1255489858
1255489858
-1
Splines\3dtranstudio\str_0spur_4m_hk.sli
1065025632
-
-
Splines\CDLX\Misc\bolHigh_rail.sli
1286472883
-
-
Splines\CDLX\TsuenWanRd\TsuenWanRd_HoiKwaiRd.sli
1286478280
-
-
Splines\CDLX\TsuenWanRd\TsuenWanRd_TaiChungRdEnt_EB_1.sli
1286473208
-
-
