Sceneryobjects\HKBTS_Building\Wong Tai Sin Building_2.sco
1292125655
1292125655
-1
Sceneryobjects\HKBTS_Building\Wong Tai Sin Building_3.sco
1292126224
1292126224
-1
Sceneryobjects\kelvin1324_Buildings\kf_KwongYiHouse_.sco
1351811319
1351811319
-1
Sceneryobjects\kelvin1324_Buildings\tw_School_ChuiYiStreet_.sco
1351837304
1351837304
-1
Splines\HKSAR_Marcel\str_0spur_60m.sli
1087937615
-
-
Sceneryobjects\gg\takwo3.sco
1110214343
1110214343
-1
Sceneryobjects\gg_RHD\takwo1.sco
1353686588
1353686588
-1
