Sceneryobjects\3dtranstudio\hkstreet\ground_busstop1.sco
1063459043
1063459043
-1
Sceneryobjects\3dtranstudio\hkstreet\ground_busstop5.sco
1063460071
1063460071
-1
Sceneryobjects\Buildings_MC\bw_secondhandcars.sco
1196580374
1196580374
-1
Sceneryobjects\Busstops_HK\people_standing_narrow.sco
1067410857
1067410857
-1
Sceneryobjects\Generic\bus_stop.sco
1196580392
1196580392
-1
Sceneryobjects\Generic\people_standing_small.sco
1196580424
1196580424
-1
Sceneryobjects\Generic\routearrow_L.sco
1196580396
1196580396
-1
Sceneryobjects\Generic\routearrow_R.sco
1196580386
1196580386
-1
Sceneryobjects\Generic\routearrows_busstop.sco
1196580396
1196580396
-1
Sceneryobjects\SS_HKTrafficSign\SS_Pole_Green.sco
1051658049
1051658049
-1
Sceneryobjects\SS_HKTrafficSign\SS_Pole_Grey.sco
1051658064
1051658064
-1
Sceneryobjects\SS_HKTrafficSign\SS_Sign_AheadOnly.sco
1053070980
1053070980
-1
Sceneryobjects\SS_HKTrafficSign\SS_Sign_GiveWay.sco
1053072933
1053072933
-1
Sceneryobjects\SS_HKTrafficSign\SS_Sign_N_NoStop24.sco
1053073489
1053073489
-1
Sceneryobjects\SS_HKTrafficSign\SS_Sign_N_NoStop712CGoodsVeh.sco
1053073528
1053073528
-1
Sceneryobjects\SS_HKTrafficSign\SS_Sign_N_NoStop712GoodsVeh.sco
1053073536
1053073536
-1
Sceneryobjects\SS_HKTrafficSign\SS_Sign_N_NoStop81057.sco
1053073581
1053073581
-1
Sceneryobjects\SS_HKTrafficSign\SS_Sign_N_NoStopEnd.sco
1053073432
1053073432
-1
Sceneryobjects\Streetobjects_RUE\sodiumlight_2L_break_L.sco
1196580395
1196580395
-1
Sceneryobjects\Streetobjects_RUE\sodiumlight_L_break_L.sco
1196580395
1196580395
-1
Sceneryobjects\taxidriverhk_hkwk_lite\bushut_1980_large.sco
1291263115
1291263115
-1
Sceneryobjects\taxidriverhk_hkwk_lite\bushut_2000.sco
1291017218
1291017218
-1
Sceneryobjects\taxidriverhk_hkwk_lite\bushut_2000_5pole_3.sco
1291017218
1291017218
-1
Sceneryobjects\taxidriverhk_hkwk_lite\busstop_newplate_freetex.sco
1291262929
1291262929
-1
Sceneryobjects\taxidriverhk_hkwk_lite\csw_yeekok.sco
1291017934
1291017934
-1
Sceneryobjects\taxidriverhk_hkwk_lite\endofbarrierfortrees.sco
1291016857
1291016857
-1
Sceneryobjects\taxidriverhk_hkwk_lite\fence_1.sco
1226588946
1226588946
-1
Sceneryobjects\taxidriverhk_hkwk_lite\fence_2.sco
1226589147
1226589147
-1
Sceneryobjects\taxidriverhk_hkwk_lite\lck_kwanho.sco
1291017970
1291017970
-1
Sceneryobjects\taxidriverhk_hkwk_lite\lck_laichikok-and-sspparkped.sco
1291017995
1291017995
-1
Sceneryobjects\taxidriverhk_hkwk_lite\lck_laichikok-and-tonkin.sco
1291017997
1291017997
-1
Sceneryobjects\taxidriverhk_hkwk_lite\lck_laikok_1.sco
1291018002
1291018002
-1
Sceneryobjects\taxidriverhk_hkwk_lite\lck_laikok_2.sco
1291018002
1291018002
-1
Sceneryobjects\taxidriverhk_hkwk_lite\lck_laikok_3.sco
1291018003
1291018003
-1
Sceneryobjects\taxidriverhk_hkwk_lite\lck_laikok_9.sco
1291018009
1291018009
-1
Sceneryobjects\taxidriverhk_hkwk_lite\lck_lailawhouse-busstop.sco
1291018018
1291018018
-1
Sceneryobjects\taxidriverhk_hkwk_lite\lck_laion.sco
1291018020
1291018020
-1
Sceneryobjects\taxidriverhk_hkwk_lite\lck_laion_2.sco
1291018022
1291018022
-1
Sceneryobjects\taxidriverhk_hkwk_lite\lck_park_2.sco
1291018030
1291018030
-1
Sceneryobjects\taxidriverhk_hkwk_lite\lck_park_3.sco
1291018032
1291018032
-1
Sceneryobjects\taxidriverhk_hkwk_lite\palmtree.sco
1291016771
1291016771
-1
Sceneryobjects\taxidriverhk_hkwk_lite\signage_laichikok_5.sco
1291264439
1291264439
-1
Sceneryobjects\taxidriverhk_hkwk_lite\signage_laichikok_8.sco
1291264439
1291264439
-1
Sceneryobjects\taxidriverhk_hkwk_lite\surfacemark_brokenlineforgiveway.sco
1291016917
1291016917
-1
Sceneryobjects\taxidriverhk_hkwk_lite\surfacemark_giveway_small.sco
1291016920
1291016920
-1
Sceneryobjects\taxidriverhk_hkwk_lite\tonkin_endofbarrierfortonkin.sco
1291018061
1291018061
-1
Sceneryobjects\Traffic_Light_HK_FF3170\Teletech_car_standard_S.sco
1165115074
1165115074
-1
Sceneryobjects\Traffic_Light_HK_FF3170\Teletech_P.sco
1165111819
1165111819
-1
Sceneryobjects\Traffic_Light_HK_FF3170\Teletech_P_RM.sco
1165112052
1165112052
-1
Sceneryobjects\Trees_MC\shrubbery_03_20.sco
1196580405
1196580405
-1
Sceneryobjects\Trees_MC\shrubbery_04_20.sco
1196580397
1196580397
-1
Sceneryobjects\Trees_MC\tree_large_01.sco
1196580429
1196580429
-1
Sceneryobjects\Trees_MC\tree_large_05.sco
1196580402
1196580402
-1
Sceneryobjects\Trees_MC\tree_large_06.sco
1196580429
1196580429
-1
Sceneryobjects\Trees_MC\tree_medium_06.sco
1196580429
1196580429
-1
Sceneryobjects\Trees_MC\tree_medium_09.sco
1196580402
1196580402
-1
Sceneryobjects\Trees_MC\Tree_Small_05.sco
1196580467
1196580467
-1
Sceneryobjects\Trees_MC\Tree_Small_06.sco
1196580460
1196580460
-1
Sceneryobjects\Trees_MC\Tree_Small_07.sco
1196580407
1196580407
-1
Sceneryobjects\Trees_MC\Tree_Small_09.sco
1196580400
1196580400
-1
Sceneryobjects\Trees_MC\tree_tiny_01.sco
1196580402
1196580402
-1
Sceneryobjects\Verkehrszeichen_MC\Mast_Ampel_klein_1.sco
1196580402
1196580402
-1
Sceneryobjects\Verkehrszeichen_MC\VZ_surfmark_arrow_L.sco
1196580470
1196580470
-1
Sceneryobjects\Verkehrszeichen_MC\VZ_surfmark_arrow_S.sco
1196580400
1196580400
-1
Sceneryobjects\Verkehrszeichen_MC\VZ_surfmark_arrow_SR.sco
1196580407
1196580407
-1
Splines\Marcel\str_0spur_7m.sli
1054705142
-
-
Splines\taxidriverhk\1lane_pedonly.sli
1090611022
-
-
Splines\taxidriverhk\3lanes_wbarriernoped_half.sli
1086944898
-
-
Splines\taxidriverhk\3lanes_wstonebarriernoped_half.sli
1090858491
-
-
Splines\taxidriverhk_nopaths\0lane_barrierforssppark.sli
1094083608
-
-
Splines\taxidriverhk_nopaths\0lane_barrierfortonkin.sli
1095330490
-
-
Splines\taxidriverhk_nopaths\0lane_barrierfortrees.sli
1089825661
-
-
Splines\taxidriverhk_nopaths\0lane_doubleyellowline.sli
1122646158
-
-
Splines\taxidriverhk_nopaths\0lane_singlebrokenwhiteline.sli
1123559112
-
-
Splines\taxidriverhk_nopaths\0lane_singlebrokenwhiteline_frequent.sli
1126528520
-
-
Splines\taxidriverhk_nopaths\0lane_singlewhiteline.sli
1122646063
-
-
Splines\taxidriverhk_nopaths\0lane_singleyellowline.sli
1122646105
-
-
Splines\taxidriverhk_nopaths\0lane_splineforbarrier.sli
1090273352
-
-
