Sceneryobjects\3dtranstudio\bridge_pier.sco
1056420289
1056420289
-1
Splines\3dtranstudio\highway_a - air.sli
1311346835
-
-
Splines\3dtranstudio\invis_street.sli
999109838
-
-
Splines\3dtranstudio\str_0spur_4m_hk.sli
1065025632
-
-
Splines\FF3170-Marcel\str_1spur_5m_bridge_rail_1.sli
1177328514
-
-
Splines\taxidriverhk\1lane_roadonly_4mwide.sli
1095707059
-
-
Sceneryobjects\Generic\routearrow_dn_dyn.sco
1196580396
1196580396
-1
Sceneryobjects\Streetobjects_RUE\neonlight_L_bend_L.sco
1196580403
1196580403
-1
Sceneryobjects\Trees_MC\RHD_tree_large_01.sco
1097248121
1097248121
-1
