Sceneryobjects\Busstops_HK\Bus_hut_temp_green.sco
1519428667
1519428667
-1
Sceneryobjects\M3 Traffic Light AI\2Ow_1_Car1.sco
1345259634
1345259634
-1
Sceneryobjects\Map E31\Lbg.sco
1368498208
1368498208
-1
Sceneryobjects\Map E31\Wfg.sco
1368551203
1368551203
-1
Sceneryobjects\Streetobjects_RUE\single_pole.sco
1044220565
1044220565
-1
Sceneryobjects\taxidriverhk\island_small.sco
1291016761
1291016761
-1
Sceneryobjects\taxidriverhk_hkwk_lite\chatham_crash_barrier_pole.sco
1291264289
1291264289
-1
Sceneryobjects\taxidriverhk_meifoo\mf_laiwan.sco
1291264344
1291264344
-1
Sceneryobjects\Traffic_Light_HK_FF3170\Teletech_car_large.sco
1165108835
1165108835
-1
Sceneryobjects\Trees_MC\RHD_tree_large_01.sco
1097248121
1097248121
-1
Sceneryobjects\Trees_MC\RHD_tree_medium_06.sco
1097248121
1097248121
-1
Splines\3dtranstudio\2spur_11m_altonaer_c_noped.sli
1353727365
-
-
Splines\3dtranstudio\2spur_11m_altonaer_d_noped.sli
1335606245
-
-
Splines\3dtranstudio\ped_tstrdab.sli
1360072337
-
-
Splines\3dtranstudio\str_0spur_20m_hkped.sli
1344670322
-
-
Splines\3dtranstudio\str_0spur_7m_hk.sli
1353727366
-
-
Splines\CDLX\Misc\KeepClearLineR.sli
1286480231
-
-
Splines\CDLX\Misc\whiteline.sli
1286433570
-
-
Splines\CDLX\Misc\whiteline_asphalt_patch.sli
1287285058
-
-
Splines\kelvin1324\fence1_grey.sli
1358084236
-
-
Splines\kelvin1324\fence2_grey.sli
1358084236
-
-
Splines\kelvin1324\fence5_grey.sli
1358084236
-
-
Splines\kelvin1324\line_brokensingleline.sli
1358084237
-
-
Splines\kelvin1324\line_brokensingleline_short.sli
1495933477
-
-
Splines\kelvin1324\line_doubleline.sli
1358084237
-
-
Splines\kelvin1324\line_singleline.sli
1358084237
-
-
Splines\M3_Spline\line_GV.sli
1312790127
-
-
Splines\M3_Spline\P_crossing.sli
1312790127
-
-
Splines\Map E31\fencelk2.sli
1360308474
-
-
Splines\Map E31\wleb.sli
1368561040
-
-
Splines\taxidriverhk\0lane_pedonly_concrete_nocurb.sli
1353727447
-
-
Splines\taxidriverhk\1lane_roadonly_4mwide.sli
1353727447
-
-
Splines\taxidriverhk_nopaths\0lane_crash_barrier.sli
1353727451
-
-
Splines\taxidriverhk_nopaths\0lane_pedonly_concrete_nocurb_wide.sli
1353727451
-
-
Splines\taxidriverhk_nopaths\0lane_pedonly_nocurb.sli
1353727451
-
-
Splines\taxidriverhk_nopaths\0lane_pedonly_nocurb_wide.sli
1353727451
-
-
Vehicles\Isuzu_N_Series\Parked_isuzu_npr.sco
1330739377
1345693456
-1
Vehicles\Toyota_Alphard\Parked_alphard.sco
1282691193
1330882214
-1
Vehicles\Toyota_Crown\Toyota_parked_Crown_urban.sco
1187578048
1187691381
-1
Vehicles\Toyota_Prius\Parked_prius_xw30.sco
1322597637
1324694340
-1
