Sceneryobjects\3dtranstudio\bridge_pier.sco
1056420289
1056420289
-1
Sceneryobjects\3dtranstudio\hkstreet\ground_busstop2.sco
1063459046
1063459046
-1
Sceneryobjects\3dtranstudio\hkstreet\ground_busstop3.sco
1063459051
1063459051
-1
Sceneryobjects\3dtranstudio\hkstreet\ground_busstop4.sco
1063459056
1063459056
-1
Sceneryobjects\3dtranstudio\safe.sco
1053208753
1053208753
-1
Sceneryobjects\Busstops_HK\people_standing_narrow.sco
1067410857
1067410857
-1
Sceneryobjects\CDLX\KMB\NewLollipop2x2NoBase.sco
1351837291
1351837291
-1
Sceneryobjects\CDLX\KMB\NewLollipop3x3NoBase.sco
1351837291
1351837291
-1
Sceneryobjects\CDLX\KMB\NewLollipop4x4NoBase.sco
1351837291
1351837291
-1
Sceneryobjects\Generic\bus_stop.sco
1196580392
1196580392
-1
Sceneryobjects\Generic\routearrow_dn.sco
1196580385
1196580385
-1
Sceneryobjects\Generic\routearrows_busstop.sco
1196580396
1196580396
-1
Sceneryobjects\SS_HKTrafficSign\SS_Pole_Green.sco
1051658049
1051658049
-1
Sceneryobjects\SS_HKTrafficSign\SS_Pole_Grey.sco
1051658064
1051658064
-1
Sceneryobjects\SS_HKTrafficSign\SS_Pole_Yellow.sco
1051658063
1051658063
-1
Sceneryobjects\SS_HKTrafficSign\SS_Sign_AheadOnly.sco
1053070980
1053070980
-1
Sceneryobjects\SS_HKTrafficSign\SS_Sign_GiveWay.sco
1053072933
1053072933
-1
Sceneryobjects\SS_HKTrafficSign\SS_Sign_N_NoStop712CLightBus.sco
1053073531
1053073531
-1
Sceneryobjects\SS_HKTrafficSign\SS_Sign_N_NoStop712LightBus.sco
1053073540
1053073540
-1
Sceneryobjects\SS_HKTrafficSign\SS_Sign_N_NoStop77C.sco
1053073520
1053073520
-1
Sceneryobjects\SS_HKTrafficSign\SS_Sign_N_NoStopEnd.sco
1053073432
1053073432
-1
Sceneryobjects\SS_HKTrafficSign\SS_Sign_NoEntry.sco
1053073669
1053073669
-1
Sceneryobjects\SS_HKTrafficSign\SS_Sign_NoRightTurn.sco
1053073650
1053073650
-1
Sceneryobjects\SS_HKTrafficSign\SS_Sign_TurnLeft.sco
1053074420
1053074420
-1
Sceneryobjects\Streetobjects_RUE\sodiumlight_2L_break_L.sco
1196580395
1196580395
-1
Sceneryobjects\Streetobjects_RUE\sodiumlight_L_break_L.sco
1196580395
1196580395
-1
Sceneryobjects\taxidriverhk_hkwk_lite\bushut_2000_5pole_3.sco
1291017218
1291017218
-1
Sceneryobjects\taxidriverhk_hkwk_lite\busstop_newplate_freetex.sco
1291262929
1291262929
-1
Sceneryobjects\taxidriverhk_hkwk_lite\csw_102.sco
1291017912
1291017912
-1
Sceneryobjects\taxidriverhk_hkwk_lite\endofbarrierfortrees.sco
1291016857
1291016857
-1
Sceneryobjects\taxidriverhk_hkwk_lite\fence_1.sco
1226588946
1226588946
-1
Sceneryobjects\taxidriverhk_hkwk_lite\fence_2.sco
1226589147
1226589147
-1
Sceneryobjects\taxidriverhk_hkwk_lite\pe_777.sco
1291152939
1291152939
-1
Sceneryobjects\taxidriverhk_hkwk_lite\pe_800.sco
1291152940
1291152940
-1
Sceneryobjects\taxidriverhk_hkwk_lite\pe_endofnathanroad.sco
1291152941
1291152941
-1
Sceneryobjects\taxidriverhk_hkwk_lite\pe_mtr.sco
1291152942
1291152942
-1
Sceneryobjects\taxidriverhk_hkwk_lite\signage_csw_1.sco
1291264439
1291264439
-1
Sceneryobjects\taxidriverhk_hkwk_lite\ssp_taipo_1.sco
1291018055
1291018055
-1
Sceneryobjects\Traffic_Light_HK_FF3170\Philips_car_standard_S_board.sco
1151611147
1151611147
-1
Sceneryobjects\Traffic_Light_HK_FF3170\Teletech_car_standard_S.sco
1165115074
1165115074
-1
Sceneryobjects\Traffic_Light_HK_FF3170\Teletech_P.sco
1165111819
1165111819
-1
Sceneryobjects\Traffic_Light_HK_FF3170\Teletech_P_LM.sco
1165112042
1165112042
-1
Sceneryobjects\Traffic_Light_HK_FF3170\Teletech_P_RM.sco
1165112052
1165112052
-1
Sceneryobjects\Verkehrszeichen_MC\Mast_Ampel_klein_1.sco
1196580402
1196580402
-1
Sceneryobjects\Verkehrszeichen_MC\VZ_surfmark_arrow_S.sco
1196580400
1196580400
-1
Splines\taxidriverhk\1lane_pedonly.sli
1090611022
-
-
Splines\taxidriverhk\1lane_pedonly_concrete.sli
1095590210
-
-
Splines\taxidriverhk\2lanes_oneway_flyover_2.sli
1093440946
-
-
Splines\taxidriverhk\2lanes_oneway_noped.sli
1090215393
-
-
Splines\taxidriverhk\3lanes_wbarriernoped_half.sli
1086944898
-
-
Splines\taxidriverhk_nopaths\0lane_barrierfortrees.sli
1089825661
-
-
Splines\taxidriverhk_nopaths\0lane_singlewhiteline.sli
1122646063
-
-
Splines\taxidriverhk_nopaths\0lane_singleyellowline.sli
1122646105
-
-
