Sceneryobjects\3dtranstudio\hkstreet\ground_busstop1 (2).sco
1345259080
1345259080
-1
Sceneryobjects\3dtranstudio\hkstreet\ground_busstop5.sco
1063490791
1063490791
-1
Sceneryobjects\3dtranstudio\hkstreet\ground_slow.sco
1063473224
1063473224
-1
Sceneryobjects\Busstops_HK\people_standing_narrow.sco
1352925428
1352925428
-1
Sceneryobjects\CDLX\KMB\NewLollipop2x2NoBase.sco
1282491267
1282491267
-1
Sceneryobjects\Generic\bus_stop.sco
1210215889
1210215889
-1
Sceneryobjects\Generic\car_park.sco
1210215900
1210215900
-1
Sceneryobjects\Generic\entrypoint_bus.sco
1210215900
1210215900
-1
Sceneryobjects\gg\phousing_0101.sco
1112307769
1112307769
-1
Sceneryobjects\gg\phousing_0702.sco
1151598995
1151598995
-1
Sceneryobjects\HK roadsurface mark\hkroadsurf_byright.sco
1177328320
1177328320
-1
Sceneryobjects\HK roadsurface mark\hkroadsurf_leftlane.sco
1177328320
1177328320
-1
Sceneryobjects\HKWLE_OBJ\NTNW\Sheung Shui\NTNW_SSBTT-Toilet.sco
1379121963
1379121963
-1
Sceneryobjects\kelvin1324_Buildings\sp_ScienceParkRoadPublicToilet_.sco
1351811319
1351811319
-1
Sceneryobjects\kelvin1324_Misc\bollard_HK_1_LeftArrow_.sco
1351811377
1351811377
-1
Sceneryobjects\kelvin1324_Misc\bollard_HK_1_NoArrow_.sco
1351811377
1351811377
-1
Sceneryobjects\KMB Bus stop Lollipop\Lollipop4x4NoBase.sco
1252879122
1252879122
-1
Sceneryobjects\M3 Traffic Light AI\1Av_2St_1_Car1.sco
1345259634
1345259634
-1
Sceneryobjects\M3 Traffic Light AI\1Av_2St_1_Car2.sco
1345259634
1345259634
-1
Sceneryobjects\M3 Traffic Light AI\1Av_2St_1_Car3.sco
1345259634
1345259634
-1
Sceneryobjects\NG1604's object\50 kmh.sco
1084137798
1084137798
-1
Sceneryobjects\SaiKung\schranke.sco
1361937995
1361937995
-1
Sceneryobjects\SS_HKTrafficSign\RHD_Sign_Stop (135).sco
1053074266
1053074266
-1
Sceneryobjects\SS_HKTrafficSign\RHD_SS_Pole_Grey.sco
1051658064
1051658064
-1
Sceneryobjects\SS_HKTrafficSign\RHD_SS_Sign_BendLeftAhead.sco
1345259704
1345259704
-1
Sceneryobjects\SS_HKTrafficSign\RHD_SS_Sign_Spd50.sco
1345259705
1345259705
-1
Sceneryobjects\SS_HKTrafficSign\RHD_SS_Sign_Spd70.sco
1345259705
1345259705
-1
Sceneryobjects\SS_HKTrafficSign\RHD_SS_Sign_TurnLeft.sco
1345259705
1345259705
-1
Sceneryobjects\SS_HKTrafficSign\SS_Pole_Grey (2).sco
1345259694
1345259694
-1
Sceneryobjects\SS_HKTrafficSign\SS_Pole_Grey.sco
1051658064
1051658064
-1
Sceneryobjects\SS_HKTrafficSign\SS_Sign_GiveWay.sco
1053072933
1053072933
-1
Sceneryobjects\SS_HKTrafficSign\SS_Sign_N_NoStop24 (2).sco
1345259694
1345259694
-1
Sceneryobjects\SS_HKTrafficSign\SS_Sign_Spd70.sco
1053074266
1053074266
-1
Sceneryobjects\Streetobjects_RUE\sodiumlight_2L_break_L.sco
1031241799
1031241799
-1
Sceneryobjects\taxidriverhk_busstop\bushut_1990.sco
1291017218
1291017218
-1
Sceneryobjects\taxidriverhk_busstop\bushut_1990_freetex.sco
1291263117
1291263117
-1
Sceneryobjects\taxidriverhk_hkwk_lite\signage_csw_4.sco
1291264439
1291264439
-1
Sceneryobjects\taxidriverhk_signage\signage_getinlane.sco
1291264439
1291264439
-1
Sceneryobjects\taxidriverhk_signage\signage_leftbend_singlearrow.sco
1291264439
1291264439
-1
Sceneryobjects\taxidriverhk_signage\signage_rightbend_singlearrow.sco
1291264439
1291264439
-1
Sceneryobjects\Traffic_Light_HK_FF3170\Philips_car_standard.sco
1149331922
1149331922
-1
Sceneryobjects\Traffic_Light_HK_FF3170\Philips_car_standard_RM.sco
1151167040
1151167040
-1
Sceneryobjects\Traffic_Light_HK_FF3170\Philips_P_LM.sco
1151167040
1151167040
-1
Sceneryobjects\Traffic_Light_HK_FF3170\Philips_P_RM.sco
1151167040
1151167040
-1
Sceneryobjects\Trees_MC\RHD_shrubbery_01_10.sco
1097248121
1097248121
-1
Sceneryobjects\Trees_MC\RHD_tree_large_05.sco
1097248121
1097248121
-1
Sceneryobjects\Trees_MC\RHD_tree_medium_01.sco
1097248121
1097248121
-1
Sceneryobjects\Trees_MC\shrubbery_01_05.sco
1181629421
1181629421
-1
Sceneryobjects\Trees_MC\shrubbery_03_20.sco
1181629521
1181629521
-1
Sceneryobjects\Trees_MC\tree_large_06.sco
1181629460
1181629460
-1
Sceneryobjects\Trees_MC\Tree_Small_09.sco
1181629490
1181629490
-1
Sceneryobjects\UKDT\iomex\Flora 3\Basswood Tree 1.sco
1280485216
1280485216
-1
Sceneryobjects\UKDT\iomex\Flora 3\Cider Gum Tree 1.sco
1280485216
1280485216
-1
Sceneryobjects\UKDT\iomex\Flora 3\English Oak Columnar 1.sco
1280485216
1280485216
-1
Sceneryobjects\UKDT\iomex\Flora 3\Fern 1 1.sco
1280485216
1280485216
-1
Sceneryobjects\UKDT\iomex\Flora 3\Gardenia 1.sco
1280485216
1280485216
-1
Sceneryobjects\UKDT\iomex\Flora 3\Orange Tree 3.sco
1280485216
1280485216
-1
Sceneryobjects\UKDT\iomex\Flora 3\Palm.sco
1280485216
1280485216
-1
Sceneryobjects\UKDT\iomex\Flora 3\Timoty Grass 1 1.sco
1280485216
1280485216
-1
Splines\213M_Splines_DYC\hillwall_PoTat.sli
1422025156
-
-
Splines\CDLX\Misc\KeepClearArrow.sli
1286471801
-
-
Splines\CDLX\Misc\whiteline_asphalt_patch_narrow.sli
1368620166
-
-
Splines\HKBTS_Spline\ChingCheungRd\ChingCheungRd_3Lines1Way_whi_000_cone.sli
1353997680
-
-
Splines\HKSAR_Marcel\str_0spur_22m.sli
1177328544
-
-
Splines\kelvin1324\0lane_path_2m_NoYellowLine.sli
1358084234
-
-
Splines\kelvin1324\0lane_path_4m_NoYellowLine.sli
1512746218
-
-
Splines\kelvin1324\0lane_path-ped5_10m.sli
1358084233
-
-
Splines\kelvin1324\0lane_path-ped5_2m.sli
1358084233
-
-
Splines\kelvin1324\0lane_path-ped5_6m_NoYellowLine.sli
1515499191
-
-
Splines\kelvin1324\fence1_grey.sli
1358084236
-
-
Splines\M3_Spline\P_crossing.sli
1312790127
-
-
Splines\Map E31\twabridge.sli
1428376412
-
-
Splines\Marcel\invis_street.sli
1321185405
-
-
Splines\SaiKung\2lanes_noped_doublewhiteline.sli
1115072614
-
-
Splines\TaiPoProject_Highway\1lines_Tolo_Oneway_narrow_Bshoulder.sli
1358102678
-
-
Splines\taxidriverhk\0lane_pedonly_concrete_narrow.sli
1353727447
-
-
Splines\taxidriverhk\1lane_roadonly.sli
1353727447
-
-
Splines\taxidriverhk\1lane_roadonly_wide.sli
1353727447
-
-
Splines\taxidriverhk\2lanes_8mwide_noped.sli
1353727447
-
-
Splines\taxidriverhk\2lanes_fatkwongstreetflyover.sli
1353727447
-
-
Splines\taxidriverhk\2lanes_noped.sli
1353727447
-
-
Splines\taxidriverhk\Chathamroad_flyover_ped.sli
1358867624
-
-
Splines\taxidriverhk_nopaths\0lane_barrierforcsw.sli
1353727451
-
-
Splines\taxidriverhk_nopaths\0lane_barrierfornathan.sli
1353727451
-
-
Splines\taxidriverhk_nopaths\0lane_chatham_century_fence.sli
1353727451
-
-
Splines\taxidriverhk_nopaths\0lane_crash_barrier.sli
1353727451
-
-
Splines\taxidriverhk_nopaths\0lane_doublewhiteline.sli
1353727451
-
-
Splines\taxidriverhk_nopaths\0lane_doublewhiteline_onesidebroken.sli
1353727451
-
-
Splines\taxidriverhk_nopaths\0lane_pedonly_concrete_narrow_nocurb.sli
1353727451
-
-
Splines\taxidriverhk_nopaths\0lane_pedonly_concrete_nocurb_wide.sli
1353727451
-
-
Splines\taxidriverhk_nopaths\0lane_retainingwall_4.sli
1353727451
-
-
Splines\taxidriverhk_nopaths\0lane_retainingwall_5.sli
1353727451
-
-
Splines\taxidriverhk_nopaths\0lane_road_0.5mwide.sli
1161071993
-
-
Splines\taxidriverhk_nopaths\0lane_road_1mwide.sli
1151572055
-
-
Splines\taxidriverhk_nopaths\0lane_road_7mwide.sli
1353727451
-
-
Splines\taxidriverhk_nopaths\0lane_singlebrokenwhiteline.sli
1353727451
-
-
Splines\taxidriverhk_nopaths\0lane_singlebrokenwhiteline_frequent.sli
1353727451
-
-
Splines\taxidriverhk_nopaths\0lane_singlewhiteline.sli
1353727451
-
-
Splines\taxidriverhk_nopaths\0lane_singlewhiteline_thick.sli
1353727451
-
-
Splines\taxidriverhk_nopaths\0lane_wstonebarriernoped.sli
1353727451
-
-
Sceneryobjects\Generic\routearrow_dn.sco
1210215877
1210215877
-1
Sceneryobjects\Generic\routearrows_busstop.sco
1210216053
1210216053
-1
