Splines\3dtranstudio\str_0spur_234m water.sli
1331198179
-
-
Splines\gg_LHT\hillwall03.sli
1099479638
-
-
Sceneryobjects\Generic\routearrow_dn_dyn.sco
1351774415
1351774415
-1
Sceneryobjects\Trees_MC\RHD_tree_large_02.sco
1312789895
1312789895
-1
Sceneryobjects\Trees_MC\RHD_tree_large_03.sco
1312789895
1312789895
-1
Sceneryobjects\Trees_MC\RHD_tree_large_05.sco
1312789895
1312789895
-1
Splines\3dtranstudio\2spur_11m_altonaer_c_noped.sli
1198605225
-
-
Splines\3dtranstudio\3dtranstudio\str_0spur_4m_hk.sli
1065025632
-
-
Splines\3dtranstudio\invis_street.sli
999109838
-
-
Splines\3dtranstudio\invis_street_2spur.sli
1222330849
-
-
Splines\3dtranstudio\pedonly_a - 4mgras.sli
1364005776
-
-
Splines\3dtranstudio\pedonly_a - 4mtstrd.sli
1348665447
-
-
Splines\3dtranstudio\pedonly_a - 5mgras.sli
1348648757
-
-
Splines\kelvin1324\0lane_barrier2_grassonly_1m.sli
1348739485
-
-
Splines\kelvin1324\line_plain6r_brokensingleline_short.sli
1348739488
-
-
Splines\Map E31\CLKSA.sli
1364034845
-
-
