Sceneryobjects\3dtranstudio\RHD_bridge_pier2.sco
1097248179
1097248179
-1
Sceneryobjects\Generic\routearrow_dn_dyn.sco
1351774415
1351774415
-1
Sceneryobjects\Generic\routearrow_L_dyn.sco
1351774415
1351774415
-1
Sceneryobjects\Generic\routearrow_R_dyn.sco
1351774415
1351774415
-1
Sceneryobjects\GG2Signs\gg2_drn_sign_medium.sco
1114212787
1114212787
-1
Sceneryobjects\GG2Signs\gg2_large_sign.sco
1121494344
1121494344
-1
Sceneryobjects\Map E31\tcabr.sco
1346657724
1346657724
-1
Sceneryobjects\Map E31\tcnc.sco
1331174076
1331174076
-1
Sceneryobjects\Streetobjects_RUE\neonlight_2L_bend_L.sco
1351811284
1351811284
-1
Sceneryobjects\Streetobjects_RUE\neonlight_L_bend_L.sco
1351811284
1351811284
-1
Sceneryobjects\taxidriverhk_hkwk_lite\chatham_crash_barrier_pole.sco
1291264289
1291264289
-1
Sceneryobjects\Trees_MC\RHD_tree_large_02.sco
1312789895
1312789895
-1
Sceneryobjects\Trees_MC\RHD_tree_large_03.sco
1312789895
1312789895
-1
Splines\3dtranstudio\2way_2x2line_c_noped.sli
1196247872
-
-
Splines\3dtranstudio\hkstreet\2way_2x2line_c.sli
1322946809
-
-
Splines\3dtranstudio\invis_street_2spur.sli
1222330849
-
-
Splines\3dtranstudio\pedonly_a.sli
1133908595
-
-
Splines\3dtranstudio\str_0spur_234m water.sli
1331198179
-
-
Splines\3dtranstudio\str_0spur_4m_hk.sli
1065025632
-
-
Splines\3dtranstudio\Wasser_40m.sli
1331197781
-
-
Splines\gg_LHT\hillwall03.sli
1099479638
-
-
Splines\kelvin1324\fence1_grey.sli
1348739488
-
-
Splines\Map E31\tcabar.sli
1365881828
-
-
Splines\taxidriverhk\0lane_pedonly_narrow.sli
1133519101
-
-
Splines\taxidriverhk\0lanes_oneway_meifooflyover_bottom.sli
1134270717
-
-
Splines\taxidriverhk\1lane_roadonly_4mwide.sli
1095659955
-
-
Splines\taxidriverhk_nopaths\0lane_barriercover_narrow.sli
1133740711
-
-
Splines\taxidriverhk_nopaths\0lane_crash_barrier.sli
1194157250
-
-
Splines\taxidriverhk_nopaths\0lane_tsuiyu_barrier.sli
1182428549
-
-
