Sceneryobjects\49x\ice-cream_.sco
1177328168
1177328168
-1
Sceneryobjects\Generic\routearrow_dn_dyn.sco
1196580396
1196580396
-1
Sceneryobjects\HK_Street_Objects\bridge_rail_pole.sco
1085445286
1085445286
-1
Sceneryobjects\Streetobjects_RUE\neonlight_2L_bend_L.sco
1196580403
1196580403
-1
Sceneryobjects\Streetobjects_RUE\neonlight_L_bend_L.sco
1196580403
1196580403
-1
Sceneryobjects\Trees_MC\RHD_tree_large_01.sco
1097248121
1097248121
-1
Sceneryobjects\Trees_MC\RHD_tree_large_03.sco
1097248121
1097248121
-1
Splines\3dtranstudio\highway_a - air.sli
1311346835
-
-
Splines\3dtranstudio\hkstreet\str_0spur_7m_hk.sli
1064976090
-
-
Splines\3dtranstudio\invis_street.sli
999109838
-
-
Splines\3dtranstudio\str_0spur_20m_hk.sli
1192832509
-
-
Splines\3dtranstudio\str_0spur_2m_hk.sli
1065008832
-
-
Splines\3dtranstudio\str_0spur_40m_hk.sli
1192832538
-
-
Splines\3dtranstudio\str_0spur_4m_hk.sli
1065025632
-
-
Splines\CDLX\Misc\KeepClearArrow.sli
1286471801
-
-
Splines\CDLX\Misc\KeepClearLine.sli
1286480113
-
-
Splines\CDLX\Misc\whiteline.sli
1286433570
-
-
Splines\CDLX\Misc\whiteline_asphalt_patch_narrow.sli
1368620166
-
-
Splines\kelvin1324\1lanes_lro0r_4m_nopath.sli
1351837345
-
-
Splines\kelvin1324\line_brokensingleline_cluster.sli
1351837346
-
-
Splines\M3_Spline\line_white.sli
1177328550
-
-
Splines\Map E31\1way_1line_highway_a_noright_NLH.sli
1365801371
-
-
Splines\Map E31\3line_1way_NLH_g.sli
1418022359
-
-
Splines\Map E31\highway_a - air_NLH.sli
1365801872
-
-
Splines\Map E31\highway_amid_NLH.sli
1365802393
-
-
Splines\taxidriverhk\0lane_pedonly_concrete_narrow.sli
1126481448
-
-
Splines\taxidriverhk\1lane_roadonly_4mwide.sli
1095707059
-
-
Splines\taxidriverhk_nopaths\0lane_pedonly_concrete.sli
1122450006
-
-
Splines\taxidriverhk_nopaths\0lane_pedonly_concrete_narrow.sli
1126528552
-
-
Splines\taxidriverhk_nopaths\0lane_pedonly_concrete_narrow_nocurb.sli
1126529296
-
-
Splines\taxidriverhk_nopaths\0lane_waterbarrier.sli
1194272548
-
-
Vehicles\Tesla_Model_X\Parked_model_x.sco
1283158082
1324849160
-1
Vehicles\Toyota_Alphard\Parked_alphard.sco
1282691193
1330882214
-1
Vehicles\Toyota_Prius\Parked_prius_xw30.sco
1322597637
1324694340
-1
Sceneryobjects\GM4500 Objects\Coach.sco
1233351980
1233351980
-1
Sceneryobjects\taxidriverhk_hkwk_lite\chatham_crash_barrier_pole.sco
1291264289
1291264289
-1
Splines\taxidriverhk_nopaths\0lane_crash_barrier.sli
1194157250
-
-
