Sceneryobjects\296a\obj_kt017.sco
1181968845
1181968845
-1
Sceneryobjects\JY4462_obj\kt_fire_station_.sco
1300967664
1300967664
-1
Splines\47x city\3line_1way.sli
1312790007
-
-
Splines\kelvin1324\0lane_path-ped5_4m_AI_NoYellowLine.sli
1515499154
-
-
Splines\kelvin1324\0lane_path-ped5_4m_fence1_AI_NoYellowLine.sli
1358084233
-
-
Splines\Splines\kelvin1324\fs_BusTerminusBridge_main.sli
1348739488
-
-
Splines\Splines\TaiPoProject_Highway\0lanes_Tolo_nopath_verynarrow.sli
1352894850
-
-
Splines\Splines\taxidriverhk\taxidriverhk\taxidriverhk\taxidriverhk\1lane_roadonly.sli
1312790255
-
-
Splines\taxidriverhk\0lane_construction.sli
1353727447
-
-
Splines\taxidriverhk\0lane_road_7mwide_red.sli
1353727447
-
-
Splines\taxidriverhk\2lanes_oneway_noped_wide.sli
1353727447
-
-
Splines\taxidriverhk\whiteline_asphalt_patch_narrow.sli
1368620154
-
-
Splines\taxidriverhk_nopaths\0lane_barbedwire - lk.sli
1464817197
-
-
Splines\taxidriverhk_nopaths\0lane_pedonly_concrete.sli
1353727451
-
-
Sceneryobjects\SS_HKTrafficSign\RHD_SS_Pole_Grey.sco
1051658064
1051658064
-1
Sceneryobjects\SS_HKTrafficSign\SS_Sign_AheadOnly.sco
1053070980
1053070980
-1
Sceneryobjects\Trees_MC\Streetobjects_RUE\sodiumlight_L_break_L.sco
1031255860
1031255860
-1
Sceneryobjects\UKDT\iomex\Flora 3\Blue Jacaranda 1.sco
1280485216
1280485216
-1
Sceneryobjects\UKDT\iomex\Flora 3\Box Elder Tree 1.sco
1280485216
1280485216
-1
Splines\hkstreet\str_0spur_40m_hk.sli
1312789991
-
-
Splines\taxidriverhk_nopaths\0lane_doublewhiteline_onesidebroken.sli
1353727451
-
-
Splines\kelvin1324\fs_BusTerminusBridge_main.sli
1495381133
-
-
Splines\TaiPoProject_Highway\0lanes_Tolo_nopath_verynarrow.sli
1358102678
-
-
