Sceneryobjects\213x\AGSM2\AGSM2_.sco
1351054749
1351054749
-1
Sceneryobjects\kelvin1324_Misc\bollard_HK_1_LeftArrow_.sco
1351811377
1351811377
-1
Sceneryobjects\kelvin1324_Misc\bollard_HK_1_NoArrow_.sco
1351811377
1351811377
-1
Sceneryobjects\Trees_MC\RHD_tree_large_01.sco
1097248121
1097248121
-1
Splines\296d\building01.sli
1312757155
-
-
Splines\kelvin1324\0lane_path-ped5_10m.sli
1358084233
-
-
Splines\kelvin1324\0lane_path-ped5_4m_AI.sli
1515499138
-
-
Splines\kelvin1324\0lane_path-ped5_4m_AI_NoYellowLine.sli
1515499154
-
-
Splines\kelvin1324\0lane_path-ped5_4m_fence1.sli
1358084233
-
-
Splines\kelvin1324\0lane_path-ped5_4m_fence1_AI.sli
1358084233
-
-
Splines\kelvin1324\1lanes_dro_s3s_7m.sli
1358084235
-
-
Splines\Splines\kelvin1324\1lanes_dro_s3s_4m.sli
1351790241
-
-
Splines\Splines\TaiPoProject_Highway\0lanes_Tolo_nopath_verynarrow.sli
1352894850
-
-
Splines\Splines\taxidriverhk\taxidriverhk\taxidriverhk\taxidriverhk\0lane_pedonly_concrete_narrow.sli
1312790251
-
-
Splines\Splines\taxidriverhk\taxidriverhk\taxidriverhk\taxidriverhk\0lane_pedonly_concrete_narrow_nocurb.sli
1312790251
-
-
Splines\Splines\taxidriverhk\taxidriverhk\taxidriverhk\taxidriverhk\0lane_singlewhiteline_thick.sli
1312790251
-
-
Splines\Splines\taxidriverhk\taxidriverhk\taxidriverhk\taxidriverhk\1lane_roadonly.sli
1086799912
-
-
Splines\Splines\taxidriverhk\taxidriverhk\taxidriverhk\taxidriverhk\2lanes_oneway_noped.sli
1090215393
-
-
Splines\TaiPoProject_Highway\1lanes_Tolo_PSK.sli
1358102678
-
-
Splines\taxidriverhk\0lane_pedonly_concrete_nocurb.sli
1353727447
-
-
Splines\taxidriverhk_nopaths\0lane_barrierfornathan.sli
1353727451
-
-
Splines\taxidriverhk_nopaths\3lanes_oneway_noped.sli
1095542534
-
-
Sceneryobjects\213x\NTKStreetsign\NTKStreetsign_.sco
1351182917
1351182917
-1
Sceneryobjects\3dtranstudio\hkstreet\ground_busstop1.sco
1063489763
1063489763
-1
Sceneryobjects\3dtranstudio\hkstreet\ground_busstop2.sco
1063489766
1063489766
-1
Sceneryobjects\3dtranstudio\hkstreet\ground_busstop3.sco
1063489771
1063489771
-1
Sceneryobjects\3dtranstudio\hkstreet\ground_busstop4.sco
1063489776
1063489776
-1
Sceneryobjects\Busstops_HK\people_standing_narrow.sco
1352925428
1352925428
-1
Sceneryobjects\Generic\bus_stop.sco
1210215889
1210215889
-1
Sceneryobjects\kelvin1324_Misc\HK Road Marking_TransDept Standard\HKRoadMarking_arrowLeft_.sco
1351811378
1351811378
-1
Sceneryobjects\kelvin1324_Misc\HK Road Marking_TransDept Standard\HKRoadMarking_LookLeft_.sco
1351811378
1351811378
-1
Sceneryobjects\kelvin1324_Misc\HK Road Marking_TransDept Standard\HKRoadMarking_LookRight_.sco
1351811378
1351811378
-1
Sceneryobjects\kelvin1324_Misc\HK Road Sign_TransDept Standard\HKRoadSign_Chevrons_Left_.sco
1351811379
1351811379
-1
Sceneryobjects\kelvin1324_Misc\HK Road Sign_TransDept Standard\HKRoadSign_Left_.sco
1351811379
1351811379
-1
Sceneryobjects\KMB Lollipop\Lollipop2x2Full.sco
1252832015
1252832015
-1
Sceneryobjects\KMB Lollipop\Lollipop2x2NoBase.sco
1252832014
1252832014
-1
Sceneryobjects\KMB Lollipop\Lollipop3x3Full.sco
1252832011
1252832011
-1
Sceneryobjects\KMB Lollipop\Lollipop4x4NoBoard.sco
1252832018
1252832018
-1
Sceneryobjects\KMB Lollipop\Lollipop4x5NoBase.sco
1252856098
1252856098
-1
Sceneryobjects\KMB Lollipop\Lollipop4x5NoBoard.sco
1252832036
1252832036
-1
Sceneryobjects\KMB Lollipop\LollipopNoLP.sco
1252832026
1252832026
-1
Sceneryobjects\KowloonEast_3D_3M\KLBstation_.sco
1326546565
1326546565
-1
Sceneryobjects\KyleGor\HKEKCC.sco
1485021844
1485021844
-1
Sceneryobjects\NG1604's object\50 kmh.sco
1084137798
1084137798
-1
Sceneryobjects\ProjectTWS\F1sh\Block P1 Telford Garden_.sco
1353220205
1353220205
-1
Sceneryobjects\ProjectTWS\F1sh\Block R1 Telford Garden_.sco
1353220208
1353220208
-1
Sceneryobjects\ProjectTWS\F1sh\Block U1 Telford Garden_.sco
1353220211
1353220211
-1
Sceneryobjects\ProjectTWS\F1sh\MTR KLB Depot_.sco
1353233646
1353233646
-1
Sceneryobjects\Railroad_RUE\Spandau_Hbf.sco
1177989490
1177989490
-1
Sceneryobjects\SS_HKTrafficSign\RHD_Sign_Stop (128).sco
1053074152
1053074152
-1
Sceneryobjects\SS_HKTrafficSign\RHD_SS_Pole_Grey.sco
1051658064
1051658064
-1
Sceneryobjects\SS_HKTrafficSign\RHD_SS_Sign_Spd70.sco
1345259705
1345259705
-1
Sceneryobjects\SS_HKTrafficSign\SS_Sign_Spd50 (2).sco
1345259694
1345259694
-1
Sceneryobjects\Streetobjects_RUE\neonlight_2L_bend_L.sco
1030664952
1030664952
-1
Sceneryobjects\taxidriverhk\surfacemark_brokenlineforgiveway.sco
1291016917
1291016917
-1
Sceneryobjects\Trees_MC\shrubbery_03_10.sco
1181629455
1181629455
-1
Sceneryobjects\Trees_MC\Streetobjects_RUE\sodiumlight_L_break_L.sco
1031255860
1031255860
-1
Sceneryobjects\UKDT\iomex\Flora 3\Blue Jacaranda 2.sco
1280485216
1280485216
-1
Sceneryobjects\UKDT\iomex\Flora 3\Bougainvillea 1.sco
1280485216
1280485216
-1
Sceneryobjects\UKDT\iomex\Flora 3\Common Beech 1.sco
1280485216
1280485216
-1
Sceneryobjects\UKDT\iomex\Flora 3\Generic Tree 16 2.sco
1280485216
1280485216
-1
Splines\296a\train_bridge.sli
1183142279
-
-
Splines\CDLX\Misc\whiteline_asphalt_patch_narrow.sli
1368620166
-
-
Splines\kelvin1324\line_brokensingleline.sli
1358084237
-
-
Splines\Splines\kelvin1324\kelvin1324\kelvin1324\kelvin1324\kelvin1324\0lane_path-ped5_20m.sli
1352894842
-
-
Splines\Splines\taxidriverhk\taxidriverhk\taxidriverhk\taxidriverhk\0lane_singlewhiteline.sli
1312790251
-
-
Splines\TaiPoProject_Highway\Line_str_BrokenSingleLine_LongerGap.sli
1358102678
-
-
Splines\taxidriverhk\0lane_construction.sli
1353727447
-
-
Splines\taxidriverhk\0lane_road_7mwide.sli
1353727447
-
-
Splines\taxidriverhk\1lane_gascoigneflyover.sli
1353727447
-
-
Splines\taxidriverhk\2lanes_gascoigneflyover.sli
1353727447
-
-
Splines\taxidriverhk\3lanes_oneway_noped.sli
1353727448
-
-
Splines\taxidriverhk\taxidriverhk\taxidriverhk\taxidriverhk\taxidriverhk\3lanes_wstonebarriernoped_half_12mwide.sli
1312790256
-
-
Splines\taxidriverhk_nopaths\0lane_doublewhiteline.sli
1353727451
-
-
Splines\taxidriverhk_nopaths\0lane_doublewhiteline_onesidebroken.sli
1353727451
-
-
Splines\taxidriverhk_nopaths\0lane_wstonebarriernoped.sli
1353727451
-
-
Sceneryobjects\Generic\routearrow_dn.sco
1210215877
1210215877
-1
Sceneryobjects\Generic\routearrows_busstop.sco
1210216053
1210216053
-1
Splines\kelvin1324\0lane_path-ped5_20m.sli
1358084233
-
-
Splines\TaiPoProject_Highway\0lanes_Tolo_nopath_verynarrow.sli
1358102678
-
-
Splines\taxidriverhk\0lane_pedonly_concrete_narrow.sli
1353727447
-
-
Splines\taxidriverhk\0lane_pedonly_concrete_narrow_nocurb.sli
1353727447
-
-
Splines\taxidriverhk\0lane_singlewhiteline.sli
1353727447
-
-
Splines\taxidriverhk\0lane_singlewhiteline_thick.sli
1353727447
-
-
Splines\taxidriverhk\1lane_roadonly.sli
1353727447
-
-
Splines\taxidriverhk\2lanes_oneway_noped.sli
1353727447
-
-
Splines\taxidriverhk\3lanes_wstonebarriernoped_half_12mwide.sli
1353727448
-
-
