Sceneryobjects\gg\highway_wall4.sco
1112307581
1112307581
-1
Sceneryobjects\R8\KapShuiMunBridge_BridgePier.sco
1246930806
1246930806
-1
Sceneryobjects\Streetobjects_RUE\neonlight_2L_bend_L.sco
1196580403
1196580403
-1
Sceneryobjects\Streetobjects_RUE\neonlight_L_bend_L.sco
1196580403
1196580403
-1
Sceneryobjects\Trees_MC\RHD_tree_large_01.sco
1097248121
1097248121
-1
Sceneryobjects\Trees_MC\RHD_tree_large_03.sco
1097248121
1097248121
-1
Splines\3dtranstudio\3line_1way.sli
1134104275
-
-
Splines\3dtranstudio\highway_a - air.sli
1311346835
-
-
Splines\3dtranstudio\str_0spur_4m_hk.sli
1065025632
-
-
Splines\gg_LHT\Damm2.sli
1099979144
-
-
Splines\gg_LHT\hillwall03.sli
1099479638
-
-
Splines\gg_LHT\hillwall07.sli
1109956452
-
-
Splines\gg_LHT\RQ_10,5_1spur_Bridge.sli
1185510425
-
-
Splines\ggtunnel_LHT\highway_1line.sli
1185517436
-
-
Splines\M3_Spline\line_white.sli
1177328550
-
-
Splines\taxidriverhk\0lane_pedonly_concrete_narrow.sli
1126481448
-
-
Splines\taxidriverhk\0lanes_oneway_meifooflyover_bottom.sli
1134270717
-
-
Splines\taxidriverhk_nopaths\0lanes_oneway_meifooflyover_bottom_narrow.sli
1194160552
-
-
