Sceneryobjects\3dtranstudio\bridge_pier.sco
1056467393
1056467393
-1
Sceneryobjects\gg_LHT\container02b.sco
1100528841
1100528841
-1
Sceneryobjects\gg_LHT\container02c.sco
1100528844
1100528844
-1
Sceneryobjects\gg_LHT\container04.sco
1109695818
1109695818
-1
Sceneryobjects\GreenIsland_HC2105\noisebarrier_tsingkwaihighway.sco
1379863704
1379863704
-1
Sceneryobjects\Trees_MC\RHD_tree_large_03.sco
1097248121
1097248121
-1
Sceneryobjects\Trees_MC\shrubbery_01_05.sco
1181629421
1181629421
-1
Splines\3dtranstudio\3dtranstudio\str_0spur_4m_hk.sli
1065025632
-
-
Splines\3dtranstudio\pedonly_a - 4mtstrd.sli
1348665447
-
-
Splines\3dtranstudio\str_0spur_20m_hk.sli
1353727366
-
-
Splines\CDLX\Misc\KeepClearArrow.sli
1286471801
-
-
Splines\CDLX\Misc\whiteline_asphalt_patch_narrow.sli
1368620166
-
-
Splines\HKBTS_Spline\KwaiChungRd_StartatKwaiFong\KwaiChungRd_2Lines1Way_whitlineDotlongcone.sli
1329727968
-
-
Splines\HKBTS_Spline\KwaiChungRd_StartatKwaiFong\KwaiChungRd_5Lines1Way_0.5whiteline11Dotlongwhitlinecone.sli
1329726817
-
-
Splines\HKBTS_Spline\TsingKwaiHighway\KwaiTsingRd_1Line1way_WHL_coneonly.sli
1345500913
-
-
Splines\HKBTS_Spline\TsingKwaiHighway\TsingKwaiHighway_2mcon0000cone_bridge.sli
1330482530
-
-
Splines\HKBTS_Spline\TsingKwaiHighway\TsingKwaiHighway_2mcon00cone_bridge.sli
1346699445
-
-
Splines\HKBTS_Spline\TsingKwaiHighway\TsuenWanRd_1Lines1Way_aswhiteline.sli
1330165906
-
-
Splines\HKBTS_Spline\TsingKwaiHighway\TsuenWanRd_1Lines1Way_whitelineas.sli
1330165498
-
-
Splines\HKBTS_Spline\TsuenWanRd_3Lines1Way_0.5whiteline11Dotlongwhitline.sli
1329707607
-
-
Splines\HKBTS_Spline\TsuenWanRd_3Lines1Way_whiteline11Dotlong_cone.sli
1329705035
-
-
Splines\kelvin1324\0lane_barrier2_slope.sli
1499078394
-
-
Splines\kelvin1324\line_singleline_brokenline.sli
1358084237
-
-
Splines\Map E31\twrcbridge.sli
1464752953
-
-
Splines\taxidriverhk\0lane_pedonly_concrete_narrow.sli
1353727447
-
-
Splines\taxidriverhk\2lanes_chathamroad_flyover_oneway.sli
1353727447
-
-
Splines\taxidriverhk_nopaths\0lane_barbedwire - lk.sli
1464817197
-
-
Sceneryobjects\Trees_MC\RHD_tree_large_01.sco
1097248121
1097248121
-1
Sceneryobjects\Trees_MC\tree_large_02.sco
1181629467
1181629467
-1
Sceneryobjects\Generic\routearrow_dn.sco
1210215877
1210215877
-1
Splines\3dtranstudio\str_0spur_4m_hk.sli
1353727366
-
-
