Sceneryobjects\3dtranstudio\hkstreet\ground_busstop5.sco
1312789596
1312789596
-1
Sceneryobjects\Busstops_HK\Bus_hut_new_M.sco
1351811225
1351811225
-1
Sceneryobjects\Busstops_HK\people_standing_narrow.sco
1351811226
1351811226
-1
Sceneryobjects\CDLX\KMB\Helper2x2.sco
1351811258
1351811258
-1
Sceneryobjects\CDLX\KMB\NewLollipop2x2LWBFull.sco
1351811259
1351811259
-1
Sceneryobjects\Generic\bus_stop.sco
1351774414
1351774414
-1
Sceneryobjects\Generic\car_park.sco
1351774414
1351774414
-1
Sceneryobjects\Generic\people_standing_small.sco
1351774415
1351774415
-1
Sceneryobjects\Generic\routearrow_dn_dyn.sco
1351774415
1351774415
-1
Sceneryobjects\Generic\routearrow_L_dyn.sco
1351774415
1351774415
-1
Sceneryobjects\GM4500 Objects\Coach.sco
1233499885
1233499885
-1
Sceneryobjects\M3 Traffic Light AI\1Av_1St_1_Car1.sco
1177328359
1177328359
-1
Sceneryobjects\M3 Traffic Light AI\4Av_1_Car1.sco
1177328359
1177328359
-1
Sceneryobjects\M3 Traffic Light AI\4Av_1_Car4.sco
1177328359
1177328359
-1
Sceneryobjects\Map E31\nb.sco
1331199066
1331199066
-1
Sceneryobjects\Map E31\tccbar.sco
1351026221
1351026221
-1
Sceneryobjects\S1\Bus Stop\NLB\1.sco
1221567537
1221567537
-1
Sceneryobjects\Streetobjects_RUE\neonlight_2L_bend_L.sco
1351811284
1351811284
-1
Sceneryobjects\Streetobjects_RUE\neonlight_L_bend_L.sco
1351811284
1351811284
-1
Sceneryobjects\Streetobjects_RUE\single_pole.sco
1351811284
1351811284
-1
Sceneryobjects\taxidriverhk_hkwk_lite\chatham_crash_barrier_pole.sco
1291264289
1291264289
-1
Sceneryobjects\Traffic_Light_HK_FF3170\Teletech_car_large.sco
1351811286
1351811286
-1
Sceneryobjects\Trees_MC\RHD_tree_large_01.sco
1312789895
1312789895
-1
Sceneryobjects\Trees_MC\RHD_tree_large_02.sco
1312789895
1312789895
-1
Sceneryobjects\Trees_MC\RHD_tree_large_03.sco
1312789895
1312789895
-1
Sceneryobjects\Trees_MC\tree_large_06.sco
1351774433
1351774433
-1
Splines\3dtranstudio\highway_a.sli
1143750682
-
-
Splines\3dtranstudio\invis_street.sli
999109838
-
-
Splines\3dtranstudio\invis_street_2spur.sli
1222330849
-
-
Splines\3dtranstudio\invis_street_human.sli
1061633174
-
-
Splines\3dtranstudio\str_0spur_4m_hk.sli
1065025632
-
-
Splines\3dtranstudio\str_0spur_7m_hk.sli
1065008832
-
-
Splines\kelvin1324\0lane_barrier2_slope_1.8m.sli
1348739485
-
-
Splines\kelvin1324\1lanes_dro12r_4m_nopath.sli
1348739488
-
-
Splines\kelvin1324\fence1_grey.sli
1348739488
-
-
Splines\kelvin1324\fence2_grey.sli
1348739488
-
-
Splines\kelvin1324\fence5_grey.sli
1348739488
-
-
Splines\M3_Spline\line_GV.sli
1177328550
-
-
Splines\Map E31\1way_1line_highway_a_noright_NLH.sli
1365801371
-
-
Splines\Map E31\2way_2x3line_highway_a_NLH.sli
1365809818
-
-
Splines\Map E31\3line_1way_NLH.sli
1134104275
-
-
Splines\taxidriverhk\0lane_pedonly_narrow.sli
1133519101
-
-
Splines\taxidriverhk\2lanes_8mwide.sli
1115198293
-
-
Splines\taxidriverhk_nopaths\0lane_crash_barrier.sli
1194157250
-
-
Sceneryobjects\HKBTS_Bus_stop\CTB Bus stop.sco
1312789756
1312789756
-1
