Sceneryobjects\3dtranstudio\bridge_pier.sco
1056420289
1056420289
-1
Sceneryobjects\Streetobjects_RUE\neonlight_L_bend_L.sco
1196580403
1196580403
-1
Sceneryobjects\Trees_MC\RHD_tree_large_01.sco
1097248121
1097248121
-1
Sceneryobjects\Trees_MC\RHD_tree_large_02.sco
1097248121
1097248121
-1
Sceneryobjects\Trees_MC\RHD_tree_large_03.sco
1097248121
1097248121
-1
Splines\3dtranstudio\1way_1line_highway_a.sli
1192705519
-
-
Splines\3dtranstudio\2way_2x2line_a_noped.sli
1133908304
-
-
Splines\3dtranstudio\highway_a.sli
1143750682
-
-
Splines\3dtranstudio\str_0spur_7m_hk.sli
1065008832
-
-
Splines\M3_Spline\line_road.sli
1177328550
-
-
Splines\M3_Spline\line_white.sli
1177328550
-
-
Splines\taxidriverhk\1lane_roadonly_4mwide.sli
1095707059
-
-
