Sceneryobjects\3dtranstudio\hkstreet\ground_busstop1.sco
1063489763
1063489763
-1
Sceneryobjects\3dtranstudio\hkstreet\ground_busstop5.sco
1063490791
1063490791
-1
Sceneryobjects\49x\Kam Tsuen_.sco
1177328168
1177328168
-1
Sceneryobjects\49x\mtr flyover_.sco
1177328168
1177328168
-1
Sceneryobjects\49x\Tsuen Kam Centre_.sco
1177328168
1177328168
-1
Sceneryobjects\49x\tsuen wan pccw_.sco
1177328169
1177328169
-1
Sceneryobjects\49x\Wing Lok House Fuk Loi Estate_.sco
1177328169
1177328169
-1
Sceneryobjects\Busstops_HK\Bus_hut_temp_L_green.sco
1352925427
1352925427
-1
Sceneryobjects\Busstops_HK\people_standing_narrow.sco
1352925428
1352925428
-1
Sceneryobjects\CDLX\KMB\BusHutAluminium.sco
1301972251
1301972251
-1
Sceneryobjects\CDLX\KMB\Helper2x2.sco
1286053976
1286053976
-1
Sceneryobjects\CDLX\KMB\NewLollipop2x2NoBase.sco
1282491267
1282491267
-1
Sceneryobjects\CDLX\KMB\NewLollipop2x2NoBoardBase.sco
1279668362
1279668362
-1
Sceneryobjects\CDLX\KMB\NewLollipop3x3NoBase.sco
1282491140
1282491140
-1
Sceneryobjects\CDLX\KMB\NewLollipop3x3NoBoardBase.sco
1279549492
1279549492
-1
Sceneryobjects\CDLX\KMB\NewLollipop4x4NoBase.sco
1282491245
1282491245
-1
Sceneryobjects\Generic\bus_stop.sco
1210215889
1210215889
-1
Sceneryobjects\Generic\car_park.sco
1210215900
1210215900
-1
Sceneryobjects\Generic\routearrow_dn_dyn.sco
1210215940
1210215940
-1
Sceneryobjects\Generic\routearrow_L_dyn.sco
1210215890
1210215890
-1
Sceneryobjects\H-Studio Object\Barrier_grey_.sco
1080526992
1080526992
-1
Sceneryobjects\M3 Traffic Light AI\2Av_1Ow_1_Car1.sco
1345259634
1345259634
-1
Sceneryobjects\M3 Traffic Light AI\2Av_1Ow_1_Car2.sco
1345259634
1345259634
-1
Sceneryobjects\M3 Traffic Light AI\2Av_1Ow_1_Car3.sco
1345259634
1345259634
-1
Sceneryobjects\Map E31\mtrwall.sco
1331496808
1331496808
-1
Sceneryobjects\Map E31\tcrbri.sco
1352828668
1352828668
-1
Sceneryobjects\Map E31\tcrbrib.sco
1352829703
1352829703
-1
Sceneryobjects\Streetobjects_RUE\neonlight_2L_bend_L.sco
1030664952
1030664952
-1
Sceneryobjects\Streetobjects_RUE\neonlight_L_bend_L.sco
1030664421
1030664421
-1
Sceneryobjects\Streetobjects_RUE\single_pole.sco
1044220565
1044220565
-1
Sceneryobjects\taxidriverhk_busstop\bushut_2000_5pole_2.sco
1291017218
1291017218
-1
Sceneryobjects\taxidriverhk_hkwk_lite\chatham_crash_barrier_pole.sco
1291264289
1291264289
-1
Sceneryobjects\Traffic_Light_HK_FF3170\Teletech_car_large.sco
1165108835
1165108835
-1
Sceneryobjects\Trees_MC\RHD_tree_large_01.sco
1097248121
1097248121
-1
Sceneryobjects\Trees_MC\RHD_tree_large_02.sco
1097248121
1097248121
-1
Sceneryobjects\Trees_MC\RHD_tree_large_03.sco
1097248121
1097248121
-1
Splines\3dtranstudio\2line_1way.sli
1353727365
-
-
Splines\3dtranstudio\2way_2x2line_b_noped.sli
1353727366
-
-
Splines\3dtranstudio\2way_2x2line_c_noped.sli
1353727366
-
-
Splines\3dtranstudio\2way_2x3line_b_noped.sli
1353727366
-
-
Splines\3dtranstudio\3line_1way.sli
1353727366
-
-
Splines\3dtranstudio\half_8m_altonaer_b.sli
1353727366
-
-
Splines\3dtranstudio\pedonly_a.sli
1353727366
-
-
Splines\3dtranstudio\str_0spur_20m_hk.sli
1353727366
-
-
Splines\3dtranstudio\str_0spur_20m_hkped.sli
1344670322
-
-
Splines\3dtranstudio\str_0spur_40m_hkped.sli
1345347077
-
-
Splines\3dtranstudio\str_0spur_4m_gras.sli
1353727366
-
-
Splines\3dtranstudio\str_0spur_4m_hk.sli
1353727366
-
-
Splines\3dtranstudio\str_0spur_7m_hk.sli
1353727366
-
-
Splines\kelvin1324\fence1_grey.sli
1358084236
-
-
Splines\M3_Spline\line_road.sli
1312790127
-
-
Splines\M3_Spline\line_white.sli
1312790127
-
-
Splines\taxidriverhk\0lane_pedonly_concrete_narrow.sli
1353727447
-
-
Splines\taxidriverhk\0lane_pedonly_concrete_nocurb.sli
1353727447
-
-
Splines\taxidriverhk\1lane_roadonly_4mwide.sli
1353727447
-
-
Splines\taxidriverhk_nopaths\0lane_barrierfortonkin.sli
1353727451
-
-
Splines\taxidriverhk_nopaths\0lane_crash_barrier.sli
1353727451
-
-
Splines\taxidriverhk_nopaths\0lane_doublewhiteline.sli
1353727451
-
-
Splines\taxidriverhk_nopaths\0lane_pedonly_nocurb.sli
1353727451
-
-
Splines\taxidriverhk_nopaths\0lane_pedonly_nocurb_wide.sli
1353727451
-
-
Splines\taxidriverhk_nopaths\0lane_tsuiyu_barrier.sli
1353727451
-
-
