Sceneryobjects\3dtranstudio\hkstreet\ground_busstop1.sco
1063489763
1063489763
-1
Sceneryobjects\3dtranstudio\hkstreet\ground_busstop3.sco
1063489771
1063489771
-1
Sceneryobjects\3dtranstudio\hkstreet\ground_busstop4.sco
1063489776
1063489776
-1
Sceneryobjects\3dtranstudio\hkstreet\ground_busstop5.sco
1063490791
1063490791
-1
Sceneryobjects\3dtranstudio\hkstreet\ground_slow.sco
1063473224
1063473224
-1
Sceneryobjects\3dtranstudio\safe.sco
1053255857
1053255857
-1
Sceneryobjects\Busstops_HK\people_standing_narrow.sco
1352925428
1352925428
-1
Sceneryobjects\Generic\bus_stop.sco
1210215889
1210215889
-1
Sceneryobjects\Generic\car_park.sco
1210215900
1210215900
-1
Sceneryobjects\Generic\routearrow_dn.sco
1210215877
1210215877
-1
Sceneryobjects\Generic\routearrow_L.sco
1210215940
1210215940
-1
Sceneryobjects\Generic\routearrows_busstop.sco
1210216053
1210216053
-1
Sceneryobjects\HK_Street_Objects\mailbox\mailbox2.sco
1123186256
1123186256
-1
Sceneryobjects\H-Studio Object\Barrier_grey_.sco
1080526992
1080526992
-1
Sceneryobjects\H-Studio Object\Barrier1_grey_.sco
1080526994
1080526994
-1
Sceneryobjects\SS_HKTrafficSign\SS_Pole_Green.sco
1051658049
1051658049
-1
Sceneryobjects\SS_HKTrafficSign\SS_Pole_Grey.sco
1051658064
1051658064
-1
Sceneryobjects\SS_HKTrafficSign\SS_Pole_Red.sco
1051658066
1051658066
-1
Sceneryobjects\SS_HKTrafficSign\SS_Pole_Yellow.sco
1051658063
1051658063
-1
Sceneryobjects\SS_HKTrafficSign\SS_Sign_GiveWay.sco
1053072933
1053072933
-1
Sceneryobjects\SS_HKTrafficSign\SS_Sign_N_NoStop24.sco
1053073489
1053073489
-1
Sceneryobjects\SS_HKTrafficSign\SS_Sign_N_NoStop712C.sco
1053073524
1053073524
-1
Sceneryobjects\SS_HKTrafficSign\SS_Sign_N_NoStop712GoodsVeh.sco
1053073536
1053073536
-1
Sceneryobjects\SS_HKTrafficSign\SS_Sign_N_NoStop77.sco
1053073516
1053073516
-1
Sceneryobjects\SS_HKTrafficSign\SS_Sign_N_NoStop77C.sco
1053073520
1053073520
-1
Sceneryobjects\SS_HKTrafficSign\SS_Sign_N_NoStop81057.sco
1053073581
1053073581
-1
Sceneryobjects\SS_HKTrafficSign\SS_Sign_N_NoStop81057C.sco
1053073584
1053073584
-1
Sceneryobjects\SS_HKTrafficSign\SS_Sign_N_NoStopEnd.sco
1053073432
1053073432
-1
Sceneryobjects\SS_HKTrafficSign\SS_Sign_N_NoStopEndGoodsVeh.sco
1053073425
1053073425
-1
Sceneryobjects\SS_HKTrafficSign\SS_Sign_NoEntry.sco
1053073669
1053073669
-1
Sceneryobjects\SS_HKTrafficSign\SS_Sign_NoLeftTurn.sco
1053073606
1053073606
-1
Sceneryobjects\SS_HKTrafficSign\SS_Sign_NoRightTurn.sco
1053073650
1053073650
-1
Sceneryobjects\SS_HKTrafficSign\SS_Sign_NoUTurns.sco
1053073851
1053073851
-1
Sceneryobjects\SS_HKTrafficSign\SS_Sign_PedCrossingAhead.sco
1053073876
1053073876
-1
Sceneryobjects\Streetobjects_RUE\sodiumlight_L_break_L.sco
1031241524
1031241524
-1
Sceneryobjects\taxidriverhk\palmtree.sco
1291016771
1291016771
-1
Sceneryobjects\taxidriverhk\pedcrossing_pole.sco
1291016777
1291016777
-1
Sceneryobjects\taxidriverhk\telephonebooth.sco
1291016875
1291016875
-1
Sceneryobjects\taxidriverhk_busstop\bushut_2000_2.sco
1291017218
1291017218
-1
Sceneryobjects\taxidriverhk_busstop\bushut_2000_2_large.sco
1291017218
1291017218
-1
Sceneryobjects\taxidriverhk_busstop\busstop_manming.sco
1291017218
1291017218
-1
Sceneryobjects\taxidriverhk_busstop\busstop_newplate.sco
1291262927
1291262927
-1
Sceneryobjects\taxidriverhk_busstop\busstop_stone.sco
1291017218
1291017218
-1
Sceneryobjects\taxidriverhk_for_ssp_csw_lck_mf\cp_170.sco
1161324336
1161324336
-1
Sceneryobjects\taxidriverhk_for_ssp_csw_lck_mf\cp_220.sco
1161324336
1161324336
-1
Sceneryobjects\taxidriverhk_for_ssp_csw_lck_mf\poon_32.sco
1192195750
1192195750
-1
Sceneryobjects\taxidriverhk_for_ssp_csw_lck_mf\tonkin_han.sco
1192196700
1192196700
-1
Sceneryobjects\taxidriverhk_for_ssp_csw_lck_mf\tonkin_lcups.sco
1192195695
1192195695
-1
Sceneryobjects\taxidriverhk_for_ssp_csw_lck_mf\tonkin_leichenguk_6.sco
1192240428
1192240428
-1
Sceneryobjects\taxidriverhk_for_ssp_csw_lck_mf\tonkin_meining.sco
1192196688
1192196688
-1
Sceneryobjects\taxidriverhk_for_ssp_csw_lck_mf\tonkin_poheicourt.sco
1192240426
1192240426
-1
Sceneryobjects\taxidriverhk_for_ssp_csw_lck_mf\tonkin_tonkin-and-kwonglee.sco
1192195827
1192195827
-1
Sceneryobjects\taxidriverhk_for_ssp_csw_lck_mf\tonkin_tonkin-and-poon.sco
1192195825
1192195825
-1
Sceneryobjects\taxidriverhk_for_ssp_csw_lck_mf\tonkin_tonkin-and-shunning.sco
1192195823
1192195823
-1
Sceneryobjects\taxidriverhk_for_ssp_csw_lck_mf\tonkin_tonkin-crossing.sco
1192195819
1192195819
-1
Sceneryobjects\Traffic_Light_HK_FF3170\Philips_car_standard_board.sco
1151181632
1151181632
-1
Sceneryobjects\Traffic_Light_HK_FF3170\Teletech_car_standard.sco
1162295706
1162295706
-1
Sceneryobjects\Traffic_Light_HK_FF3170\Teletech_car_standard_LM.sco
1162295709
1162295709
-1
Sceneryobjects\Traffic_Light_HK_FF3170\Teletech_car_standard_RM.sco
1162295713
1162295713
-1
Sceneryobjects\Traffic_Light_HK_FF3170\Teletech_P_LM.sco
1165112042
1165112042
-1
Sceneryobjects\Traffic_Light_HK_FF3170\Teletech_P_RM.sco
1165112051
1165112051
-1
Sceneryobjects\Trees_MC\shrubbery_01_05_nocollision.sco
1226475078
1226475078
-1
Sceneryobjects\Trees_MC\shrubbery_03_20.sco
1181629521
1181629521
-1
Sceneryobjects\Trees_MC\shrubbery_04_05.sco
1181629455
1181629455
-1
Sceneryobjects\Trees_MC\shrubbery_04_20.sco
1181629421
1181629421
-1
Sceneryobjects\Trees_MC\tree_large_01.sco
1181629460
1181629460
-1
Sceneryobjects\Trees_MC\tree_large_05.sco
1181629524
1181629524
-1
Sceneryobjects\Trees_MC\tree_large_06.sco
1181629460
1181629460
-1
Sceneryobjects\Trees_MC\tree_medium_06.sco
1181629460
1181629460
-1
Sceneryobjects\Trees_MC\tree_medium_09.sco
1181629460
1181629460
-1
Sceneryobjects\Trees_MC\Tree_Small_05.sco
1181629490
1181629490
-1
Sceneryobjects\Trees_MC\Tree_Small_06.sco
1181629490
1181629490
-1
Sceneryobjects\Trees_MC\Tree_Small_07.sco
1181629460
1181629460
-1
Sceneryobjects\Trees_MC\Tree_Small_08.sco
1181629490
1181629490
-1
Sceneryobjects\Trees_MC\Tree_Small_09.sco
1181629490
1181629490
-1
Sceneryobjects\Verkehrszeichen_MC\Mast_Ampel_klein_1.sco
979934881
979934881
-1
Sceneryobjects\Verkehrszeichen_MC\VZ_surfmark_arrow_L.sco
1042379771
1042379771
-1
Sceneryobjects\Verkehrszeichen_MC\VZ_surfmark_arrow_R.sco
1042454964
1042454964
-1
Sceneryobjects\Verkehrszeichen_MC\VZ_surfmark_arrow_S.sco
1042454965
1042454965
-1
Sceneryobjects\Verkehrszeichen_MC\VZ_surfmark_arrow_SL.sco
1042454967
1042454967
-1
Sceneryobjects\Verkehrszeichen_MC\VZ_surfmark_arrow_SR.sco
1042454971
1042454971
-1
Splines\Marcel\str_0spur_4m.sli
1054705313
-
-
Splines\Marcel\str_0spur_7m.sli
1054705142
-
-
Splines\taxidriverhk\1lane_pedonly.sli
1353727447
-
-
Splines\taxidriverhk\2lanes_poonroad_spline.sli
1353727447
-
-
Splines\taxidriverhk\2lanes_tonkinstreet_spline_2.sli
1353727448
-
-
Splines\taxidriverhk\3lanes_oneway_noped.sli
1353727448
-
-
Splines\taxidriverhk\3lanes_wcurbnoped_half.sli
1353727448
-
-
Splines\taxidriverhk_nopaths\0lane_barriercover.sli
1353727451
-
-
Splines\taxidriverhk_nopaths\0lane_barrierforleichenguk.sli
1353727451
-
-
Splines\taxidriverhk_nopaths\0lane_doubleyellowline.sli
1353727451
-
-
Splines\taxidriverhk_nopaths\0lane_mudcover.sli
1353727451
-
-
Splines\taxidriverhk_nopaths\0lane_singlebrokenwhiteline_frequent.sli
1353727451
-
-
Splines\taxidriverhk_nopaths\0lane_singlewhiteline.sli
1353727451
-
-
Splines\taxidriverhk_nopaths\0lane_singleyellowline.sli
1353727451
-
-
Splines\taxidriverhk_nopaths\0lane_splineforbarrier.sli
1353727451
-
-
Vehicles\MAN_F90\Man_parked_F90.sco
1099923753
1099923753
-1
Vehicles\Toyota_Hiace\Toyota_parked_Hiace.sco
1091747689
1091347828
-1
