Sceneryobjects\296a\obj_kt001.sco
1179597203
1179597203
-1
Sceneryobjects\296a\obj_kt002.sco
1179597691
1179597691
-1
Sceneryobjects\296a\obj_kt003.sco
1179598678
1179598678
-1
Sceneryobjects\296a\obj_kt005.sco
1179601308
1179601308
-1
Sceneryobjects\kelvin1324_Misc\bollard_HK_1_NoArrow_.sco
1351811377
1351811377
-1
Sceneryobjects\kelvin1324_Misc\HK Road Sign_TransDept Standard\HKRoadSign_Chevrons_Left_.sco
1351811379
1351811379
-1
Sceneryobjects\SS_HKTrafficSign\RHD_Sign_Stop (112).sco
1053073640
1053073640
-1
Sceneryobjects\SS_HKTrafficSign\RHD_Sign_Stop (6).sco
1053074420
1053074420
-1
Sceneryobjects\SS_HKTrafficSign\RHD_SS_Pole_Grey.sco
1051658064
1051658064
-1
Sceneryobjects\SS_HKTrafficSign\RHD_SS_Sign_L_Left.sco
1345259705
1345259705
-1
Sceneryobjects\SS_HKTrafficSign\RHD_SS_Sign_NoPedCyc.sco
1345259705
1345259705
-1
Sceneryobjects\SS_HKTrafficSign\SS_Pole_Grey.sco
1051658064
1051658064
-1
Sceneryobjects\SS_HKTrafficSign\SS_Sign_MergeTraFmLeft (2).sco
1345259694
1345259694
-1
Sceneryobjects\taxidriverhk\surfacemark_doublelineforstop.sco
1291016916
1291016916
-1
Sceneryobjects\taxidriverhk\surfacemark_merge_right.sco
1291016904
1291016904
-1
Sceneryobjects\Trees_MC\Trees_MC\Streetobjects_RUE\single_pole.sco
1044251285
1044251285
-1
Splines\296a\rm.sli
1179593147
-
-
Splines\296a\str_2spur_8m_1_line_bridge_rail.sli
1179593494
-
-
Splines\HKBTS_Spline\TsingYiNorthCoastalRoad\1lanes_dro0r_5m.sli
1357025827
-
-
Splines\kelvin1324\0lane_path-ped5_4m_AI.sli
1515499138
-
-
Splines\kelvin1324\0lane_path-ped5_4m_AI_NoYellowLine.sli
1515499154
-
-
Splines\kelvin1324\0lane_path-ped5_4m_fence1_AI_NoYellowLine.sli
1358084233
-
-
Splines\kelvin1324\2lanes_dro2r.sli
1358084235
-
-
Splines\kelvin1324\fence1_grey.sli
1358084236
-
-
Splines\kelvin1324\line_brokensingleline.sli
1358084237
-
-
Splines\Splines\kelvin1324\Highway series\Tolo_RoadRailing&sidebeton.sli
1348739490
-
-
Splines\Splines\TaiPoProject_Highway\0lanes_Tolo_nopath_verynarrow.sli
1352894850
-
-
Splines\Splines\taxidriverhk\taxidriverhk\taxidriverhk\taxidriverhk\0lane_pedonly_concrete_narrow.sli
1312790251
-
-
Splines\Splines\taxidriverhk\taxidriverhk\taxidriverhk\taxidriverhk\0lane_singlewhiteline.sli
1312790251
-
-
Splines\Splines\taxidriverhk\taxidriverhk\taxidriverhk\taxidriverhk\0lane_singlewhiteline_thick.sli
1312790251
-
-
Splines\Splines\taxidriverhk\taxidriverhk\taxidriverhk\taxidriverhk\1lane_roadonly.sli
1312790255
-
-
Splines\taxidriverhk\0lane_bridgewallwing2.sli
1353727447
-
-
Splines\taxidriverhk\2lanes_oneway_noped_wide.sli
1353727447
-
-
Splines\taxidriverhk\4lanes_wstonebarriernoped_half_16mwide.sli
1353727448
-
-
Splines\taxidriverhk_nopaths\0lane_road_1mwide.sli
1151572055
-
-
Sceneryobjects\3dtranstudio\bridge_pier.sco
1056467393
1056467393
-1
Sceneryobjects\Busstops_HK\people_standing_narrow.sco
1352925428
1352925428
-1
Sceneryobjects\Generic\bus_stop.sco
1210215889
1210215889
-1
Sceneryobjects\KMB Bus stop Lollipop\Lollipop4x4NoBoard.sco
1252879121
1252879121
-1
Sceneryobjects\KMB Bus stop Lollipop\Lollipop4x4NoBoardBase.sco
1252879119
1252879119
-1
Sceneryobjects\Streetobjects_RUE\neonlight_2L_bend_L.sco
1030664952
1030664952
-1
Sceneryobjects\Streetobjects_RUE\neonlight_L_bend_L.sco
1030664421
1030664421
-1
Sceneryobjects\taxidriverhk_busstop\bushut_2000_8pole_2.sco
1291017218
1291017218
-1
Splines\296a\train_bridge.sli
1183142279
-
-
Splines\kelvin1324\0lane_path-ped5_20m.sli
1358084233
-
-
Sceneryobjects\Generic\routearrow_dn.sco
1210215877
1210215877
-1
Sceneryobjects\Generic\routearrows_busstop.sco
1210216053
1210216053
-1
Sceneryobjects\Trees_MC\Streetobjects_RUE\single_pole.sco
1044251285
1044251285
-1
Splines\kelvin1324\Highway series\Tolo_RoadRailing&sidebeton.sli
1358084240
-
-
Splines\TaiPoProject_Highway\0lanes_Tolo_nopath_verynarrow.sli
1358102678
-
-
Splines\taxidriverhk\0lane_pedonly_concrete_narrow.sli
1353727447
-
-
Splines\taxidriverhk\0lane_singlewhiteline.sli
1353727447
-
-
Splines\taxidriverhk\0lane_singlewhiteline_thick.sli
1353727447
-
-
Splines\taxidriverhk\1lane_roadonly.sli
1353727447
-
-
