Sceneryobjects\3dtranstudio\hkstreet\ground_busstop5.sco
1063460071
1063460071
-1
Sceneryobjects\3dtranstudio\hkstreet\ground_left.sco
1063426176
1063426176
-1
Sceneryobjects\3dtranstudio\hkstreet\ground_right.sco
1063426185
1063426185
-1
Sceneryobjects\3dtranstudio\safe.sco
1053208753
1053208753
-1
Sceneryobjects\Generic\car_park.sco
1196580424
1196580424
-1
Sceneryobjects\Generic\routearrow_dn.sco
1196580385
1196580385
-1
Sceneryobjects\MAN F90\MAN F90.sco
1125414228
1125414228
-1
Sceneryobjects\NG1604's object\50 kmh.sco
1084297540
1084297540
-1
Sceneryobjects\SS_HKTrafficSign\SS_Pole_Grey.sco
1051658064
1051658064
-1
Sceneryobjects\SS_HKTrafficSign\SS_Pole_Yellow.sco
1051658063
1051658063
-1
Sceneryobjects\SS_HKTrafficSign\SS_Sign_AheadOnly.sco
1053070980
1053070980
-1
Sceneryobjects\SS_HKTrafficSign\SS_Sign_L_Left.sco
1063680562
1063680562
-1
Sceneryobjects\SS_HKTrafficSign\SS_Sign_L_Right.sco
1063680578
1063680578
-1
Sceneryobjects\SS_HKTrafficSign\SS_Sign_N_NoStop24.sco
1053073489
1053073489
-1
Sceneryobjects\SS_HKTrafficSign\SS_Sign_N_NoStop24C.sco
1053073494
1053073494
-1
Sceneryobjects\SS_HKTrafficSign\SS_Sign_N_NoStop77.sco
1053073516
1053073516
-1
Sceneryobjects\SS_HKTrafficSign\SS_Sign_N_NoStop77C.sco
1053073520
1053073520
-1
Sceneryobjects\SS_HKTrafficSign\SS_Sign_NoEntry.sco
1053073669
1053073669
-1
Sceneryobjects\SS_HKTrafficSign\SS_Sign_PedAhead.sco
1053073873
1053073873
-1
Sceneryobjects\SS_HKTrafficSign\SS_Sign_Spd50.sco
1053074265
1053074265
-1
Sceneryobjects\SS_HKTrafficSign\SS_Sign_Spd70.sco
1053074266
1053074266
-1
Sceneryobjects\SS_HKTrafficSign\SS_Sign_TurnRight.sco
1053074423
1053074423
-1
Sceneryobjects\Streetobjects_RUE\sodiumlight_2L_break_L.sco
1196580395
1196580395
-1
Sceneryobjects\Streetobjects_RUE\sodiumlight_L_break_L.sco
1196580395
1196580395
-1
Sceneryobjects\taxidriverhk_hkwk_lite\chatham_bridge_pillar.sco
1291264079
1291264079
-1
Sceneryobjects\taxidriverhk_hkwk_lite\fence_1.sco
1226588946
1226588946
-1
Sceneryobjects\taxidriverhk_hkwk_lite\hunghom_construction_component_13.sco
1291264289
1291264289
-1
Sceneryobjects\taxidriverhk_hkwk_lite\hunghom_construction_component_14.sco
1291264289
1291264289
-1
Sceneryobjects\taxidriverhk_hkwk_lite\hunghom_construction_component_6.sco
1291264289
1291264289
-1
Sceneryobjects\taxidriverhk_hkwk_lite\hunghom_construction_component_7.sco
1291264289
1291264289
-1
Sceneryobjects\taxidriverhk_hkwk_lite\hunghom_harbourfront.sco
1291264079
1291264079
-1
Sceneryobjects\taxidriverhk_hkwk_lite\hunghom_harbourplace_block.sco
1291264079
1291264079
-1
Sceneryobjects\taxidriverhk_hkwk_lite\hunghom_harbourview.sco
1291264079
1291264079
-1
Sceneryobjects\taxidriverhk_hkwk_lite\hunghom_hunghombypass_ramp_1.sco
1291264178
1291264178
-1
Sceneryobjects\taxidriverhk_hkwk_lite\hunghom_hungluen_barriers_2.sco
1291264289
1291264289
-1
Sceneryobjects\taxidriverhk_hkwk_lite\hunghom_ohg.sco
1291264079
1291264079
-1
Sceneryobjects\taxidriverhk_hkwk_lite\island_small.sco
1291016761
1291016761
-1
Sceneryobjects\taxidriverhk_hkwk_lite\signage_hunghom_14.sco
1291264439
1291264439
-1
Sceneryobjects\taxidriverhk_hkwk_lite\signage_hunghom_15.sco
1291264439
1291264439
-1
Sceneryobjects\taxidriverhk_hkwk_lite\signage_hunghom_7.sco
1291264439
1291264439
-1
Sceneryobjects\taxidriverhk_hkwk_lite\signage_merge_into_traffic.sco
1291264439
1291264439
-1
Sceneryobjects\taxidriverhk_hkwk_lite\signage_traffic_merge_from_left.sco
1291264439
1291264439
-1
Sceneryobjects\taxidriverhk_hkwk_lite\surfacemark_merge_right.sco
1291016904
1291016904
-1
Sceneryobjects\taxidriverhk_hkwk_lite\traffic_sign_pole_short_1.sco
1291016869
1291016869
-1
Sceneryobjects\taxidriverhk_hkwk_lite\traffic_sign_pole_short_2.sco
1291016868
1291016868
-1
Sceneryobjects\Traffic_Light_HK_FF3170\Teletech_car_standard.sco
1162295706
1162295706
-1
Sceneryobjects\Traffic_Light_HK_FF3170\Teletech_car_standard_R.sco
1165115081
1165115081
-1
Sceneryobjects\Traffic_Light_HK_FF3170\Teletech_car_standard_S.sco
1165115074
1165115074
-1
Sceneryobjects\Traffic_Light_HK_FF3170\Teletech_P_LM.sco
1165112042
1165112042
-1
Sceneryobjects\Traffic_Light_HK_FF3170\Teletech_P_RM.sco
1165112052
1165112052
-1
Sceneryobjects\Trees_MC\shrubbery_01_10.sco
1196580395
1196580395
-1
Sceneryobjects\Trees_MC\shrubbery_01_20.sco
1196580395
1196580395
-1
Sceneryobjects\Trees_MC\shrubbery_04_05.sco
1196580420
1196580420
-1
Sceneryobjects\Trees_MC\shrubbery_04_20.sco
1196580397
1196580397
-1
Sceneryobjects\Trees_MC\tree_large_06.sco
1196580429
1196580429
-1
Sceneryobjects\Trees_MC\tree_medium_02.sco
1196580467
1196580467
-1
Sceneryobjects\Trees_MC\tree_medium_05.sco
1196580407
1196580407
-1
Sceneryobjects\Trees_MC\tree_medium_06.sco
1196580429
1196580429
-1
Sceneryobjects\Trees_MC\tree_medium_09.sco
1196580402
1196580402
-1
Sceneryobjects\Trees_MC\Tree_Small_06.sco
1196580460
1196580460
-1
Sceneryobjects\Trees_MC\Tree_Small_07.sco
1196580407
1196580407
-1
Sceneryobjects\Trees_MC\Tree_Small_Nrw_01.sco
1196580455
1196580455
-1
Sceneryobjects\Verkehrszeichen_MC\Mast_Ampel_klein_1.sco
1196580402
1196580402
-1
Sceneryobjects\Verkehrszeichen_MC\VZ_surfmark_arrow_L.sco
1196580470
1196580470
-1
Sceneryobjects\Verkehrszeichen_MC\VZ_surfmark_arrow_R.sco
1196580407
1196580407
-1
Sceneryobjects\Verkehrszeichen_MC\VZ_surfmark_arrow_S.sco
1196580400
1196580400
-1
Splines\Marcel\invis_street.sli
1196580442
-
-
Splines\Marcel\str_0spur_4m.sli
1054705313
-
-
Splines\Marcel\str_0spur_7m.sli
1054705142
-
-
Splines\taxidriverhk\1lane_chathamroad_flyover.sli
1193215345
-
-
Splines\taxidriverhk\1lane_pedonly_concrete.sli
1095590210
-
-
Splines\taxidriverhk\1lane_roadonly.sli
1086799912
-
-
Splines\taxidriverhk\2lanes_chathamroad_flyover_oneway.sli
1193232115
-
-
Splines\taxidriverhk\2lanes_oneway_noped.sli
1090215393
-
-
Splines\taxidriverhk\3lanes_wstonebarriernoped_half.sli
1090858491
-
-
Splines\taxidriverhk\4lanes_chathamroad_flyover_2+2.sli
1211392916
-
-
Splines\taxidriverhk\4lanes_poonroad_spline.sli
1097497295
-
-
Splines\taxidriverhk\4lanes_wuhustreet_spline.sli
1195011028
-
-
Splines\taxidriverhk_nopaths\0lane_barbedwire.sli
1183916154
-
-
Splines\taxidriverhk_nopaths\0lane_bridgewallwing.sli
1133917775
-
-
Splines\taxidriverhk_nopaths\0lane_chathamroad_flyover_curbonly.sli
1211249990
-
-
Splines\taxidriverhk_nopaths\0lane_construction.sli
1133739488
-
-
Splines\taxidriverhk_nopaths\0lane_doublewhiteline_onesidebroken.sli
1200840101
-
-
Splines\taxidriverhk_nopaths\0lane_doubleyellowline.sli
1122646158
-
-
Splines\taxidriverhk_nopaths\0lane_hunghomroadtunnel.sli
1210472294
-
-
Splines\taxidriverhk_nopaths\0lane_pedonly_concrete.sli
1122450006
-
-
Splines\taxidriverhk_nopaths\0lane_pedonly_concrete_narrow.sli
1126528552
-
-
Splines\taxidriverhk_nopaths\0lane_pedonly_concrete_narrow_nocurb.sli
1126529296
-
-
Splines\taxidriverhk_nopaths\0lane_road_15mwide.sli
1133782256
-
-
Splines\taxidriverhk_nopaths\0lane_singlebrokenline_nonfrequent.sli
1197087091
-
-
Splines\taxidriverhk_nopaths\0lane_singlebrokenwhiteline_frequent.sli
1126528520
-
-
Splines\taxidriverhk_nopaths\0lane_singlewhiteline.sli
1122646063
-
-
Splines\taxidriverhk_nopaths\0lane_singleyellowline.sli
1122646105
-
-
Splines\taxidriverhk_nopaths\0lane_wstonebarriernoped.sli
1194539413
-
-
