Sceneryobjects\3dtranstudio\hkstreet\ground_busstop1.sco
1063459043
1063459043
-1
Sceneryobjects\3dtranstudio\hkstreet\ground_busstop3.sco
1063459051
1063459051
-1
Sceneryobjects\3dtranstudio\hkstreet\ground_busstop4.sco
1063459056
1063459056
-1
Sceneryobjects\3dtranstudio\hkstreet\ground_left.sco
1063426176
1063426176
-1
Sceneryobjects\3dtranstudio\hkstreet\ground_right.sco
1063426185
1063426185
-1
Sceneryobjects\3dtranstudio\hkstreet\ground_slow.sco
1063426120
1063426120
-1
Sceneryobjects\3dtranstudio\safe.sco
1053208753
1053208753
-1
Sceneryobjects\Buildings_MC\bw_hoch_19.sco
1196580374
1196580374
-1
Sceneryobjects\Busstops_HK\people_standing_narrow.sco
1067410857
1067410857
-1
Sceneryobjects\Generic\bus_stop.sco
1196580392
1196580392
-1
Sceneryobjects\Generic\routearrow_dn.sco
1196580385
1196580385
-1
Sceneryobjects\Generic\routearrow_L.sco
1196580396
1196580396
-1
Sceneryobjects\Generic\routearrow_R.sco
1196580386
1196580386
-1
Sceneryobjects\Generic\routearrows_busstop.sco
1196580396
1196580396
-1
Sceneryobjects\H-Studio Object\Column_b_grey.sco
1110784253
1110784253
-1
Sceneryobjects\SS_HKTrafficSign\SS_Pole_Green.sco
1051658049
1051658049
-1
Sceneryobjects\SS_HKTrafficSign\SS_Pole_Grey.sco
1051658064
1051658064
-1
Sceneryobjects\SS_HKTrafficSign\SS_Pole_Red.sco
1051658066
1051658066
-1
Sceneryobjects\SS_HKTrafficSign\SS_Pole_Yellow.sco
1051658063
1051658063
-1
Sceneryobjects\SS_HKTrafficSign\SS_Sign_AheadOnly.sco
1053070980
1053070980
-1
Sceneryobjects\SS_HKTrafficSign\SS_Sign_GiveWay.sco
1053072933
1053072933
-1
Sceneryobjects\SS_HKTrafficSign\SS_Sign_L_ExceptFranBuses.sco
1063680521
1063680521
-1
Sceneryobjects\SS_HKTrafficSign\SS_Sign_N_NoStop24.sco
1053073489
1053073489
-1
Sceneryobjects\SS_HKTrafficSign\SS_Sign_N_NoStop712.sco
1053073523
1053073523
-1
Sceneryobjects\SS_HKTrafficSign\SS_Sign_N_NoStop77.sco
1053073516
1053073516
-1
Sceneryobjects\SS_HKTrafficSign\SS_Sign_N_NoStop77C.sco
1053073520
1053073520
-1
Sceneryobjects\SS_HKTrafficSign\SS_Sign_N_NoStop81057.sco
1053073581
1053073581
-1
Sceneryobjects\SS_HKTrafficSign\SS_Sign_N_NoStop81057C.sco
1053073584
1053073584
-1
Sceneryobjects\SS_HKTrafficSign\SS_Sign_N_NoStopEnd.sco
1053073432
1053073432
-1
Sceneryobjects\SS_HKTrafficSign\SS_Sign_NoEntry.sco
1053073669
1053073669
-1
Sceneryobjects\SS_HKTrafficSign\SS_Sign_NoRightTurn.sco
1053073650
1053073650
-1
Sceneryobjects\SS_HKTrafficSign\SS_Sign_NoUTurns.sco
1053073851
1053073851
-1
Sceneryobjects\SS_HKTrafficSign\SS_Sign_PubLightBusesProh.sco
1053073907
1053073907
-1
Sceneryobjects\SS_HKTrafficSign\SS_Sign_TraSignalAhead.sco
1053074472
1053074472
-1
Sceneryobjects\SS_HKTrafficSign\SS_Sign_TurnLeft.sco
1053074420
1053074420
-1
Sceneryobjects\SS_HKTrafficSign\SS_Sign_TurnRight.sco
1053074423
1053074423
-1
Sceneryobjects\Streetobjects_RUE\neonlight_S_bend_S.sco
1196580397
1196580397
-1
Sceneryobjects\Streetobjects_RUE\neonlight_S_break_S.sco
1196580403
1196580403
-1
Sceneryobjects\Streetobjects_RUE\sodiumlight_2L_break_L.sco
1196580395
1196580395
-1
Sceneryobjects\Streetobjects_RUE\sodiumlight_4L_break_L.sco
1196580397
1196580397
-1
Sceneryobjects\Streetobjects_RUE\sodiumlight_L_break_L.sco
1196580395
1196580395
-1
Sceneryobjects\taxidriverhk_hkwk_lite\bulkeley_10.sco
1291264079
1291264079
-1
Sceneryobjects\taxidriverhk_hkwk_lite\bulkeley_2.sco
1291264079
1291264079
-1
Sceneryobjects\taxidriverhk_hkwk_lite\bulkeley_bulkeley-and-taku.sco
1291264178
1291264178
-1
Sceneryobjects\taxidriverhk_hkwk_lite\bushut_1980_large.sco
1291263115
1291263115
-1
Sceneryobjects\taxidriverhk_hkwk_lite\bushut_1980_large_3.sco
1291017218
1291017218
-1
Sceneryobjects\taxidriverhk_hkwk_lite\bushut_1980_large_4.sco
1291017218
1291017218
-1
Sceneryobjects\taxidriverhk_hkwk_lite\bushut_2000_2.sco
1291017218
1291017218
-1
Sceneryobjects\taxidriverhk_hkwk_lite\busstop_newplate.sco
1291262927
1291262927
-1
Sceneryobjects\taxidriverhk_hkwk_lite\fence_1.sco
1226588946
1226588946
-1
Sceneryobjects\taxidriverhk_hkwk_lite\fence_2.sco
1226589147
1226589147
-1
Sceneryobjects\taxidriverhk_hkwk_lite\gillies_68.sco
1291264079
1291264079
-1
Sceneryobjects\taxidriverhk_hkwk_lite\matauwai_11.sco
1291264079
1291264079
-1
Sceneryobjects\taxidriverhk_hkwk_lite\matauwai_kawai.sco
1291264079
1291264079
-1
Sceneryobjects\taxidriverhk_hkwk_lite\matauwai_matauwai-and-fatkwong.sco
1291264178
1291264178
-1
Sceneryobjects\taxidriverhk_hkwk_lite\matauwai_matauwai-and-taiwan.sco
1291264178
1291264178
-1
Sceneryobjects\taxidriverhk_hkwk_lite\matauwai_matauwai-and-wuhu.sco
1291264178
1291264178
-1
Sceneryobjects\taxidriverhk_hkwk_lite\signage_wuhu_1.sco
1291264439
1291264439
-1
Sceneryobjects\taxidriverhk_hkwk_lite\signage_wuhu_2.sco
1291264439
1291264439
-1
Sceneryobjects\taxidriverhk_hkwk_lite\signage_wuhu_3.sco
1291264439
1291264439
-1
Sceneryobjects\taxidriverhk_hkwk_lite\signage_wuhu_4.sco
1291264439
1291264439
-1
Sceneryobjects\taxidriverhk_hkwk_lite\signage_wuhu_5.sco
1291264439
1291264439
-1
Sceneryobjects\taxidriverhk_hkwk_lite\surfacemark_brokenlineforgiveway.sco
1291016917
1291016917
-1
Sceneryobjects\taxidriverhk_hkwk_lite\surfacemark_giveway_small.sco
1291016920
1291016920
-1
Sceneryobjects\taxidriverhk_hkwk_lite\surfacemark_merge_right.sco
1291016904
1291016904
-1
Sceneryobjects\taxidriverhk_hkwk_lite\takman_1.sco
1291264079
1291264079
-1
Sceneryobjects\taxidriverhk_hkwk_lite\takman_29.sco
1291264079
1291264079
-1
Sceneryobjects\taxidriverhk_hkwk_lite\takman_6.sco
1291264079
1291264079
-1
Sceneryobjects\taxidriverhk_hkwk_lite\takman_takman-and-mantai.sco
1291264178
1291264178
-1
Sceneryobjects\taxidriverhk_hkwk_lite\wuhu_111.sco
1291264079
1291264079
-1
Sceneryobjects\taxidriverhk_hkwk_lite\wuhu_30.sco
1291264079
1291264079
-1
Sceneryobjects\taxidriverhk_hkwk_lite\wuhu_56.sco
1291264079
1291264079
-1
Sceneryobjects\taxidriverhk_hkwk_lite\wuhu_61.sco
1291264079
1291264079
-1
Sceneryobjects\taxidriverhk_hkwk_lite\wuhu_74.sco
1291264079
1291264079
-1
Sceneryobjects\taxidriverhk_hkwk_lite\wuhu_89.sco
1291264079
1291264079
-1
Sceneryobjects\taxidriverhk_hkwk_lite\wuhu_wuhu-and-dock.sco
1291264178
1291264178
-1
Sceneryobjects\taxidriverhk_hkwk_lite\wuhu_wuhu-and-gillies.sco
1291264178
1291264178
-1
Sceneryobjects\taxidriverhk_hkwk_lite\wuhu_wuhu-and-marsh.sco
1291264178
1291264178
-1
Sceneryobjects\Traffic_Light_HK_FF3170\Teletech_car_single_R.sco
1165051200
1165051200
-1
Sceneryobjects\Traffic_Light_HK_FF3170\Teletech_car_single_S_RM.sco
1165052579
1165052579
-1
Sceneryobjects\Traffic_Light_HK_FF3170\Teletech_car_standard.sco
1162295706
1162295706
-1
Sceneryobjects\Traffic_Light_HK_FF3170\Teletech_car_standard_L.sco
1165114929
1165114929
-1
Sceneryobjects\Traffic_Light_HK_FF3170\Teletech_car_standard_L_LM.sco
1165115150
1165115150
-1
Sceneryobjects\Traffic_Light_HK_FF3170\Teletech_car_standard_LM.sco
1162295709
1162295709
-1
Sceneryobjects\Traffic_Light_HK_FF3170\Teletech_car_standard_R.sco
1165115081
1165115081
-1
Sceneryobjects\Traffic_Light_HK_FF3170\Teletech_car_standard_R_RM.sco
1165115413
1165115413
-1
Sceneryobjects\Traffic_Light_HK_FF3170\Teletech_car_standard_RM.sco
1162295713
1162295713
-1
Sceneryobjects\Traffic_Light_HK_FF3170\Teletech_car_standard_S.sco
1165115074
1165115074
-1
Sceneryobjects\Traffic_Light_HK_FF3170\Teletech_car_standard_S_LM.sco
1165115173
1165115173
-1
Sceneryobjects\Traffic_Light_HK_FF3170\Teletech_P_LM.sco
1165112042
1165112042
-1
Sceneryobjects\Traffic_Light_HK_FF3170\Teletech_P_RM.sco
1165112052
1165112052
-1
Sceneryobjects\Trees_MC\tree_large_01.sco
1196580429
1196580429
-1
Sceneryobjects\Trees_MC\tree_medium_06.sco
1196580429
1196580429
-1
Sceneryobjects\Trees_MC\Tree_Small_06.sco
1196580460
1196580460
-1
Sceneryobjects\Trees_MC\Tree_Small_07.sco
1196580407
1196580407
-1
Sceneryobjects\Verkehrszeichen_MC\Mast_Ampel_klein_1.sco
1196580402
1196580402
-1
Sceneryobjects\Verkehrszeichen_MC\VZ_surfmark_arrow_L.sco
1196580470
1196580470
-1
Sceneryobjects\Verkehrszeichen_MC\VZ_surfmark_arrow_R.sco
1196580407
1196580407
-1
Sceneryobjects\Verkehrszeichen_MC\VZ_surfmark_arrow_S.sco
1196580400
1196580400
-1
Sceneryobjects\Verkehrszeichen_MC\VZ_surfmark_arrow_SL.sco
1196580429
1196580429
-1
Sceneryobjects\Verkehrszeichen_MC\VZ_surfmark_arrow_SR.sco
1196580407
1196580407
-1
Splines\Marcel\invis_street.sli
1196580442
-
-
Splines\Marcel\str_0spur_4m.sli
1054705313
-
-
Splines\Marcel\str_0spur_7m.sli
1054705142
-
-
Splines\taxidriverhk\1lane_pedonly.sli
1090611022
-
-
Splines\taxidriverhk\1lane_pedonly_concrete.sli
1095590210
-
-
Splines\taxidriverhk\2lanes_noped_verywide.sli
1095590011
-
-
Splines\taxidriverhk\2lanes_noped_verywide_doublewhiteline.sli
1096382893
-
-
Splines\taxidriverhk\2lanes_oneway_noped.sli
1090215393
-
-
Splines\taxidriverhk\2lanes_wbarriernoped_half.sli
1086946592
-
-
Splines\taxidriverhk\3lanes_oneway_noped_narrow.sli
1090216699
-
-
Splines\taxidriverhk\3lanes_oneway_noped_verynarrow.sli
1127686316
-
-
Splines\taxidriverhk\4lanes_meilairoad_spline_2.sli
1143228078
-
-
Splines\taxidriverhk_nopaths\0lane_doublewhiteline.sli
1200840106
-
-
Splines\taxidriverhk_nopaths\0lane_doublewhiteline_onesidebroken.sli
1200840101
-
-
Splines\taxidriverhk_nopaths\0lane_doubleyellowline.sli
1122646158
-
-
Splines\taxidriverhk_nopaths\0lane_pedonly.sli
1086949679
-
-
Splines\taxidriverhk_nopaths\0lane_pedonly_concrete.sli
1122450006
-
-
Splines\taxidriverhk_nopaths\0lane_pedonly_concrete_narrow.sli
1126528552
-
-
Splines\taxidriverhk_nopaths\0lane_pedonly_concrete_nocurb.sli
1143154397
-
-
Splines\taxidriverhk_nopaths\0lane_pedonly_nocurb.sli
1126843386
-
-
Splines\taxidriverhk_nopaths\0lane_road_15mwide.sli
1133782256
-
-
Splines\taxidriverhk_nopaths\0lane_singlebrokenline_nonfrequent.sli
1197087091
-
-
Splines\taxidriverhk_nopaths\0lane_singlebrokenwhiteline_frequent.sli
1126528520
-
-
Splines\taxidriverhk_nopaths\0lane_singlewhiteandyellowline.sli
1186755994
-
-
Splines\taxidriverhk_nopaths\0lane_singlewhiteline.sli
1122646063
-
-
Splines\taxidriverhk_nopaths\0lane_singleyellowline.sli
1122646105
-
-
Splines\taxidriverhk_nopaths\0lane_splineforbarrier.sli
1090273352
-
-
Splines\taxidriverhk_nopaths\0lane_wbarrier.sli
1194272403
-
-
