Sceneryobjects\296a\obj_kt028.sco
1182038572
1182038572
-1
Sceneryobjects\296a\obj_kt029.sco
1182038726
1182038726
-1
Sceneryobjects\296a\obj_kt030.sco
1182038833
1182038833
-1
Sceneryobjects\296a\obj_kt031.sco
1182039032
1182039032
-1
Sceneryobjects\kelvin1324_Buildings\tpc_Bridge_Lift_.sco
1351811320
1351811320
-1
Sceneryobjects\M3 Traffic Light AI\1Av_1St_1_Car1.sco
1177328359
1177328359
-1
Sceneryobjects\taxidriverhk_kowlooncity\hunghom_construction_component_1.sco
1291264289
1291264289
-1
Sceneryobjects\taxidriverhk_kowlooncity\hunghom_construction_component_13.sco
1291264289
1291264289
-1
Sceneryobjects\taxidriverhk_kowlooncity\hunghom_construction_component_14.sco
1291264289
1291264289
-1
Sceneryobjects\taxidriverhk_kowlooncity\hunghom_construction_component_4.sco
1291264289
1291264289
-1
Sceneryobjects\Traffic_Light_HK_FF3170\Philips_car_standard.sco
1149379027
1149379027
-1
Sceneryobjects\Trees_MC\RHD_tree_large_01.sco
1097248121
1097248121
-1
Splines\HKBTS_Spline\TsingKwaiHighway\KeepClearArrow.sli
1286471801
-
-
Splines\kelvin1324\0lane_path-ped5_10m.sli
1358084233
-
-
Splines\kelvin1324\0lane_path-ped5_4m_AI_NoYellowLine.sli
1515499154
-
-
Splines\kelvin1324\0lane_path-ped5_4m_fence1_AI_NoYellowLine.sli
1358084233
-
-
Splines\kelvin1324\fence1_grey.sli
1358084236
-
-
Splines\kelvin1324\Highway series\psk_hoarding03.sli
1351837347
-
-
Splines\kelvin1324\psk_hoarding01.sli
1351837346
-
-
Splines\kelvin1324\psk_hoarding02.sli
1358084237
-
-
Splines\Map E31\Map E31\twbbridge.sli
1428380354
-
-
Splines\Splines\kelvin1324\1lanes_dro_s3s_4m.sli
1350111251
-
-
Splines\Splines\kelvin1324\fs_BusTerminusBridge_main.sli
1348739488
-
-
Splines\Splines\kelvin1324\Highway series\Tolo_RoadRailing&sidebeton.sli
1348739490
-
-
Splines\Splines\TaiPoProject_Highway\0lanes_Tolo_nopath_verynarrow.sli
1352894850
-
-
Splines\Splines\taxidriverhk\taxidriverhk\taxidriverhk\taxidriverhk\0lane_pedonly_concrete_narrow.sli
1312790251
-
-
Splines\Splines\taxidriverhk\taxidriverhk\taxidriverhk\taxidriverhk\1lane_roadonly.sli
1312790255
-
-
Splines\taxidriverhk\2lanes_noped.sli
1095784982
-
-
Splines\taxidriverhk\2lanes_oneway_noped.sli
1090215393
-
-
Splines\taxidriverhk\2lanes_oneway_noped_wide.sli
1353727447
-
-
Splines\taxidriverhk\3lanes_oneway_noped.sli
1353727448
-
-
Splines\taxidriverhk\4lanes_wstonebarriernoped_half_16mwide.sli
1353727448
-
-
Splines\taxidriverhk\whiteline_asphalt_patch_narrow.sli
1368620154
-
-
Splines\taxidriverhk_nopaths\0lane_barbedwire - lk.sli
1464817197
-
-
Splines\taxidriverhk_nopaths\0lane_barrierfornathan.sli
1353727451
-
-
Splines\taxidriverhk_nopaths\0lane_pedonly_concrete.sli
1353727451
-
-
Splines\taxidriverhk_nopaths\0lane_retainingwall.sli
1353727451
-
-
Splines\taxidriverhk_nopaths\0lane_retainingwall_4.sli
1353727451
-
-
Splines\taxidriverhk_nopaths\0lane_singlewhiteline_thick.sli
1353727451
-
-
Splines\taxidriverhk_nopaths\0lane_waterbarrier.sli
1353727451
-
-
Splines\taxidriverhk_nopaths\2lanes_oneway_noped-1.sli
1197454117
-
-
Sceneryobjects\296a\obj_kt020.sco
1181970138
1181970138
-1
Sceneryobjects\296a\obj_kt023.sco
1181980731
1181980731
-1
Sceneryobjects\296a\obj_kt033.sco
1182040209
1182040209
-1
Sceneryobjects\3dtranstudio\bridge_pier.sco
1056467393
1056467393
-1
Sceneryobjects\gg\light02.sco
1110598497
1110598497
-1
Sceneryobjects\HK_Street_Objects\mailbox\mailbox2.sco
1123186256
1123186256
-1
Sceneryobjects\kelvin1324_Misc\bollard_HK_1_LeftArrow_.sco
1351811377
1351811377
-1
Sceneryobjects\kelvin1324_Misc\bollard_HK_1_NoArrow_.sco
1351811377
1351811377
-1
Sceneryobjects\kelvin1324_Misc\HK Road Marking_TransDept Standard\HKRoadMarking_arrowLeft_.sco
1351811378
1351811378
-1
Sceneryobjects\kelvin1324_Misc\HK Road Marking_TransDept Standard\HKRoadMarking_arrowRight_.sco
1351811378
1351811378
-1
Sceneryobjects\kelvin1324_Misc\HK Road Marking_TransDept Standard\HKRoadMarking_arrowStraight_.sco
1351811378
1351811378
-1
Sceneryobjects\kelvin1324_Misc\HK Road Marking_TransDept Standard\HKRoadMarking_GiveWay_.sco
1351811378
1351811378
-1
Sceneryobjects\kelvin1324_Misc\HK Road Marking_TransDept Standard\HKRoadMarking_Slow_.sco
1351811378
1351811378
-1
Sceneryobjects\M3 Traffic Light AI\1Av_2St_1_Car1.sco
1345259634
1345259634
-1
Sceneryobjects\M3 Traffic Light AI\1Av_2St_1_Car2.sco
1345259634
1345259634
-1
Sceneryobjects\M3 Traffic Light AI\1Av_2St_1_Car3.sco
1345259634
1345259634
-1
Sceneryobjects\Railroad_MC\S-Bhf_Spd-West.sco
1043762272
1043762272
-1
Sceneryobjects\SS_HKTrafficSign\RHD_Sign_Stop (115).sco
1053073851
1053073851
-1
Sceneryobjects\SS_HKTrafficSign\RHD_Sign_Stop (46).sco
1053072933
1053072933
-1
Sceneryobjects\SS_HKTrafficSign\RHD_Sign_Stop (67).sco
1063680578
1063680578
-1
Sceneryobjects\SS_HKTrafficSign\RHD_SS_Pole_Grey.sco
1051658064
1051658064
-1
Sceneryobjects\SS_HKTrafficSign\RHD_SS_Pole_Red.sco
1345259704
1345259704
-1
Sceneryobjects\SS_HKTrafficSign\RHD_SS_Sign_L_Left.sco
1345259705
1345259705
-1
Sceneryobjects\SS_HKTrafficSign\RHD_SS_Sign_N_NoStop24.sco
1345259705
1345259705
-1
Sceneryobjects\SS_HKTrafficSign\RHD_SS_Sign_N_NoStop712.sco
1345259705
1345259705
-1
Sceneryobjects\SS_HKTrafficSign\RHD_SS_Sign_RoundaboutAhead.sco
1053074152
1053074152
-1
Sceneryobjects\SS_HKTrafficSign\SS_Sign_AheadOnly.sco
1053070980
1053070980
-1
Sceneryobjects\SS_HKTrafficSign\SS_Sign_L_ExceptPermit (2).sco
1345259694
1345259694
-1
Sceneryobjects\SS_HKTrafficSign\SS_Sign_NoMotorVehExCyc (2).sco
1345259694
1345259694
-1
Sceneryobjects\SS_HKTrafficSign\SS_Sign_NoPedCyc (2).sco
1345259694
1345259694
-1
Sceneryobjects\SS_HKTrafficSign\SS_Sign_NoRightTurn.sco
1053073650
1053073650
-1
Sceneryobjects\SS_HKTrafficSign\SS_Sign_NoUTurns.sco
1053073851
1053073851
-1
Sceneryobjects\SS_HKTrafficSign\SS_Sign_TraSignalAhead.sco
1053074472
1053074472
-1
Sceneryobjects\SS_HKTrafficSign\SS_Sign_TurnLeft.sco
1053074420
1053074420
-1
Sceneryobjects\Streetobjects_RUE\neonlight_2L_bend_L.sco
1030664952
1030664952
-1
Sceneryobjects\taxidriverhk_hkwk_lite\surfacemark_yellowbox_8mx4.3m.sco
1291016878
1291016878
-1
Sceneryobjects\taxidriverhk_tst_jordan\telephonebooth.sco
1312789878
1312789878
-1
Sceneryobjects\Traffic_Light_HK_FF3170\Philips_car_standard_L_board.sco
1151561984
1151561984
-1
Sceneryobjects\Traffic_Light_HK_FF3170\Philips_car_standard_S_board.sco
1151561984
1151561984
-1
Sceneryobjects\Traffic_Light_HK_FF3170\Teletech_car_single_S.sco
1165051190
1165051190
-1
Sceneryobjects\Traffic_Light_HK_FF3170\Teletech_car_single_S_LM.sco
1165052566
1165052566
-1
Sceneryobjects\Traffic_Light_HK_FF3170\Teletech_car_standard_L.sco
1165114928
1165114928
-1
Sceneryobjects\Traffic_Light_HK_FF3170\Teletech_car_standard_L_LM.sco
1165115149
1165115149
-1
Sceneryobjects\Traffic_Light_HK_FF3170\Teletech_car_standard_R.sco
1165115080
1165115080
-1
Sceneryobjects\Traffic_Light_HK_FF3170\Teletech_car_standard_R_RM.sco
1165115413
1165115413
-1
Sceneryobjects\Traffic_Light_HK_FF3170\Teletech_car_standard_S_RM.sco
1165115182
1165115182
-1
Sceneryobjects\Traffic_Light_HK_FF3170\Teletech_F.sco
1165109879
1165109879
-1
Sceneryobjects\Traffic_Light_HK_FF3170\Teletech_P_LM.sco
1165112042
1165112042
-1
Sceneryobjects\Traffic_Light_HK_FF3170\Teletech_P_RM.sco
1165112051
1165112051
-1
Sceneryobjects\Trees_MC\RHD_Tree_Small_04.sco
1097248122
1097248122
-1
Sceneryobjects\Trees_MC\RHD_Tree_Small_Nrw_01.sco
1097248122
1097248122
-1
Sceneryobjects\Trees_MC\shrubbery_01_20_mod.sco
1312789896
1312789896
-1
Sceneryobjects\Trees_MC\shrubbery_03_10.sco
1181629455
1181629455
-1
Sceneryobjects\Trees_MC\shrubbery_04_20_mod.sco
1312789896
1312789896
-1
Sceneryobjects\Trees_MC\Streetobjects_RUE\sodiumlight_L_break_L.sco
1031255860
1031255860
-1
Sceneryobjects\Trees_MC\tree_large_02.sco
1181629467
1181629467
-1
Sceneryobjects\Trees_MC\Tree_Small_09_1.sco
1161467322
1161467322
-1
Sceneryobjects\UKDT\iomex\Flora 3\Blue Jacaranda 1.sco
1280485216
1280485216
-1
Sceneryobjects\UU4207\church_tpr.sco
1421063717
1421063717
-1
Sceneryobjects\UU4341\ke_2.sco
1421117093
1421117093
-1
Sceneryobjects\UU4341\tpr_1.sco
1421053091
1421053091
-1
Splines\296a\rail_boxcut_concrete.sli
1181980953
-
-
Splines\296a\rail_boxcut_concrete_1tr6m.sli
1181923569
-
-
Splines\296a\rm2.sli
1181924509
-
-
Splines\296a\train_bridge.sli
1183142279
-
-
Splines\296a\train_bridge4.sli
1183142787
-
-
Splines\296d\rm2.sli
1353733507
-
-
Splines\hkstreet\str_0spur_40m_hk.sli
1312789991
-
-
Splines\invis_sidewalk.sli
1344353082
-
-
Splines\kelvin1324\0lane_path-ped5_20m.sli
1358084233
-
-
Splines\kelvin1324\0lane_path-ped5_4m_fence1_NoYellowLine.sli
1358084233
-
-
Splines\M3_Spline\P_crossing.sli
1312790127
-
-
Splines\Splines\taxidriverhk\taxidriverhk\taxidriverhk\taxidriverhk\0lane_pedonly_concrete_narrow_nocurb.sli
1312790251
-
-
Splines\Splines\taxidriverhk\taxidriverhk\taxidriverhk\taxidriverhk\0lane_singlewhiteline.sli
1312790251
-
-
Splines\taxidriverhk\0lane_road_7mwide.sli
1353727447
-
-
Splines\taxidriverhk\0lane_singlebrokenwhiteline_frequent.sli
1353727447
-
-
Splines\taxidriverhk\2lanes_noped_verywide.sli
1353727447
-
-
Splines\taxidriverhk\2lanes_wstonebarriernoped_half_8mwide.sli
1353727448
-
-
Splines\taxidriverhk_nopaths\0lane_chathamflyover_curbonly.sli
1353727451
-
-
Splines\taxidriverhk_nopaths\0lane_doublewhiteline.sli
1353727451
-
-
Splines\taxidriverhk_nopaths\0lane_doublewhiteline_onesidebroken.sli
1353727451
-
-
Splines\taxidriverhk_nopaths\0lane_pedonly_concrete_narrow_nocurb.sli
1353727451
-
-
Splines\taxidriverhk_nopaths\0lane_pedonly_concrete_nocurb.sli
1353727451
-
-
Splines\taxidriverhk_nopaths\0lane_road_15mwide.sli
1353727451
-
-
Splines\taxidriverhk_nopaths\0lane_road_7mwide.sli
1353727451
-
-
Splines\taxidriverhk_nopaths\0lane_singlebrokenline_nonfrequent.sli
1353727451
-
-
Splines\taxidriverhk_nopaths\0lane_singlewhiteline.sli
1353727451
-
-
Splines\tko\kttunnel02.sli
1181971238
-
-
Splines\Yorkshire\btv\stone_retaining_wall.sli
1189850581
-
-
Sceneryobjects\Generic\routearrow_dn.sco
1210215877
1210215877
-1
Splines\kelvin1324\1lanes_dro_s3s_4m.sli
1358084235
-
-
Splines\kelvin1324\fs_BusTerminusBridge_main.sli
1495381133
-
-
Splines\kelvin1324\Highway series\Tolo_RoadRailing&sidebeton.sli
1358084240
-
-
Splines\Map E31\twbbridge.sli
1428380354
-
-
Splines\TaiPoProject_Highway\0lanes_Tolo_nopath_verynarrow.sli
1358102678
-
-
Splines\taxidriverhk\0lane_pedonly_concrete_narrow.sli
1353727447
-
-
Splines\taxidriverhk\0lane_pedonly_concrete_narrow_nocurb.sli
1353727447
-
-
Splines\taxidriverhk\0lane_singlewhiteline.sli
1353727447
-
-
Splines\taxidriverhk\1lane_roadonly.sli
1353727447
-
-
