Sceneryobjects\3dtranstudio\bridge_pier.sco
1056420289
1056420289
-1
Sceneryobjects\Generic\routearrow_dn_dyn.sco
1196580396
1196580396
-1
Sceneryobjects\Map E31\nlhy.sco
1331129715
1331129715
-1
Sceneryobjects\Streetobjects_RUE\neonlight_2L_bend_L.sco
1196580403
1196580403
-1
Sceneryobjects\Trees_MC\RHD_tree_large_01.sco
1097248121
1097248121
-1
Sceneryobjects\Trees_MC\RHD_tree_large_02.sco
1097248121
1097248121
-1
Splines\3dtranstudio\str_0spur_4m_hk.sli
1065025632
-
-
Splines\kelvin1324\1lanes_dro_s1s_6m.sli
1351837345
-
-
Splines\M3_Spline\line_GV.sli
1177328550
-
-
Splines\M3_Spline\line_white.sli
1177328550
-
-
Splines\Map E31\1way_2line_highway_a_NLH.sli
1365805600
-
-
Splines\Map E31\1way_2line_highway_noright_NLH.sli
1365804416
-
-
Splines\Map E31\2way_2x3line_a_noped_NLH.sli
1365804183
-
-
Splines\Map E31\2way_2x3line_highway_a_NLH.sli
1365809818
-
-
Splines\Map E31\highway_acon_NLH.sli
1365805789
-
-
