Sceneryobjects\3dtranstudio\hkstreet\ground_busstop1.sco
1063489763
1063489763
-1
Sceneryobjects\3dtranstudio\hkstreet\ground_busstop3.sco
1063489771
1063489771
-1
Sceneryobjects\3dtranstudio\hkstreet\RHD_ground_busstop4.sco
1345259081
1345259081
-1
Sceneryobjects\Busstops_HK\Bus_hut_temp.sco
1352925427
1352925427
-1
Sceneryobjects\Busstops_HK\Bus_hut_temp_M_green.sco
1352925427
1352925427
-1
Sceneryobjects\Generic\car_park.sco
1210215900
1210215900
-1
Sceneryobjects\HK roadsurface mark\hkroadsurf_byright.sco
1177328320
1177328320
-1
Sceneryobjects\H-Studio Object\Barrier_grey_.sco
1080526992
1080526992
-1
Sceneryobjects\kelvin1324_Buildings\tpt_Swimming_Pool_.sco
1351811320
1351811320
-1
Sceneryobjects\kelvin1324_Misc\bollard_HK_1_NoArrow_.sco
1351811377
1351811377
-1
Sceneryobjects\kelvin1324_Misc\HK Road Marking_TransDept Standard\HKRoadMarking_Slow_.sco
1351811378
1351811378
-1
Sceneryobjects\kelvin1324_Misc\HK Road Sign_TransDept Standard\HKRoadSign_MinibusStand_.sco
1351811379
1351811379
-1
Sceneryobjects\kelvin1324_Vehicles\Hong Kong Toyota_Coaster_Series7\parked_Van_Green_Series7_.sco
1265677270
1265677270
-1
Sceneryobjects\KMB Bus stop Lollipop\Lollipop3x3NoBase.sco
1252879112
1252879112
-1
Sceneryobjects\KMB Bus stop Lollipop\Lollipop3x3NoBoardBase.sco
1252879124
1252879124
-1
Sceneryobjects\KMB Lollipop\Lollipop2x2NoBase.sco
1252832014
1252832014
-1
Sceneryobjects\ProjectTWS\F1sh\Choi Hung Estate Catholic Secondary School_.sco
1353144882
1353144882
-1
Sceneryobjects\ProjectTWS\F1sh\Choi Hung Estate substation_.sco
1353144890
1353144890
-1
Sceneryobjects\ProjectTWS\F1sh\Choi Hung Station_substation_.sco
1383549490
1383549490
-1
Sceneryobjects\ProjectTWS\F1sh\Choi Hung Station_tunnel_.sco
1383549491
1383549491
-1
Sceneryobjects\ProjectTWS\F1sh\Ngau Chi Wan Village_1_.sco
1383549493
1383549493
-1
Sceneryobjects\ProjectTWS\F1sh\Ngau Chi Wan Village_2_.sco
1383549493
1383549493
-1
Sceneryobjects\ProjectTWS\F1sh\Ngau Chi Wan Village_3_.sco
1383549494
1383549494
-1
Sceneryobjects\ProjectTWS\F1sh\Ngau Chi Wan Village_4_.sco
1383549495
1383549495
-1
Sceneryobjects\ProjectTWS\F1sh\Pak Suet House Choi Hung Estate_.sco
1353256242
1353256242
-1
Sceneryobjects\ProjectTWS\UB1329\ChoiHungEstateFences.sco
1354465721
1354465721
-1
Sceneryobjects\Streetobjects_RUE\sodiumlight_2L_break_L.sco
1031241799
1031241799
-1
Sceneryobjects\taxidriverhk\surfacemark_doublelineforstop.sco
1291016916
1291016916
-1
Sceneryobjects\taxidriverhk\surfacemark_stop.sco
1291016919
1291016919
-1
Sceneryobjects\taxidriverhk\surfacemark_taxisonly.sco
1291016883
1291016883
-1
Sceneryobjects\taxidriverhk_busstop\bushut_2000_5pole_3.sco
1291017218
1291017218
-1
Sceneryobjects\taxidriverhk_busstop\bushut_2000_7pole.sco
1291017218
1291017218
-1
Sceneryobjects\Trees_MC\RHD_shrubbery_04_20.sco
1097248121
1097248121
-1
Sceneryobjects\Trees_MC\RHD_tree_large_01.sco
1097248121
1097248121
-1
Sceneryobjects\Trees_MC\Streetobjects_RUE\sodiumlight_L_break_L.sco
1031255860
1031255860
-1
Sceneryobjects\UKDT\iomex\Flora 3\Bougainvillea 1.sco
1280485216
1280485216
-1
Splines\kelvin1324\0lane_path-ped5_10m.sli
1358084233
-
-
Splines\kelvin1324\0lane_path-ped5_4m_AI.sli
1515499138
-
-
Splines\kelvin1324\0lane_path-ped5_4m_fence1_AI.sli
1358084233
-
-
Splines\kelvin1324\0lane_path-ped5_6m.sli
1512835309
-
-
Splines\kelvin1324\0lane_path-ped5_6m_AI.sli
1515499170
-
-
Splines\kelvin1324\sp_WSCwall1.sli
1358084238
-
-
Splines\Splines\kelvin1324\0lane_path-ped5_2m.sli
1348739485
-
-
Splines\Splines\kelvin1324\Highway series\Tolo_RoadRailing&sidebeton.sli
1348739490
-
-
Splines\Splines\Splines\taxidriverhk_nopaths\0lane_wstonebarriernoped.sli
1194539413
-
-
Splines\Splines\TaiPoProject_Highway\0lanes_Tolo_nopath_verynarrow.sli
1352894850
-
-
Splines\Splines\taxidriverhk\taxidriverhk\taxidriverhk\taxidriverhk\0lane_bridgewallwing2.sli
1312790251
-
-
Splines\Splines\taxidriverhk\taxidriverhk\taxidriverhk\taxidriverhk\0lane_singlewhiteline.sli
1312790251
-
-
Splines\Splines\taxidriverhk\taxidriverhk\taxidriverhk\taxidriverhk\2lanes_oneway_flyover.sli
1089498511
-
-
Splines\Splines\taxidriverhk\taxidriverhk\taxidriverhk\taxidriverhk\2lanes_oneway_noped.sli
1090215393
-
-
Splines\Splines\taxidriverhk\taxidriverhk\taxidriverhk\taxidriverhk\4lanes_wstonebarriernoped_half.sli
1090352506
-
-
Splines\taxidriverhk\0lane_pedonly_concrete_nocurb.sli
1353727447
-
-
Splines\taxidriverhk_nopaths\0lane_crash_barrier.sli
1353727451
-
-
Splines\taxidriverhk_nopaths\0lane_doublewhiteline.sli
1353727451
-
-
Splines\taxidriverhk_nopaths\0lane_doublewhiteline_onesidebroken.sli
1353727451
-
-
Splines\taxidriverhk_nopaths\0lane_road_7mwide.sli
1353727451
-
-
Splines\taxidriverhk_nopaths\0lane_singlebrokenline_nonfrequent.sli
1353727451
-
-
Splines\taxidriverhk_nopaths\0lane_singlewhiteandyellowline.sli
1353727451
-
-
Sceneryobjects\Generic\routearrow_dn.sco
1210215877
1210215877
-1
Splines\kelvin1324\0lane_path-ped5_2m.sli
1358084233
-
-
Splines\kelvin1324\Highway series\Tolo_RoadRailing&sidebeton.sli
1358084240
-
-
Splines\TaiPoProject_Highway\0lanes_Tolo_nopath_verynarrow.sli
1358102678
-
-
Splines\taxidriverhk\0lane_bridgewallwing2.sli
1353727447
-
-
Splines\taxidriverhk\0lane_singlewhiteline.sli
1353727447
-
-
Splines\taxidriverhk\2lanes_oneway_flyover.sli
1353727447
-
-
Splines\taxidriverhk\2lanes_oneway_noped.sli
1353727447
-
-
Splines\taxidriverhk\4lanes_wstonebarriernoped_half.sli
1353727448
-
-
Splines\taxidriverhk_nopaths\0lane_wstonebarriernoped.sli
1353727451
-
-
