Sceneryobjects\Generic\routearrow_L_dyn.sco
1196580392
1196580392
-1
Sceneryobjects\Generic\routearrow_R_dyn.sco
1196580392
1196580392
-1
Sceneryobjects\M3 Traffic Light AI\2Av_1Ow_1_Car1.sco
1177328359
1177328359
-1
Sceneryobjects\M3 Traffic Light AI\2Av_1Ow_1_Car2.sco
1177328359
1177328359
-1
Sceneryobjects\M3 Traffic Light AI\2Av_1Ow_1_Car3.sco
1177328359
1177328359
-1
Sceneryobjects\Streetobjects_RUE\neonlight_L_bend_L.sco
1196580403
1196580403
-1
Sceneryobjects\Streetobjects_RUE\single_pole.sco
1196580461
1196580461
-1
Sceneryobjects\Traffic_Light_HK_FF3170\Teletech_car_large.sco
1165108835
1165108835
-1
Sceneryobjects\Trees_MC\RHD_tree_large_01.sco
1097248121
1097248121
-1
Sceneryobjects\Trees_MC\RHD_tree_large_03.sco
1097248121
1097248121
-1
Sceneryobjects\Trees_MC\tree_large_06.sco
1196580429
1196580429
-1
Splines\3dtranstudio\2line_1way _leftped.sli
1192905569
-
-
Splines\3dtranstudio\2line_1way.sli
1132015050
-
-
Splines\3dtranstudio\2way_2x2line_a.sli
1130975787
-
-
Splines\3dtranstudio\2way_2x2line_a_noped.sli
1133908304
-
-
Splines\3dtranstudio\highway_a.sli
1143750682
-
-
Splines\3dtranstudio\pedonly_a.sli
1133908595
-
-
Splines\3dtranstudio\str_0spur_20m_hk.sli
1192832509
-
-
Splines\3dtranstudio\str_0spur_4m_hk.sli
1065025632
-
-
Splines\3dtranstudio\str_0spur_7m_hk.sli
1065008832
-
-
Splines\kelvin1324\fence1_grey.sli
1351837345
-
-
Splines\kelvin1324\fence2_grey.sli
1351837345
-
-
Splines\kelvin1324\fence5_grey.sli
1351837345
-
-
Splines\M3_Spline\line_road.sli
1177328550
-
-
Splines\M3_Spline\line_white.sli
1177328550
-
-
Splines\M3_Spline\P_crossing.sli
1177328550
-
-
Splines\taxidriverhk\0lane_pedonly_concrete_narrow.sli
1126481448
-
-
Splines\taxidriverhk\0lane_pedonly_narrow.sli
1133519101
-
-
Splines\taxidriverhk\1lane_roadonly_4mwide.sli
1095707059
-
-
Splines\taxidriverhk_nopaths\0lane_doublewhiteline.sli
1200840106
-
-
