Sceneryobjects\3dtranstudio\noisebarrier2.sco
1056467364
1056467364
-1
Sceneryobjects\49x\tsuen wan pccw_.sco
1177328169
1177328169
-1
Sceneryobjects\kelvin1324_Misc\bollard_HK_1_NoArrow_.sco
1351811377
1351811377
-1
Sceneryobjects\KowloonEast_3D_3M\8ClearWaterBayRd_.sco
1329690268
1329690268
-1
Sceneryobjects\ProjectTWS\F1sh\DIHStation_.sco
1353256229
1353256229
-1
Sceneryobjects\ProjectTWS\F1sh\DIHStation_2_.sco
1353293544
1353293544
-1
Sceneryobjects\Streetobjects_RUE\sodiumlight_2L_break_L.sco
1031241799
1031241799
-1
Sceneryobjects\Trees_MC\RHD_shrubbery_04_20.sco
1097248121
1097248121
-1
Sceneryobjects\Trees_MC\RHD_tree_large_01.sco
1097248121
1097248121
-1
Sceneryobjects\Trees_MC\RHD_tree_large_02.sco
1097248121
1097248121
-1
Sceneryobjects\UKDT\iomex\Flora 3\Blue Jacaranda 1.sco
1280485216
1280485216
-1
Splines\HKBTS_Spline\ChingCheungRd\ChingCheungRd_3Lines1Way_whi_000_cone.sli
1353997680
-
-
Splines\HKBTS_Spline\ChingCheungRd\con_1m.sli
1335625327
-
-
Splines\kelvin1324\0lane_path-ped5_6m_AI.sli
1351837344
-
-
Splines\kelvin1324\0lane_path-ped5_6m_NoYellowLine.sli
1515499191
-
-
Splines\Map E31\cswbridgea.sli
1465164957
-
-
Splines\Splines\gg_LHT\gg_LHT\hillwall04.sli
1321897632
-
-
Splines\Splines\kelvin1324\0lane_path-ped7_6m_fence1_AI.sli
1348739485
-
-
Splines\Splines\kelvin1324\1lanes_dro_s3s_4m.sli
1350111251
-
-
Splines\Splines\kelvin1324\1lanes_dro_s3s_7m.sli
1350111086
-
-
Splines\Splines\kelvin1324\Highway series\Tolo_RoadRailing&sidebeton.sli
1348739490
-
-
Splines\Splines\Splines\taxidriverhk_nopaths\0lane_yenchowbarrier.sli
1419279381
-
-
Splines\Splines\TaiPoProject_Highway\0lanes_Tolo_nopath_verynarrow.sli
1352894850
-
-
Splines\Splines\TaiPoProject_Highway\1lanes_Tolo_PSK.sli
1352894850
-
-
Splines\Splines\taxidriverhk\taxidriverhk\0lane_grasscover.sli
1312790253
-
-
Splines\Splines\taxidriverhk\taxidriverhk\taxidriverhk\taxidriverhk\0lane_pedonly_concrete_narrow.sli
1312790251
-
-
Splines\Splines\taxidriverhk\taxidriverhk\taxidriverhk\taxidriverhk\3lanes_wstonebarriernoped_half.sli
1312790256
-
-
Splines\surface mark\hkstreet\2line_1way _leftped_doublewhite.sli
1425616476
-
-
Splines\surface mark\hkstreet\hkstreet\hkstreet\hkstreet\hkstreet\2line_1way.sli
1497741335
-
-
Splines\taxidriverhk\1lane_pedonly_concrete.sli
1095590210
-
-
Splines\taxidriverhk\1lane_roadonly_4mwide.sli
1353727447
-
-
Splines\taxidriverhk\6lanes_3+3_flyover.sli
1087857635
-
-
Splines\taxidriverhk\6lanes_chathamroad_flyover_3+3.sli
1353727448
-
-
Splines\taxidriverhk_nopaths\0lane_crash_barrier.sli
1353727451
-
-
Splines\taxidriverhk_nopaths\0lane_hunghom_bridge.sli
1353727451
-
-
Sceneryobjects\Generic\car_park.sco
1210215900
1210215900
-1
Sceneryobjects\HK5070s\HYCS1_.sco
1157148905
1157148905
-1
Sceneryobjects\NG1604's object\50 kmh.sco
1084137798
1084137798
-1
Sceneryobjects\SS_HKTrafficSign\RHD_SS_Pole_WorkSmall.sco
1345259704
1345259704
-1
Sceneryobjects\SS_HKTrafficSign\SS_Sign_KeepLeft.sco
1053073059
1053073059
-1
Sceneryobjects\SS_HKTrafficSign\SS_Sign_KeepRight.sco
1053073065
1053073065
-1
Sceneryobjects\taxidriverhk_kowlooncity\chatham_fatkwongbridge.sco
1291264178
1291264178
-1
Sceneryobjects\taxidriverhk_kowlooncity\hunghom_construction_component_12.sco
1291264289
1291264289
-1
Sceneryobjects\taxidriverhk_signage\signage_construction_notice.sco
1291264439
1291264439
-1
Sceneryobjects\Trees_MC\RHD_tree_medium_07.sco
1097248122
1097248122
-1
Sceneryobjects\Trees_MC\tree_medium_05.sco
1181629490
1181629490
-1
Sceneryobjects\UKDT\iomex\Flora 3\Birch Tree 1 1.sco
1280485216
1280485216
-1
Sceneryobjects\UKDT\iomex\Flora 3\Caragana 1.sco
1280485216
1280485216
-1
Sceneryobjects\UKDT\iomex\Flora 3\Chinese Red Birch 1.sco
1280485216
1280485216
-1
Splines\CDLX\Misc\whiteline_asphalt_patch_narrow.sli
1368620166
-
-
Splines\HKSAR_Marcel\str_0spur_4m.sli
1177328544
-
-
Splines\kelvin1324\0lane_path_6m_AI_NoYellowLine.sli
1514350408
-
-
Splines\kelvin1324\0lane_path_6m_NoYellowLine.sli
1514350429
-
-
Splines\Splines\kelvin1324\kelvin1324\fence1_grey.sli
1312790120
-
-
Splines\TaiPoProject_Highway\Line_str_BrokenSingleLine.sli
1358102678
-
-
Splines\taxidriverhk\1lane_roadonly.sli
1353727447
-
-
Splines\taxidriverhk\2lanes_oneway_noped_wide.sli
1353727447
-
-
Splines\taxidriverhk\3lanes_oneway_noped_narrow.sli
1353727448
-
-
Splines\taxidriverhk_nopaths\0lane_doublewhiteline_onesidebroken.sli
1353727451
-
-
Splines\taxidriverhk_nopaths\0lane_singlewhiteline_thick.sli
1353727451
-
-
Splines\taxidriverhk_nopaths\0lane_singleyellowline.sli
1353727451
-
-
Splines\taxidriverhk_nopaths\0lane_waterbarrier.sli
1353727451
-
-
Splines\taxidriverhk_nopaths\0lane_wstonebarriernoped.sli
1353727451
-
-
Sceneryobjects\Generic\routearrow_dn.sco
1210215877
1210215877
-1
Splines\gg_LHT\hillwall04.sli
1353727400
-
-
Splines\kelvin1324\0lane_path-ped7_6m_fence1_AI.sli
1358084233
-
-
Splines\kelvin1324\1lanes_dro_s3s_4m.sli
1358084235
-
-
Splines\kelvin1324\1lanes_dro_s3s_7m.sli
1358084235
-
-
Splines\kelvin1324\fence1_grey.sli
1358084236
-
-
Splines\kelvin1324\Highway series\Tolo_RoadRailing&sidebeton.sli
1358084240
-
-
Splines\surface mark\hkstreet\2line_1way.sli
1424426028
-
-
Splines\TaiPoProject_Highway\0lanes_Tolo_nopath_verynarrow.sli
1358102678
-
-
Splines\TaiPoProject_Highway\1lanes_Tolo_PSK.sli
1358102678
-
-
Splines\taxidriverhk\0lane_grasscover.sli
1353727447
-
-
Splines\taxidriverhk\0lane_pedonly_concrete_narrow.sli
1353727447
-
-
Splines\taxidriverhk\3lanes_wstonebarriernoped_half.sli
1353727448
-
-
