Sceneryobjects\3dtranstudio\hkstreet\ground_busstop1.sco
1063489763
1063489763
-1
Sceneryobjects\3dtranstudio\safe.sco
1053255857
1053255857
-1
Sceneryobjects\Busstops_HK\people_standing_narrow.sco
1352925428
1352925428
-1
Sceneryobjects\Generic\bus_stop.sco
1210215889
1210215889
-1
Sceneryobjects\Generic\car_park.sco
1210215900
1210215900
-1
Sceneryobjects\Generic\entrypoint_bus.sco
1210215900
1210215900
-1
Sceneryobjects\Generic\routearrow_dn.sco
1210215877
1210215877
-1
Sceneryobjects\Generic\routearrow_L.sco
1210215940
1210215940
-1
Sceneryobjects\Generic\routearrow_R.sco
1210215877
1210215877
-1
Sceneryobjects\Generic\routearrows_busstop.sco
1210216053
1210216053
-1
Sceneryobjects\Generic\routearrows_deadend.sco
1210215901
1210215901
-1
Sceneryobjects\H-Studio Object\Barrier_grey_.sco
1080526992
1080526992
-1
Sceneryobjects\H-Studio Object\Barrier1_grey_.sco
1080526994
1080526994
-1
Sceneryobjects\Ruede\forest_backdrop01.sco
1210215922
1210215922
-1
Sceneryobjects\SS_HKTrafficSign\SS_Pole_Green.sco
1051658049
1051658049
-1
Sceneryobjects\SS_HKTrafficSign\SS_Pole_Grey.sco
1051658064
1051658064
-1
Sceneryobjects\SS_HKTrafficSign\SS_Pole_Yellow.sco
1051658063
1051658063
-1
Sceneryobjects\SS_HKTrafficSign\SS_Sign_AllVehProh.sco
1053070999
1053070999
-1
Sceneryobjects\SS_HKTrafficSign\SS_Sign_GiveWay.sco
1053072933
1053072933
-1
Sceneryobjects\SS_HKTrafficSign\SS_Sign_L_ExceptPermit.sco
1063680503
1063680503
-1
Sceneryobjects\SS_HKTrafficSign\SS_Sign_L_Left.sco
1063680562
1063680562
-1
Sceneryobjects\SS_HKTrafficSign\SS_Sign_L_Right.sco
1063680578
1063680578
-1
Sceneryobjects\SS_HKTrafficSign\SS_Sign_N_NoStop24.sco
1053073489
1053073489
-1
Sceneryobjects\SS_HKTrafficSign\SS_Sign_N_NoStop77.sco
1053073516
1053073516
-1
Sceneryobjects\SS_HKTrafficSign\SS_Sign_N_NoStop81057.sco
1053073581
1053073581
-1
Sceneryobjects\SS_HKTrafficSign\SS_Sign_N_NoStopEnd.sco
1053073432
1053073432
-1
Sceneryobjects\SS_HKTrafficSign\SS_Sign_NoEntry.sco
1053073669
1053073669
-1
Sceneryobjects\SS_HKTrafficSign\SS_Sign_NoRightTurn.sco
1053073650
1053073650
-1
Sceneryobjects\Streetobjects_RUE\single_pole.sco
1044220565
1044220565
-1
Sceneryobjects\Streetobjects_RUE\sodiumlight_2L_break_L.sco
1031241799
1031241799
-1
Sceneryobjects\Streetobjects_RUE\sodiumlight_4L_break_L.sco
1031241804
1031241804
-1
Sceneryobjects\Streetobjects_RUE\sodiumlight_L_break_L.sco
1031241524
1031241524
-1
Sceneryobjects\taxidriverhk\surfacemark_brokenlineforgiveway.sco
1291016917
1291016917
-1
Sceneryobjects\taxidriverhk\surfacemark_giveway_small.sco
1291016920
1291016920
-1
Sceneryobjects\taxidriverhk\telephonebooth.sco
1291016875
1291016875
-1
Sceneryobjects\taxidriverhk_for_ssp_csw_lck_mf\poon_343.sco
1192195748
1192195748
-1
Sceneryobjects\taxidriverhk_for_ssp_csw_lck_mf\poon_paidong.sco
1192195741
1192195741
-1
Sceneryobjects\taxidriverhk_for_ssp_csw_lck_mf\poon_park.sco
1192195736
1192195736
-1
Sceneryobjects\taxidriverhk_for_ssp_csw_lck_mf\souk_cc.sco
1192195720
1192195720
-1
Sceneryobjects\taxidriverhk_for_ssp_csw_lck_mf\souk_jockey.sco
1192196791
1192196791
-1
Sceneryobjects\taxidriverhk_for_ssp_csw_lck_mf\tonkin_leichenguk_5.sco
1192240430
1192240430
-1
Sceneryobjects\taxidriverhk_for_ssp_csw_lck_mf\tonkin_poon-and-cheungfat.sco
1192196666
1192196666
-1
Sceneryobjects\taxidriverhk_for_ssp_csw_lck_mf\tonkin_souk_azalea.sco
1192240423
1192240423
-1
Sceneryobjects\taxidriverhk_for_ssp_csw_lck_mf\tonkin_souk_bagonia.sco
1192240421
1192240421
-1
Sceneryobjects\taxidriverhk_for_ssp_csw_lck_mf\tonkin_souk_camelia.sco
1192240419
1192240419
-1
Sceneryobjects\taxidriverhk_for_ssp_csw_lck_mf\tonkin_soukbusterminus.sco
1192195840
1192195840
-1
Sceneryobjects\taxidriverhk_for_ssp_csw_lck_mf\tonkin_soukbusterminus2.sco
1192195833
1192195833
-1
Sceneryobjects\taxidriverhk_for_taipo_uc_cp\hingwah_nullah.sco
1192061006
1192061006
-1
Sceneryobjects\Traffic_Light_HK_FF3170\Teletech_car_single_L_LM.sco
1165052504
1165052504
-1
Sceneryobjects\Traffic_Light_HK_FF3170\Teletech_car_standard.sco
1162295706
1162295706
-1
Sceneryobjects\Traffic_Light_HK_FF3170\Teletech_car_standard_LM.sco
1162295709
1162295709
-1
Sceneryobjects\Traffic_Light_HK_FF3170\Teletech_car_standard_S.sco
1165115073
1165115073
-1
Sceneryobjects\Traffic_Light_HK_FF3170\Teletech_P_LM.sco
1165112042
1165112042
-1
Sceneryobjects\Traffic_Light_HK_FF3170\Teletech_P_RM.sco
1165112051
1165112051
-1
Sceneryobjects\Trees_MC\tree_large_01.sco
1181629460
1181629460
-1
Sceneryobjects\Trees_MC\tree_large_05.sco
1181629524
1181629524
-1
Sceneryobjects\Trees_MC\tree_large_06.sco
1181629460
1181629460
-1
Sceneryobjects\Trees_MC\tree_medium_06.sco
1181629460
1181629460
-1
Sceneryobjects\Trees_MC\tree_medium_09.sco
1181629460
1181629460
-1
Sceneryobjects\Trees_MC\Tree_Small_05.sco
1181629490
1181629490
-1
Sceneryobjects\Trees_MC\Tree_Small_06.sco
1181629490
1181629490
-1
Sceneryobjects\Trees_MC\Tree_Small_07.sco
1181629460
1181629460
-1
Sceneryobjects\Trees_MC\Tree_Small_09.sco
1181629490
1181629490
-1
Sceneryobjects\Trees_MC\tree_tiny_01.sco
1181629460
1181629460
-1
Sceneryobjects\Verkehrszeichen_MC\Mast_Ampel_klein_1.sco
979934881
979934881
-1
Sceneryobjects\Verkehrszeichen_MC\VZ_surfmark_arrow_L.sco
1042379771
1042379771
-1
Sceneryobjects\Verkehrszeichen_MC\VZ_surfmark_arrow_R.sco
1042454964
1042454964
-1
Sceneryobjects\Verkehrszeichen_MC\VZ_surfmark_arrow_S.sco
1042454965
1042454965
-1
Sceneryobjects\Verkehrszeichen_MC\VZ_surfmark_arrow_SL.sco
1042454967
1042454967
-1
Splines\Marcel\invis_street.sli
1321185405
-
-
Splines\Marcel\str_0spur_4m.sli
1054705313
-
-
Splines\Marcel\str_0spur_7m.sli
1054705142
-
-
Splines\taxidriverhk\1lane_pedonly.sli
1353727447
-
-
Splines\taxidriverhk\1lane_pedonly_concrete.sli
1353727447
-
-
Splines\taxidriverhk\2lanes_cheungfatst_spline.sli
1353727447
-
-
Splines\taxidriverhk\2lanes_poonroad_spline.sli
1353727447
-
-
Splines\taxidriverhk\2lanes_wcurbnoped_half.sli
1353727448
-
-
Splines\taxidriverhk\3lanes_fattseungst_spline.sli
1353727448
-
-
Splines\taxidriverhk\4lanes_poonroad_spline.sli
1353727448
-
-
Splines\taxidriverhk_nopaths\0lane_doubleyellowline.sli
1353727451
-
-
Splines\taxidriverhk_nopaths\0lane_grasscover.sli
1353727451
-
-
Splines\taxidriverhk_nopaths\0lane_singlebrokenwhiteline_frequent.sli
1353727451
-
-
Splines\taxidriverhk_nopaths\0lane_singlewhiteline.sli
1353727451
-
-
Splines\taxidriverhk_nopaths\0lane_singleyellowline.sli
1353727451
-
-
Splines\taxidriverhk_nopaths\0lane_splineforbarrier.sli
1353727451
-
-
Splines\taxidriverhk_nopaths\0lanes_poonroad_spline_nopaths.sli
1353727451
-
-
Vehicles\MAN_F90\Man_parked_F90.sco
1099923753
1099923753
-1
Vehicles\Toyota_Crown\Toyota_parked_Crown_urban.sco
1187578048
1187691381
-1
Vehicles\Toyota_Hiace\Toyota_parked_Hiace.sco
1091747689
1091347828
-1
