Sceneryobjects\Trees_MC\RHD_tree_large_01.sco
1097248121
1097248121
-1
Splines\3dtranstudio\2spur_11m_altonaer_c_noped.sli
1353727365
-
-
Splines\3dtranstudio\2spur_7m_altonaer_d_noped.sli
1348648301
-
-
Splines\3dtranstudio\invis_street.sli
1353727366
-
-
Splines\3dtranstudio\ped_tstrdab.sli
1360072337
-
-
Splines\3dtranstudio\str_0spur_4m_hk.sli
1353727366
-
-
Splines\3dtranstudio\str_0spur_7m_hk.sli
1353727366
-
-
Splines\kelvin1324\fence1_grey.sli
1358084236
-
-
Splines\kelvin1324\fence2_grey.sli
1358084236
-
-
Splines\kelvin1324\line_doubleline.sli
1358084237
-
-
