Sceneryobjects\Busstops_HK\Bus_hut_temp.sco
1352925427
1352925427
-1
Sceneryobjects\Generic\car_park.sco
1210215900
1210215900
-1
Sceneryobjects\HK Static Bus\AMS Rose\47M\Rosa_AMS.sco
1121457669
1121457669
-1
Sceneryobjects\kelvin1324_Misc\HK Road Sign_TransDept Standard\HKRoadSign_MinibusStand_.sco
1351811379
1351811379
-1
Sceneryobjects\KowloonEast_3D_3M\8ClearWaterBayRd_.sco
1329690268
1329690268
-1
Sceneryobjects\ProjectTWS\Cow\NgauChiWanFireStation_.sco
1350396331
1350396331
-1
Sceneryobjects\ProjectTWS\F1sh\Chi Mei House Choi Hung Estate_.sco
1353256221
1353256221
-1
Sceneryobjects\ProjectTWS\F1sh\Choi Hung Estate substation small_.sco
1353144885
1353144885
-1
Sceneryobjects\ProjectTWS\F1sh\Choi Hung Station Exit A1_.sco
1353144897
1353144897
-1
Sceneryobjects\ProjectTWS\F1sh\Choi Hung Station Exit A2_.sco
1353144899
1353144899
-1
Sceneryobjects\ProjectTWS\F1sh\Choi Hung Station_tunnel_.sco
1383549491
1383549491
-1
Sceneryobjects\ProjectTWS\F1sh\Ngau Chi Wan Village_5_.sco
1383549496
1383549496
-1
Sceneryobjects\ProjectTWS\F1sh\Ngau Chi Wan Village_6_.sco
1383549497
1383549497
-1
Sceneryobjects\ProjectTWS\F1sh\Ngau Chi Wan Village_7_.sco
1383549498
1383549498
-1
Sceneryobjects\ProjectTWS\F1sh\NgauChiWanBuildings_.sco
1353125916
1353125916
-1
Sceneryobjects\ProjectTWS\F1sh\PingShek_Red_.sco
1350540425
1350540425
-1
Sceneryobjects\ProjectTWS\F1sh\Tan Fung House Choi Hung Estate_.sco
1353256248
1353256248
-1
Sceneryobjects\ProjectTWS\F1sh\Tsuen Shek House Ping Shek Estate_.sco
1353144911
1353144911
-1
Sceneryobjects\ProjectTWS\UB1329\ChoiHungEstateFences.sco
1354465721
1354465721
-1
Sceneryobjects\ProjectTWS\UB1329\PingShekBridgeConnector_.sco
1353280141
1353280141
-1
Sceneryobjects\taxidriverhk\surfacemark_yellowbox_10mx10m.sco
1291016876
1291016876
-1
Sceneryobjects\Trees_MC\RHD_tree_large_01.sco
1097248121
1097248121
-1
Sceneryobjects\Trees_MC\RHD_tree_medium_07.sco
1097248122
1097248122
-1
Sceneryobjects\Trees_MC\shrubbery_01_05.sco
1181629421
1181629421
-1
Sceneryobjects\Trees_MC\Streetobjects_RUE\sodiumlight_L_break_L.sco
1031255860
1031255860
-1
Splines\kelvin1324\0lane_path-ped5_10m.sli
1358084233
-
-
Splines\kelvin1324\0lane_path-ped5_2m.sli
1358084233
-
-
Splines\kelvin1324\0lane_path-ped5_4m_AI.sli
1515499138
-
-
Splines\kelvin1324\0lane_path-ped5_4m_fence1_AI.sli
1358084233
-
-
Splines\Splines\kelvin1324\0lane_path-ped5_2m.sli
1348739485
-
-
Splines\Splines\kelvin1324\0lane_path-ped7_6m_fence1_AI.sli
1348739485
-
-
Splines\Splines\kelvin1324\1lanes_dro_s3s_4m.sli
1350111251
-
-
Splines\Splines\kelvin1324\fence1_grey.sli
1248506984
-
-
Splines\Splines\kelvin1324\kelvin1324\kelvin1324\kelvin1324\fence1_grey.sli
1352894844
-
-
Splines\Splines\Splines\taxidriverhk_nopaths\0lane_wstonebarriernoped.sli
1194539413
-
-
Splines\Splines\TaiPoProject_Highway\0lanes_Tolo_nopath_verynarrow.sli
1352894850
-
-
Splines\Splines\taxidriverhk\taxidriverhk\0lane_pedonly_concrete_narrow_nocurb.sli
1312790253
-
-
Splines\Splines\taxidriverhk\taxidriverhk\1lane_salisburyroad_flyover.sli
1312898797
-
-
Splines\Splines\taxidriverhk\taxidriverhk\taxidriverhk\taxidriverhk\0lane_bridgewallwing2.sli
1312790251
-
-
Splines\Splines\taxidriverhk\taxidriverhk\taxidriverhk\taxidriverhk\0lane_pedonly_concrete_narrow.sli
1312790251
-
-
Splines\Splines\taxidriverhk\taxidriverhk\taxidriverhk\taxidriverhk\0lane_pedonly_concrete_narrow_nocurb.sli
1312790251
-
-
Splines\Splines\taxidriverhk\taxidriverhk\taxidriverhk\taxidriverhk\0lane_pedonly_concrete_nocurb.sli
1312790251
-
-
Splines\Splines\taxidriverhk\taxidriverhk\taxidriverhk\taxidriverhk\0lane_singlewhiteline.sli
1312790251
-
-
Splines\Splines\taxidriverhk\taxidriverhk\taxidriverhk\taxidriverhk\1lane_westklncorridor.sli
1190943796
-
-
Splines\Splines\taxidriverhk\taxidriverhk\taxidriverhk\taxidriverhk\2lanes_oneway_flyover.sli
1312790255
-
-
Splines\Splines\taxidriverhk\taxidriverhk\taxidriverhk\taxidriverhk\2lanes_oneway_noped.sli
1312790255
-
-
Splines\Splines\taxidriverhk\taxidriverhk\taxidriverhk\taxidriverhk\2lanes_wstonebarriernoped_half.sli
1090352515
-
-
Splines\Splines\taxidriverhk\taxidriverhk\taxidriverhk\taxidriverhk\3lanes_oneway_noped_narrow.sli
1090216699
-
-
Splines\Splines\taxidriverhk\taxidriverhk\taxidriverhk\taxidriverhk\3lanes_wcurbnoped_half.sli
1094000376
-
-
Splines\Splines\taxidriverhk\taxidriverhk\taxidriverhk\taxidriverhk\3lanes_wstonebarriernoped_half.sli
1090858491
-
-
Splines\Splines\taxidriverhk\taxidriverhk\taxidriverhk\taxidriverhk\4lanes_oneway_noped_narrow.sli
1089165793
-
-
Splines\Splines\taxidriverhk\taxidriverhk\taxidriverhk\taxidriverhk\4lanes_wcurbnoped_half_narrow.sli
1126376789
-
-
Splines\taxidriverhk\1lane_roadonly_4mwide.sli
1353727447
-
-
Splines\taxidriverhk\taxidriverhk\taxidriverhk\2lanes_oneway_noped_doublewhiteline.sli
1312790254
-
-
Splines\taxidriverhk\whiteline_asphalt_patch_narrow.sli
1368620154
-
-
Splines\taxidriverhk_nopaths\0lane_barrierfornathan.sli
1353727451
-
-
Splines\taxidriverhk_nopaths\0lane_singlewhiteandyellowline.sli
1353727451
-
-
Vehicles\Toyota_Coaster_Series3-6_HK\parked_Van_Green_Series5_.sco
1348739878
1348739878
-1
Vehicles\Toyota_Coaster_Series3-6_HK_Light_parked\parked_Van_Green_Series6_.sco
1360352935
1360352935
-1
Vehicles\Toyota_Coaster_Series3-6_HK_Red\parked_Van_Green_Series5_.sco
1291260881
1291260881
-1
Vehicles\Toyota_Coaster_Series3-6_HK_Red\parked_Van_Green_Series6_.sco
1291260861
1291260861
-1
Sceneryobjects\Trees_MC\tree_medium_09.sco
1181629460
1181629460
-1
Splines\kelvin1324\0lane_path-ped7_6m_fence1_AI.sli
1358084233
-
-
Splines\kelvin1324\1lanes_dro_s3s_4m.sli
1358084235
-
-
Splines\kelvin1324\fence1_grey.sli
1358084236
-
-
Splines\TaiPoProject_Highway\0lanes_Tolo_nopath_verynarrow.sli
1358102678
-
-
Splines\taxidriverhk\0lane_bridgewallwing2.sli
1353727447
-
-
Splines\taxidriverhk\0lane_pedonly_concrete_narrow.sli
1353727447
-
-
Splines\taxidriverhk\0lane_pedonly_concrete_narrow_nocurb.sli
1353727447
-
-
Splines\taxidriverhk\0lane_pedonly_concrete_nocurb.sli
1353727447
-
-
Splines\taxidriverhk\0lane_singlewhiteline.sli
1353727447
-
-
Splines\taxidriverhk\1lane_salisburyroad_flyover.sli
1353727447
-
-
Splines\taxidriverhk\1lane_westklncorridor.sli
1353727447
-
-
Splines\taxidriverhk\2lanes_oneway_flyover.sli
1353727447
-
-
Splines\taxidriverhk\2lanes_oneway_noped.sli
1353727447
-
-
Splines\taxidriverhk\2lanes_oneway_noped_doublewhiteline.sli
1353727447
-
-
Splines\taxidriverhk\2lanes_wstonebarriernoped_half.sli
1353727448
-
-
Splines\taxidriverhk\3lanes_oneway_noped_narrow.sli
1353727448
-
-
Splines\taxidriverhk\3lanes_wcurbnoped_half.sli
1353727448
-
-
Splines\taxidriverhk\3lanes_wstonebarriernoped_half.sli
1353727448
-
-
Splines\taxidriverhk\4lanes_oneway_noped_narrow.sli
1353727448
-
-
Splines\taxidriverhk\4lanes_wcurbnoped_half_narrow.sli
1353727448
-
-
Splines\taxidriverhk_nopaths\0lane_wstonebarriernoped.sli
1353727451
-
-
