Sceneryobjects\3dtranstudio\hkstreet\ground_busstop5.sco
1312789596
1312789596
-1
Sceneryobjects\3dtranstudio\hkstreet\RHD_ground_busstop5.sco
1312789600
1312789600
-1
Sceneryobjects\Busstops_HK\CTB_busstop_route_plateX2.sco
1312789642
1312789642
-1
Sceneryobjects\Generic\routearrow_dn_dyn.sco
1351774415
1351774415
-1
Sceneryobjects\Generic\routearrows_busstop.sco
1351774415
1351774415
-1
Sceneryobjects\GG2Signs\gg2_large_sign_with_lights.sco
1121495591
1121495591
-1
Sceneryobjects\Map E31\airround5.sco
1346996459
1346996459
-1
Sceneryobjects\Map E31\airround6.sco
1347073428
1347073428
-1
Sceneryobjects\Map E31\airround7.sco
1347101029
1347101029
-1
Sceneryobjects\Map E31\airround8.sco
1347989318
1347989318
-1
Sceneryobjects\Map E31\CLKSRound.sco
1364001092
1364001092
-1
Sceneryobjects\S1\Bus Stop\AFFCYR_LWB\1.sco
1364003369
1364003369
-1
Sceneryobjects\S1\Bus Stop\Shelter\1.sco
1185459353
1185459353
-1
Sceneryobjects\Trees_MC\RHD_tree_large_01.sco
1312789895
1312789895
-1
Sceneryobjects\Trees_MC\RHD_tree_large_02.sco
1312789895
1312789895
-1
Sceneryobjects\Trees_MC\RHD_tree_large_03.sco
1312789895
1312789895
-1
Sceneryobjects\Trees_MC\RHD_tree_medium_06.sco
1312789895
1312789895
-1
Sceneryobjects\Trees_MC\RHD_Tree_Small_06.sco
1312789895
1312789895
-1
Splines\3dtranstudio\2spur_11m_altonaer_c_noped.sli
1198605225
-
-
Splines\3dtranstudio\invis_street.sli
999109838
-
-
Splines\3dtranstudio\invis_street_2spur.sli
1222330849
-
-
Splines\3dtranstudio\invis_street_human.sli
1061633174
-
-
Splines\3dtranstudio\pedonly_a - 4mtstrd.sli
1348665447
-
-
Splines\3dtranstudio\pedonly_a - 5mgras.sli
1348648757
-
-
Splines\3dtranstudio\pedonly_a tstrd.sli
1346658763
-
-
Splines\3dtranstudio\str_0spur_20m_gras.sli
1344760663
-
-
Splines\3dtranstudio\str_0spur_40m_hk.sli
1192832538
-
-
Splines\3dtranstudio\str_0spur_4m_hk.sli
1065025632
-
-
Splines\3dtranstudio\str_0spur_7m_gras.sli
1330907635
-
-
Splines\3dtranstudio\str_0spur_7m_hk.sli
1065008832
-
-
Splines\kelvin1324\fence1_grey.sli
1348739488
-
-
Splines\M3_Spline\line_GV.sli
1177328550
-
-
Splines\Map E31\CLKSA.sli
1364034845
-
-
Sceneryobjects\Generic\bus_stop.sco
1351774414
1351774414
-1
