Sceneryobjects\Busstops_HK\people_standing_narrow.sco
1067410857
1067410857
-1
Sceneryobjects\CDLX\KMB\Helper2x2.sco
1351837291
1351837291
-1
Sceneryobjects\CDLX\KMB\NewLollipop2x2LWBFull.sco
1351837291
1351837291
-1
Sceneryobjects\Generic\bus_stop.sco
1196580392
1196580392
-1
Sceneryobjects\Generic\routearrow_L_dyn.sco
1196580392
1196580392
-1
Sceneryobjects\HKBTS_Bus_stop\CTB Bus stop.sco
1353686658
1353686658
-1
Sceneryobjects\Map E31\Lltpbs.sco
1418303283
1418303283
-1
Sceneryobjects\Streetobjects_RUE\neonlight_2L_bend_L.sco
1196580403
1196580403
-1
Sceneryobjects\Trees_MC\RHD_tree_large_01.sco
1097248121
1097248121
-1
Sceneryobjects\Trees_MC\RHD_tree_large_02.sco
1097248121
1097248121
-1
Splines\3dtranstudio\hkstreet\str_0spur_7m_hk.sli
1064976090
-
-
Splines\3dtranstudio\invis_street.sli
999109838
-
-
Splines\3dtranstudio\str_0spur_20m_hk.sli
1192832509
-
-
Splines\3dtranstudio\str_0spur_2m_hk.sli
1065008832
-
-
Splines\3dtranstudio\str_0spur_40m_hk.sli
1192832538
-
-
Splines\3dtranstudio\str_0spur_4m_hk.sli
1065025632
-
-
Splines\CDLX\Misc\KeepClearArrow.sli
1286471801
-
-
Splines\CDLX\Misc\KeepClearLine.sli
1286480113
-
-
Splines\CDLX\Misc\whiteline_asphalt_patch_narrow.sli
1368620166
-
-
Splines\kelvin1324\0lane_path-ped5_4m_AI_NoYellowLine.sli
1351837344
-
-
Splines\kelvin1324\0lane_path-ped5_6m_AI_NoYellowLine.sli
1351837344
-
-
Splines\kelvin1324\2lanes_dro1r_nopath.sli
1351837345
-
-
Splines\kelvin1324\2lanes_dro2r_8m.sli
1351837345
-
-
Splines\kelvin1324\line_brokenline_singleline.sli
1351837346
-
-
Splines\kelvin1324\line_brokensingleline.sli
1351837346
-
-
Splines\kelvin1324\line_brokensingleline_cluster.sli
1351837346
-
-
Splines\kelvin1324\line_brokensingleline_short.sli
1351837346
-
-
Splines\M3_Spline\line_GV.sli
1177328550
-
-
Splines\M3_Spline\line_white.sli
1177328550
-
-
Splines\Map E31\1way_1line_highway_a_noright_NLH.sli
1365801371
-
-
Splines\Map E31\1way_3line_highway_a_NLH.sli
1365803348
-
-
Splines\Map E31\3line_1way_NLH.sli
1134104275
-
-
Splines\Map E31\3line_1way_NLH_g.sli
1418022359
-
-
Splines\Map E31\highway_a - air_NLH.sli
1365801872
-
-
Splines\Map E31\highway_amid_NLH.sli
1365802393
-
-
Splines\taxidriverhk\0lane_pedonly_concrete_nocurb.sli
1143107296
-
-
Splines\taxidriverhk\1lane_roadonly_4mwide.sli
1095707059
-
-
Splines\taxidriverhk_nopaths\0lane_pedonly_concrete.sli
1122450006
-
-
Splines\taxidriverhk_nopaths\0lane_pedonly_concrete_narrow.sli
1126528552
-
-
Splines\taxidriverhk_nopaths\0lane_pedonly_concrete_narrow_nocurb.sli
1126529296
-
-
Splines\taxidriverhk_nopaths\0lane_waterbarrier.sli
1194272548
-
-
Sceneryobjects\taxidriverhk_hkwk_lite\chatham_crash_barrier_pole.sco
1291264289
1291264289
-1
Splines\kelvin1324\fence4_grey.sli
1351837345
-
-
Splines\kelvin1324\line_plaind2r_cross_d2.sli
1351837346
-
-
Splines\Map E31\fencelltp.sli
1418357111
-
-
Splines\taxidriverhk_nopaths\0lane_crash_barrier.sli
1194157250
-
-
