Sceneryobjects\3dtranstudio\bridge_pier.sco
1056420289
1056420289
-1
Sceneryobjects\3dtranstudio\noisebarrier2.sco
1056420260
1056420260
-1
Sceneryobjects\49x\CheungOn-Block67_.sco
1250788809
1250788809
-1
Sceneryobjects\49x\CheungOn-BusTerminus_.sco
1250788814
1250788814
-1
Sceneryobjects\49x\ChingWangCourt_.sco
1250788803
1250788803
-1
Sceneryobjects\49x\EasefulCourt_.sco
1250788805
1250788805
-1
Sceneryobjects\49x\TamKonShanInterchange_.sco
1250724237
1250724237
-1
Sceneryobjects\49x\TamKonShanInterchange-hill_.sco
1250724234
1250724234
-1
Sceneryobjects\CDLX\KMB\NewLollipop2x2LWBFull.sco
1351837291
1351837291
-1
Sceneryobjects\Generic\entrypoint_bus.sco
1196580385
1196580385
-1
Sceneryobjects\Generic\routearrow_dn_dyn.sco
1196580396
1196580396
-1
Sceneryobjects\Generic\routearrow_L_dyn.sco
1196580392
1196580392
-1
Sceneryobjects\H-Studio Object\Barrier_grey_.sco
1080526992
1080526992
-1
Sceneryobjects\Map E31\COE.sco
1331001562
1331001562
-1
Sceneryobjects\Map E31\tybridge.sco
1353997018
1353997018
-1
Sceneryobjects\Streetobjects_RUE\neonlight_2L_bend_L.sco
1196580403
1196580403
-1
Sceneryobjects\Streetobjects_RUE\neonlight_L_bend_L.sco
1196580403
1196580403
-1
Sceneryobjects\taxidriverhk_hkwk_lite\chatham_crash_barrier_pole.sco
1291264289
1291264289
-1
Sceneryobjects\Trees_MC\RHD_tree_large_01.sco
1097248121
1097248121
-1
Sceneryobjects\Trees_MC\RHD_tree_large_02.sco
1097248121
1097248121
-1
Sceneryobjects\Trees_MC\RHD_tree_large_03.sco
1097248121
1097248121
-1
Sceneryobjects\Trees_MC\RHD_tree_medium_06.sco
1097248121
1097248121
-1
Sceneryobjects\Trees_MC\tree_large_06.sco
1196580429
1196580429
-1
Splines\3dtranstudio\0lane_pedonly_gras_narrow.sli
1354150533
-
-
Splines\3dtranstudio\2line_1way _leftped.sli
1192905569
-
-
Splines\3dtranstudio\2line_1way.sli
1132015050
-
-
Splines\3dtranstudio\2way_2x2line_b_noped.sli
1133908325
-
-
Splines\3dtranstudio\2way_2x2line_c_noped.sli
1196247872
-
-
Splines\3dtranstudio\3line_1way.sli
1134104275
-
-
Splines\3dtranstudio\half_8m_altonaer_b.sli
1197092677
-
-
Splines\3dtranstudio\invis_street.sli
999109838
-
-
Splines\3dtranstudio\pedonly_a - gras.sli
1354063342
-
-
Splines\3dtranstudio\pedonly_a.sli
1133908595
-
-
Splines\3dtranstudio\str_0spur_20m_hk.sli
1192832509
-
-
Splines\3dtranstudio\str_0spur_4m_hk.sli
1065025632
-
-
Splines\3dtranstudio\str_0spur_4m_hkped.sli
1148564591
-
-
Splines\3dtranstudio\str_0spur_7m_hk.sli
1065008832
-
-
Splines\3dtranstudio\str_0spur_7m_tstrd.sli
1350524171
-
-
Splines\CDLX\Misc\KeepClearLine.sli
1286480113
-
-
Splines\CDLX\Misc\KeepClearLineR.sli
1286480231
-
-
Splines\CDLX\Misc\whiteline.sli
1286433570
-
-
Splines\CDLX\Misc\whiteline_asphalt_patch.sli
1287285058
-
-
Splines\CDLX\Misc\whiteline_asphalt_patch_narrow.sli
1368620166
-
-
Splines\kelvin1324\0lane_barrier2_slope.sli
1351837344
-
-
Splines\kelvin1324\0lane_barrier2_slope_2.5m.sli
1351837344
-
-
Splines\kelvin1324\0lane_barrier2_slope_3.5m.sli
1351837344
-
-
Splines\kelvin1324\fence1_grey.sli
1351837345
-
-
Splines\kelvin1324\fence2_grey.sli
1351837345
-
-
Splines\kelvin1324\line_doubleline.sli
1351837346
-
-
Splines\M3_Spline\line_GV.sli
1177328550
-
-
Splines\M3_Spline\line_road.sli
1177328550
-
-
Splines\M3_Spline\line_white.sli
1177328550
-
-
Splines\Map E31\kfebartw.sli
1380823571
-
-
Splines\Map E31\tybara.sli
1386576904
-
-
Splines\taxidriverhk\0lane_pedonly_concrete_narrow.sli
1126481448
-
-
Splines\taxidriverhk\0lane_pedonly_concrete_nocurb.sli
1143107296
-
-
Splines\taxidriverhk\0lane_pedonly_narrow.sli
1133519101
-
-
Splines\taxidriverhk\1lane_roadonly_4mwide.sli
1095707059
-
-
Splines\taxidriverhk_nopaths\0lane_1mwide_white.sli
1353953925
-
-
Splines\taxidriverhk_nopaths\0lane_barbedwire.sli
1183916154
-
-
Splines\taxidriverhk_nopaths\0lane_barriercover.sli
1095333097
-
-
Splines\taxidriverhk_nopaths\0lane_barriercover_1.4m.sli
1358654167
-
-
Splines\taxidriverhk_nopaths\0lane_barriercover_narrow.sli
1133740711
-
-
Splines\taxidriverhk_nopaths\0lane_crash_barrier.sli
1194157250
-
-
Splines\taxidriverhk_nopaths\0lane_doublewhiteline.sli
1200840106
-
-
Splines\taxidriverhk_nopaths\0lane_pedonly_concrete_nocurb.sli
1143154397
-
-
Splines\taxidriverhk_nopaths\0lane_pedonly_narrow_nocurb.sli
1358174330
-
-
Splines\taxidriverhk_nopaths\0lane_pedonly_nocurb.sli
1126843386
-
-
Splines\taxidriverhk_nopaths\0lane_tsuiyu_barrier.sli
1182428549
-
-
