Sceneryobjects\3dtranstudio\bridge_pier.sco
1056420289
1056420289
-1
Sceneryobjects\taxidriverhk_hkwk_lite\chatham_crash_barrier_pole.sco
1291264289
1291264289
-1
Sceneryobjects\Trees_MC\RHD_tree_large_01.sco
1097248121
1097248121
-1
Sceneryobjects\Trees_MC\RHD_tree_large_02.sco
1097248121
1097248121
-1
Sceneryobjects\Trees_MC\tree_large_06.sco
1196580429
1196580429
-1
Splines\3dtranstudio\0lane_pedonly_gras_narrow.sli
1354150533
-
-
Splines\3dtranstudio\invis_street.sli
999109838
-
-
Splines\3dtranstudio\str_0spur_4m_hk.sli
1065025632
-
-
Splines\CDLX\Misc\bolHigh_rail.sli
1286472883
-
-
Splines\CDLX\Misc\KeepClearArrow_half.sli
1286471799
-
-
Splines\CDLX\Misc\whiteline_asphalt_patch.sli
1287285058
-
-
Splines\CDLX\TsuenWanRd\TsuenWanRd_HoiKwaiRd.sli
1286478280
-
-
Splines\CDLX\TsuenWanRd\TsuenWanRd_TaiChungRd.sli
1288523176
-
-
Splines\CDLX\TsuenWanRd\TsuenWanRd_TaiChungRdEnt_EB_1.sli
1286473208
-
-
Splines\CDLX\TsuenWanRd\TsuenWanRd_TaiChungRdEnt_EB_2.sli
1287285074
-
-
Splines\taxidriverhk_nopaths\0lane_crash_barrier.sli
1194157250
-
-
