Sceneryobjects\3dtranstudio\hkstreet\ground_busstop1.sco
1312789596
1312789596
-1
Sceneryobjects\3dtranstudio\hkstreet\ground_busstop5.sco
1312789596
1312789596
-1
Sceneryobjects\Busstops_HK\Bus_hut_metal_4_noplate.sco
1351811224
1351811224
-1
Sceneryobjects\Busstops_HK\Bus_hut_metal_5_noplate.sco
1351811224
1351811224
-1
Sceneryobjects\Busstops_HK\people_standing_narrow.sco
1351811226
1351811226
-1
Sceneryobjects\CDLX\KMB\Helper2x2.sco
1351811258
1351811258
-1
Sceneryobjects\CDLX\KMB\NewLollipop2x2LWBFull.sco
1351811259
1351811259
-1
Sceneryobjects\Generic\bus_stop.sco
1351774414
1351774414
-1
Sceneryobjects\Generic\people_standing_small.sco
1351774415
1351774415
-1
Sceneryobjects\Generic\routearrow_dn_dyn.sco
1351774415
1351774415
-1
Sceneryobjects\Generic\routearrow_L_dyn.sco
1351774415
1351774415
-1
Sceneryobjects\Generic\routearrow_R_dyn.sco
1351774415
1351774415
-1
Sceneryobjects\M3 Traffic Light AI\4Av_1_Car1.sco
1177328359
1177328359
-1
Sceneryobjects\M3 Traffic Light AI\4Av_1_Car2.sco
1177328359
1177328359
-1
Sceneryobjects\M3 Traffic Light AI\4Av_1_Car3.sco
1177328359
1177328359
-1
Sceneryobjects\M3 Traffic Light AI\4Av_1_Car4.sco
1177328359
1177328359
-1
Sceneryobjects\Map E31\Mtbara.sco
1378843819
1378843819
-1
Sceneryobjects\Map E31\mtwall1.sco
1331002945
1331002945
-1
Sceneryobjects\Map E31\mtwall2.sco
1331002957
1331002957
-1
Sceneryobjects\Map E31\nlbbs.sco
1352165752
1352165752
-1
Sceneryobjects\Map E31\Nlhf.sco
1386510127
1386510127
-1
Sceneryobjects\S1\Bus Stop\CTB S52 S52P\1.sco
1347185409
1347185409
-1
Sceneryobjects\Streetobjects_RUE\neonlight_2L_bend_L.sco
1351811284
1351811284
-1
Sceneryobjects\Streetobjects_RUE\neonlight_L_bend_L.sco
1351811284
1351811284
-1
Sceneryobjects\Streetobjects_RUE\single_pole.sco
1351811284
1351811284
-1
Sceneryobjects\taxidriverhk_hkwk_lite\chatham_crash_barrier_pole.sco
1291264289
1291264289
-1
Sceneryobjects\Traffic_Light_HK_FF3170\Teletech_car_large.sco
1351811286
1351811286
-1
Sceneryobjects\Trees_MC\RHD_tree_large_01.sco
1312789895
1312789895
-1
Sceneryobjects\Trees_MC\RHD_tree_large_02.sco
1312789895
1312789895
-1
Sceneryobjects\Trees_MC\RHD_tree_large_03.sco
1312789895
1312789895
-1
Sceneryobjects\Trees_MC\RHD_tree_medium_06.sco
1312789895
1312789895
-1
Sceneryobjects\Trees_MC\RHD_Tree_Small_06.sco
1312789895
1312789895
-1
Sceneryobjects\Trees_MC\RHD_Tree_Small_07.sco
1312789895
1312789895
-1
Splines\3dtranstudio\2line_1way.sli
1132015050
-
-
Splines\3dtranstudio\invis_street.sli
999109838
-
-
Splines\3dtranstudio\invis_street_2spur.sli
1222330849
-
-
Splines\3dtranstudio\invis_street_human.sli
1061633174
-
-
Splines\3dtranstudio\str_0spur_20m_gras.sli
1344760663
-
-
Splines\3dtranstudio\str_0spur_4m_gras.sli
1331858713
-
-
Splines\3dtranstudio\str_0spur_7m_gras.sli
1330907635
-
-
Splines\kelvin1324\0lane_barrier2_slope_1.8m.sli
1348739485
-
-
Splines\kelvin1324\0lane_barrier2_slope_3.5m.sli
1348739485
-
-
Splines\kelvin1324\fence1_grey.sli
1348739488
-
-
Splines\kelvin1324\fence2_grey.sli
1348739488
-
-
Splines\kelvin1324\fence4_grey.sli
1348739488
-
-
Splines\M3_Spline\line_GV.sli
1177328550
-
-
Splines\taxidriverhk\0lane_pedonly_concrete_narrow.sli
1126481448
-
-
Splines\taxidriverhk\0lane_splineforbarrier.sli
1090226248
-
-
Splines\taxidriverhk\1lane_pedonly_concrete.sli
1095543106
-
-
Splines\taxidriverhk_nopaths\0lane_barrierfortonkin.sli
1095330490
-
-
Splines\taxidriverhk_nopaths\0lane_crash_barrier.sli
1194157250
-
-
Splines\taxidriverhk_nopaths\0lane_pedonly_concrete_narrow_nocurb.sli
1126529296
-
-
Splines\taxidriverhk_nopaths\0lane_pedonly_concrete_nocurb.sli
1143154397
-
-
Splines\taxidriverhk_nopaths\0lane_pedonly_concrete_nocurb_wide.sli
1251169457
-
-
