Sceneryobjects\Generic\routearrow_dn_dyn.sco
1351774415
1351774415
-1
Sceneryobjects\Map E31\nlhy.sco
1331129715
1331129715
-1
Sceneryobjects\Streetobjects_RUE\neonlight_2L_bend_L.sco
1351811284
1351811284
-1
Sceneryobjects\Streetobjects_RUE\neonlight_L_bend_L.sco
1351811284
1351811284
-1
Sceneryobjects\Trees_MC\RHD_tree_large_01.sco
1312789895
1312789895
-1
Sceneryobjects\Trees_MC\RHD_tree_large_02.sco
1312789895
1312789895
-1
Splines\3dtranstudio\str_0spur_2m_hk.sli
1065008832
-
-
Splines\3dtranstudio\str_0spur_4m_hk.sli
1065025632
-
-
Splines\3dtranstudio\str_0spur_7m_hk.sli
1065008832
-
-
Splines\gg_LHT\hillwall03.sli
1099479638
-
-
Splines\GUHP Workshop\Lstreets\Rail\railx2_ks.sli
1331592214
-
-
Splines\kelvin1324\1lanes_dro_s1s_6m.sli
1348739488
-
-
Splines\kelvin1324\line_brokensingleline_short.sli
1348739488
-
-
Splines\M3_Spline\line_GV.sli
1177328550
-
-
Splines\M3_Spline\line_white.sli
1177328550
-
-
Splines\Map E31\1way_1line_highway_a_NLH.sli
1367182986
-
-
Splines\Map E31\1way_1line_highway_a_noright_NLH.sli
1365801371
-
-
Splines\Map E31\2way_2x3line_a_noped_NLH.sli
1365804183
-
-
Splines\Map E31\2way_2x3line_highway_a_NLH.sli
1365809818
-
-
Splines\Map E31\highway_acon_NLH.sli
1365805789
-
-
Splines\taxidriverhk\2lanes_8mwide.sli
1115198293
-
-
