Sceneryobjects\296a\trainpower.sco
1183143275
1183143275
-1
Sceneryobjects\3dtranstudio\bridge_pier.sco
1056467393
1056467393
-1
Sceneryobjects\gg_LHT\container02b.sco
1100528841
1100528841
-1
Sceneryobjects\gg_LHT\container02c.sco
1100528844
1100528844
-1
Sceneryobjects\kelvin1324_Buildings\fs_NF191_bridge_pillar_.sco
1351811319
1351811319
-1
Sceneryobjects\taxidriverhk_hkwk_lite\gascoigne_gascoignebridge_railing_end.sco
1291264289
1291264289
-1
Sceneryobjects\taxidriverhk_hkwk_lite\gascoigne_gascoignebridge_railing_pole.sco
1291264289
1291264289
-1
Sceneryobjects\Trees_MC\RHD_tree_large_03.sco
1097248121
1097248121
-1
Sceneryobjects\Trees_MC\shrubbery_01_05.sco
1181629421
1181629421
-1
Splines\296a\train_bridge.sli
1183142279
-
-
Splines\3dtranstudio\3dtranstudio\str_0spur_4m_hk.sli
1065025632
-
-
Splines\3dtranstudio\pedonly_a - 4mtstrd.sli
1348665447
-
-
Splines\3dtranstudio\str_0spur_20m_hk.sli
1353727366
-
-
Splines\CDLX\Misc\KeepClearArrow.sli
1286471801
-
-
Splines\CDLX\Misc\KeepClearLine.sli
1286480113
-
-
Splines\CDLX\Misc\whiteline.sli
1286433570
-
-
Splines\CDLX\Misc\whiteline_asphalt_patch_narrow.sli
1368620166
-
-
Splines\HKBTS_Spline\KwaiChungRd_StartatKwaiFong\KwaiChungRd_2Lines1Way_0.5whitelineshortdotwhitline0.5.sli
1329830640
-
-
Splines\HKBTS_Spline\KwaiChungRd_StartatKwaiFong\KwaiChungRd_4Lines2Ways_Dotlongwhitlinecone00.sli
1329727824
-
-
Splines\HKBTS_Spline\KwaiChungRd_StartatKwaiFong\KwaiChungRd_StartatKwaiFong\whiteline_1Line1Way_whiteline.sli
1328063160
-
-
Splines\HKBTS_Spline\KwaiChungRd_StartatKwaiFong\KwaiChungRd_StartatKwaiFong\whiteline_1Line1Way_whiteline_Bridge.sli
1328065796
-
-
Splines\HKBTS_Spline\TsingKwaiHighway\KwaiTsingRd_1Line1way_WHL_coneonly.sli
1345500913
-
-
Splines\HKBTS_Spline\TsingKwaiHighway\TsingKwaiHighway\TsuenWanRd_3Lines1Way_w10Dotlong_cone.sli
1330164951
-
-
Splines\HKBTS_Spline\TsingKwaiHighway\TsingKwaiHighway_2mcon0000cone_bridge.sli
1330482530
-
-
Splines\HKBTS_Spline\TsingKwaiHighway\TsuenWanRd_1Lines1Way_as.sli
1330165802
-
-
Splines\HKBTS_Spline\TsingKwaiHighway\TsuenWanRd_1Lines1Way_whitelineas.sli
1330165498
-
-
Splines\HKBTS_Spline\TsuenWanRd_3Lines1Way_whiteline11Dotlong_cone.sli
1329705035
-
-
Splines\HKBTS_Spline\TsuenWanRd_4Lines1Way_whiteline11Dotlong_cone.sli
1329704729
-
-
Splines\kelvin1324\4lanes_dro2r.sli
1358084235
-
-
Splines\kelvin1324\line_brokensingleline.sli
1358084237
-
-
Splines\kelvin1324\line_singleline_brokenline.sli
1358084237
-
-
Splines\Map E31\twrcbridge.sli
1464752953
-
-
Splines\taxidriverhk\0lane_pedonly_concrete_narrow.sli
1353727447
-
-
Splines\taxidriverhk\1lane_chathamroad_flyover.sli
1353727447
-
-
Splines\taxidriverhk\1lane_roadonly_4mwide.sli
1353727447
-
-
Splines\taxidriverhk\2lanes_chathamroad_flyover_oneway.sli
1353727447
-
-
Splines\taxidriverhk_nopaths\0lane_barbedwire - lk.sli
1464817197
-
-
Splines\taxidriverhk_nopaths\0lane_chathamflyover_curbonly.sli
1353727451
-
-
Sceneryobjects\Generic\routearrow_dn.sco
1210215877
1210215877
-1
Splines\3dtranstudio\str_0spur_4m_hk.sli
1353727366
-
-
Splines\HKBTS_Spline\KwaiChungRd_StartatKwaiFong\whiteline_1Line1Way_whiteline.sli
1328063160
-
-
Splines\HKBTS_Spline\KwaiChungRd_StartatKwaiFong\whiteline_1Line1Way_whiteline_Bridge.sli
1328065796
-
-
