Sceneryobjects\kelvin1324_Misc\bollard_HK_1_NoArrow_.sco
1351811377
1351811377
-1
Sceneryobjects\Map E31\nb.sco
1331199066
1331199066
-1
Sceneryobjects\SS_HKTrafficSign\RHD_SS_Pole_Grey.sco
1051658064
1051658064
-1
Sceneryobjects\SS_HKTrafficSign\RHD_SS_Sign_Spd70.sco
1345259705
1345259705
-1
Sceneryobjects\SS_HKTrafficSign\SS_Pole_Grey.sco
1051658064
1051658064
-1
Sceneryobjects\SS_HKTrafficSign\SS_Sign_Spd50 (2).sco
1345259694
1345259694
-1
Sceneryobjects\Streetobjects_RUE\sodiumlight_2L_break_L.sco
1031241799
1031241799
-1
Sceneryobjects\Trees_MC\RHD_shrubbery_01_10.sco
1097248121
1097248121
-1
Sceneryobjects\UKDT\iomex\Flora 3\Basswood Tree 1.sco
1280485216
1280485216
-1
Splines\CDLX\Misc\KeepClearArrow.sli
1286471801
-
-
Splines\CDLX\Misc\whiteline_asphalt_patch_narrow.sli
1368620166
-
-
Splines\HKBTS_Spline\ChingCheungRd\ChingCheungRd_2Lines1Way_whi_long00_cone_bababa.sli
1349820970
-
-
Splines\HKBTS_Spline\ChingCheungRd\ChingCheungRd_3Lines1Way_whi_000_cone.sli
1353997680
-
-
Splines\kelvin1324\0lane_path_4m_AI_NoYellowLine.sli
1512881398
-
-
Splines\SaiKung\str_1spur_5m_bridge_rail_Anoai.sli
1179497810
-
-
Splines\TaiPoProject_Highway\Line_str_DoubleWhiteLine.sli
1358102678
-
-
Splines\taxidriverhk\1lane_roadonly.sli
1353727447
-
-
Splines\taxidriverhk\1lane_salisburyroad_flyover.sli
1353727447
-
-
Splines\taxidriverhk_nopaths\0lane_bridgewallwing.sli
1353727451
-
-
Splines\taxidriverhk_nopaths\0lane_crash_barrier.sli
1353727451
-
-
Splines\taxidriverhk_nopaths\0lane_gascoigneflyover_curbonly.sli
1353727451
-
-
Splines\taxidriverhk_nopaths\0lane_pedonly_concrete_narrow.sli
1353727451
-
-
Splines\taxidriverhk_nopaths\0lane_retainingwall_4.sli
1353727451
-
-
Splines\taxidriverhk_nopaths\0lane_road_7mwide.sli
1353727451
-
-
Sceneryobjects\Generic\routearrow_dn.sco
1210215877
1210215877
-1
