Sceneryobjects\3dtranstudio\hkstreet\ground_busstop1.sco
1063459043
1063459043
-1
Sceneryobjects\3dtranstudio\hkstreet\ground_left.sco
1063426176
1063426176
-1
Sceneryobjects\3dtranstudio\hkstreet\ground_right.sco
1063426185
1063426185
-1
Sceneryobjects\3dtranstudio\hkstreet\ground_slow.sco
1063426120
1063426120
-1
Sceneryobjects\3dtranstudio\safe.sco
1053208753
1053208753
-1
Sceneryobjects\Busstops_HK\people_standing_narrow.sco
1067410857
1067410857
-1
Sceneryobjects\Generic\bus_stop.sco
1196580392
1196580392
-1
Sceneryobjects\Generic\entrypoint_bus.sco
1196580385
1196580385
-1
Sceneryobjects\Generic\routearrow_dn.sco
1196580385
1196580385
-1
Sceneryobjects\Generic\routearrow_L.sco
1196580396
1196580396
-1
Sceneryobjects\Generic\routearrows_busstop.sco
1196580396
1196580396
-1
Sceneryobjects\Generic\routearrows_deadend.sco
1196580396
1196580396
-1
Sceneryobjects\SS_HKTrafficSign\SS_Pole_Green.sco
1051658049
1051658049
-1
Sceneryobjects\SS_HKTrafficSign\SS_Pole_Grey.sco
1051658064
1051658064
-1
Sceneryobjects\SS_HKTrafficSign\SS_Pole_Yellow.sco
1051658063
1051658063
-1
Sceneryobjects\SS_HKTrafficSign\SS_Sign_AllVehProh.sco
1053070999
1053070999
-1
Sceneryobjects\SS_HKTrafficSign\SS_Sign_GiveWay.sco
1053072933
1053072933
-1
Sceneryobjects\SS_HKTrafficSign\SS_Sign_L_ExceptFranBuses.sco
1063680521
1063680521
-1
Sceneryobjects\SS_HKTrafficSign\SS_Sign_N_NoStop24.sco
1053073489
1053073489
-1
Sceneryobjects\SS_HKTrafficSign\SS_Sign_N_NoStop77C.sco
1053073520
1053073520
-1
Sceneryobjects\SS_HKTrafficSign\SS_Sign_N_NoStop81057.sco
1053073581
1053073581
-1
Sceneryobjects\SS_HKTrafficSign\SS_Sign_NoEntry.sco
1053073669
1053073669
-1
Sceneryobjects\SS_HKTrafficSign\SS_Sign_NoLeftTurn.sco
1053073606
1053073606
-1
Sceneryobjects\SS_HKTrafficSign\SS_Sign_NoRightTurn.sco
1053073650
1053073650
-1
Sceneryobjects\SS_HKTrafficSign\SS_Sign_NoUTurns.sco
1053073851
1053073851
-1
Sceneryobjects\SS_HKTrafficSign\SS_Sign_PedAhead.sco
1053073873
1053073873
-1
Sceneryobjects\SS_HKTrafficSign\SS_Sign_PedCrossingAhead.sco
1053073876
1053073876
-1
Sceneryobjects\SS_HKTrafficSign\SS_Sign_SilentZone.sco
1053074122
1053074122
-1
Sceneryobjects\SS_HKTrafficSign\SS_Sign_Stop.sco
1053074424
1053074424
-1
Sceneryobjects\SS_HKTrafficSign\SS_Sign_TurnRight.sco
1053074423
1053074423
-1
Sceneryobjects\SS_HKTrafficSign\SS_Sign_TwoWayCrossAhead.sco
1053074522
1053074522
-1
Sceneryobjects\Streetobjects_RUE\sodiumlight_2L_break_L.sco
1196580395
1196580395
-1
Sceneryobjects\Streetobjects_RUE\sodiumlight_L_break_L.sco
1196580395
1196580395
-1
Sceneryobjects\taxidriverhk_hkwk_lite\busstop_newplate.sco
1291262927
1291262927
-1
Sceneryobjects\taxidriverhk_hkwk_lite\chatham_crash_barrier_pole.sco
1291264289
1291264289
-1
Sceneryobjects\taxidriverhk_hkwk_lite\fence_1.sco
1226588946
1226588946
-1
Sceneryobjects\taxidriverhk_hkwk_lite\fence_2.sco
1226589147
1226589147
-1
Sceneryobjects\taxidriverhk_hkwk_lite\gascoigne_gascoignebridge_elasticpole.sco
1291264301
1291264301
-1
Sceneryobjects\taxidriverhk_hkwk_lite\hunghom_hunghom-and-takman.sco
1291264178
1291264178
-1
Sceneryobjects\taxidriverhk_hkwk_lite\pedcrossing_pole.sco
1291016777
1291016777
-1
Sceneryobjects\taxidriverhk_hkwk_lite\safe.sco
1291016789
1291016789
-1
Sceneryobjects\taxidriverhk_hkwk_lite\signage_takon_1.sco
1291264439
1291264439
-1
Sceneryobjects\taxidriverhk_hkwk_lite\surfacemark_brokenlineforgiveway.sco
1291016917
1291016917
-1
Sceneryobjects\taxidriverhk_hkwk_lite\surfacemark_doublelineforstop.sco
1291016916
1291016916
-1
Sceneryobjects\taxidriverhk_hkwk_lite\surfacemark_giveway_small.sco
1291016920
1291016920
-1
Sceneryobjects\taxidriverhk_hkwk_lite\surfacemark_merge_left.sco
1291016902
1291016902
-1
Sceneryobjects\taxidriverhk_hkwk_lite\surfacemark_stop.sco
1291016919
1291016919
-1
Sceneryobjects\taxidriverhk_hkwk_lite\whampoa_fence.sco
1291264289
1291264289
-1
Sceneryobjects\taxidriverhk_hkwk_lite\whampoa_lightpole_1.sco
1291264301
1291264301
-1
Sceneryobjects\taxidriverhk_hkwk_lite\whampoa_lightpole_1_mirrored.sco
1291264301
1291264301
-1
Sceneryobjects\taxidriverhk_hkwk_lite\whampoa_lightpole_2.sco
1291264301
1291264301
-1
Sceneryobjects\taxidriverhk_hkwk_lite\whampoa_lightpole_2_mirrored.sco
1291264301
1291264301
-1
Sceneryobjects\taxidriverhk_hkwk_lite\whampoa_lightpole_3.sco
1291264301
1291264301
-1
Sceneryobjects\taxidriverhk_hkwk_lite\whampoa_lightpole_3_mirrored.sco
1291264301
1291264301
-1
Sceneryobjects\taxidriverhk_hkwk_lite\whampoa_lightpole_4.sco
1291264301
1291264301
-1
Sceneryobjects\taxidriverhk_hkwk_lite\whampoa_lightpole_4_mirrored.sco
1291264301
1291264301
-1
Sceneryobjects\taxidriverhk_hkwk_lite\whampoa_lightpole_5.sco
1291264301
1291264301
-1
Sceneryobjects\taxidriverhk_hkwk_lite\whampoa_lightpole_5_mirrored.sco
1291264301
1291264301
-1
Sceneryobjects\taxidriverhk_hkwk_lite\whampoa_lightpole_6.sco
1291264301
1291264301
-1
Sceneryobjects\taxidriverhk_hkwk_lite\whampoa_lightpole_6_mirrored.sco
1291264301
1291264301
-1
Sceneryobjects\taxidriverhk_hkwk_lite\whampoa_lightpole_7.sco
1291264301
1291264301
-1
Sceneryobjects\taxidriverhk_hkwk_lite\whampoa_lightpole_7_mirrored.sco
1291264301
1291264301
-1
Sceneryobjects\taxidriverhk_hkwk_lite\whampoa_mtr_1.sco
1291264289
1291264289
-1
Sceneryobjects\taxidriverhk_hkwk_lite\whampoa_mtr_2.sco
1291264289
1291264289
-1
Sceneryobjects\taxidriverhk_hkwk_lite\whampoa_mtr_3.sco
1291264289
1291264289
-1
Sceneryobjects\taxidriverhk_hkwk_lite\whampoa_palm_tree.sco
1291264289
1291264289
-1
Sceneryobjects\taxidriverhk_hkwk_lite\whampoa_pole.sco
1291264289
1291264289
-1
Sceneryobjects\taxidriverhk_hkwk_lite\whampoa_roadside_pole.sco
1291264301
1291264301
-1
Sceneryobjects\taxidriverhk_hkwk_lite\whampoa_site1.sco
1291264079
1291264079
-1
Sceneryobjects\taxidriverhk_hkwk_lite\whampoa_site11.sco
1291264079
1291264079
-1
Sceneryobjects\taxidriverhk_hkwk_lite\whampoa_site11_block.sco
1291264079
1291264079
-1
Sceneryobjects\taxidriverhk_hkwk_lite\whampoa_site12_block.sco
1291264079
1291264079
-1
Sceneryobjects\taxidriverhk_hkwk_lite\whampoa_site2.sco
1291264079
1291264079
-1
Sceneryobjects\taxidriverhk_hkwk_lite\whampoa_site4_block.sco
1291264079
1291264079
-1
Sceneryobjects\taxidriverhk_hkwk_lite\whampoa_site5.sco
1291264079
1291264079
-1
Sceneryobjects\taxidriverhk_hkwk_lite\whampoa_site5_block.sco
1291264079
1291264079
-1
Sceneryobjects\taxidriverhk_hkwk_lite\whampoa_site6.sco
1291264079
1291264079
-1
Sceneryobjects\taxidriverhk_hkwk_lite\whampoa_site8.sco
1291264079
1291264079
-1
Sceneryobjects\taxidriverhk_hkwk_lite\whampoa_skh.sco
1291264079
1291264079
-1
Sceneryobjects\taxidriverhk_hkwk_lite\whampoa_takhong-and-shungking.sco
1291264178
1291264178
-1
Sceneryobjects\taxidriverhk_hkwk_lite\whampoa_takon-and-shungking.sco
1291264178
1291264178
-1
Sceneryobjects\taxidriverhk_hkwk_lite\whampoa_whampoa-garden-bus-terminus.sco
1291264178
1291264178
-1
Sceneryobjects\Traffic_Light_HK_FF3170\Philips_car_standard_board.sco
1151230789
1151230789
-1
Sceneryobjects\Traffic_Light_HK_FF3170\Teletech_car_standard.sco
1162295706
1162295706
-1
Sceneryobjects\Traffic_Light_HK_FF3170\Teletech_car_standard_LM.sco
1162295709
1162295709
-1
Sceneryobjects\Traffic_Light_HK_FF3170\Teletech_P_LM.sco
1165112042
1165112042
-1
Sceneryobjects\Traffic_Light_HK_FF3170\Teletech_P_RM.sco
1165112052
1165112052
-1
Sceneryobjects\Trees_MC\shrubbery_01_10.sco
1196580395
1196580395
-1
Sceneryobjects\Trees_MC\shrubbery_04_20.sco
1196580397
1196580397
-1
Sceneryobjects\Trees_MC\tree_medium_05.sco
1196580407
1196580407
-1
Sceneryobjects\Trees_MC\tree_medium_06.sco
1196580429
1196580429
-1
Sceneryobjects\Trees_MC\Tree_Small_06.sco
1196580460
1196580460
-1
Sceneryobjects\Trees_MC\Tree_Small_07.sco
1196580407
1196580407
-1
Sceneryobjects\Verkehrszeichen_MC\Mast_Ampel_klein_1.sco
1196580402
1196580402
-1
Sceneryobjects\Verkehrszeichen_MC\VZ_surfmark_arrow_L.sco
1196580470
1196580470
-1
Sceneryobjects\Verkehrszeichen_MC\VZ_surfmark_arrow_R.sco
1196580407
1196580407
-1
Sceneryobjects\Verkehrszeichen_MC\VZ_surfmark_arrow_S.sco
1196580400
1196580400
-1
Sceneryobjects\Verkehrszeichen_MC\VZ_surfmark_arrow_SL.sco
1196580429
1196580429
-1
Sceneryobjects\Verkehrszeichen_MC\VZ_surfmark_arrow_SR.sco
1196580407
1196580407
-1
Splines\Marcel\invis_street.sli
1196580442
-
-
Splines\Marcel\str_0spur_4m.sli
1054705313
-
-
Splines\taxidriverhk\1lane_pedonly.sli
1090611022
-
-
Splines\taxidriverhk\1lane_pedonly_nocurb.sli
1126843392
-
-
Splines\taxidriverhk\2lanes_noped_verywide.sli
1095590011
-
-
Splines\taxidriverhk\2lanes_oneway_noped.sli
1090215393
-
-
Splines\taxidriverhk\2lanes_oneway_noped_verywide.sli
1093433145
-
-
Splines\taxidriverhk\2lanes_wstonebarriernoped_half.sli
1090352515
-
-
Splines\taxidriverhk_nopaths\0lane_barrierfornathan.sli
1089613101
-
-
Splines\taxidriverhk_nopaths\0lane_crash_barrier.sli
1194157250
-
-
Splines\taxidriverhk_nopaths\0lane_doubleyellowline.sli
1122646158
-
-
Splines\taxidriverhk_nopaths\0lane_pedonly.sli
1086949679
-
-
Splines\taxidriverhk_nopaths\0lane_pedonly_narrow.sli
1133549820
-
-
Splines\taxidriverhk_nopaths\0lane_pedonly_nocurb.sli
1126843386
-
-
Splines\taxidriverhk_nopaths\0lane_road_15mwide.sli
1133782256
-
-
Splines\taxidriverhk_nopaths\0lane_singlebrokenline_nonfrequent.sli
1197087091
-
-
Splines\taxidriverhk_nopaths\0lane_singlebrokenwhiteline_frequent.sli
1126528520
-
-
Splines\taxidriverhk_nopaths\0lane_singlewhiteandyellowline.sli
1186755994
-
-
Splines\taxidriverhk_nopaths\0lane_singleyellowline.sli
1122646105
-
-
Splines\taxidriverhk_nopaths\0lane_singleyellowline_whampoa.sli
1200840826
-
-
Splines\taxidriverhk_nopaths\0lane_splineforbarrier.sli
1090273352
-
-
Sceneryobjects\CDLX\KMB\NewLollipop2x2NoBase.sco
1351837291
1351837291
-1
