Sceneryobjects\SS_HKTrafficSign\SS_Pole_Grey.sco
1051658064
1051658064
-1
Sceneryobjects\SS_HKTrafficSign\SS_Sign_DualWayEnd.sco
1053072872
1053072872
-1
Sceneryobjects\taxidriverhk_hkwk_lite\cp_648.sco
1291018529
1291018529
-1
Sceneryobjects\taxidriverhk_hkwk_lite\csw_225.sco
1291017920
1291017920
-1
Sceneryobjects\taxidriverhk_hkwk_lite\gascoigne_gascoignebridge_railing_pole.sco
1291264289
1291264289
-1
Sceneryobjects\taxidriverhk_hkwk_lite\gascoigne_ymtcarpark.sco
1291264079
1291264079
-1
Sceneryobjects\Trees_MC\tree_medium_09.sco
1196580402
1196580402
-1
Splines\Marcel\str_0spur_7m.sli
1054705142
-
-
Splines\taxidriverhk\1lane_roadonly.sli
1086799912
-
-
Splines\taxidriverhk\1lane_westklncorridor.sli
1190943796
-
-
Splines\taxidriverhk\2lanes_gascoigneflyover.sli
1192867680
-
-
Splines\taxidriverhk\2lanes_westklncorridor.sli
1190943278
-
-
Splines\taxidriverhk\4lanes_westklncorridor.sli
1158819238
-
-
Splines\taxidriverhk_nopaths\0lane_construction.sli
1133739488
-
-
Splines\taxidriverhk_nopaths\0lane_road_15mwide.sli
1133782256
-
-
Splines\taxidriverhk_nopaths\0lane_singlewhiteline.sli
1122646063
-
-
Splines\taxidriverhk_nopaths\0lane_westklnwall.sli
1190945200
-
-
Splines\taxidriverhk_nopaths\0lane_westklnwall_half.sli
1190945211
-
-
Splines\taxidriverhk_nopaths\0lane_westklnwall_quad.sli
1190946101
-
-
