Sceneryobjects\3dtranstudio\hkstreet\ground_busstop5.sco
1063490791
1063490791
-1
Sceneryobjects\Buildings_MC\sportsground_big.sco
1019717460
1019717460
-1
Sceneryobjects\CDLX\KMB\NewLollipop3x3NoBoardBase.sco
1279549492
1279549492
-1
Sceneryobjects\Generic\routearrow_L_dyn.sco
1210215890
1210215890
-1
Sceneryobjects\Map E31\kfebara.sco
1345346772
1345346772
-1
Sceneryobjects\Map E31\kfswall.sco
1346084104
1346084104
-1
Sceneryobjects\taxidriverhk_busstop\bushut_2000_5pole_2.sco
1291017218
1291017218
-1
Sceneryobjects\taxidriverhk_tst_jordan\roadbarrier_1.sco
1312789878
1312789878
-1
Sceneryobjects\Trees_MC\RHD_tree_medium_06.sco
1097248121
1097248121
-1
Sceneryobjects\Trees_MC\RHD_tree_medium_08.sco
1097248122
1097248122
-1
Sceneryobjects\Trees_MC\RHD_Tree_Small_07.sco
1097248122
1097248122
-1
Splines\3dtranstudio\2way_2x2line_c_noped.sli
1353727366
-
-
Splines\3dtranstudio\half_8m_altonaer_b.sli
1353727366
-
-
Splines\3dtranstudio\pedonly_a.sli
1353727366
-
-
Splines\3dtranstudio\str_0spur_20m_hkped.sli
1344670322
-
-
Splines\3dtranstudio\str_0spur_40m_hkped.sli
1345347077
-
-
Splines\3dtranstudio\str_0spur_4m_hk.sli
1353727366
-
-
Splines\kelvin1324\fence1_grey.sli
1358084236
-
-
Splines\M3_Spline\line_road.sli
1312790127
-
-
Splines\taxidriverhk\0lane_pedonly_nocurb.sli
1353727447
-
-
Splines\taxidriverhk\1lane_roadonly_4mwide.sli
1353727447
-
-
Splines\taxidriverhk\3lanes_oneway_noped_narrow.sli
1353727448
-
-
Splines\taxidriverhk_nopaths\0lane_pedonly_nocurb_wide.sli
1353727451
-
-
Splines\taxidriverhk_nopaths\taxidriverhk_nopaths\taxidriverhk_nopaths\taxidriverhk_nopaths\0lane_splineforbarrier.sli
1312790262
-
-
Vehicles\Isuzu_N_Series\Parked_isuzu_npr.sco
1330739377
1345693456
-1
Vehicles\Lexus_CT200h\Parked_lexus_ct200h.sco
1330843066
1325036851
-1
Splines\taxidriverhk_nopaths\0lane_splineforbarrier.sli
1353727451
-
-
