Sceneryobjects\3dtranstudio\hkstreet\ground_slow.sco
1063473224
1063473224
-1
Sceneryobjects\64K\Gate2\Gate2.sco
1255308407
1255308407
-1
Sceneryobjects\Generic\routearrow_dn.sco
1210215877
1210215877
-1
Sceneryobjects\HK roadsurface mark\hkroadsurf_leftlane.sco
1177328320
1177328320
-1
Sceneryobjects\Map E31\lybar.sco
1359441222
1359441222
-1
Sceneryobjects\SS_HKTrafficSign\RHD_SS_Sign_N_NoStop24C.sco
1345259705
1345259705
-1
Sceneryobjects\SS_HKTrafficSign\SS_Pole_Grey (2).sco
1345259694
1345259694
-1
Sceneryobjects\SS_HKTrafficSign\SS_Sign_BendLeftAhead (2).sco
1345259694
1345259694
-1
Sceneryobjects\SS_HKTrafficSign\SS_Sign_Spd70.sco
1053074266
1053074266
-1
Sceneryobjects\STN\Objects\KMB_RestHouse.sco
1351837336
1351837336
-1
Sceneryobjects\Streetobjects_RUE\sodiumlight_2L_break_L.sco
1031241799
1031241799
-1
Sceneryobjects\taxidriverhk_hkwk_lite\mf_noisebarrier.sco
1291264405
1291264405
-1
Sceneryobjects\taxidriverhk_signage\signage_getinlane.sco
1291264439
1291264439
-1
Sceneryobjects\taxidriverhk_signage\signage_reducespeed_doublerightbend.sco
1291264439
1291264439
-1
Sceneryobjects\taxidriverhk_signage\signage_reducespeed_rightbend.sco
1291264439
1291264439
-1
Sceneryobjects\taxidriverhk_signage\signage_rightbend_singlearrow.sco
1291264439
1291264439
-1
Sceneryobjects\UKDT\iomex\Flora 3\Hong Kong Orchid 1.sco
1280485216
1280485216
-1
Splines\296a\rm.sli
1179593147
-
-
Splines\3dtranstudio\ped_tstrdab.sli
1360072337
-
-
Splines\HKBTS_Spline\ChingCheungRd\ChingCheungRd_3Lines1Way_whi_000_cone.sli
1353997680
-
-
Splines\kelvin1324\0lane_path_4m_AI_NoYellowLine.sli
1512881398
-
-
Splines\kelvin1324\fence1_grey.sli
1358084236
-
-
Splines\SaiKung\str_1spur_5m_bridge_rail_Anoai.sli
1179497810
-
-
Splines\TaiPoProject_Highway\1lanes_Tolo_PSK.sli
1358102678
-
-
Splines\TaiPoProject_Highway\Line_str_BrokenSingleLine.sli
1358102678
-
-
Splines\taxidriverhk\0lane_pedonly_concrete_nocurb.sli
1353727447
-
-
Splines\taxidriverhk\1lane_roadonly.sli
1353727447
-
-
Splines\taxidriverhk\2lanes_oneway_noped.sli
1353727447
-
-
Splines\taxidriverhk\4lanes_oneway_bridge.sli
1353727448
-
-
Splines\taxidriverhk_nopaths\0lane_barbedwire - lk.sli
1464817197
-
-
Splines\taxidriverhk_nopaths\0lane_crash_barrier.sli
1353727451
-
-
Splines\taxidriverhk_nopaths\0lane_doublewhiteline_onesidebroken.sli
1353727451
-
-
Splines\taxidriverhk_nopaths\0lane_pedonly_concrete_narrow.sli
1353727451
-
-
Splines\taxidriverhk_nopaths\0lane_pedonly_concrete_narrow_nocurb.sli
1353727451
-
-
Splines\taxidriverhk_nopaths\0lane_road_1mwide.sli
1151572055
-
-
Splines\taxidriverhk_nopaths\0lane_road_7mwide.sli
1353727451
-
-
