Sceneryobjects\3dtranstudio\bridge_pier.sco
1056467393
1056467393
-1
Sceneryobjects\3dtranstudio\hkstreet\ground_busstop1.sco
1063489763
1063489763
-1
Sceneryobjects\48x\Tang Fat_.sco
1177328161
1177328161
-1
Sceneryobjects\49x\ailisen_.sco
1177328168
1177328168
-1
Sceneryobjects\49x\Cheong Lok_.sco
1177328168
1177328168
-1
Sceneryobjects\49x\cheong wah fu wah street 2_.sco
1177328168
1177328168
-1
Sceneryobjects\49x\cheong wah fu wah street_.sco
1177328168
1177328168
-1
Sceneryobjects\49x\mtr flyover_.sco
1177328168
1177328168
-1
Sceneryobjects\49x\NAM FUNG CENTRE_.sco
1177328168
1177328168
-1
Sceneryobjects\49x\nan fung part 2_.sco
1177328168
1177328168
-1
Sceneryobjects\49x\tsuen wan mtr part 1 49x_.sco
1177328169
1177328169
-1
Sceneryobjects\49x\tsuen wan mtr part 2_.sco
1177328169
1177328169
-1
Sceneryobjects\Busstops_HK\Bus_hut_temp_green.sco
1519428667
1519428667
-1
Sceneryobjects\Busstops_HK\people_standing_narrow.sco
1352925428
1352925428
-1
Sceneryobjects\CDLX\KMB\Helper2x2.sco
1286053976
1286053976
-1
Sceneryobjects\CDLX\KMB\Lollipop2x2Full.sco
1282491160
1282491160
-1
Sceneryobjects\CDLX\KMB\NewLollipop2x2LWBFull.sco
1282491296
1282491296
-1
Sceneryobjects\CDLX\KMB\NewLollipop2x2NoBase.sco
1282491267
1282491267
-1
Sceneryobjects\CDLX\KMB\NewLollipop2x2NoBoardBase.sco
1279668362
1279668362
-1
Sceneryobjects\CDLX\KMB\NewLollipop3x3NoBase.sco
1282491140
1282491140
-1
Sceneryobjects\CDLX\KMB\NewLollipop3x3NoBoardBase.sco
1279549492
1279549492
-1
Sceneryobjects\Generic\bus_stop.sco
1210215889
1210215889
-1
Sceneryobjects\Generic\car_park.sco
1210215900
1210215900
-1
Sceneryobjects\Generic\entrypoint_bus.sco
1210215900
1210215900
-1
Sceneryobjects\Generic\routearrow_dn_dyn.sco
1210215940
1210215940
-1
Sceneryobjects\Generic\routearrow_L_dyn.sco
1210215890
1210215890
-1
Sceneryobjects\Generic\routearrow_R_dyn.sco
1210215940
1210215940
-1
Sceneryobjects\HKbus\avbwu.sco
1081773857
1081773857
-1
Sceneryobjects\kelvin1324_Buildings\fs_NF191_bridge_pillar_.sco
1351811319
1351811319
-1
Sceneryobjects\M3 Traffic Light AI\2Av_1Ow_1_Car1.sco
1345259634
1345259634
-1
Sceneryobjects\M3 Traffic Light AI\2Av_1Ow_1_Car2.sco
1345259634
1345259634
-1
Sceneryobjects\M3 Traffic Light AI\2Av_1Ow_1_Car3.sco
1345259634
1345259634
-1
Sceneryobjects\M3 Traffic Light AI\4Av_1_Car1.sco
1345259634
1345259634
-1
Sceneryobjects\M3 Traffic Light AI\4Av_1_Car2.sco
1345259634
1345259634
-1
Sceneryobjects\M3 Traffic Light AI\4Av_1_Car3.sco
1345259634
1345259634
-1
Sceneryobjects\M3 Traffic Light AI\4Av_1_Car4.sco
1345259634
1345259634
-1
Sceneryobjects\Map E31\mtrwall.sco
1331496808
1331496808
-1
Sceneryobjects\Map E31\tpole.sco
1331859116
1331859116
-1
Sceneryobjects\Map E31\twbri.sco
1332087815
1332087815
-1
Sceneryobjects\Map E31\twmtrb1.sco
1332066731
1332066731
-1
Sceneryobjects\Map E31\twmtrb2.sco
1332085401
1332085401
-1
Sceneryobjects\Streetobjects_RUE\neonlight_2L_bend_L.sco
1030664952
1030664952
-1
Sceneryobjects\Streetobjects_RUE\neonlight_L_bend_L.sco
1030664421
1030664421
-1
Sceneryobjects\Streetobjects_RUE\single_pole.sco
1044220565
1044220565
-1
Sceneryobjects\taxidriverhk_busstop\bushut_2000_5pole_2.sco
1291017218
1291017218
-1
Sceneryobjects\taxidriverhk_hkwk_lite\chatham_crash_barrier_pole.sco
1291264289
1291264289
-1
Sceneryobjects\taxidriverhk_hkwk_lite\gascoigne_gascoignebridge_railing_pole.sco
1291264289
1291264289
-1
Sceneryobjects\Traffic_Light_HK_FF3170\Teletech_car_large.sco
1165108835
1165108835
-1
Sceneryobjects\Trees_MC\RHD_tree_large_01.sco
1097248121
1097248121
-1
Sceneryobjects\Trees_MC\RHD_tree_large_02.sco
1097248121
1097248121
-1
Sceneryobjects\Trees_MC\RHD_tree_large_03.sco
1097248121
1097248121
-1
Sceneryobjects\Trees_MC\RHD_Tree_Small_01.sco
1097248122
1097248122
-1
Sceneryobjects\Trees_MC\RHD_Tree_Small_07.sco
1097248122
1097248122
-1
Splines\3dtranstudio\2line_1way _leftped.sli
1353727365
-
-
Splines\3dtranstudio\2line_1way.sli
1353727365
-
-
Splines\3dtranstudio\2way_2x2line_b_noped.sli
1353727366
-
-
Splines\3dtranstudio\2way_2x2line_c_noped.sli
1353727366
-
-
Splines\3dtranstudio\3line_1way.sli
1353727366
-
-
Splines\3dtranstudio\invis_street.sli
1353727366
-
-
Splines\3dtranstudio\pedonly_a.sli
1353727366
-
-
Splines\3dtranstudio\str_0spur_20m_gras.sli
1344760663
-
-
Splines\3dtranstudio\str_0spur_20m_hk.sli
1353727366
-
-
Splines\3dtranstudio\str_0spur_20m_hkped.sli
1344670322
-
-
Splines\3dtranstudio\str_0spur_40m_hkped.sli
1345347077
-
-
Splines\3dtranstudio\str_0spur_4m_gras.sli
1353727366
-
-
Splines\3dtranstudio\str_0spur_4m_hk.sli
1353727366
-
-
Splines\3dtranstudio\str_0spur_7m_gras.sli
1353727366
-
-
Splines\3dtranstudio\str_0spur_7m_hk.sli
1353727366
-
-
Splines\kelvin1324\0lane_barrier2_grassonly_1m.sli
1358084232
-
-
Splines\kelvin1324\0lane_barrier2_slope_3.5m.sli
1358084232
-
-
Splines\kelvin1324\fence1_grey.sli
1358084236
-
-
Splines\M3_Spline\line_GV.sli
1312790127
-
-
Splines\M3_Spline\line_road.sli
1312790127
-
-
Splines\M3_Spline\line_white.sli
1312790127
-
-
Splines\Map E31\twdbridge.sli
1428381814
-
-
Splines\Map E31\tydbridge.sli
1428376431
-
-
Splines\taxidriverhk\0lane_pedonly_concrete.sli
1353727447
-
-
Splines\taxidriverhk\0lane_pedonly_concrete_narrow.sli
1353727447
-
-
Splines\taxidriverhk\0lane_pedonly_concrete_narrow_nocurb.sli
1353727447
-
-
Splines\taxidriverhk\0lane_pedonly_concrete_nocurb.sli
1353727447
-
-
Splines\taxidriverhk\1lane_roadonly_4mwide.sli
1353727447
-
-
Splines\taxidriverhk\3lanes_gascoigneflyover.sli
1353727448
-
-
Splines\taxidriverhk_nopaths\0lane_barrierfortonkin.sli
1353727451
-
-
Splines\taxidriverhk_nopaths\0lane_crash_barrier.sli
1353727451
-
-
Splines\taxidriverhk_nopaths\0lane_doublewhiteline.sli
1353727451
-
-
Splines\taxidriverhk_nopaths\0lane_pedonly_nocurb.sli
1353727451
-
-
Splines\taxidriverhk_nopaths\0lane_pedonly_nocurb_wide.sli
1353727451
-
-
Splines\taxidriverhk_nopaths\0lane_tsuiyu_barrier.sli
1353727451
-
-
Vehicles\AI_KMB_DENNIS\parked_ATENU_FL.sco
1302303269
1302303269
-1
Vehicles\AI_KMB_DENNIS\parked_ATENU_FL_red.sco
1302303271
1302303271
-1
Vehicles\Isuzu_N_Series\Parked_isuzu_npr.sco
1330739377
1345693456
-1
Vehicles\Lexus_CT200h\Parked_lexus_ct200h.sco
1330843066
1325036851
-1
Vehicles\Toyota_Alphard\Parked_alphard.sco
1282691193
1330882214
-1
Vehicles\Toyota_Coaster_Series3-6_HK\parked_Van_Green_Series5_.sco
1348739878
1348739878
-1
Vehicles\Toyota_Coaster_Series3-6_HK\parked_Van_Green_Series6_.sco
1348739878
1348739878
-1
