Sceneryobjects\Map E31\ytbar.sco
1351858702
1351858702
-1
Sceneryobjects\Map E31\ytcon.sco
1351859563
1351859563
-1
Sceneryobjects\Map E31\ytmall.sco
1351913615
1351913615
-1
Sceneryobjects\Trees_MC\RHD_tree_large_03.sco
1312789895
1312789895
-1
Splines\3dtranstudio\str_0spur_20m_hk.sli
1192832509
-
-
Splines\3dtranstudio\str_0spur_20m_tstrd.sli
1350462196
-
-
Splines\3dtranstudio\str_0spur_234m water.sli
1331198179
-
-
Splines\gg_LHT\hillwall03.sli
1099479638
-
-
Splines\kelvin1324\fence1_grey.sli
1348739488
-
-
Splines\taxidriverhk\0lane_pedonly_concrete_nocurb.sli
1143107296
-
-
Splines\taxidriverhk\1lane_pedonly_concrete.sli
1095543106
-
-
Splines\taxidriverhk_nopaths\0lane_pedonly_concrete_nocurb_wide.sli
1251169457
-
-
Vehicles\Tesla_Model_X\Parked_model_x.sco
1283158082
1324849160
-1
Vehicles\Toyota_Alphard\Parked_alphard.sco
1302292973
1302292973
-1
Vehicles\Toyota_Echoverso\Toyota_parked_Echoverso.sco
1177329123
1177329123
-1
Vehicles\Toyota_Hiace\Toyota_parked_Hiace.sco
1177329123
1177329123
-1
Vehicles\Toyota_Hiace_89\parked_Toyota_Hiace_89.sco
1090624883
1114354081
-1
Vehicles\Toyota_Prius\Parked_prius_xw30.sco
1322597637
1324694340
-1
