Sceneryobjects\Map E31\s52bar.sco
1348758998
1348758998
-1
Sceneryobjects\Map E31\s52pta.sco
1348731708
1348731708
-1
Sceneryobjects\Trees_MC\RHD_tree_large_05.sco
1312789895
1312789895
-1
Splines\3dtranstudio\2spur_7m_altonaer_d_noped.sli
1348648301
-
-
Splines\3dtranstudio\pedonly_a - 4mtstrd.sli
1348665447
-
-
Splines\3dtranstudio\pedonly_a - 5mgras.sli
1348648757
-
-
Splines\3dtranstudio\str_0spur_20m_hk.sli
1192832509
-
-
Splines\3dtranstudio\str_0spur_234m water.sli
1331198179
-
-
Splines\3dtranstudio\str_0spur_7m_gras.sli
1330907635
-
-
Splines\gg_LHT\hillwall03.sli
1099479638
-
-
Splines\M3_Spline\line_GV.sli
1177328550
-
-
Splines\taxidriverhk\1lane_roadonly_4mwide.sli
1095659955
-
-
Splines\taxidriverhk_nopaths\taxidriverhk_nopaths\taxidriverhk_nopaths\taxidriverhk_nopaths\0lane_splineforbarrier.sli
1312790262
-
-
Sceneryobjects\Generic\routearrow_dn_dyn.sco
1351774415
1351774415
-1
Splines\kelvin1324\fence2_grey.sli
1348739488
-
-
