Sceneryobjects\Map E31\faketreea.sco
1347126929
1347126929
-1
Sceneryobjects\Trees_MC\RHD_tree_large_01.sco
1312789895
1312789895
-1
Sceneryobjects\Trees_MC\RHD_tree_large_03.sco
1312789895
1312789895
-1
Sceneryobjects\Trees_MC\tree_large_06.sco
1351774433
1351774433
-1
Splines\3dtranstudio\2way_2x2line_c tstrd.sli
1358590858
-
-
Splines\3dtranstudio\half_8m_altonaer_1a tstrd.sli
1346669909
-
-
Splines\3dtranstudio\pedonly_a tstrd.sli
1346658763
-
-
Splines\taxidriverhk_nopaths\0lane_barriercover_1.4m.sli
1358654167
-
-
Splines\taxidriverhk_nopaths\0lane_pedonly_concrete_narrow_nocurb.sli
1126529296
-
-
Splines\taxidriverhk_nopaths\0lane_tsuiyu_barrier.sli
1182428549
-
-
