Sceneryobjects\arisuhime_newobject\KMHT6build_.sco
1177328195
1177328195
-1
Sceneryobjects\Generic\routearrow_L_dyn.sco
1210215890
1210215890
-1
Sceneryobjects\Streetobjects_RUE\neonlight_2L_bend_L.sco
1030664952
1030664952
-1
Sceneryobjects\Streetobjects_RUE\neonlight_L_bend_L.sco
1030664421
1030664421
-1
Sceneryobjects\Trees_MC\RHD_tree_large_01.sco
1097248121
1097248121
-1
Splines\3dtranstudio\1spur_3_5m_hkped.sli
1353727365
-
-
Splines\3dtranstudio\2way_2x2line_a_noped.sli
1353727366
-
-
Splines\3dtranstudio\highway_a.sli
1353727366
-
-
Splines\3dtranstudio\invis_street.sli
1353727366
-
-
Splines\3dtranstudio\pedonly_a.sli
1353727366
-
-
Splines\3dtranstudio\str_0spur_4m_hk.sli
1353727366
-
-
Splines\M3_Spline\line_road.sli
1312790127
-
-
Splines\taxidriverhk\1lane_roadonly_4mwide.sli
1353727447
-
-
