Sceneryobjects\296d_219x\To_Kwa_Wan07.sco
1188847985
1188847985
-1
Sceneryobjects\3dtranstudio\hkstreet\ground_busstop5 (2).sco
1345259080
1345259080
-1
Sceneryobjects\3dtranstudio\hkstreet\ground_slow.sco
1063473224
1063473224
-1
Sceneryobjects\3dtranstudio\hkstreet\RHD_ground_busstop5.sco
1345259081
1345259081
-1
Sceneryobjects\Buildings_MC\sportsground_big.sco
1019717460
1019717460
-1
Sceneryobjects\Busstop\bushut_2000_2_noads.sco
1291017218
1291017218
-1
Sceneryobjects\Busstops_HK\people_standing_narrow.sco
1352925428
1352925428
-1
Sceneryobjects\Generic\bus_stop.sco
1210215889
1210215889
-1
Sceneryobjects\HK roadsurface mark\hkroadsurf_leftlane.sco
1177328320
1177328320
-1
Sceneryobjects\kelvin1324_Buildings\tpc_Bridge_Lift_.sco
1351811320
1351811320
-1
Sceneryobjects\kelvin1324_Misc\bollard_HK_1_NoArrow_.sco
1351811377
1351811377
-1
Sceneryobjects\KMB Bus stop Lollipop\Lollipop4x4NoBase.sco
1252879122
1252879122
-1
Sceneryobjects\KMB Lollipop\Lollipop4x4NoBase.sco
1252832019
1252832019
-1
Sceneryobjects\KMB Lollipop\Lollipop4x5NoBase.sco
1252856098
1252856098
-1
Sceneryobjects\Map E31\visbbar.sco
1351846194
1351846194
-1
Sceneryobjects\NG1604's object\50 kmh.sco
1084137798
1084137798
-1
Sceneryobjects\RV3531\Noise Barrier\Tseung Kwan O Road\noisebarrier.sco
1479062737
1479062737
-1
Sceneryobjects\SS_HKTrafficSign\RHD_Sign_Stop (106).sco
1053073669
1053073669
-1
Sceneryobjects\SS_HKTrafficSign\RHD_Sign_Stop (135).sco
1053074266
1053074266
-1
Sceneryobjects\SS_HKTrafficSign\RHD_Sign_Stop (18).sco
1051658064
1051658064
-1
Sceneryobjects\SS_HKTrafficSign\RHD_Sign_Stop (81).sco
1053073494
1053073494
-1
Sceneryobjects\SS_HKTrafficSign\RHD_SS_Sign_L_Left.sco
1345259705
1345259705
-1
Sceneryobjects\SS_HKTrafficSign\RHD_SS_Sign_L_Right.sco
1345259705
1345259705
-1
Sceneryobjects\SS_HKTrafficSign\SS_Sign_Spd50 (2).sco
1345259694
1345259694
-1
Sceneryobjects\Streetobjects_RUE\sodiumlight_2L_break_L.sco
1031241799
1031241799
-1
Sceneryobjects\taxidriverhk_busstop\bushut_1990_freetex.sco
1291263117
1291263117
-1
Sceneryobjects\Trees_MC\shrubbery_01_05.sco
1181629421
1181629421
-1
Sceneryobjects\Trees_MC\shrubbery_03_20.sco
1181629521
1181629521
-1
Sceneryobjects\Trees_MC\Tree_Small_09.sco
1181629490
1181629490
-1
Sceneryobjects\UKDT\iomex\Flora 3\Basswood Tree 1.sco
1280485216
1280485216
-1
Sceneryobjects\UKDT\iomex\Flora 3\Birch Tree 1 1.sco
1280485216
1280485216
-1
Sceneryobjects\UKDT\iomex\Flora 3\Blue Jacaranda 1.sco
1280485216
1280485216
-1
Sceneryobjects\UKDT\iomex\Flora 3\Bullet Tree 1.sco
1280485216
1280485216
-1
Sceneryobjects\UKDT\iomex\Flora 3\Cider Gum Tree 1.sco
1280485216
1280485216
-1
Sceneryobjects\UKDT\iomex\Flora 3\Common Beech 1.sco
1280485216
1280485216
-1
Splines\CDLX\Misc\KeepClearArrow.sli
1286471801
-
-
Splines\CDLX\Misc\whiteline_asphalt_patch_narrow.sli
1368620166
-
-
Splines\HKBTS_Spline\ChingCheungRd\ChingCheungRd_2Lines1Way_whi_long00_cone_bababa.sli
1349820970
-
-
Splines\HKBTS_Spline\ChingCheungRd\ChingCheungRd_3Lines1Way_whi_000_cone.sli
1353997680
-
-
Splines\kelvin1324\0lane_path_4m_AI_NoYellowLine.sli
1512881398
-
-
Splines\kelvin1324\0lane_path_6m_NoYellowLine.sli
1514350429
-
-
Splines\kelvin1324\0lane_path-ped5_10m_AI_NoYellowLine.sli
1358084233
-
-
Splines\kelvin1324\0lane_path-ped5_4m_AI_NoYellowLine.sli
1515499154
-
-
Splines\kelvin1324\fence1_grey.sli
1358084236
-
-
Splines\Map E31\cswbridgea.sli
1465164957
-
-
Splines\taxidriverhk\0lane_pedonly_concrete_narrow.sli
1353727447
-
-
Splines\taxidriverhk\1lane_roadonly.sli
1353727447
-
-
Splines\taxidriverhk\2lanes_8mwide_noped.sli
1353727447
-
-
Splines\taxidriverhk\2lanes_gascoigneflyover.sli
1353727447
-
-
Splines\taxidriverhk_nopaths\0lane_barbedwire - lk.sli
1464817197
-
-
Splines\taxidriverhk_nopaths\0lane_barrierforcsw.sli
1353727451
-
-
Splines\taxidriverhk_nopaths\0lane_bridgewallwing.sli
1353727451
-
-
Splines\taxidriverhk_nopaths\0lane_crash_barrier.sli
1353727451
-
-
Splines\taxidriverhk_nopaths\0lane_cswroadhedge.sli
1353727451
-
-
Splines\taxidriverhk_nopaths\0lane_doublewhiteline.sli
1353727451
-
-
Splines\taxidriverhk_nopaths\0lane_doublewhiteline_onesidebroken.sli
1353727451
-
-
Splines\taxidriverhk_nopaths\0lane_grasscover.sli
1353727451
-
-
Splines\taxidriverhk_nopaths\0lane_pedonly_concrete_narrow.sli
1353727451
-
-
Splines\taxidriverhk_nopaths\0lane_pedonly_concrete_nocurb_wide.sli
1353727451
-
-
Splines\taxidriverhk_nopaths\0lane_retainingwall_4.sli
1353727451
-
-
Splines\taxidriverhk_nopaths\0lane_road_1mwide.sli
1151572055
-
-
Splines\taxidriverhk_nopaths\0lane_road_7mwide.sli
1353727451
-
-
Splines\taxidriverhk_nopaths\0lane_singlebrokenwhiteline.sli
1353727451
-
-
Splines\taxidriverhk_nopaths\0lane_singlebrokenwhiteline_frequent.sli
1353727451
-
-
Sceneryobjects\Generic\routearrow_dn.sco
1210215877
1210215877
-1
Sceneryobjects\Generic\routearrows_busstop.sco
1210216053
1210216053
-1
