Sceneryobjects\kelvin1324_Buildings\tpc_Bridge_Lift_.sco
1351811320
1351811320
-1
Splines\kelvin1324\0lane_path-ped5_4m_fence1_AI_NoYellowLine.sli
1358084233
-
-
Splines\Map E31\Map E31\twbbridge.sli
1428380354
-
-
Splines\Splines\kelvin1324\fs_BusTerminusBridge_main.sli
1348739488
-
-
Splines\Splines\taxidriverhk\taxidriverhk\taxidriverhk\taxidriverhk\1lane_roadonly.sli
1312790255
-
-
Splines\taxidriverhk\2lanes_noped_verywide.sli
1353727447
-
-
Splines\taxidriverhk\4lanes_wstonebarriernoped_half_16mwide.sli
1353727448
-
-
Sceneryobjects\296a\obj_kt032.sco
1182039764
1182039764
-1
Sceneryobjects\296a\obj_kt034.sco
1182054839
1182054839
-1
Sceneryobjects\296a\obj_kt037.sco
1182056103
1182056103
-1
Sceneryobjects\3dtranstudio\bridge_pier.sco
1056467393
1056467393
-1
Sceneryobjects\3dtranstudio\hkstreet\ground_busstop2.sco
1063489766
1063489766
-1
Sceneryobjects\3dtranstudio\hkstreet\ground_busstop3.sco
1063489771
1063489771
-1
Sceneryobjects\3dtranstudio\hkstreet\ground_busstop4.sco
1063489776
1063489776
-1
Sceneryobjects\Busstops_HK\people_standing_narrow.sco
1352925428
1352925428
-1
Sceneryobjects\Generic\bus_stop.sco
1210215889
1210215889
-1
Sceneryobjects\kelvin1324_Misc\HK Road Marking_TransDept Standard\HKRoadMarking_arrowLeft_.sco
1351811378
1351811378
-1
Sceneryobjects\kelvin1324_Misc\HK Road Marking_TransDept Standard\HKRoadMarking_arrowStraight_.sco
1351811378
1351811378
-1
Sceneryobjects\kelvin1324_Misc\HK Road Marking_TransDept Standard\HKRoadMarking_arrowStraightRight_.sco
1351811378
1351811378
-1
Sceneryobjects\KMB Bus stop Lollipop\Lollipop4x4NoBoardBase.sco
1252879119
1252879119
-1
Sceneryobjects\M3 Traffic Light AI\1Av_1St_1_Car1.sco
1345259634
1345259634
-1
Sceneryobjects\M3 Traffic Light AI\1Av_1St_1_Car2.sco
1345259634
1345259634
-1
Sceneryobjects\SS_HKTrafficSign\RHD_Sign_Stop (106).sco
1053073669
1053073669
-1
Sceneryobjects\SS_HKTrafficSign\RHD_SS_Pole_Grey.sco
1051658064
1051658064
-1
Sceneryobjects\SS_HKTrafficSign\SS_Sign_AheadOnly.sco
1053070980
1053070980
-1
Sceneryobjects\SS_HKTrafficSign\SS_Sign_NoRightTurn.sco
1053073650
1053073650
-1
Sceneryobjects\SS_HKTrafficSign\SS_Sign_TraSignalAhead.sco
1053074472
1053074472
-1
Sceneryobjects\SS_HKTrafficSign\SS_Sign_TurnLeft.sco
1053074420
1053074420
-1
Sceneryobjects\Streetobjects_RUE\neonlight_2L_bend_L.sco
1030664952
1030664952
-1
Sceneryobjects\taxidriverhk\surfacemark_yellowbox_6mx4m.sco
1291016879
1291016879
-1
Sceneryobjects\taxidriverhk_busstop\bushut_1990_3.sco
1291017218
1291017218
-1
Sceneryobjects\taxidriverhk_kowlooncity\hunghom_construction_component_14.sco
1291264289
1291264289
-1
Sceneryobjects\taxidriverhk_signage\signage_getinlane.sco
1291264439
1291264439
-1
Sceneryobjects\Traffic_Light_HK_FF3170\Philips_car_standard_S.sco
1149332005
1149332005
-1
Sceneryobjects\Traffic_Light_HK_FF3170\Philips_P_LM.sco
1151167040
1151167040
-1
Sceneryobjects\Traffic_Light_HK_FF3170\Philips_P_RM.sco
1151167040
1151167040
-1
Sceneryobjects\Traffic_Light_HK_FF3170\Teletech_car_standard_L.sco
1165114928
1165114928
-1
Sceneryobjects\Trees_MC\RHD_tree_large_01.sco
1097248121
1097248121
-1
Sceneryobjects\Trees_MC\RHD_Tree_Small_04.sco
1097248122
1097248122
-1
Sceneryobjects\Trees_MC\shrubbery_01_20_mod.sco
1312789896
1312789896
-1
Sceneryobjects\Trees_MC\shrubbery_03_10.sco
1181629455
1181629455
-1
Sceneryobjects\Trees_MC\Streetobjects_RUE\sodiumlight_L_break_L.sco
1031255860
1031255860
-1
Sceneryobjects\Trees_MC\tree_large_01.sco
1181629460
1181629460
-1
Sceneryobjects\Trees_MC\tree_large_02.sco
1181629467
1181629467
-1
Sceneryobjects\Trees_MC\tree_medium_06_3.sco
1226475078
1226475078
-1
Sceneryobjects\Trees_MC\Tree_Small_09_1.sco
1161467322
1161467322
-1
Sceneryobjects\UKDT\iomex\Flora 3\English Oak Columnar 3.sco
1280485216
1280485216
-1
Sceneryobjects\UKDT\iomex\Flora 3\Hackberry 2.sco
1280485216
1280485216
-1
Sceneryobjects\Yorkshire\Fellowsfilm\Petrol Filling Stations\Shell\Shell.sco
1158592882
1158592882
-1
Splines\296a\rm.sli
1179593147
-
-
Splines\296a\train_bridge.sli
1183142279
-
-
Splines\296a\train_bridge4.sli
1183142787
-
-
Splines\47x city\3line_1way.sli
1312790007
-
-
Splines\hkstreet\str_0spur_40m_hk.sli
1312789991
-
-
Splines\kelvin1324\0lane_path_6m_grass1-psk.sli
1358084234
-
-
Splines\kelvin1324\0lane_path-ped5_20m.sli
1358084233
-
-
Splines\kelvin1324\0lane_path-ped5_4m.sli
1515499146
-
-
Splines\kelvin1324\0lane_path-ped5_4m_AI_NoYellowLine.sli
1515499154
-
-
Splines\kelvin1324\0lane_path-ped5_4m_fence1_NoYellowLine.sli
1358084233
-
-
Splines\kelvin1324\0lane_path-ped5_6m.sli
1512835309
-
-
Splines\kelvin1324\line_brokensingleline.sli
1358084237
-
-
Splines\kelvin1324\psk_hoarding01.sli
1358084237
-
-
Splines\M3_Spline\P_crossing.sli
1312790127
-
-
Splines\SaiKung\str_1spur_5m_bridge_rail_Anoai.sli
1179497810
-
-
Splines\Splines\taxidriverhk\taxidriverhk\taxidriverhk\taxidriverhk\0lane_pedonly_concrete_narrow.sli
1312790251
-
-
Splines\Splines\taxidriverhk\taxidriverhk\taxidriverhk\taxidriverhk\4lanes_oneway_noped.sli
1086860924
-
-
Splines\TaiPoProject_Highway\1lanes_Tolo_flyover.sli
1358102678
-
-
Splines\taxidriverhk\0lane_road_7mwide.sli
1353727447
-
-
Splines\taxidriverhk\0lane_wstonebarriernoped.sli
1194492309
-
-
Splines\taxidriverhk\1lane_wstonebarriernoped_half.sli
1353727447
-
-
Splines\taxidriverhk\2lanes_chathamroad_flyover_oneway.sli
1353727447
-
-
Splines\taxidriverhk\2lanes_oneway_noped_wide.sli
1353727447
-
-
Splines\taxidriverhk\3lanes_oneway_noped.sli
1353727448
-
-
Splines\taxidriverhk_nopaths\0lane_barrierfornathan.sli
1353727451
-
-
Splines\taxidriverhk_nopaths\0lane_doublewhiteline.sli
1353727451
-
-
Splines\taxidriverhk_nopaths\0lane_doublewhiteline_onesidebroken.sli
1353727451
-
-
Splines\taxidriverhk_nopaths\0lane_pedonly_concrete_narrow_nocurb.sli
1353727451
-
-
Splines\taxidriverhk_nopaths\0lane_pedonly_concrete_nocurb.sli
1353727451
-
-
Splines\taxidriverhk_nopaths\0lane_road_15mwide.sli
1353727451
-
-
Splines\taxidriverhk_nopaths\0lane_road_7mwide.sli
1353727451
-
-
Splines\taxidriverhk_nopaths\0lane_singlebrokenwhiteline.sli
1353727451
-
-
Splines\taxidriverhk_nopaths\0lane_singlewhiteline_thick.sli
1353727451
-
-
Splines\taxidriverhk_nopaths\0lane_waterbarrier.sli
1353727451
-
-
Splines\taxidriverhk_nopaths\0lane_wstonebarriernoped.sli
1353727451
-
-
Splines\taxidriverhk_nopaths\2lanes_oneway_noped-1.sli
1197454117
-
-
Splines\Yorkshire\btv\stone_retaining_wall.sli
1189850581
-
-
Sceneryobjects\Generic\routearrow_dn.sco
1210215877
1210215877
-1
Sceneryobjects\Generic\routearrows_busstop.sco
1210216053
1210216053
-1
Splines\kelvin1324\fs_BusTerminusBridge_main.sli
1495381133
-
-
Splines\Map E31\twbbridge.sli
1428380354
-
-
Splines\taxidriverhk\0lane_pedonly_concrete_narrow.sli
1353727447
-
-
Splines\taxidriverhk\1lane_roadonly.sli
1353727447
-
-
Splines\taxidriverhk\4lanes_oneway_noped.sli
1353727448
-
-
