Sceneryobjects\3dtranstudio\hkstreet\ground_busstop2.sco
1063459046
1063459046
-1
Sceneryobjects\3dtranstudio\hkstreet\ground_busstop3.sco
1063459051
1063459051
-1
Sceneryobjects\3dtranstudio\hkstreet\ground_busstop4.sco
1063459056
1063459056
-1
Sceneryobjects\3dtranstudio\safe.sco
1053208753
1053208753
-1
Sceneryobjects\Busstops_HK\people_standing_narrow.sco
1067410857
1067410857
-1
Sceneryobjects\Generic\bus_stop.sco
1196580392
1196580392
-1
Sceneryobjects\Generic\routearrows_busstop.sco
1196580396
1196580396
-1
Sceneryobjects\Mice122 Production\HK_Lamp\lamp(y)Twins_T.sco
1149673861
1149673861
-1
Sceneryobjects\SS_HKTrafficSign\SS_Pole_Grey.sco
1051658064
1051658064
-1
Sceneryobjects\SS_HKTrafficSign\SS_Pole_Yellow.sco
1051658063
1051658063
-1
Sceneryobjects\SS_HKTrafficSign\SS_Sign_AheadOnly.sco
1053070980
1053070980
-1
Sceneryobjects\SS_HKTrafficSign\SS_Sign_BlackspotAhead.sco
1053071032
1053071032
-1
Sceneryobjects\SS_HKTrafficSign\SS_Sign_N_NoStop712C.sco
1053073524
1053073524
-1
Sceneryobjects\SS_HKTrafficSign\SS_Sign_N_NoStop712CLightBus.sco
1053073531
1053073531
-1
Sceneryobjects\SS_HKTrafficSign\SS_Sign_N_NoStop77C.sco
1053073520
1053073520
-1
Sceneryobjects\SS_HKTrafficSign\SS_Sign_NoRightTurn.sco
1053073650
1053073650
-1
Sceneryobjects\Streetobjects_RUE\sodiumlight_2L_break_L.sco
1196580395
1196580395
-1
Sceneryobjects\Streetobjects_RUE\sodiumlight_L_break_L.sco
1196580395
1196580395
-1
Sceneryobjects\taxidriverhk_hkwk_lite\busstop_fence_2_to_souk.sco
1291017218
1291017218
-1
Sceneryobjects\taxidriverhk_hkwk_lite\busstop_newplate_freetex.sco
1291262929
1291262929
-1
Sceneryobjects\taxidriverhk_hkwk_lite\busstop_stone.sco
1291017218
1291017218
-1
Sceneryobjects\taxidriverhk_hkwk_lite\endofbarrierfortrees.sco
1291016857
1291016857
-1
Sceneryobjects\taxidriverhk_hkwk_lite\fence_1.sco
1226588946
1226588946
-1
Sceneryobjects\taxidriverhk_hkwk_lite\fence_2.sco
1226589147
1226589147
-1
Sceneryobjects\taxidriverhk_hkwk_lite\ymt_jade.sco
1291152893
1291152893
-1
Sceneryobjects\taxidriverhk_hkwk_lite\ymt_mtr.sco
1291152899
1291152899
-1
Sceneryobjects\taxidriverhk_hkwk_lite\ymt_steak.sco
1291152901
1291152901
-1
Sceneryobjects\taxidriverhk_hkwk_lite\ymt_waterloo-and-nathan.sco
1291152903
1291152903
-1
Sceneryobjects\Traffic_Light_HK_FF3170\Teletech_car_large.sco
1165108835
1165108835
-1
Sceneryobjects\Traffic_Light_HK_FF3170\Teletech_car_large_S.sco
1165110123
1165110123
-1
Sceneryobjects\Traffic_Light_HK_FF3170\Teletech_car_standard.sco
1162295706
1162295706
-1
Sceneryobjects\Traffic_Light_HK_FF3170\Teletech_P.sco
1165111819
1165111819
-1
Sceneryobjects\Traffic_Light_HK_FF3170\Teletech_P_LM.sco
1165112042
1165112042
-1
Sceneryobjects\Traffic_Light_HK_FF3170\Teletech_P_RM.sco
1165112052
1165112052
-1
Sceneryobjects\Verkehrszeichen_MC\Mast_Ampel_klein_1.sco
1196580402
1196580402
-1
Sceneryobjects\Verkehrszeichen_MC\VZ_surfmark_arrow_L.sco
1196580470
1196580470
-1
Sceneryobjects\Verkehrszeichen_MC\VZ_surfmark_arrow_R.sco
1196580407
1196580407
-1
Sceneryobjects\Verkehrszeichen_MC\VZ_surfmark_arrow_S.sco
1196580400
1196580400
-1
Sceneryobjects\Verkehrszeichen_MC\VZ_surfmark_arrow_SL.sco
1196580429
1196580429
-1
Splines\Marcel\str_0spur_4m.sli
1054705313
-
-
Splines\Marcel\str_0spur_7m.sli
1054705142
-
-
Splines\taxidriverhk\1lane_pedonly.sli
1090611022
-
-
Splines\taxidriverhk\1lane_pedonly_concrete.sli
1095590210
-
-
Splines\taxidriverhk\3lanes_wbarriernoped_half.sli
1086944898
-
-
Splines\taxidriverhk_nopaths\0lane_barrierfortrees.sli
1089825661
-
-
Splines\taxidriverhk_nopaths\0lane_doubleyellowline.sli
1122646158
-
-
Splines\taxidriverhk_nopaths\0lane_pedonly.sli
1086949679
-
-
Splines\taxidriverhk_nopaths\0lane_singlewhiteline.sli
1122646063
-
-
Splines\taxidriverhk_nopaths\0lane_singleyellowline.sli
1122646105
-
-
Sceneryobjects\CDLX\KMB\NewLollipop3x3NoBase.sco
1351837291
1351837291
-1
Sceneryobjects\CDLX\KMB\NewLollipop4x4NoBase.sco
1351837291
1351837291
-1
