Sceneryobjects\11_City\WTS_1.sco
1301909964
1301909964
-1
Sceneryobjects\11_City\WTSBT.sco
1301974436
1301974436
-1
Sceneryobjects\ALPWorkshopOBJ\Restricted Area Project\Parkford Garden_.sco
1349748217
1349748217
-1
Sceneryobjects\kelvin1324_Buildings\tpm_TsingYuen_1_.sco
1351811320
1351811320
-1
Sceneryobjects\KowloonEast_3D_3M\8ClearWaterBayRd_.sco
1329690268
1329690268
-1
Sceneryobjects\ProjectTWS\F1sh\Wong Tai Sin Police Station_.sco
1383344946
1383344946
-1
Sceneryobjects\UKDT\iomex\Flora 3\Basswood Tree 1.sco
1280485216
1280485216
-1
Sceneryobjects\UKDT\iomex\Flora 3\Blue Jacaranda 1.sco
1280485216
1280485216
-1
Splines\kelvin1324\0lane_path-ped5_10m.sli
1358084233
-
-
Splines\kelvin1324\0lane_path-ped5_4m_AI_NoYellowLine.sli
1515499154
-
-
Splines\taxidriverhk\1lane_roadonly_wide.sli
1353727447
-
-
