Sceneryobjects\3dtranstudio\bridge_pier.sco
1056467393
1056467393
-1
Sceneryobjects\Map E31\nlhy.sco
1331129715
1331129715
-1
Sceneryobjects\Streetobjects_RUE\neonlight_L_bend_L.sco
1351811284
1351811284
-1
Sceneryobjects\Trees_MC\RHD_tree_large_01.sco
1312789895
1312789895
-1
Splines\3dtranstudio\str_0spur_4m_hk.sli
1065025632
-
-
Splines\GUHP Workshop\Lstreets\Rail\railx2_ks.sli
1331592214
-
-
Splines\M3_Spline\line_white.sli
1177328550
-
-
Splines\Map E31\1way_2line_highway_a_NLH.sli
1365805600
-
-
Splines\Map E31\highway_acon_NLH.sli
1365805789
-
-
