Sceneryobjects\3dtranstudio\hkstreet\ground_busstop1.sco
1312789596
1312789596
-1
Sceneryobjects\Busstops_HK\people_standing_narrow.sco
1351811226
1351811226
-1
Sceneryobjects\CDLX\KMB\Helper2x2.sco
1351811258
1351811258
-1
Sceneryobjects\Generic\bus_stop.sco
1351774414
1351774414
-1
Sceneryobjects\Generic\routearrow_R_dyn.sco
1351774415
1351774415
-1
Sceneryobjects\M3 Traffic Light AI\1Av_1St_1_Car1.sco
1177328359
1177328359
-1
Sceneryobjects\Map E31\tpole.sco
1331859116
1331859116
-1
Sceneryobjects\S1\Bus Stop\CPC_CTB\1.sco
1185942561
1185942561
-1
Sceneryobjects\S1\Bus Stop\CPC_LWB\1.sco
1185942434
1185942434
-1
Sceneryobjects\S1\Bus Stop\Shelter\1.sco
1185459353
1185459353
-1
Sceneryobjects\Streetobjects_RUE\single_pole.sco
1351811284
1351811284
-1
Sceneryobjects\Traffic_Light_HK_FF3170\Teletech_car_large.sco
1351811286
1351811286
-1
Splines\3dtranstudio\invis_street.sli
999109838
-
-
Splines\3dtranstudio\invis_street_human.sli
1061633174
-
-
Splines\3dtranstudio\pedonly_a - 4mgras.sli
1364005776
-
-
Splines\3dtranstudio\str_0spur_4m_hk.sli
1065025632
-
-
Splines\3dtranstudio\str_0spur_7m_hk.sli
1065008832
-
-
Splines\CDLX\Misc\KeepClearArrow.sli
1286471801
-
-
Splines\CDLX\Misc\KeepClearLine.sli
1286480113
-
-
Splines\CDLX\Misc\whiteline.sli
1286433570
-
-
Splines\CDLX\Misc\whiteline_asphalt_patch.sli
1287285058
-
-
Splines\CDLX\Misc\whiteline_asphalt_patch_narrow.sli
1368620166
-
-
Splines\kelvin1324\0lane_grass_1.5m_NoYellowLine_OneSide.sli
1384931466
-
-
Splines\kelvin1324\0lane_path_4m_AI_NoYellowLine.sli
1348739485
-
-
Splines\kelvin1324\1lanes_dro0r_4m.sli
1348739488
-
-
Splines\kelvin1324\1lanes_dro0r_4m_nopath.sli
1348739488
-
-
Splines\kelvin1324\1lanes_dro12r_4m_nopath.sli
1348739488
-
-
Splines\kelvin1324\1lanes_lro0r_4m_nopath.sli
1348739488
-
-
Splines\kelvin1324\2lanes_dro6r.sli
1348739488
-
-
Splines\kelvin1324\fence1_grey.sli
1348739488
-
-
Splines\kelvin1324\line_brokensingleline_cluster.sli
1348739488
-
-
Splines\kelvin1324\line_plaind2r_cross_d2.sli
1348739489
-
-
Splines\kelvin1324\line_singleline.sli
1348739489
-
-
Splines\M3_Spline\line_GV.sli
1177328550
-
-
Splines\Map E31\1way_1line_bridge_a_NLH.sli
1385193169
-
-
Splines\Map E31\1way_1line_bridge_a_NLH_nobarrier.sli
1385213019
-
-
Splines\Map E31\1way_2line_highway_nobar_NLH.sli
1385325189
-
-
Splines\Map E31\2way_2x2line_a_noped_NLH.sli
1385268363
-
-
Splines\Map E31\highway_acon_NLH.sli
1365805789
-
-
Splines\taxidriverhk_nopaths\0lane_splineforbarrier.sli
1090273352
-
-
Vehicles\Lexus_CT200h\Parked_lexus_ct200h.sco
1330843066
1385658468
-1
Vehicles\Toyota_Alphard\Parked_alphard.sco
1282691193
1385658225
-1
Sceneryobjects\3dtranstudio\bridge_pier.sco
1056467393
1056467393
-1
