Sceneryobjects\3dtranstudio\hkstreet\ground_busstop1.sco
1063459043
1063459043
-1
Sceneryobjects\3dtranstudio\safe.sco
1053208753
1053208753
-1
Sceneryobjects\Buildings_MC\bw_hoch_12.sco
1196580376
1196580376
-1
Sceneryobjects\Busstops_HK\Bus_hut_temp_green.sco
1079549560
1079549560
-1
Sceneryobjects\Generic\car_park.sco
1196580424
1196580424
-1
Sceneryobjects\Generic\routearrow_dn.sco
1196580385
1196580385
-1
Sceneryobjects\Generic\routearrow_L.sco
1196580396
1196580396
-1
Sceneryobjects\Generic\routearrows_busstop.sco
1196580396
1196580396
-1
Sceneryobjects\H-Studio Object\Column_b_grey.sco
1110784253
1110784253
-1
Sceneryobjects\SS_HKTrafficSign\SS_Pole_Grey.sco
1051658064
1051658064
-1
Sceneryobjects\SS_HKTrafficSign\SS_Pole_Red.sco
1051658066
1051658066
-1
Sceneryobjects\SS_HKTrafficSign\SS_Pole_Yellow.sco
1051658063
1051658063
-1
Sceneryobjects\SS_HKTrafficSign\SS_Sign_GiveWay.sco
1053072933
1053072933
-1
Sceneryobjects\SS_HKTrafficSign\SS_Sign_L_Right.sco
1063680578
1063680578
-1
Sceneryobjects\SS_HKTrafficSign\SS_Sign_MergeTraRight.sco
1053073239
1053073239
-1
Sceneryobjects\SS_HKTrafficSign\SS_Sign_N_NoStop24.sco
1053073489
1053073489
-1
Sceneryobjects\SS_HKTrafficSign\SS_Sign_N_NoStop24C.sco
1053073494
1053073494
-1
Sceneryobjects\SS_HKTrafficSign\SS_Sign_N_NoStop712.sco
1053073523
1053073523
-1
Sceneryobjects\SS_HKTrafficSign\SS_Sign_N_NoStop712C.sco
1053073524
1053073524
-1
Sceneryobjects\SS_HKTrafficSign\SS_Sign_N_NoStop77.sco
1053073516
1053073516
-1
Sceneryobjects\SS_HKTrafficSign\SS_Sign_N_NoStop77C.sco
1053073520
1053073520
-1
Sceneryobjects\SS_HKTrafficSign\SS_Sign_NoEntry.sco
1053073669
1053073669
-1
Sceneryobjects\SS_HKTrafficSign\SS_Sign_NoLeftTurn.sco
1053073606
1053073606
-1
Sceneryobjects\SS_HKTrafficSign\SS_Sign_NoPed.sco
1053073633
1053073633
-1
Sceneryobjects\SS_HKTrafficSign\SS_Sign_NoPedCyc.sco
1053073640
1053073640
-1
Sceneryobjects\SS_HKTrafficSign\SS_Sign_Spd50.sco
1053074265
1053074265
-1
Sceneryobjects\SS_HKTrafficSign\SS_Sign_TurnLeft.sco
1053074420
1053074420
-1
Sceneryobjects\Streetobjects_RUE\sodiumlight_2L_break_L.sco
1196580395
1196580395
-1
Sceneryobjects\Streetobjects_RUE\sodiumlight_L_break_L.sco
1196580395
1196580395
-1
Sceneryobjects\taxidriverhk_hkwk_lite\fence_1.sco
1226588946
1226588946
-1
Sceneryobjects\taxidriverhk_hkwk_lite\fence_2.sco
1226589147
1226589147
-1
Sceneryobjects\taxidriverhk_hkwk_lite\hunghom_construction_component_14.sco
1291264289
1291264289
-1
Sceneryobjects\taxidriverhk_hkwk_lite\hunghom_construction_component_5.sco
1291264289
1291264289
-1
Sceneryobjects\taxidriverhk_hkwk_lite\hunghom_harbourplace.sco
1291264079
1291264079
-1
Sceneryobjects\taxidriverhk_hkwk_lite\hunghom_hunghom-and-hunghomsouth.sco
1291264178
1291264178
-1
Sceneryobjects\taxidriverhk_hkwk_lite\hunghom_hunghomsouth_surfacemark.sco
1291264289
1291264289
-1
Sceneryobjects\taxidriverhk_hkwk_lite\hunghom_hunghomsouth-and-hunglai.sco
1291264178
1291264178
-1
Sceneryobjects\taxidriverhk_hkwk_lite\hunghomsouth_24.sco
1291264079
1291264079
-1
Sceneryobjects\taxidriverhk_hkwk_lite\palmtree.sco
1291016771
1291016771
-1
Sceneryobjects\taxidriverhk_hkwk_lite\signage_hunghom_17.sco
1291264439
1291264439
-1
Sceneryobjects\taxidriverhk_hkwk_lite\signage_hunghom_18.sco
1291264439
1291264439
-1
Sceneryobjects\taxidriverhk_hkwk_lite\signage_hunghom_19.sco
1291264439
1291264439
-1
Sceneryobjects\taxidriverhk_hkwk_lite\signage_hunghom_20.sco
1291264439
1291264439
-1
Sceneryobjects\taxidriverhk_hkwk_lite\signage_hunghom_21.sco
1291264439
1291264439
-1
Sceneryobjects\taxidriverhk_hkwk_lite\signage_hunghom_22.sco
1291264439
1291264439
-1
Sceneryobjects\taxidriverhk_hkwk_lite\signage_hunghom_4.sco
1291264439
1291264439
-1
Sceneryobjects\taxidriverhk_hkwk_lite\signage_hunghom_5.sco
1291264439
1291264439
-1
Sceneryobjects\taxidriverhk_hkwk_lite\signage_hunghom_6.sco
1291264439
1291264439
-1
Sceneryobjects\taxidriverhk_hkwk_lite\surfacemark_merge_right.sco
1291016904
1291016904
-1
Sceneryobjects\taxidriverhk_hkwk_lite\whampoa_palm_tree.sco
1291264289
1291264289
-1
Sceneryobjects\taxidriverhk_hkwk_lite\whampoa_pole.sco
1291264289
1291264289
-1
Sceneryobjects\taxidriverhk_hkwk_lite\whampoa_site1_block.sco
1291264079
1291264079
-1
Sceneryobjects\taxidriverhk_hkwk_lite\whampoa_site3.sco
1291264079
1291264079
-1
Sceneryobjects\taxidriverhk_hkwk_lite\whampoa_site3_block.sco
1291264079
1291264079
-1
Sceneryobjects\taxidriverhk_hkwk_lite\whampoa_site4.sco
1291264079
1291264079
-1
Sceneryobjects\taxidriverhk_hkwk_lite\whampoa_site4_block.sco
1291264079
1291264079
-1
Sceneryobjects\Traffic_Light_HK_FF3170\Teletech_car_standard.sco
1162295706
1162295706
-1
Sceneryobjects\Traffic_Light_HK_FF3170\Teletech_car_standard_L.sco
1165114929
1165114929
-1
Sceneryobjects\Traffic_Light_HK_FF3170\Teletech_car_standard_RM.sco
1162295713
1162295713
-1
Sceneryobjects\Traffic_Light_HK_FF3170\Teletech_P_LM.sco
1165112042
1165112042
-1
Sceneryobjects\Traffic_Light_HK_FF3170\Teletech_P_RM.sco
1165112052
1165112052
-1
Sceneryobjects\Trees_MC\shrubbery_01_10.sco
1196580395
1196580395
-1
Sceneryobjects\Trees_MC\shrubbery_01_20.sco
1196580395
1196580395
-1
Sceneryobjects\Trees_MC\shrubbery_04_05.sco
1196580420
1196580420
-1
Sceneryobjects\Trees_MC\shrubbery_04_10.sco
1196580395
1196580395
-1
Sceneryobjects\Trees_MC\shrubbery_04_20.sco
1196580397
1196580397
-1
Sceneryobjects\Trees_MC\tree_medium_05.sco
1196580407
1196580407
-1
Sceneryobjects\Trees_MC\tree_medium_06.sco
1196580429
1196580429
-1
Sceneryobjects\Trees_MC\tree_medium_09.sco
1196580402
1196580402
-1
Sceneryobjects\Trees_MC\Tree_Small_06.sco
1196580460
1196580460
-1
Sceneryobjects\Trees_MC\Tree_Small_07.sco
1196580407
1196580407
-1
Sceneryobjects\Verkehrszeichen_MC\Mast_Ampel_klein_1.sco
1196580402
1196580402
-1
Sceneryobjects\Verkehrszeichen_MC\VZ_surfmark_arrow_L.sco
1196580470
1196580470
-1
Sceneryobjects\Verkehrszeichen_MC\VZ_surfmark_arrow_R.sco
1196580407
1196580407
-1
Sceneryobjects\Verkehrszeichen_MC\VZ_surfmark_arrow_S.sco
1196580400
1196580400
-1
Sceneryobjects\Verkehrszeichen_MC\VZ_surfmark_arrow_SL.sco
1196580429
1196580429
-1
Splines\Marcel\invis_street.sli
1196580442
-
-
Splines\Marcel\str_0spur_7m.sli
1054705142
-
-
Splines\taxidriverhk\1lane_pedonly.sli
1090611022
-
-
Splines\taxidriverhk\1lane_pedonly_nocurb.sli
1126843392
-
-
Splines\taxidriverhk\2lanes_noped_doublewhiteline.sli
1115058278
-
-
Splines\taxidriverhk\2lanes_oneway_noped.sli
1090215393
-
-
Splines\taxidriverhk\2lanes_wcurbnoped_half.sli
1090406584
-
-
Splines\taxidriverhk\2lanes_wstonebarriernoped_half.sli
1090352515
-
-
Splines\taxidriverhk\3lanes_oneway_noped_narrow.sli
1090216699
-
-
Splines\taxidriverhk\3lanes_wcurbnoped_half.sli
1094000376
-
-
Splines\taxidriverhk\3lanes_wstonebarriernoped_half.sli
1090858491
-
-
Splines\taxidriverhk\4lanes_wstonebarriernoped_half.sli
1090352506
-
-
Splines\taxidriverhk_nopaths\0lane_barbedwire.sli
1183916154
-
-
Splines\taxidriverhk_nopaths\0lane_barrierfornathan.sli
1089613101
-
-
Splines\taxidriverhk_nopaths\0lane_barrierfornathan_2_half.sli
1089954807
-
-
Splines\taxidriverhk_nopaths\0lane_chathamroad_flyover_curbonly.sli
1211249990
-
-
Splines\taxidriverhk_nopaths\0lane_construction.sli
1133739488
-
-
Splines\taxidriverhk_nopaths\0lane_doublewhiteline.sli
1200840106
-
-
Splines\taxidriverhk_nopaths\0lane_doublewhiteline_onesidebroken.sli
1200840101
-
-
Splines\taxidriverhk_nopaths\0lane_doubleyellowline.sli
1122646158
-
-
Splines\taxidriverhk_nopaths\0lane_grasscover.sli
1095463017
-
-
Splines\taxidriverhk_nopaths\0lane_grasscover_narrow.sli
1190618515
-
-
Splines\taxidriverhk_nopaths\0lane_hunghomroadtunnel.sli
1210472294
-
-
Splines\taxidriverhk_nopaths\0lane_pedonly.sli
1086949679
-
-
Splines\taxidriverhk_nopaths\0lane_pedonly_concrete.sli
1122450006
-
-
Splines\taxidriverhk_nopaths\0lane_pedonly_concrete_narrow.sli
1126528552
-
-
Splines\taxidriverhk_nopaths\0lane_pedonly_concrete_narrow_nocurb.sli
1126529296
-
-
Splines\taxidriverhk_nopaths\0lane_pedonly_concrete_nocurb.sli
1143154397
-
-
Splines\taxidriverhk_nopaths\0lane_pedonly_narrow.sli
1133549820
-
-
Splines\taxidriverhk_nopaths\0lane_pedonly_nocurb.sli
1126843386
-
-
Splines\taxidriverhk_nopaths\0lane_pedonly_nocurb_wide.sli
1184136138
-
-
Splines\taxidriverhk_nopaths\0lane_road_15mwide.sli
1133782256
-
-
Splines\taxidriverhk_nopaths\0lane_singlebrokenline_nonfrequent.sli
1197087091
-
-
Splines\taxidriverhk_nopaths\0lane_singlebrokenwhiteline.sli
1123559112
-
-
Splines\taxidriverhk_nopaths\0lane_singlebrokenwhiteline_frequent.sli
1126528520
-
-
Splines\taxidriverhk_nopaths\0lane_singlewhiteline.sli
1122646063
-
-
Splines\taxidriverhk_nopaths\0lane_singleyellowline.sli
1122646105
-
-
Splines\taxidriverhk_nopaths\0lane_wstonebarriernoped.sli
1194539413
-
-
