Sceneryobjects\48x\WayleeIndustrialCentre_.sco
1253881080
1253881080
-1
Sceneryobjects\Busstops_HK\people_standing_narrow.sco
1352925428
1352925428
-1
Sceneryobjects\CDLX\KMB\BusHutAluminium.sco
1301972251
1301972251
-1
Sceneryobjects\CDLX\KMB\Helper2x2.sco
1286053976
1286053976
-1
Sceneryobjects\Generic\bus_stop.sco
1210215889
1210215889
-1
Sceneryobjects\Trees_MC\RHD_tree_large_03.sco
1097248121
1097248121
-1
Splines\3dtranstudio\2spur_11m_altonaer_d_noped.sli
1335606245
-
-
Splines\3dtranstudio\pedonly_a.sli
1353727366
-
-
Splines\3dtranstudio\str_0spur_7m_hk.sli
1353727366
-
-
Splines\kelvin1324\fence1_grey.sli
1358084236
-
-
Splines\kelvin1324\fence5_grey.sli
1358084236
-
-
Splines\M3_Spline\line_GV.sli
1312790127
-
-
Splines\taxidriverhk_nopaths\0lane_pedonly_nocurb_wide.sli
1353727451
-
-
Sceneryobjects\3dtranstudio\hkstreet\ground_busstop1.sco
1063489763
1063489763
-1
