Sceneryobjects\Map E31\Twcros1.sco
1428915036
1428915036
-1
Splines\3dtranstudio\2line_1way.sli
1353727365
-
-
Splines\3dtranstudio\str_0spur_2m_hk.sli
1353727366
-
-
Splines\CDLX\Misc\bolHigh_rail.sli
1286472883
-
-
Splines\CDLX\Misc\whiteline_asphalt_patch_narrow.sli
1368620166
-
-
Splines\CDLX\TsuenWanRd\TsuenWanRd_TaiChungRdEnt_EB_2_nopath.sli
1428836392
-
-
Splines\kelvin1324\2lanes_dro6r.sli
1358084235
-
-
Splines\taxidriverhk\0lane_pedonly_concrete_narrow.sli
1353727447
-
-
Sceneryobjects\taxidriverhk_hkwk_lite\chatham_crash_barrier_pole.sco
1291264289
1291264289
-1
Sceneryobjects\Trees_MC\tree_large_06.sco
1181629460
1181629460
-1
Splines\taxidriverhk_nopaths\0lane_crash_barrier.sli
1353727451
-
-
