Sceneryobjects\3dtranstudio\hkstreet\RHD_ground_busstop5.sco
1312789600
1312789600
-1
Sceneryobjects\Busstops_HK\CTB_busstop_numplate1_blue.sco
1312789642
1312789642
-1
Sceneryobjects\Busstops_HK\CTB_busstop_route_plateX2.sco
1085489519
1085489519
-1
Sceneryobjects\Busstops_HK\people_standing_narrow.sco
1351811226
1351811226
-1
Sceneryobjects\CDLX\KMB\LWB4NoBase.sco
1351811259
1351811259
-1
Sceneryobjects\Generic\bus_stop.sco
1351774414
1351774414
-1
Sceneryobjects\S1\Bus Stop\Shelter\1.sco
1185459353
1185459353
-1
Sceneryobjects\Trees_MC\RHD_tree_large_01.sco
1312789895
1312789895
-1
Sceneryobjects\Trees_MC\RHD_tree_large_05.sco
1312789895
1312789895
-1
Splines\3dtranstudio\2spur_7m_altonaer_d_noped.sli
1348648301
-
-
Splines\3dtranstudio\invis_street.sli
999109838
-
-
Splines\3dtranstudio\invis_street_2spur.sli
1222330849
-
-
Splines\3dtranstudio\pedonly_a - 4mtstrd.sli
1348665447
-
-
Splines\3dtranstudio\pedonly_a - 5mgras.sli
1348648757
-
-
Splines\3dtranstudio\str_0spur_234m water.sli
1331198179
-
-
Splines\3dtranstudio\str_0spur_40m_hk.sli
1192832538
-
-
Splines\3dtranstudio\str_0spur_4m_hk.sli
1065025632
-
-
Splines\gg_LHT\hillwall03.sli
1099479638
-
-
Splines\taxidriverhk_nopaths\0lane_doublewhiteline - a.sli
1335646842
-
-
Sceneryobjects\3dtranstudio\hkstreet\ground_busstop1.sco
1312789596
1312789596
-1
Sceneryobjects\GG2Signs\gg2_ads_with_light.sco
1126936681
1126936681
-1
Sceneryobjects\GG2Signs\gg2_large_sign_with_lights.sco
1121495591
1121495591
-1
Sceneryobjects\ggplanes\a340-300-cx.sco
1152473192
1152473192
-1
Sceneryobjects\Map E31\dhlwall.sco
1348666113
1348666113
-1
Sceneryobjects\Map E31\faketreea.sco
1347126929
1347126929
-1
Sceneryobjects\Trees_MC\RHD_tree_large_03.sco
1312789895
1312789895
-1
Splines\3dtranstudio\str_0spur_7m_hk.sli
1065008832
-
-
Splines\taxidriverhk_nopaths\0lane_pedonly_concrete_nocurb.sli
1143154397
-
-
Splines\taxidriverhk_nopaths\taxidriverhk_nopaths\taxidriverhk_nopaths\taxidriverhk_nopaths\0lane_splineforbarrier.sli
1312790262
-
-
Sceneryobjects\Generic\routearrow_L_dyn.sco
1351774415
1351774415
-1
Sceneryobjects\Generic\routearrow_R_dyn.sco
1351774415
1351774415
-1
Sceneryobjects\Generic\entrypoint_bus.sco
1351774414
1351774414
-1
Sceneryobjects\Generic\routearrows_busstop.sco
1351774415
1351774415
-1
Sceneryobjects\S1\Bus Stop\CTB S52 S52P\1.sco
1347185409
1347185409
-1
Sceneryobjects\Generic\routearrow_dn_dyn.sco
1351774415
1351774415
-1
Splines\kelvin1324\fence1_grey.sli
1348739488
-
-
