Sceneryobjects\Generic\entrypoint_bus.sco
1210215900
1210215900
-1
Sceneryobjects\M3 Traffic Light AI\1Av_1St_1_Car1.sco
1345259634
1345259634
-1
Sceneryobjects\taxidriverhk\island_small.sco
1291016761
1291016761
-1
Sceneryobjects\taxidriverhk_for_ssp_csw_lck_mf\cp_1.sco
1161324336
1161324336
-1
Sceneryobjects\taxidriverhk_for_ssp_csw_lck_mf\cp_64.sco
1161324336
1161324336
-1
Sceneryobjects\taxidriverhk_for_taipo_uc_cp\skm_est_1.sco
1192240578
1192240578
-1
Sceneryobjects\taxidriverhk_for_taipo_uc_cp\skm_meiho.sco
1192240577
1192240577
-1
Sceneryobjects\Trees_MC\RHD_shrubbery_01_10.sco
1097248121
1097248121
-1
Sceneryobjects\UKDT\iomex\Flora 3\Basswood Tree 1.sco
1280485216
1280485216
-1
Sceneryobjects\UKDT\iomex\Flora 3\Bullet Tree 1.sco
1280485216
1280485216
-1
Sceneryobjects\UKDT\iomex\Flora 3\Green Leaf Tree 1.sco
1280485216
1280485216
-1
Sceneryobjects\UKDT\iomex\Flora 3\White Pine 1.sco
1280485216
1280485216
-1
Splines\HKSAR_Marcel\invis_street.sli
1177328544
-
-
Splines\kelvin1324\0lane_path_4m_AI_NoYellowLine.sli
1512881398
-
-
Splines\kelvin1324\0lane_path-ped5_4m_AI_NoYellowLine.sli
1515499154
-
-
Splines\kelvin1324\0lane_path-ped5_4m_fence1_AI_NoYellowLine.sli
1358084233
-
-
Splines\M3_Spline\P_crossing.sli
1312790127
-
-
Splines\Splines\kelvin1324\fence1_lightblue.sli
1248568135
-
-
Splines\taxidriverhk\0lane_pedonly_concrete_narrow.sli
1353727447
-
-
Splines\taxidriverhk\0lane_pedonly_concrete_nocurb.sli
1353727447
-
-
Splines\taxidriverhk\1lane_pedonly.sli
1353727447
-
-
Splines\taxidriverhk\1lane_roadonly.sli
1353727447
-
-
Splines\taxidriverhk\2lanes_noped.sli
1353727447
-
-
Splines\taxidriverhk\2lanes_noped_verywide_doublewhiteline.sli
1353727447
-
-
Splines\taxidriverhk\2lanes_oneway_noped.sli
1353727447
-
-
Splines\taxidriverhk\2lanes_wbarriernoped_half.sli
1353727448
-
-
Splines\taxidriverhk\3lanes_oneway_noped_narrow.sli
1353727448
-
-
Splines\taxidriverhk\4lanes_oneway_noped_narrow.sli
1353727448
-
-
Splines\taxidriverhk\4lanes_wbarriernoped_half.sli
1353727448
-
-
Splines\taxidriverhk_nopaths\0lane_construction.sli
1353727451
-
-
Splines\taxidriverhk_nopaths\0lane_pedonly_concrete_narrow_nocurb.sli
1353727451
-
-
Splines\taxidriverhk_nopaths\0lane_pedonly_concrete_nocurb_wide.sli
1353727451
-
-
Splines\taxidriverhk_nopaths\0lane_retainingwall.sli
1353727451
-
-
Splines\taxidriverhk_nopaths\0lane_road_15mwide.sli
1353727451
-
-
Splines\taxidriverhk_nopaths\0lane_road_8mwide.sli
1161073352
-
-
Splines\taxidriverhk_nopaths\0lane_wbarrier.sli
1353727451
-
-
Splines\taxidriverhk_nopaths\1lane_pedonly_concrete.sli
1095543106
-
-
Splines\kelvin1324\fence1_lightblue.sli
1358084236
-
-
