Sceneryobjects\3dtranstudio\hkstreet\ground_busstop3.sco
1063459051
1063459051
-1
Sceneryobjects\3dtranstudio\hkstreet\ground_busstop4.sco
1063459056
1063459056
-1
Sceneryobjects\3dtranstudio\hkstreet\ground_busstop5.sco
1063460071
1063460071
-1
Sceneryobjects\Busstops_HK\Bus_hut_temp_green.sco
1079549560
1079549560
-1
Sceneryobjects\CDLX\KMB\BusHutAluminium.sco
1351837291
1351837291
-1
Sceneryobjects\CDLX\KMB\NewLollipop2x2NoBase.sco
1351837291
1351837291
-1
Sceneryobjects\Generic\entrypoint_bus.sco
1196580385
1196580385
-1
Sceneryobjects\HKbus\ateu.sco
1064605890
1064605890
-1
Sceneryobjects\HKbus\avbwu.sco
1081804577
1081804577
-1
Sceneryobjects\kelvin1324_Buildings\fs_NF191_bridge_pillar_.sco
1351837303
1351837303
-1
Sceneryobjects\M3 Traffic Light AI\4Av_1_Car1.sco
1177328359
1177328359
-1
Sceneryobjects\M3 Traffic Light AI\4Av_1_Car2.sco
1177328359
1177328359
-1
Sceneryobjects\M3 Traffic Light AI\4Av_1_Car3.sco
1177328359
1177328359
-1
Sceneryobjects\M3 Traffic Light AI\4Av_1_Car4.sco
1177328359
1177328359
-1
Sceneryobjects\Map E31\Tyebs.sco
1424598755
1424598755
-1
Sceneryobjects\taxidriverhk\island_small.sco
1160716577
1160716577
-1
Sceneryobjects\taxidriverhk_busstop\bushut_1980_large_2.sco
1291017218
1291017218
-1
Sceneryobjects\taxidriverhk_busstop\bushut_1990.sco
1291017218
1291017218
-1
Splines\3dtranstudio\2line_1way.sli
1132015050
-
-
Splines\3dtranstudio\2way_2x2line_b.sli
1168092149
-
-
Splines\3dtranstudio\invis_street.sli
999109838
-
-
Splines\3dtranstudio\invis_street_2spur.sli
1222330849
-
-
Splines\3dtranstudio\ped_nopath_10m.sli
1193166930
-
-
Splines\3dtranstudio\pedonly_a.sli
1133908595
-
-
Splines\3dtranstudio\str_0spur_2m_gras.sli
1358858620
-
-
Splines\3dtranstudio\str_0spur_4m_hk.sli
1065025632
-
-
Splines\3dtranstudio\str_0spur_7m_hk.sli
1065008832
-
-
Splines\CDLX\Misc\KeepClearLineR.sli
1286480231
-
-
Splines\CDLX\Misc\whiteline.sli
1286433570
-
-
Splines\kelvin1324\0lane_barrier2_slope.sli
1351837344
-
-
Splines\kelvin1324\0lane_barrier2_slope_2.5m.sli
1351837344
-
-
Splines\kelvin1324\1lanes_lro0r_5m_nopath.sli
1351837345
-
-
Splines\kelvin1324\fence1_grey.sli
1351837345
-
-
Splines\kelvin1324\fence2_grey.sli
1351837345
-
-
Splines\kelvin1324\line_brokensingleline.sli
1351837346
-
-
Splines\kelvin1324\line_brokensingleline_cluster.sli
1351837346
-
-
Splines\kelvin1324\line_brokensingleline_short.sli
1351837346
-
-
Splines\kelvin1324\line_doubleline.sli
1351837346
-
-
Splines\M3_Spline\P_crossing.sli
1177328550
-
-
Splines\Map E31\fencelk2.sli
1360308474
-
-
Splines\Map E31\fencetye1.sli
1427918645
-
-
Splines\Map E31\fencetye2.sli
1427918629
-
-
Splines\Map E31\fencetye3.sli
1427918190
-
-
Splines\Map E31\tycbridge.sli
1428376428
-
-
Splines\Map E31\tydbridge.sli
1428376431
-
-
Splines\Map E31\tyebar.sli
1427462609
-
-
Splines\Map E31\tyewalla.sli
1427467759
-
-
Splines\taxidriverhk\0lane_pedonly_nocurb.sli
1126796282
-
-
Splines\taxidriverhk_nopaths\0lane_barriercover_narrow.sli
1133740711
-
-
Splines\taxidriverhk_nopaths\0lane_pedonly_narrow_nocurb.sli
1358174330
-
-
Splines\taxidriverhk_nopaths\0lane_tsuiyu_barrier.sli
1182428549
-
-
Vehicles\Isuzu_N_Series\Parked_isuzu_npr.sco
1330708656
1345660687
-1
Vehicles\Scania_P_Series\Parked_scania_p410.sco
1344942758
1345596473
-1
Vehicles\Tesla_Model_S\Parked_model_s.sco
1283158082
1324727649
-1
Splines\taxidriverhk_nopaths\0lane_pedonly_concrete_nocurb_wide.sli
1251169457
-
-
Vehicles\Lexus_CT200h\Parked_lexus_ct200h.sco
1330843066
1325036851
-1
Vehicles\Tesla_Model_X\Parked_model_x.sco
1283158082
1324849160
-1
Vehicles\Toyota_Alphard\Parked_alphard.sco
1282691193
1330882214
-1
Vehicles\Toyota_Crown\Toyota_parked_Crown_urban.sco
1187578048
1187691381
-1
Vehicles\Toyota_Echoverso\Toyota_parked_Echoverso.sco
1029800536
1082232855
-1
Vehicles\Toyota_Noah\Toyota_parked_Noah.sco
1245322375
1245448916
-1
Vehicles\Toyota_Prius\Parked_prius_xw30.sco
1322597637
1324694340
-1
Sceneryobjects\Busstops_HK\people_standing_narrow.sco
1067410857
1067410857
-1
Sceneryobjects\Generic\bus_stop.sco
1196580392
1196580392
-1
Sceneryobjects\Streetobjects_RUE\single_pole.sco
1196580461
1196580461
-1
Sceneryobjects\Traffic_Light_HK_FF3170\Teletech_car_large.sco
1165108835
1165108835
-1
Sceneryobjects\Trees_MC\RHD_tree_large_03.sco
1097248121
1097248121
-1
Sceneryobjects\Trees_MC\RHD_tree_medium_06.sco
1097248121
1097248121
-1
Sceneryobjects\Trees_MC\RHD_tree_medium_07.sco
1097248122
1097248122
-1
Sceneryobjects\Trees_MC\RHD_Tree_Small_01.sco
1097248122
1097248122
-1
Sceneryobjects\Trees_MC\RHD_Tree_Small_07.sco
1097248122
1097248122
-1
Sceneryobjects\Trees_MC\tree_medium_02.sco
1196580467
1196580467
-1
