Sceneryobjects\3dtranstudio\hkstreet\ground_busstop1.sco
1063489763
1063489763
-1
Sceneryobjects\3dtranstudio\hkstreet\ground_busstop3.sco
1063489771
1063489771
-1
Sceneryobjects\3dtranstudio\hkstreet\ground_busstop4.sco
1063489776
1063489776
-1
Sceneryobjects\3dtranstudio\safe.sco
1053255857
1053255857
-1
Sceneryobjects\Busstops_HK\people_standing_narrow.sco
1352925428
1352925428
-1
Sceneryobjects\Generic\bus_stop.sco
1210215889
1210215889
-1
Sceneryobjects\Generic\car_park.sco
1210215900
1210215900
-1
Sceneryobjects\Generic\routearrow_dn.sco
1210215877
1210215877
-1
Sceneryobjects\Generic\routearrows_busstop.sco
1210216053
1210216053
-1
Sceneryobjects\SS_HKTrafficSign\SS_Pole_Green.sco
1051658049
1051658049
-1
Sceneryobjects\SS_HKTrafficSign\SS_Pole_Grey.sco
1051658064
1051658064
-1
Sceneryobjects\SS_HKTrafficSign\SS_Pole_Yellow.sco
1051658063
1051658063
-1
Sceneryobjects\SS_HKTrafficSign\SS_Sign_AheadOnly.sco
1053070980
1053070980
-1
Sceneryobjects\SS_HKTrafficSign\SS_Sign_N_NoStop24.sco
1053073489
1053073489
-1
Sceneryobjects\SS_HKTrafficSign\SS_Sign_N_NoStop712C.sco
1053073524
1053073524
-1
Sceneryobjects\SS_HKTrafficSign\SS_Sign_N_NoStop712CLightBus.sco
1053073531
1053073531
-1
Sceneryobjects\SS_HKTrafficSign\SS_Sign_N_NoStop712LightBus.sco
1053073540
1053073540
-1
Sceneryobjects\SS_HKTrafficSign\SS_Sign_N_NoStop81057.sco
1053073581
1053073581
-1
Sceneryobjects\SS_HKTrafficSign\SS_Sign_N_NoStop81057C.sco
1053073584
1053073584
-1
Sceneryobjects\SS_HKTrafficSign\SS_Sign_N_NoStopEnd.sco
1053073432
1053073432
-1
Sceneryobjects\SS_HKTrafficSign\SS_Sign_N_NoStopEndLightBus.sco
1053073420
1053073420
-1
Sceneryobjects\SS_HKTrafficSign\SS_Sign_NoEntry.sco
1053073669
1053073669
-1
Sceneryobjects\SS_HKTrafficSign\SS_Sign_NoLeftTurn.sco
1053073606
1053073606
-1
Sceneryobjects\SS_HKTrafficSign\SS_Sign_NoRightTurn.sco
1053073650
1053073650
-1
Sceneryobjects\SS_HKTrafficSign\SS_Sign_PedAhead.sco
1053073873
1053073873
-1
Sceneryobjects\Streetobjects_RUE\sodiumlight_2L_break_L.sco
1031241799
1031241799
-1
Sceneryobjects\Streetobjects_RUE\sodiumlight_L_break_L.sco
1031241524
1031241524
-1
Sceneryobjects\taxidriverhk_hkwk_lite\busstop_fence2.sco
1291017218
1291017218
-1
Sceneryobjects\taxidriverhk_hkwk_lite\busstop_fence3.sco
1291017218
1291017218
-1
Sceneryobjects\taxidriverhk_hkwk_lite\busstop_newplate.sco
1291262927
1291262927
-1
Sceneryobjects\taxidriverhk_hkwk_lite\busstop_stone.sco
1291017218
1291017218
-1
Sceneryobjects\taxidriverhk_hkwk_lite\cp_100.sco
1291017892
1291017892
-1
Sceneryobjects\taxidriverhk_hkwk_lite\cp_121.sco
1291017892
1291017892
-1
Sceneryobjects\taxidriverhk_hkwk_lite\cp_128.sco
1291017893
1291017893
-1
Sceneryobjects\taxidriverhk_hkwk_lite\cp_181.sco
1291017895
1291017895
-1
Sceneryobjects\taxidriverhk_hkwk_lite\cp_castlepeak-and-camp.sco
1291017898
1291017898
-1
Sceneryobjects\taxidriverhk_hkwk_lite\cp_castlepeak-and-kiukiang.sco
1291017899
1291017899
-1
Sceneryobjects\taxidriverhk_hkwk_lite\cp_castlepeak-and-pratas.sco
1291017900
1291017900
-1
Sceneryobjects\taxidriverhk_hkwk_lite\cp_precious.sco
1291017904
1291017904
-1
Sceneryobjects\taxidriverhk_hkwk_lite\csw_clp.sco
1291017921
1291017921
-1
Sceneryobjects\taxidriverhk_hkwk_lite\csw_csw-and-camp.sco
1291017922
1291017922
-1
Sceneryobjects\taxidriverhk_hkwk_lite\endofbarrierfortrees.sco
1291016857
1291016857
-1
Sceneryobjects\taxidriverhk_hkwk_lite\fence_1.sco
1226588946
1226588946
-1
Sceneryobjects\taxidriverhk_hkwk_lite\fence_2.sco
1226589147
1226589147
-1
Sceneryobjects\taxidriverhk_hkwk_lite\uc_122.sco
1291018555
1291018555
-1
Sceneryobjects\taxidriverhk_hkwk_lite\uc_153.sco
1291018554
1291018554
-1
Sceneryobjects\taxidriverhk_hkwk_lite\uc_213.sco
1291018553
1291018553
-1
Sceneryobjects\taxidriverhk_hkwk_lite\uc_221.sco
1291018486
1291018486
-1
Sceneryobjects\Traffic_Light_HK_FF3170\Teletech_car_standard.sco
1162295706
1162295706
-1
Sceneryobjects\Traffic_Light_HK_FF3170\Teletech_car_standard_L.sco
1165114928
1165114928
-1
Sceneryobjects\Traffic_Light_HK_FF3170\Teletech_car_standard_L_LM.sco
1165115149
1165115149
-1
Sceneryobjects\Traffic_Light_HK_FF3170\Teletech_car_standard_LM.sco
1162295709
1162295709
-1
Sceneryobjects\Traffic_Light_HK_FF3170\Teletech_car_standard_R.sco
1165115080
1165115080
-1
Sceneryobjects\Traffic_Light_HK_FF3170\Teletech_car_standard_RM.sco
1162295713
1162295713
-1
Sceneryobjects\Traffic_Light_HK_FF3170\Teletech_car_standard_S.sco
1165115073
1165115073
-1
Sceneryobjects\Traffic_Light_HK_FF3170\Teletech_car_standard_S_RM.sco
1165115182
1165115182
-1
Sceneryobjects\Traffic_Light_HK_FF3170\Teletech_P.sco
1165111819
1165111819
-1
Sceneryobjects\Traffic_Light_HK_FF3170\Teletech_P_LM.sco
1165112042
1165112042
-1
Sceneryobjects\Traffic_Light_HK_FF3170\Teletech_P_RM.sco
1165112051
1165112051
-1
Sceneryobjects\Trees_MC\tree_medium_06.sco
1181629460
1181629460
-1
Sceneryobjects\Verkehrszeichen_MC\Mast_Ampel_klein_1.sco
979934881
979934881
-1
Sceneryobjects\Verkehrszeichen_MC\VZ_surfmark_arrow_L.sco
1042379771
1042379771
-1
Sceneryobjects\Verkehrszeichen_MC\VZ_surfmark_arrow_R.sco
1042454964
1042454964
-1
Sceneryobjects\Verkehrszeichen_MC\VZ_surfmark_arrow_S.sco
1042454965
1042454965
-1
Sceneryobjects\Verkehrszeichen_MC\VZ_surfmark_arrow_SL.sco
1042454967
1042454967
-1
Sceneryobjects\Verkehrszeichen_MC\VZ_surfmark_arrow_SR.sco
1042454971
1042454971
-1
Splines\Marcel\str_0spur_4m.sli
1054705313
-
-
Splines\taxidriverhk\1lane_pedonly.sli
1353727447
-
-
Splines\taxidriverhk\3lanes_oneway_noped.sli
1353727448
-
-
Splines\taxidriverhk\3lanes_wbarriernoped_half.sli
1353727448
-
-
Splines\taxidriverhk\4lanes_oneway_noped_narrow.sli
1353727448
-
-
Splines\taxidriverhk_nopaths\0lane_barrierfortrees.sli
1353727451
-
-
Splines\taxidriverhk_nopaths\0lane_doubleyellowline.sli
1353727451
-
-
Splines\taxidriverhk_nopaths\0lane_pedonly_concrete.sli
1353727451
-
-
Splines\taxidriverhk_nopaths\0lane_singlewhiteline.sli
1353727451
-
-
Splines\taxidriverhk_nopaths\0lane_singleyellowline.sli
1353727451
-
-
Vehicles\Toyota_Echoverso\Toyota_parked_Echoverso.sco
1029800536
1082232855
-1
Vehicles\Toyota_Hiace\Toyota_parked_Hiace.sco
1091747689
1091347828
-1
