Sceneryobjects\3dtranstudio\bridge_pier.sco
1056467393
1056467393
-1
Sceneryobjects\3dtranstudio\hkstreet\ground_slow.sco
1063473224
1063473224
-1
Sceneryobjects\Generic\routearrow_dn.sco
1210215877
1210215877
-1
Sceneryobjects\kelvin1324_Misc\bollard_HK_1_NoArrow_.sco
1351811377
1351811377
-1
Sceneryobjects\kelvin1324_Misc\bollard_HK_1_RightArrow_.sco
1351811377
1351811377
-1
Sceneryobjects\M3 Traffic Light AI\1Av_1St_1_Car1.sco
1345259634
1345259634
-1
Sceneryobjects\NG1604's object\50 kmh.sco
1084137798
1084137798
-1
Sceneryobjects\SS_HKTrafficSign\RHD_SS_Pole_Grey.sco
1051658064
1051658064
-1
Sceneryobjects\SS_HKTrafficSign\RHD_SS_Sign_L_Left.sco
1345259705
1345259705
-1
Sceneryobjects\SS_HKTrafficSign\RHD_SS_Sign_L_Right.sco
1345259705
1345259705
-1
Sceneryobjects\SS_HKTrafficSign\RHD_SS_Sign_NoEntry.sco
1053073669
1053073669
-1
Sceneryobjects\SS_HKTrafficSign\RHD_SS_Sign_Spd50.sco
1345259705
1345259705
-1
Sceneryobjects\SS_HKTrafficSign\SS_Pole_Grey.sco
1051658064
1051658064
-1
Sceneryobjects\SS_HKTrafficSign\SS_Sign_BendLeftAhead (2).sco
1345259694
1345259694
-1
Sceneryobjects\SS_HKTrafficSign\SS_Sign_Stop (2).sco
1345259694
1345259694
-1
Sceneryobjects\Streetobjects_RUE\sodiumlight_2L_break_L.sco
1031241799
1031241799
-1
Sceneryobjects\taxidriverhk\surfacemark_stop.sco
1291016919
1291016919
-1
Sceneryobjects\taxidriverhk_signage\signage_leftbend_singlearrow.sco
1291264439
1291264439
-1
Sceneryobjects\taxidriverhk_signage\signage_reducespeed_rightbend.sco
1291264439
1291264439
-1
Sceneryobjects\Trees_MC\RHD_shrubbery_01_10.sco
1097248121
1097248121
-1
Sceneryobjects\Trees_MC\RHD_tree_large_01.sco
1097248121
1097248121
-1
Sceneryobjects\Trees_MC\shrubbery_01_05.sco
1181629421
1181629421
-1
Sceneryobjects\Trees_MC\shrubbery_04_20_mod.sco
1312789896
1312789896
-1
Sceneryobjects\UKDT\iomex\Flora 3\Basswood Tree 1.sco
1280485216
1280485216
-1
Splines\213M_Splines_DYC\hillwall_PoTat.sli
1422025156
-
-
Splines\215x\rail_boxcut_concrete_1tr6m.sli
1353733506
-
-
Splines\CDLX\Misc\KeepClearArrow.sli
1286471801
-
-
Splines\CDLX\Misc\whiteline_asphalt_patch_narrow.sli
1368620166
-
-
Splines\HKBTS_Spline\ChingCheungRd\ChingCheungRd_3Lines1Way_whi_000_cone.sli
1353997680
-
-
Splines\HKBTS_Spline\KwaiChungRd_StartatKwaiFong\KwaiChungRd_2Lines1Way_conebridge0.5whitelineshortdotwhitline0.5bridgecone.sli
1349748072
-
-
Splines\HKSAR_Marcel\str_0spur_20m_gras.sli
1344760663
-
-
Splines\HKSAR_Marcel\str_0spur_22m.sli
1177328544
-
-
Splines\kelvin1324\0lane_path_4m_fence1_NoYellowLine.sli
1358084234
-
-
Splines\kelvin1324\0lane_path-ped5_2m.sli
1358084233
-
-
Splines\kelvin1324\fence2_grey.sli
1358084236
-
-
Splines\SaiKung\str_1spur_5m_bridge_rail_Anoai.sli
1179497810
-
-
Splines\TaiPoProject_Highway\1lanes_Tolo_PSK.sli
1358102678
-
-
Splines\TaiPoProject_Highway\Line_str_BrokenSingleLine.sli
1358102678
-
-
Splines\TaiPoProject_Highway\Line_str_DoubleWhiteLine.sli
1358102678
-
-
Splines\taxidriverhk\1lane_roadonly.sli
1353727447
-
-
Splines\taxidriverhk\1lane_salisburyroad_flyover.sli
1353727447
-
-
Splines\taxidriverhk\2lanes_noped.sli
1353727447
-
-
Splines\taxidriverhk\2lanes_oneway_noped.sli
1353727447
-
-
Splines\taxidriverhk\3lanes_oneway_noped_narrow.sli
1353727448
-
-
Splines\taxidriverhk\4lanes_oneway_bridge.sli
1353727448
-
-
Splines\taxidriverhk_nopaths\0lane_crash_barrier.sli
1353727451
-
-
Splines\taxidriverhk_nopaths\0lane_pedonly_concrete.sli
1353727451
-
-
Splines\taxidriverhk_nopaths\0lane_pedonly_concrete_narrow.sli
1353727451
-
-
Splines\taxidriverhk_nopaths\0lane_pedonly_concrete_narrow_nocurb.sli
1353727451
-
-
Splines\taxidriverhk_nopaths\0lane_pedonly_concrete_nocurb.sli
1353727451
-
-
Splines\taxidriverhk_nopaths\0lane_pedonly_concrete_nocurb_wide.sli
1353727451
-
-
Splines\taxidriverhk_nopaths\0lane_retainingwall_4.sli
1353727451
-
-
Splines\taxidriverhk_nopaths\0lane_road_15mwide.sli
1353727451
-
-
Splines\taxidriverhk_nopaths\0lane_road_7mwide.sli
1353727451
-
-
Splines\taxidriverhk_nopaths\0lane_singlewhiteline_thick.sli
1353727451
-
-
