Sceneryobjects\gg\highway_bridge5.sco
1112307504
1112307504
-1
Sceneryobjects\gg\highway_wall4.sco
1112307581
1112307581
-1
Sceneryobjects\Map E31\llb.sco
1356643901
1356643901
-1
Sceneryobjects\Map E31\llvc.sco
1356598893
1356598893
-1
Sceneryobjects\Map E31\llvcb.sco
1356622648
1356622648
-1
Sceneryobjects\taxidriverhk_hkwk_lite\chatham_crash_barrier_pole.sco
1291264289
1291264289
-1
Sceneryobjects\Trees_MC\RHD_tree_large_01.sco
1097248121
1097248121
-1
Sceneryobjects\Trees_MC\RHD_tree_large_02.sco
1097248121
1097248121
-1
Sceneryobjects\Trees_MC\RHD_tree_medium_08.sco
1097248122
1097248122
-1
Sceneryobjects\Trees_MC\tree_large_06.sco
1196580429
1196580429
-1
Splines\3dtranstudio\0lane_pedonly_gras_narrow.sli
1354150533
-
-
Splines\3dtranstudio\2line_1way.sli
1132015050
-
-
Splines\3dtranstudio\2way_2x3line_a_noped.sli
1134102699
-
-
Splines\3dtranstudio\3line_1way.sli
1134104275
-
-
Splines\3dtranstudio\highway_a.sli
1143750682
-
-
Splines\3dtranstudio\invis_street.sli
999109838
-
-
Splines\3dtranstudio\str_0spur_2m_hk.sli
1065008832
-
-
Splines\3dtranstudio\str_0spur_4m_hk.sli
1065025632
-
-
Splines\3dtranstudio\str_0spur_7m_gras.sli
1330907635
-
-
Splines\3dtranstudio\str_0spur_7m_hk.sli
1065008832
-
-
Splines\CDLX\Misc\bolHigh_rail.sli
1286472883
-
-
Splines\CDLX\Misc\KeepClearArrow.sli
1286471801
-
-
Splines\CDLX\Misc\whiteline.sli
1286433570
-
-
Splines\CDLX\Misc\whiteline_asphalt_patch.sli
1287285058
-
-
Splines\CDLX\TsuenWanRd\TsuenWanRd_HoiKwaiRd.sli
1286478280
-
-
Splines\gg_LHT\gg_LHT\RQ_28_EntryExit_Both_bigBridge02.sli
1185515606
-
-
Splines\kelvin1324\0lane_barrier2_slope_1.8m.sli
1351837344
-
-
Splines\kelvin1324\2lanes_dro3r.sli
1351837345
-
-
Splines\kelvin1324\line_brokendoubleline_cluster.sli
1351837346
-
-
Splines\kelvin1324\line_brokensingleline_cluster.sli
1351837346
-
-
Splines\M3_Spline\line_road.sli
1177328550
-
-
Splines\taxidriverhk\0lane_pedonly_concrete_narrow.sli
1126481448
-
-
Splines\taxidriverhk\0lane_splineforbarrier.sli
1090226248
-
-
Splines\taxidriverhk\1lane_roadonly_4mwide.sli
1095707059
-
-
Splines\taxidriverhk_nopaths\0lane_crash_barrier.sli
1194157250
-
-
Splines\taxidriverhk_nopaths\0lane_doublewhiteline.sli
1200840106
-
-
Splines\taxidriverhk_nopaths\taxidriverhk_nopaths\taxidriverhk_nopaths\0lane_grasscover.sli
1312790261
-
-
