Sceneryobjects\3dtranstudio\bridge_pier.sco
1056467393
1056467393
-1
Sceneryobjects\ALPWorkshopOBJ\TerminusWall_.sco
1345501568
1345501568
-1
Sceneryobjects\Map E31\pob.sco
1353300659
1353300659
-1
Splines\3dtranstudio\2way_2x2line_b.sli
1168092149
-
-
Splines\3dtranstudio\half_8m_altonaer_b.sli
1197092677
-
-
Splines\3dtranstudio\pedonly_a.sli
1353727366
-
-
Splines\3dtranstudio\str_0spur_20m_hkped.sli
1344670322
-
-
Splines\3dtranstudio\str_0spur_4m_hk.sli
1065025632
-
-
Splines\CDLX\Misc\whiteline_asphalt_patch.sli
1287285058
-
-
Splines\CDLX\Misc\whiteline_asphalt_patch_narrow.sli
1368620166
-
-
Splines\CDLX\TsuenWanRd\TsuenWanRd_TaiHoRd.sli
1286479335
-
-
Splines\gg\hillwall02.sli
1099074958
-
-
Splines\kelvin1324\0lane_barrier2_slope.sli
1499078394
-
-
Splines\Splines\kelvin1324\grass2_4m.sli
1351837345
-
-
Splines\taxidriverhk\0lane_pedonly_nocurb.sli
1353727447
-
-
Splines\taxidriverhk\1lane_roadonly_4mwide.sli
1095707059
-
-
Splines\taxidriverhk_nopaths\taxidriverhk_nopaths\taxidriverhk_nopaths\taxidriverhk_nopaths\0lanes_oneway_meifooflyover_bottom_narrow.sli
1312790261
-
-
Sceneryobjects\49x\tsuen wan pccw_.sco
1177328169
1177328169
-1
Sceneryobjects\kelvin1324_Buildings\mtr_PedCover1_Pillar_TatWanRoad_.sco
1351811319
1351811319
-1
Sceneryobjects\Streetobjects_RUE\neonlight_L_bend_L.sco
1030664421
1030664421
-1
Sceneryobjects\Trees_MC\RHD_tree_large_01.sco
1097248121
1097248121
-1
Sceneryobjects\UKDT\iomex\Flora 3\Chrysanthemum Yellow.sco
1280485216
1280485216
-1
Sceneryobjects\UKDT\iomex\Flora 3\Crepe Myrtle 2.sco
1280485216
1280485216
-1
Sceneryobjects\UKDT\iomex\Flora 3\Little Red Oleander 2.sco
1280485216
1280485216
-1
Sceneryobjects\UKDT\iomex\Flora 3\Palm.sco
1280485216
1280485216
-1
Splines\HKSAR_Marcel\str_0spur_47m.sli
1177328544
-
-
Splines\kelvin1324\mtr_PedCover1_TatWanRoad.sli
1358084237
-
-
Splines\taxidriverhk\1lane_roadonly.sli
1353727447
-
-
Splines\taxidriverhk_nopaths\0lane_doubleyellowline.sli
1353727451
-
-
Splines\taxidriverhk_nopaths\0lane_road_7mwide.sli
1353727451
-
-
Splines\taxidriverhk_nopaths\0lane_singlebrokenwhiteline.sli
1353727451
-
-
Splines\taxidriverhk_nopaths\0lane_singlewhiteandyellowline.sli
1353727451
-
-
Splines\taxidriverhk_nopaths\0lane_singlewhiteline_thick.sli
1353727451
-
-
Vehicles\Toyota_Crown\Toyota_parked_Crown_urban.sco
1187578048
1187691381
-1
Splines\taxidriverhk_nopaths\0lanes_oneway_meifooflyover_bottom_narrow.sli
1353727451
-
-
