Sceneryobjects\3dtranstudio\noisebarrier2.sco
1056467364
1056467364
-1
Sceneryobjects\KowloonEast_5_11\PlazaHollywood_Diamond Hill_.sco
1334139360
1334139360
-1
Sceneryobjects\ProjectTWS\F1sh\DIHStation_2_.sco
1353293544
1353293544
-1
Sceneryobjects\Streetobjects_RUE\sodiumlight_2L_break_L.sco
1031241799
1031241799
-1
Sceneryobjects\taxidriverhk\surfacemark_brokenlineforgiveway.sco
1291016917
1291016917
-1
Sceneryobjects\taxidriverhk_for_ymt_mk_pe\pe_mtr.sco
1161324295
1161324295
-1
Sceneryobjects\Trees_MC\RHD_fir_medium_01.sco
1097248121
1097248121
-1
Sceneryobjects\Trees_MC\RHD_shrubbery_04_20.sco
1097248121
1097248121
-1
Sceneryobjects\Trees_MC\RHD_tree_large_01.sco
1097248121
1097248121
-1
Sceneryobjects\Trees_MC\RHD_tree_medium_07.sco
1097248122
1097248122
-1
Splines\HKBTS_Spline\ChingCheungRd\ChingCheungRd_3Lines1Way_whi_000_cone.sli
1353997680
-
-
Splines\HKBTS_Spline\ChingCheungRd\con_1m.sli
1335625327
-
-
Splines\kelvin1324\0lane_path-ped5_6m.sli
1512835309
-
-
Splines\kelvin1324\0lane_path-ped5_6m_AI.sli
1515499170
-
-
Splines\Splines\gg_LHT\gg_LHT\hillwall04.sli
1321897632
-
-
Splines\Splines\kelvin1324\0lane_path-ped7_6m_fence1_AI.sli
1348739485
-
-
Splines\Splines\kelvin1324\1lanes_dro_s3s_4m.sli
1351790241
-
-
Splines\Splines\kelvin1324\Highway series\Tolo_RoadRailing&sidebeton.sli
1348739490
-
-
Splines\Splines\TaiPoProject_Highway\0lanes_Tolo_nopath_verynarrow.sli
1352894850
-
-
Splines\Splines\taxidriverhk\taxidriverhk\taxidriverhk\taxidriverhk\0lane_pedonly_concrete_narrow.sli
1312790251
-
-
Splines\Splines\taxidriverhk\taxidriverhk\taxidriverhk\taxidriverhk\3lanes_wstonebarriernoped_half.sli
1090858491
-
-
Splines\surface mark\hkstreet\hkstreet\hkstreet\hkstreet\hkstreet\2line_1way.sli
1497741335
-
-
Splines\taxidriverhk\1lane_roadonly_4mwide.sli
1353727447
-
-
Splines\taxidriverhk\taxidriverhk\taxidriverhk\taxidriverhk\taxidriverhk\1lane_chathamroad_flyover.sli
1312790255
-
-
Splines\taxidriverhk\taxidriverhk\taxidriverhk\taxidriverhk\taxidriverhk\6lanes_3+3_flyover.sli
1312790256
-
-
Sceneryobjects\3dtranstudio\bridge_pier.sco
1056467393
1056467393
-1
Sceneryobjects\3dtranstudio\hkstreet\ground_busstop2 (2).sco
1345259080
1345259080
-1
Sceneryobjects\3dtranstudio\hkstreet\ground_busstop3.sco
1063489771
1063489771
-1
Sceneryobjects\3dtranstudio\hkstreet\ground_slow.sco
1063473224
1063473224
-1
Sceneryobjects\3dtranstudio\hkstreet\RHD_ground_busstop4.sco
1345259081
1345259081
-1
Sceneryobjects\47X city\BGBT\tsuen king circuit board_.sco
1177328161
1177328161
-1
Sceneryobjects\64K\Tse Uk Tsuen Toilet\Tse Uk Tsuen Toilet.sco
1250535429
1250535429
-1
Sceneryobjects\CDLX\Misc\lightbar2.sco
1351811274
1351811274
-1
Sceneryobjects\Generic\entrypoint_bus.sco
1210215900
1210215900
-1
Sceneryobjects\gg\building01.sco
1110413967
1110413967
-1
Sceneryobjects\HK5070s\HYCS1_.sco
1157148905
1157148905
-1
Sceneryobjects\HKbus\ateu.sco
1064591554
1064591554
-1
Sceneryobjects\HKWLE_OBJ\NTNW\Sheung Shui\NTNW_SSBTT-Toilet.sco
1379121963
1379121963
-1
Sceneryobjects\kelvin1324_Buildings\mtr_PedCover1_Pillar_TatWanRoad_.sco
1351811319
1351811319
-1
Sceneryobjects\KMB Bus stop Lollipop\Lollipop3x3NoBase.sco
1252879112
1252879112
-1
Sceneryobjects\Map E31\tcabr.sco
1346657724
1346657724
-1
Sceneryobjects\Map E31\tcnbar.sco
1350527770
1350527770
-1
Sceneryobjects\MTRK76\MTRK76TSWC\MTRK76TSWC3.sco
1352951205
1352951205
-1
Sceneryobjects\ProjectTWS\UB1329\NgauTauKokParkFacility_.sco
1353275516
1353275516
-1
Sceneryobjects\SS_HKTrafficSign\RHD_SS_Sign_KeepRight.sco
1345259705
1345259705
-1
Sceneryobjects\SS_HKTrafficSign\RHD_SS_Sign_MergeTraFmLeft.sco
1345259705
1345259705
-1
Sceneryobjects\SS_HKTrafficSign\SS_Pole_Grey (2).sco
1345259694
1345259694
-1
Sceneryobjects\SS_HKTrafficSign\SS_Pole_WorkSmall (2).sco
1345259694
1345259694
-1
Sceneryobjects\SS_HKTrafficSign\SS_Sign_KeepLeft.sco
1053073059
1053073059
-1
Sceneryobjects\taxidriverhk_busstop\bushut_1980.sco
1291262948
1291262948
-1
Sceneryobjects\taxidriverhk_kowlooncity\chatham_homantin_mtr_construction_part2.sco
1291264079
1291264079
-1
Sceneryobjects\taxidriverhk_kowlooncity\hunghom_construction_component_11.sco
1291264289
1291264289
-1
Sceneryobjects\taxidriverhk_kowlooncity\hunghom_construction_component_12.sco
1291264289
1291264289
-1
Sceneryobjects\taxidriverhk_kowlooncity\hunghom_construction_component_14.sco
1291264289
1291264289
-1
Sceneryobjects\taxidriverhk_kowlooncity\hunghom_construction_component_3.sco
1291264289
1291264289
-1
Sceneryobjects\taxidriverhk_kowlooncity\hunghom_construction_component_8.sco
1291264289
1291264289
-1
Sceneryobjects\taxidriverhk_signage\signage_50km_100mahead.sco
1291264439
1291264439
-1
Sceneryobjects\taxidriverhk_signage\signage_construction_slow_siteaccess.sco
1291264439
1291264439
-1
Sceneryobjects\taxidriverhk_signage\signage_construction_slow_siteaccess_50m.sco
1291264439
1291264439
-1
Sceneryobjects\Trees_MC\shrubbery_01_10.sco
1181629421
1181629421
-1
Sceneryobjects\Trees_MC\tree_medium_05.sco
1181629490
1181629490
-1
Sceneryobjects\UKDT\iomex\Flora 3\Birch Tree 1 1.sco
1280485216
1280485216
-1
Sceneryobjects\UKDT\iomex\Flora 3\Chinese Red Birch 1.sco
1280485216
1280485216
-1
Sceneryobjects\UKDT\iomex\Flora 3\Crepe Myrtle 1.sco
1280485216
1280485216
-1
Sceneryobjects\UKDT\iomex\Flora 3\Generic Maple 1.sco
1280485216
1280485216
-1
Sceneryobjects\UKDT\iomex\Flora 3\Plum 1.sco
1280485216
1280485216
-1
Splines\215x\rm.sli
1353733506
-
-
Splines\HKSAR_Marcel\str_0spur_25m.sli
1177328544
-
-
Splines\HKSAR_Marcel\str_0spur_30m.sli
1177328544
-
-
Splines\HKSAR_Marcel\str_0spur_4m.sli
1177328544
-
-
Splines\kelvin1324\0lane_barrier5_straight.sli
1358084233
-
-
Splines\kelvin1324\0lane_path_2m.sli
1496787936
-
-
Splines\kelvin1324\0lane_path_2m_NoYellowLine.sli
1358084234
-
-
Splines\kelvin1324\0lane_path_4m_NoYellowLine.sli
1512746218
-
-
Splines\kelvin1324\0lane_path_6m_AI_NoYellowLine.sli
1514350408
-
-
Splines\kelvin1324\0lane_path_6m_NoYellowLine.sli
1514350429
-
-
Splines\kelvin1324\0lane_path-ped5_2m.sli
1358084233
-
-
Splines\kelvin1324\0lane_path-ped5_4m.sli
1515499146
-
-
Splines\kelvin1324\mtr_PedCover2_TatWanRoad.sli
1358084237
-
-
Splines\Map E31\twcbridge.sli
1428381108
-
-
Splines\TaiPoProject_Highway\Line_str_BrokenSingleLine.sli
1358102678
-
-
Splines\taxidriverhk\0lane_pedonly_concrete_nocurb.sli
1353727447
-
-
Splines\taxidriverhk\1lane_roadonly.sli
1353727447
-
-
Splines\taxidriverhk\3lanes_oneway_noped_narrow.sli
1353727448
-
-
Splines\taxidriverhk_nopaths\0lane_barrierfornathan.sli
1353727451
-
-
Splines\taxidriverhk_nopaths\0lane_construction.sli
1353727451
-
-
Splines\taxidriverhk_nopaths\0lane_doublewhiteline_onesidebroken.sli
1353727451
-
-
Splines\taxidriverhk_nopaths\0lane_singlewhiteline_thick.sli
1353727451
-
-
Splines\taxidriverhk_nopaths\0lane_waterbarrier.sli
1353727451
-
-
Splines\taxidriverhk_nopaths\0lane_wstonebarriernoped.sli
1353727451
-
-
Splines\taxidriverhk_nopaths\0lanes_oneway_meifooflyover_bottom_narrow.sli
1353727451
-
-
Vehicles\Toyota_Crown\Toyota_parked_Crown_urban.sco
1187578048
1187691381
-1
Sceneryobjects\Generic\routearrow_dn.sco
1210215877
1210215877
-1
Splines\gg_LHT\hillwall04.sli
1353727400
-
-
Splines\kelvin1324\0lane_path-ped7_6m_fence1_AI.sli
1358084233
-
-
Splines\kelvin1324\Highway series\Tolo_RoadRailing&sidebeton.sli
1358084240
-
-
Splines\surface mark\hkstreet\2line_1way.sli
1424426028
-
-
Splines\TaiPoProject_Highway\0lanes_Tolo_nopath_verynarrow.sli
1358102678
-
-
Splines\taxidriverhk\0lane_pedonly_concrete_narrow.sli
1353727447
-
-
Splines\taxidriverhk\1lane_chathamroad_flyover.sli
1353727447
-
-
Splines\taxidriverhk\3lanes_wstonebarriernoped_half.sli
1353727448
-
-
Splines\taxidriverhk\6lanes_3+3_flyover.sli
1353727448
-
-
