Splines\3dtranstudio\pedonly_a - 4mgras.sli
1364005776
-
-
Splines\3dtranstudio\str_0spur_2m_hk.sli
1065008832
-
-
Splines\3dtranstudio\str_0spur_4m_hk.sli
1065025632
-
-
Splines\3dtranstudio\str_0spur_7m_hk.sli
1065008832
-
-
Splines\CDLX\Misc\KeepClearArrow.sli
1286471801
-
-
Splines\CDLX\Misc\whiteline.sli
1286433570
-
-
Splines\CDLX\Misc\whiteline_asphalt_patch.sli
1287285058
-
-
Splines\CDLX\Misc\whiteline_asphalt_patch_narrow.sli
1368620166
-
-
Splines\gg2_splines\hillwall04.sli
1099939397
-
-
Splines\gg2_splines\tunnel_wall.sli
1132755047
-
-
Splines\gg2_splines\tunnel_wall2.sli
1132755055
-
-
Splines\kelvin1324\0lane_grass_1.5m_NoYellowLine_OneSide.sli
1384931466
-
-
Splines\kelvin1324\1lanes_dro0r_4m.sli
1348739488
-
-
Splines\kelvin1324\2lanes_dro2r.sli
1348739488
-
-
Splines\kelvin1324\3lanes_dro2r.sli
1348739488
-
-
Splines\kelvin1324\line_brokensingleline.sli
1348739488
-
-
Splines\kelvin1324\line_brokensingleline_cluster.sli
1348739488
-
-
Splines\Map E31\1way_1line_bridge_a_NLH.sli
1385193169
-
-
Splines\Map E31\1way_1line_bridge_a_NLH_nobarrier.sli
1385213019
-
-
Splines\Map E31\1way_1line_highway_a_nobar_NLH.sli
1385269341
-
-
Splines\Map E31\1way_1line_NLH.sli
1385268628
-
-
Splines\Map E31\1way_2line_highway_nobar_NLH.sli
1385325189
-
-
Splines\Map E31\2way_2x2line_a_noped_NLH.sli
1385268363
-
-
Splines\Map E31\highway_acon_NLH.sli
1365805789
-
-
Vehicles\Isuzu_N_Series\Parked_isuzu_npr.sco
1330739377
1345693456
-1
Vehicles\Toyota_Echoverso\Toyota_parked_Echoverso.sco
1177329123
1177329123
-1
Sceneryobjects\3dtranstudio\bridge_pier.sco
1056467393
1056467393
-1
Splines\HKSAR_Marcel\str_0spur_20m_gras.sli
1344760663
-
-
