Sceneryobjects\11NE6A\fortune-telling-big.sco
1490637409
1490637409
-1
Sceneryobjects\11NE6A\fortune-telling-small.sco
1490637457
1490637457
-1
Sceneryobjects\11NE6A\main-altar.sco
1490637422
1490637422
-1
Sceneryobjects\3dtranstudio\hkstreet\ground_busstop1 (2).sco
1345259080
1345259080
-1
Sceneryobjects\3dtranstudio\hkstreet\ground_slow.sco
1063473224
1063473224
-1
Sceneryobjects\kelvin1324_Buildings\mtr_PedCover1_Pillar_TatWanRoad_.sco
1351811319
1351811319
-1
Sceneryobjects\kelvin1324_Buildings\sp_TunnelBike2_Cover_.sco
1351811319
1351811319
-1
Sceneryobjects\KMB Bus stop Lollipop\Lollipop2x2NoBoardBase.sco
1252886804
1252886804
-1
Sceneryobjects\KMB Bus stop Lollipop\Lollipop3x3NoBoardBase.sco
1252879124
1252879124
-1
Sceneryobjects\KowloonEast_3D_3M\KLBstation_.sco
1326546565
1326546565
-1
Sceneryobjects\Map E31\COE.sco
1331001562
1331001562
-1
Sceneryobjects\Map E31\mdwall.sco
1331785257
1331785257
-1
Sceneryobjects\ProjectTWS\F1sh\Choi Wan Market_.sco
1382701385
1382701385
-1
Sceneryobjects\ProjectTWS\F1sh\Ngau Chi Wan Village_6_.sco
1383549497
1383549497
-1
Sceneryobjects\taxidriverhk\telephonebooth.sco
1291016875
1291016875
-1
Sceneryobjects\taxidriverhk_busstop\bushut_2000_10pole_noad.sco
1291017218
1291017218
-1
Sceneryobjects\taxidriverhk_busstop\bushut_2000_2_large.sco
1291017218
1291017218
-1
Sceneryobjects\taxidriverhk_hkwk_lite\bushut_2000_2.sco
1291017218
1291017218
-1
Sceneryobjects\taxidriverhk_tst_jordan\tst_mtr.sco
1291264531
1291264531
-1
Sceneryobjects\Trees_MC\RHD_tree_large_01.sco
1097248121
1097248121
-1
Sceneryobjects\Trees_MC\shrubbery_01_05.sco
1181629421
1181629421
-1
Sceneryobjects\UKDT\iomex\Flora 3\Blue Jacaranda 1.sco
1280485216
1280485216
-1
Sceneryobjects\UKDT\iomex\Flora 3\Buttonwood Tree 1.sco
1280485216
1280485216
-1
Sceneryobjects\UKDT\iomex\Flora 3\Hazel 1.sco
1280485216
1280485216
-1
Sceneryobjects\UKDT\iomex\Flora 3\shrubbery_01_05.sco
1280485216
1280485216
-1
Sceneryobjects\UKDT\iomex\Flora 3\White Pine 2.sco
1280485216
1280485216
-1
Sceneryobjects\XA3487\Lam Tin\Tak Lai House.sco
1467037231
1467037231
-1
Splines\215x\rail_boxcut_concrete.sli
1353733506
-
-
Splines\215x\rm.sli
1353733506
-
-
Splines\HKBTS_Spline\ChingCheungRd\ChingCheungRd_3Lines1Way_whi_000_cone.sli
1353997680
-
-
Splines\kelvin1324\0lane_path_4m_AI_NoYellowLine.sli
1351837344
-
-
Splines\kelvin1324\0lane_path-ped5_10m_AI_NoYellowLine.sli
1358084233
-
-
Splines\kelvin1324\0lane_path-ped5_20m.sli
1358084233
-
-
Splines\kelvin1324\0lane_path-ped5_6m_NoYellowLine.sli
1515499191
-
-
Splines\kelvin1324\fence1_grey.sli
1358084236
-
-
Splines\kelvin1324\mtr_PedCover2_TatWanRoad.sli
1358084237
-
-
Splines\London\Road-hog123\Addon_Walls___Fences\Fence_Wood_A.sli
1368898901
-
-
Splines\Map E31\cswbridgea.sli
1465164957
-
-
Splines\Splines\gg_LHT\gg_LHT\hillwall04.sli
1321897632
-
-
Splines\taxidriverhk_nopaths\0lane_crash_barrier.sli
1353727451
-
-
Splines\taxidriverhk_nopaths\0lane_doublewhiteline_onesidebroken.sli
1353727451
-
-
Splines\UKDT\Westcountry3\_Walls\arches_style_wall.sli
1264406008
-
-
Splines\UKDT\Westcountry3\_Walls\carpark_wall.sli
1259602800
-
-
Splines\UKDT\Westcountry3\_Walls\totnes_riverwall.sli
1319317345
-
-
Sceneryobjects\Streetobjects_RUE\sodiumlight_2L_break_L.sco
1031241799
1031241799
-1
Splines\kelvin1324\0lane_path-ped5_4m_fence1_AI_NoYellowLine.sli
1358084233
-
-
Splines\gg_LHT\hillwall04.sli
1353727400
-
-
