Sceneryobjects\Busstops_HK\Bus_hut_new_L.sco
1351811225
1351811225
-1
Sceneryobjects\Busstops_HK\Bus_hut_temp_green.sco
1351811225
1351811225
-1
Sceneryobjects\Busstops_HK\people_standing_narrow.sco
1351811226
1351811226
-1
Sceneryobjects\CDLX\KMB\Helper2x2.sco
1351811258
1351811258
-1
Sceneryobjects\CDLX\KMB\LWB4.sco
1351811259
1351811259
-1
Sceneryobjects\CDLX\KMB\NewLollipop2x2LWBFull.sco
1351811259
1351811259
-1
Sceneryobjects\Generic\bus_stop.sco
1351774414
1351774414
-1
Sceneryobjects\Generic\car_park.sco
1351774414
1351774414
-1
Sceneryobjects\Generic\entrypoint_bus.sco
1351774414
1351774414
-1
Sceneryobjects\Generic\people_standing_small.sco
1351774415
1351774415
-1
Sceneryobjects\Generic\routearrow_dn_dyn.sco
1351774415
1351774415
-1
Sceneryobjects\Generic\routearrow_L_dyn.sco
1351774415
1351774415
-1
Sceneryobjects\Generic\routearrow_R_dyn.sco
1351774415
1351774415
-1
Sceneryobjects\Generic\routearrows_busstop.sco
1351774415
1351774415
-1
Sceneryobjects\gg\light02.sco
1353686554
1353686554
-1
Sceneryobjects\GM4500 Objects\Coach.sco
1233499885
1233499885
-1
Sceneryobjects\GM4500 Objects\Hong Kong Buses\81xx S1\81xx_.sco
1218921993
1218921993
-1
Sceneryobjects\GM4500 Objects\Hong Kong Buses\CTB facelift S1 X1\facelift_.sco
1221270606
1221270606
-1
Sceneryobjects\GM4500 Objects\Hong Kong Buses\CTB facelift\68XX_.sco
1253397611
1253397611
-1
Sceneryobjects\GM4500 Objects\Hong Kong Buses\NLB MAN\NLB MAN.sco
1266590506
1266590506
-1
Sceneryobjects\HKBTS_Bus_stop\CTB Bus stop.sco
1312789756
1312789756
-1
Sceneryobjects\M3 Traffic Light AI\2Av_1Ow_1_Car1.sco
1177328359
1177328359
-1
Sceneryobjects\M3 Traffic Light AI\2Av_1Ow_1_Car2.sco
1177328359
1177328359
-1
Sceneryobjects\M3 Traffic Light AI\2Av_1Ow_1_Car3.sco
1177328359
1177328359
-1
Sceneryobjects\M3 Traffic Light AI\4Av_1_Car2.sco
1177328359
1177328359
-1
Sceneryobjects\M3 Traffic Light AI\4Av_1_Car3.sco
1177328359
1177328359
-1
Sceneryobjects\Map E31\ctg.sco
1331199668
1331199668
-1
Sceneryobjects\Map E31\nlbbs.sco
1352165752
1352165752
-1
Sceneryobjects\Map E31\TCC2.sco
1330648744
1330648744
-1
Sceneryobjects\Map E31\TCC3a.sco
1352097851
1352097851
-1
Sceneryobjects\Map E31\TCC3b.sco
1352097856
1352097856
-1
Sceneryobjects\Map E31\TCCb.sco
1352097179
1352097179
-1
Sceneryobjects\Map E31\TCCc.sco
1352097186
1352097186
-1
Sceneryobjects\Map E31\TCCd.sco
1352097189
1352097189
-1
Sceneryobjects\S1\Bus Stop\CTB S52 S52P\1.sco
1347185409
1347185409
-1
Sceneryobjects\Streetobjects_RUE\neonlight_2L_bend_L.sco
1351811284
1351811284
-1
Sceneryobjects\Streetobjects_RUE\neonlight_L_bend_L.sco
1351811284
1351811284
-1
Sceneryobjects\Streetobjects_RUE\single_pole.sco
1351811284
1351811284
-1
Sceneryobjects\taxidriverhk_busstop\bushut_2000_3pole_2.sco
1291017218
1291017218
-1
Sceneryobjects\taxidriverhk_hkwk_lite\chatham_crash_barrier_pole.sco
1291264289
1291264289
-1
Sceneryobjects\Traffic_Light_HK_FF3170\Teletech_car_large.sco
1351811286
1351811286
-1
Sceneryobjects\Trees_MC\RHD_tree_large_02.sco
1312789895
1312789895
-1
Sceneryobjects\Trees_MC\RHD_tree_large_03.sco
1312789895
1312789895
-1
Sceneryobjects\Trees_MC\RHD_tree_large_04.sco
1312789895
1312789895
-1
Sceneryobjects\Trees_MC\RHD_tree_large_05.sco
1312789895
1312789895
-1
Sceneryobjects\Trees_MC\RHD_tree_medium_06.sco
1312789895
1312789895
-1
Sceneryobjects\Trees_MC\tree_large_06.sco
1351774433
1351774433
-1
Splines\3dtranstudio\2line_1way _leftped.sli
1192905569
-
-
Splines\3dtranstudio\2way_2x2line_b.sli
1168092149
-
-
Splines\3dtranstudio\highway_a.sli
1143750682
-
-
Splines\3dtranstudio\invis_street.sli
999109838
-
-
Splines\3dtranstudio\invis_street_2spur.sli
1222330849
-
-
Splines\3dtranstudio\invis_street_human.sli
1061633174
-
-
Splines\3dtranstudio\pedonly_a.sli
1133908595
-
-
Splines\3dtranstudio\str_0spur_4m_gras.sli
1331858713
-
-
Splines\3dtranstudio\str_0spur_4m_hk.sli
1065025632
-
-
Splines\3dtranstudio\str_0spur_7m_hk.sli
1065008832
-
-
Splines\GUHP Workshop\Rstreets\hkstreet_Uneven\invis_airway.sli
1177328535
-
-
Splines\kelvin1324\0lane_barrier2_slope_1.8m.sli
1348739485
-
-
Splines\kelvin1324\fence1_grey.sli
1348739488
-
-
Splines\kelvin1324\fence2_grey.sli
1348739488
-
-
Splines\kelvin1324\fence4_grey.sli
1348739488
-
-
Splines\kelvin1324\line_brokendoubleline_cluster.sli
1348739488
-
-
Splines\kelvin1324\line_brokensingleline_cluster.sli
1348739488
-
-
Splines\M3_Spline\line_GV.sli
1177328550
-
-
Splines\M3_Spline\line_white.sli
1177328550
-
-
Splines\taxidriverhk\0lane_pedonly_concrete_narrow.sli
1126481448
-
-
Splines\taxidriverhk\0lane_pedonly_narrow.sli
1133519101
-
-
Splines\taxidriverhk\0lane_pedonly_nocurb.sli
1126796282
-
-
Splines\taxidriverhk_nopaths\0lane_barbedwire.sli
1183916154
-
-
Splines\taxidriverhk_nopaths\0lane_barrierfortonkin.sli
1095330490
-
-
Splines\taxidriverhk_nopaths\0lane_crash_barrier.sli
1194157250
-
-
Splines\taxidriverhk_nopaths\0lane_doublewhiteline.sli
1200840106
-
-
Splines\taxidriverhk_nopaths\0lane_pedonly_narrow_nocurb.sli
1358174330
-
-
Sceneryobjects\kelvin1324_Misc\mtr_IndoorBT_Light_.sco
1351811378
1351811378
-1
