Sceneryobjects\3dtranstudio\bridge_pier.sco
1056467393
1056467393
-1
Sceneryobjects\3dtranstudio\hkstreet\ground_busstop1.sco
1063489763
1063489763
-1
Sceneryobjects\Busstops_HK\Bus_hut_temp_green.sco
1519428667
1519428667
-1
Sceneryobjects\Busstops_HK\people_standing_narrow.sco
1352925428
1352925428
-1
Sceneryobjects\CDLX\KMB\BusHutAluminium.sco
1301972251
1301972251
-1
Sceneryobjects\CDLX\KMB\NewLollipop2x2NoBoardBase.sco
1279668362
1279668362
-1
Sceneryobjects\CDLX\Misc\Minibus_Lollipop.sco
1351811274
1351811274
-1
Sceneryobjects\Generic\bus_stop.sco
1210215889
1210215889
-1
Sceneryobjects\Generic\routearrow_dn.sco
1210215877
1210215877
-1
Sceneryobjects\gg\sport03.sco
1110943759
1110943759
-1
Sceneryobjects\gg_LHT\container02b.sco
1100528841
1100528841
-1
Sceneryobjects\gg_LHT\container02c.sco
1100528844
1100528844
-1
Sceneryobjects\Map E31\lkec.sco
1360308067
1360308067
-1
Sceneryobjects\Map E31\lkecwb.sco
1360313056
1360313056
-1
Sceneryobjects\taxidriverhk_busstop\bushut_2000_2_noads.sco
1291017218
1291017218
-1
Sceneryobjects\Trees_MC\RHD_tree_medium_06.sco
1097248121
1097248121
-1
Sceneryobjects\Trees_MC\shrubbery_01_05.sco
1181629421
1181629421
-1
Sceneryobjects\Trees_MC\tree_large_06.sco
1181629460
1181629460
-1
Splines\3dtranstudio\2spur_11m_altonaer_c_noped.sli
1353727365
-
-
Splines\3dtranstudio\2spur_8m_altonaer_c_noped.sli
1353727366
-
-
Splines\3dtranstudio\ped_tstrdab.sli
1360072337
-
-
Splines\3dtranstudio\str_0spur_7m_gras.sli
1353727366
-
-
Splines\3dtranstudio\str_0spur_7m_hk.sli
1353727366
-
-
Splines\HKBTS_Spline\KwaiChungRd_StartatKwaiFong\KwaiChungRd_2Lines1Way_0.5whitelineshortdotwhitline.sli
1329769398
-
-
Splines\HKBTS_Spline\KwaiChungRd_StartatKwaiFong\KwaiChungRd_3Lines1Way_whitelineshortwhitlinecone.sli
1329769718
-
-
Splines\HKBTS_Spline\KwaiChungRd_StartatKwaiFong\KwaiChungRd_5Lines1Way_0.5whiteline11Dotlongwhitlinecone.sli
1329726817
-
-
Splines\HKBTS_Spline\TsingKwaiHighway\KwaiTsingRd_1Line1way_WHL_coneonly.sli
1345500913
-
-
Splines\HKBTS_Spline\TsingKwaiHighway\TsingKwaiHighway_1D0000cone_bridge_Dotlong.sli
1330119065
-
-
Splines\HKBTS_Spline\TsingKwaiHighway\TsingKwaiHighway_2mcon0000cone_bridge.sli
1330482530
-
-
Splines\HKBTS_Spline\TsingKwaiHighway\TsingKwaiHighway_2mcon00whiteline_bridge.sli
1330478554
-
-
Splines\kelvin1324\0lane_barrier2_slope.sli
1499078394
-
-
Splines\kelvin1324\1lanes_lro0r_4m_nopath.sli
1358084235
-
-
Splines\kelvin1324\1lanes_lro1_7m_nopath.sli
1358084235
-
-
Splines\kelvin1324\fence1_grey.sli
1358084236
-
-
Splines\Map E31\kfebar.sli
1359903375
-
-
Splines\taxidriverhk\0lane_pedonly_concrete_nocurb.sli
1353727447
-
-
Splines\taxidriverhk_nopaths\0lane_barbedwire - lk.sli
1464817197
-
-
Splines\taxidriverhk_nopaths\0lane_barbedwire.sli
1353727451
-
-
Splines\taxidriverhk_nopaths\0lane_pedonly_concrete_narrow_nocurb.sli
1353727451
-
-
Splines\taxidriverhk_nopaths\0lane_pedonly_concrete_nocurb_wide.sli
1353727451
-
-
Splines\taxidriverhk_nopaths\0lane_retainingwall_5.sli
1353727451
-
-
Splines\taxidriverhk_nopaths\0lane_splineforbarrier.sli
1353727451
-
-
