Sceneryobjects\JY4462_obj\SJS.sco
1328922080
1328922080
-1
Sceneryobjects\kelvin1324_Misc\bollard_HK_1_LeftArrow_.sco
1351811377
1351811377
-1
Sceneryobjects\kelvin1324_Misc\bollard_HK_1_NoArrow_.sco
1351811377
1351811377
-1
Sceneryobjects\kelvin1324_Misc\HK Road Marking_TransDept Standard\HKRoadMarking_arrowLeft_.sco
1351811378
1351811378
-1
Sceneryobjects\kelvin1324_Misc\HK Road Sign_TransDept Standard\HKRoadSign_Stop_.sco
1351811379
1351811379
-1
Sceneryobjects\NG1604's object\50 kmh.sco
1084137798
1084137798
-1
Sceneryobjects\ProjectTWS\F1sh\Kai Tai Court_.sco
1353298149
1353298149
-1
Sceneryobjects\ProjectTWS\F1sh\Kai Yip Estate_1_.sco
1353298151
1353298151
-1
Sceneryobjects\ProjectTWS\F1sh\Kai Yip Estate_2_.sco
1353298153
1353298153
-1
Sceneryobjects\ProjectTWS\UB1329\KaiYip2Wall_.sco
1353338065
1353338065
-1
Sceneryobjects\ProjectTWS\UB1329\KaiYipBridge_.sco
1353021212
1353021212
-1
Sceneryobjects\ProjectTWS\UB1329\KaiYipWall_.sco
1353335107
1353335107
-1
Sceneryobjects\SS_HKTrafficSign\RHD_Sign_Stop (134).sco
1053074265
1053074265
-1
Sceneryobjects\SS_HKTrafficSign\SS_Pole_Grey.sco
1051658064
1051658064
-1
Sceneryobjects\SS_HKTrafficSign\SS_Sign_L_Right.sco
1063680578
1063680578
-1
Sceneryobjects\SS_HKTrafficSign\SS_Sign_NoPedCyc.sco
1053073640
1053073640
-1
Sceneryobjects\SS_HKTrafficSign\SS_Sign_Spd70 (2).sco
1345259694
1345259694
-1
Sceneryobjects\SS_HKTrafficSign\SS_Sign_Spd70.sco
1053074266
1053074266
-1
Sceneryobjects\Streetobjects_RUE\neonlight_2L_bend_L.sco
1030664952
1030664952
-1
Sceneryobjects\taxidriverhk\surfacemark_stop.sco
1291016919
1291016919
-1
Sceneryobjects\Trees_MC\RHD_shrubbery_04_20.sco
1097248121
1097248121
-1
Sceneryobjects\Trees_MC\RHD_Tree_Small_01.sco
1097248122
1097248122
-1
Sceneryobjects\Trees_MC\shrubbery_01_10.sco
1181629421
1181629421
-1
Sceneryobjects\Trees_MC\shrubbery_03_20.sco
1181629521
1181629521
-1
Sceneryobjects\Trees_MC\Streetobjects_RUE\sodiumlight_L_break_L.sco
1031255860
1031255860
-1
Sceneryobjects\Trees_MC\tree_medium_05.sco
1181629490
1181629490
-1
Splines\CDLX\Misc\KeepClearArrow.sli
1286471801
-
-
Splines\CDLX\Misc\KeepClearLine.sli
1286480113
-
-
Splines\CDLX\Misc\whiteline_asphalt_patch_narrow.sli
1368620166
-
-
Splines\gg2_splines\hillwall03.sli
1312790059
-
-
Splines\kelvin1324\0lane_path-ped5_10m.sli
1358084233
-
-
Splines\kelvin1324\0lane_path-ped5_4m_AI.sli
1515499138
-
-
Splines\kelvin1324\0lane_path-ped5_4m_AI_NoYellowLine.sli
1515499154
-
-
Splines\kelvin1324\0lane_path-ped5_4m_fence1_AI.sli
1358084233
-
-
Splines\kelvin1324\line_brokensingleline_cluster.sli
1358084237
-
-
Splines\Splines\kelvin1324\1lanes_dro_s3s_4m.sli
1350111251
-
-
Splines\Splines\kelvin1324\Highway series\Tolo_RoadRailing&sidebeton.sli
1348739490
-
-
Splines\Splines\Splines\taxidriverhk_nopaths\0lane_grasscover.sli
1095463017
-
-
Splines\Splines\TaiPoProject_Highway\0lanes_Tolo_nopath_verynarrow.sli
1352894850
-
-
Splines\Splines\taxidriverhk\taxidriverhk\taxidriverhk\taxidriverhk\0lane_pedonly_concrete_narrow.sli
1312790251
-
-
Splines\Splines\taxidriverhk\taxidriverhk\taxidriverhk\taxidriverhk\0lane_singlewhiteline_thick.sli
1312790251
-
-
Splines\Splines\taxidriverhk\taxidriverhk\taxidriverhk\taxidriverhk\1lane_roadonly.sli
1312790255
-
-
Splines\Splines\taxidriverhk\taxidriverhk\taxidriverhk\taxidriverhk\2lanes_wstonebarriernoped_half.sli
1090352515
-
-
Splines\Splines\taxidriverhk\taxidriverhk\taxidriverhk\taxidriverhk\3lanes_oneway_noped.sli
1095589638
-
-
Splines\Splines\taxidriverhk\taxidriverhk\taxidriverhk\taxidriverhk\3lanes_wstonebarriernoped_half.sli
1090858491
-
-
Splines\taxidriverhk\0lane_bridgewallwing2.sli
1353727447
-
-
Splines\taxidriverhk\0lane_construction.sli
1353727447
-
-
Splines\taxidriverhk\0lane_doublewhiteline.sli
1200790954
-
-
Splines\taxidriverhk\1lane_gascoigneflyover.sli
1353727447
-
-
Splines\taxidriverhk\1lane_roadonly.sli
1353727447
-
-
Splines\taxidriverhk\1lane_roadonly_4mwide.sli
1353727447
-
-
Splines\taxidriverhk\whiteline_asphalt_patch_narrow.sli
1368620154
-
-
Splines\taxidriverhk_nopaths\0lane_barrierfornathan.sli
1353727451
-
-
Splines\taxidriverhk_nopaths\0lane_construction.sli
1353727451
-
-
Splines\taxidriverhk_nopaths\0lane_doublewhiteline.sli
1353727451
-
-
Splines\taxidriverhk_nopaths\0lane_doublewhiteline_onesidebroken.sli
1353727451
-
-
Splines\taxidriverhk_nopaths\0lane_road_1mwide.sli
1151572055
-
-
Splines\taxidriverhk_nopaths\0lane_singlebrokenline_nonfrequent.sli
1353727451
-
-
Splines\taxidriverhk_nopaths\0lane_singlebrokenwhiteline_frequent.sli
1353727451
-
-
Splines\taxidriverhk_nopaths\0lane_wstonebarriernoped.sli
1353727451
-
-
Splines\UKDT\Westcountry3\_Walls\carpark_wall.sli
1259602800
-
-
Splines\Yorkshire\btv\stone_retaining_wall.sli
1189850581
-
-
Sceneryobjects\Generic\routearrow_dn.sco
1210215877
1210215877
-1
Splines\kelvin1324\1lanes_dro_s3s_4m.sli
1358084235
-
-
Splines\kelvin1324\Highway series\Tolo_RoadRailing&sidebeton.sli
1358084240
-
-
Splines\TaiPoProject_Highway\0lanes_Tolo_nopath_verynarrow.sli
1358102678
-
-
Splines\taxidriverhk\0lane_pedonly_concrete_narrow.sli
1353727447
-
-
Splines\taxidriverhk\0lane_singlewhiteline_thick.sli
1353727447
-
-
Splines\taxidriverhk\2lanes_wstonebarriernoped_half.sli
1353727448
-
-
Splines\taxidriverhk\3lanes_oneway_noped.sli
1353727448
-
-
Splines\taxidriverhk\3lanes_wstonebarriernoped_half.sli
1353727448
-
-
Splines\taxidriverhk_nopaths\0lane_grasscover.sli
1353727451
-
-
