Sceneryobjects\kelvin1324_Misc\Road Sign NTE\s_Tolo_SignBase1_Frame1_side_.sco
1351811380
1351811380
-1
Sceneryobjects\Map E31\nlhy.sco
1331129715
1331129715
-1
Sceneryobjects\Map E31\roadsigna.sco
1352229565
1352229565
-1
Sceneryobjects\Map E31\roadsignb.sco
1352230151
1352230151
-1
Sceneryobjects\Streetobjects_RUE\neonlight_2L_bend_L.sco
1351811284
1351811284
-1
Sceneryobjects\Streetobjects_RUE\neonlight_L_bend_L.sco
1351811284
1351811284
-1
Sceneryobjects\Trees_MC\RHD_tree_large_01.sco
1312789895
1312789895
-1
Sceneryobjects\Trees_MC\RHD_tree_large_03.sco
1312789895
1312789895
-1
Splines\GUHP Workshop\Lstreets\Rail\railx2_ks.sli
1331592214
-
-
Splines\kelvin1324\Tolo_SignBase1_Frame1.sli
1348739489
-
-
Splines\M3_Spline\line_road.sli
1177328550
-
-
Splines\Map E31\2way_2x3line_highway_a_NLH.sli
1365809818
-
-
Splines\taxidriverhk\2lanes_8mwide.sli
1115198293
-
-
