Sceneryobjects\3dtranstudio\bridge_pier.sco
1056467393
1056467393
-1
Sceneryobjects\3dtranstudio\hkstreet\ground_busstop2.sco
1063489766
1063489766
-1
Sceneryobjects\CDLX\KMB\NewLollipop4x4NoBase.sco
1282491245
1282491245
-1
Sceneryobjects\taxidriverhk_busstop\bushut_1990_4.sco
1291017218
1291017218
-1
Sceneryobjects\taxidriverhk_busstop\bushut_1990_freetex_2.sco
1291263118
1291263118
-1
Sceneryobjects\taxidriverhk_hkwk_lite\bushut_2000_2.sco
1291017218
1291017218
-1
Sceneryobjects\Traffic_Light_HK_FF3170\Teletech_car_large.sco
1165108835
1165108835
-1
Sceneryobjects\Trees_MC\RHD_tree_large_01.sco
1097248121
1097248121
-1
Sceneryobjects\Trees_MC\RHD_tree_large_03.sco
1097248121
1097248121
-1
Sceneryobjects\Trees_MC\RHD_tree_medium_07.sco
1097248122
1097248122
-1
Sceneryobjects\Trees_MC\tree_large_02.sco
1181629467
1181629467
-1
Sceneryobjects\Trees_MC\tree_large_06.sco
1181629460
1181629460
-1
Splines\3dtranstudio\2spur_11m_altonaer_c_noped.sli
1353727365
-
-
Splines\3dtranstudio\3dtranstudio\str_0spur_4m_hk.sli
1065025632
-
-
Splines\3dtranstudio\invis_street.sli
1353727366
-
-
Splines\3dtranstudio\ped_tstrdab.sli
1360072337
-
-
Splines\3dtranstudio\pedonly_a - 5mtstrd.sli
1348665386
-
-
Splines\3dtranstudio\str_0spur_7m_hk.sli
1353727366
-
-
Splines\CDLX\Misc\KeepClearArrow.sli
1286471801
-
-
Splines\CDLX\Misc\whiteline.sli
1286433570
-
-
Splines\CDLX\Misc\whiteline_asphalt_patch_narrow.sli
1368620166
-
-
Splines\HKBTS_Spline\ChingCheungRd\ChingCheungRd_2Lines1Way_Betonplatten0.5whitelinelongdotwhitline0.5bridgecone.sli
1349758501
-
-
Splines\HKBTS_Spline\KwaiChungRd_StartatKwaiFong\KwaiChungInterchange_1Line1Way_leftcon.sli
1349827540
-
-
Splines\HKBTS_Spline\KwaiChungRd_StartatKwaiFong\KwaiChungInterchange_1Line1Way_rightcon.sli
1349827362
-
-
Splines\HKBTS_Spline\KwaiChungRd_StartatKwaiFong\KwaiChungRd_1Lines1Way_bridge0_whi.sli
1349825252
-
-
Splines\HKBTS_Spline\KwaiChungRd_StartatKwaiFong\KwaiChungRd_1Lines1Way_bridge0_whi_bridge.sli
1349825549
-
-
Splines\HKBTS_Spline\KwaiChungRd_StartatKwaiFong\KwaiChungRd_2Lines1Way_conebridge0.5whitelineshortdotwhitline0.5bridgecone.sli
1349748072
-
-
Splines\HKBTS_Spline\KwaiChungRd_StartatKwaiFong\KwaiChungRd_3Lines1Way_0.5whitelineshortdotwhitlinecone.sli
1330035863
-
-
Splines\HKBTS_Spline\KwaiChungRd_StartatKwaiFong\KwaiChungRd_3Lines1Way_whitelineshortwhitlinecone.sli
1329769718
-
-
Splines\HKBTS_Spline\TsingKwaiHighway\KwaiTsingRd_1Line1way_WHL_coneonly.sli
1345500913
-
-
Splines\HKBTS_Spline\TsingKwaiHighway\TsingKwaiHighway_2mcon0000cone_bridge.sli
1330482530
-
-
Splines\kelvin1324\0lane_barrier2_straight.sli
1358084233
-
-
Splines\kelvin1324\fence1_grey.sli
1358084236
-
-
Splines\kelvin1324\fence2_grey.sli
1358084236
-
-
Splines\kelvin1324\line_brokensingleline_cluster.sli
1358084237
-
-
Splines\kelvin1324\line_brokensingleline_short.sli
1495933477
-
-
Splines\kelvin1324\line_doubleline.sli
1358084237
-
-
Splines\Map E31\kfebar.sli
1359903375
-
-
Splines\taxidriverhk\0lane_pedonly_concrete_narrow.sli
1353727447
-
-
Splines\taxidriverhk\0lane_pedonly_concrete_nocurb.sli
1353727447
-
-
Splines\taxidriverhk\1lane_roadonly_4mwide.sli
1353727447
-
-
Splines\taxidriverhk\3lanes_wstonebarriernoped_half.sli
1353727448
-
-
Splines\taxidriverhk_nopaths\0lane_barbedwire.sli
1353727451
-
-
Splines\taxidriverhk_nopaths\0lane_pedonly_concrete_nocurb_wide.sli
1353727451
-
-
Splines\taxidriverhk_nopaths\0lane_wstonebarriernoped.sli
1353727451
-
-
Vehicles\Lexus_CT200h\Parked_lexus_ct200h.sco
1330843066
1325036851
-1
Vehicles\Toyota_Coaster_Series7_HK\parked_Van_Green_Series7_.sco
1348739869
1348739869
-1
Vehicles\Toyota_Prius\Parked_prius_xw30.sco
1322597637
1324694340
-1
Splines\3dtranstudio\str_0spur_4m_hk.sli
1353727366
-
-
