Sceneryobjects\Map E31\Kwkboard.sco
1368562761
1368562761
-1
Sceneryobjects\taxidriverhk_hkwk_lite\chatham_crash_barrier_pole.sco
1291264289
1291264289
-1
Sceneryobjects\Trees_MC\RHD_tree_large_01.sco
1097248121
1097248121
-1
Splines\3dtranstudio\2spur_11m_altonaer_d_noped.sli
1335606245
-
-
Splines\3dtranstudio\ped_tstrdab.sli
1360072337
-
-
Splines\kelvin1324\fence1_grey.sli
1358084236
-
-
Splines\Map E31\fencelk2.sli
1360308474
-
-
Splines\Map E31\kwkwall.sli
1368563516
-
-
Splines\taxidriverhk\0lane_pedonly_concrete_nocurb.sli
1353727447
-
-
Splines\taxidriverhk_nopaths\0lane_crash_barrier.sli
1353727451
-
-
Splines\taxidriverhk_nopaths\0lane_pedonly_concrete_nocurb_wide.sli
1353727451
-
-
