Sceneryobjects\3dtranstudio\bridge_pier.sco
1056467393
1056467393
-1
Sceneryobjects\CDLX\KMB\BusHutAluminium.sco
1301972251
1301972251
-1
Sceneryobjects\Generic\routearrow_dn_dyn.sco
1210215940
1210215940
-1
Sceneryobjects\Generic\routearrow_L_dyn.sco
1210215890
1210215890
-1
Sceneryobjects\M3 Traffic Light AI\2Av_1Ow_1_Car1.sco
1345259634
1345259634
-1
Sceneryobjects\M3 Traffic Light AI\2Av_1Ow_1_Car2.sco
1345259634
1345259634
-1
Sceneryobjects\M3 Traffic Light AI\2Av_1Ow_1_Car3.sco
1345259634
1345259634
-1
Sceneryobjects\Map E31\skw.sco
1331066188
1331066188
-1
Sceneryobjects\Map E31\tpole.sco
1331859116
1331859116
-1
Sceneryobjects\Map E31\twh.sco
1331065657
1331065657
-1
Sceneryobjects\Map E31\Txkr.sco
1380821715
1380821715
-1
Sceneryobjects\Streetobjects_RUE\neonlight_L_bend_L.sco
1030664421
1030664421
-1
Sceneryobjects\Streetobjects_RUE\single_pole.sco
1044220565
1044220565
-1
Sceneryobjects\taxidriverhk_hkwk_lite\gascoigne_gascoignebridge_railing_pole.sco
1291264289
1291264289
-1
Sceneryobjects\Traffic_Light_HK_FF3170\Teletech_car_large.sco
1165108835
1165108835
-1
Splines\3dtranstudio\2line_1way _leftped.sli
1353727365
-
-
Splines\3dtranstudio\2line_1way.sli
1353727365
-
-
Splines\3dtranstudio\2spur_8m_altonaer_c.sli
1353727366
-
-
Splines\3dtranstudio\half_8m_altonaer_b.sli
1353727366
-
-
Splines\3dtranstudio\highway_a.sli
1353727366
-
-
Splines\3dtranstudio\pedonly_a.sli
1353727366
-
-
Splines\3dtranstudio\str_0spur_20m_hk.sli
1353727366
-
-
Splines\3dtranstudio\str_0spur_4m_gras.sli
1353727366
-
-
Splines\3dtranstudio\str_0spur_4m_hk.sli
1353727366
-
-
Splines\3dtranstudio\str_0spur_7m_hk.sli
1353727366
-
-
Splines\kelvin1324\fence1_grey.sli
1358084236
-
-
Splines\kelvin1324\fence2_grey.sli
1358084236
-
-
Splines\M3_Spline\line_road.sli
1312790127
-
-
Splines\M3_Spline\line_white.sli
1312790127
-
-
Splines\M3_Spline\P_crossing.sli
1312790127
-
-
Splines\taxidriverhk\0lane_pedonly_concrete_narrow.sli
1353727447
-
-
Splines\taxidriverhk\0lane_pedonly_concrete_nocurb.sli
1353727447
-
-
Splines\taxidriverhk\0lane_pedonly_narrow.sli
1353727447
-
-
Splines\taxidriverhk\1lane_roadonly_4mwide.sli
1353727447
-
-
Splines\taxidriverhk\2lanes_gascoigneflyover.sli
1353727447
-
-
Splines\taxidriverhk_nopaths\0lane_barrierfortonkin.sli
1353727451
-
-
Splines\taxidriverhk_nopaths\0lane_bridgewallwing.sli
1353727451
-
-
Splines\taxidriverhk_nopaths\0lane_pedonly_nocurb.sli
1353727451
-
-
Splines\taxidriverhk_nopaths\0lane_pedonly_nocurb_wide.sli
1353727451
-
-
