Sceneryobjects\3dtranstudio\bridge_pier.sco
1056467393
1056467393
-1
Sceneryobjects\CDLX\Misc\lightbar2.sco
1351811274
1351811274
-1
Sceneryobjects\HK5070s\HYCS1_.sco
1157148905
1157148905
-1
Sceneryobjects\HKbus\avbe.sco
1064591570
1064591570
-1
Sceneryobjects\kelvin1324_Buildings\mtr_PedCover1_Pillar_TatWanRoad_.sco
1351811319
1351811319
-1
Sceneryobjects\M3 Traffic Light AI\1Av_1St_1_Car2.sco
1345259634
1345259634
-1
Sceneryobjects\M3 Traffic Light AI\1Av_1St_2_Car1.sco
1211152531
1211152531
-1
Sceneryobjects\Map E31\tcabr.sco
1346657724
1346657724
-1
Sceneryobjects\MTRK76\MTRK76TSWC\MTRK76TSWC3.sco
1352951205
1352951205
-1
Sceneryobjects\ProjectTWS\F1sh\Rhythm Garden Carpark_.sco
1382896043
1382896043
-1
Sceneryobjects\Trees_MC\shrubbery_01_10.sco
1181629421
1181629421
-1
Sceneryobjects\Trees_MC\tree_medium_05.sco
1181629490
1181629490
-1
Splines\CDLX\Misc\whiteline_asphalt_patch_narrow.sli
1368620166
-
-
Splines\HKSAR_Marcel\str_0spur_14m.sli
1177328544
-
-
Splines\HKSAR_Marcel\str_0spur_25m.sli
1177328544
-
-
Splines\HKSAR_Marcel\str_0spur_30m.sli
1177328544
-
-
Splines\kelvin1324\0lane_path_2m.sli
1496787936
-
-
Splines\kelvin1324\0lane_path_2m_NoYellowLine.sli
1358084234
-
-
Splines\kelvin1324\0lane_path_4m_NoYellowLine.sli
1512746218
-
-
Splines\kelvin1324\0lane_path_6m_NoYellowLine.sli
1514350429
-
-
Splines\kelvin1324\0lane_path-ped5_2m.sli
1358084233
-
-
Splines\kelvin1324\0lane_path-ped5_4m.sli
1515499146
-
-
Splines\kelvin1324\psk_BT_SoundBarriers1.sli
1358084237
-
-
Splines\Splines\kelvin1324\1lanes_dro_s3s_4m.sli
1350111251
-
-
Splines\Splines\taxidriverhk\taxidriverhk\taxidriverhk\taxidriverhk\0lane_pedonly_concrete_narrow.sli
1312790251
-
-
Splines\taxidriverhk\0lane_pedonly_concrete_nocurb.sli
1353727447
-
-
Splines\taxidriverhk\1lane_roadonly.sli
1353727447
-
-
Splines\taxidriverhk\2lanes_8mwide_noped oneway.sli
1244172773
-
-
Splines\taxidriverhk\2lanes_wstonebarriernoped_half_8mwide.sli
1353727448
-
-
Splines\taxidriverhk\taxidriverhk\taxidriverhk\taxidriverhk\taxidriverhk\1lane_chathamroad_flyover.sli
1312790255
-
-
Splines\taxidriverhk\taxidriverhk\taxidriverhk\taxidriverhk\taxidriverhk\6lanes_3+3_flyover.sli
1312790256
-
-
Splines\taxidriverhk_nopaths\0lane_barrierfornathan.sli
1353727451
-
-
Splines\taxidriverhk_nopaths\0lane_road_7mwide.sli
1353727451
-
-
Splines\taxidriverhk_nopaths\0lanes_oneway_meifooflyover_bottom_narrow.sli
1353727451
-
-
Splines\kelvin1324\1lanes_dro_s3s_4m.sli
1358084235
-
-
Splines\taxidriverhk\0lane_pedonly_concrete_narrow.sli
1353727447
-
-
Splines\taxidriverhk\1lane_chathamroad_flyover.sli
1353727447
-
-
Splines\taxidriverhk\6lanes_3+3_flyover.sli
1353727448
-
-
