Sceneryobjects\Generic\routearrow_dn_dyn.sco
1196580396
1196580396
-1
Sceneryobjects\Streetobjects_RUE\neonlight_L_bend_L.sco
1196580403
1196580403
-1
Sceneryobjects\Trees_MC\RHD_tree_large_01.sco
1097248121
1097248121
-1
Sceneryobjects\Trees_MC\RHD_tree_large_02.sco
1097248121
1097248121
-1
Sceneryobjects\Trees_MC\tree_large_06.sco
1196580429
1196580429
-1
Splines\3dtranstudio\1way_1line_highway_a.sli
1192705519
-
-
Splines\3dtranstudio\2line_1way.sli
1132015050
-
-
Splines\3dtranstudio\2line_1way_bridge.sli
1192706180
-
-
Splines\3dtranstudio\3line_1way.sli
1134104275
-
-
Splines\3dtranstudio\highway_a - air.sli
1311346835
-
-
Splines\3dtranstudio\highway_a.sli
1143750682
-
-
Splines\3dtranstudio\str_0spur_4m_hk.sli
1065025632
-
-
Splines\3dtranstudio\str_0spur_7m_hk.sli
1065008832
-
-
Splines\M3_Spline\line_GV.sli
1177328550
-
-
Splines\M3_Spline\line_road.sli
1177328550
-
-
Splines\M3_Spline\line_white.sli
1177328550
-
-
Splines\taxidriverhk\1lane_roadonly_4mwide.sli
1095707059
-
-
Splines\taxidriverhk_nopaths\0lane_doublewhiteline.sli
1200840106
-
-
Sceneryobjects\Generic\routearrow_L_dyn.sco
1351774415
1351774415
-1
Splines\3dtranstudio\invis_street.sli
999109838
-
-
Vehicles\Tesla_Model_S\Parked_model_s.sco
1283158082
1385658380
-1
Vehicles\Tesla_Model_X\Parked_model_x.sco
1283158082
1385658392
-1
Vehicles\Toyota_Alphard\Parked_alphard.sco
1282691193
1385658225
-1
Vehicles\Toyota_Hiace_89\parked_Toyota_Hiace_89.sco
1090624883
1114354081
-1
Vehicles\Toyota_Prius\Parked_prius_xw30.sco
1322597637
1385658162
-1
