Sceneryobjects\296a\trainpower.sco
1183143275
1183143275
-1
Sceneryobjects\3dtranstudio\bridge_pier.sco
1056467393
1056467393
-1
Sceneryobjects\arisuhime_newobject\KFMTR_BTwall140_.sco
1311876808
1311876808
-1
Sceneryobjects\arisuhime_newobject\KFMTR_whitewall_1300_.sco
1313705226
1313705226
-1
Sceneryobjects\arisuhime_newobject\KFMTR_whitewall_2600_.sco
1313705226
1313705226
-1
Sceneryobjects\arisuhime_newobject\KwaiFongTerraceWilsonCarPark_.sco
1313777930
1313777930
-1
Sceneryobjects\arisuhime_newobject\PH2_column_.sco
1177328195
1177328195
-1
Sceneryobjects\arisuhime_TongLau\TongLau_1st-floor_03_.sco
1299031350
1299031350
-1
Sceneryobjects\arisuhime_TongLau\TongLau_shop_03_.sco
1299031074
1299031074
-1
Sceneryobjects\Buildings_MC\tank_1_esso.sco
1030794763
1030794763
-1
Sceneryobjects\Busstops_HK\Bus_hut_temp_L.sco
1352925427
1352925427
-1
Sceneryobjects\Busstops_HK\people_standing_narrow.sco
1352925428
1352925428
-1
Sceneryobjects\CDLX\KMB\Helper2x2.sco
1286053976
1286053976
-1
Sceneryobjects\CDLX\KMB\NewLollipop2x2LWBFull.sco
1282491296
1282491296
-1
Sceneryobjects\CDLX\KMB\NewLollipop2x2NoBase.sco
1282491267
1282491267
-1
Sceneryobjects\CDLX\Misc\Minibus_Lollipop.sco
1351811274
1351811274
-1
Sceneryobjects\CDLX\Misc\mun_protester.sco
1351811274
1351811274
-1
Sceneryobjects\Generic\bus_stop.sco
1210215889
1210215889
-1
Sceneryobjects\Generic\car_park.sco
1210215900
1210215900
-1
Sceneryobjects\Generic\entrypoint_bus.sco
1210215900
1210215900
-1
Sceneryobjects\Generic\routearrow_dn_dyn.sco
1210215940
1210215940
-1
Sceneryobjects\Generic\routearrow_L_dyn.sco
1210215890
1210215890
-1
Sceneryobjects\Generic\routearrow_R_dyn.sco
1210215940
1210215940
-1
Sceneryobjects\GM4500 Objects\Hong Kong Buses\Coach2\Coach3_.sco
1253450410
1253450410
-1
Sceneryobjects\GM4500 Objects\Hong Kong Buses\Coach2\Coach4_.sco
1253450427
1253450427
-1
Sceneryobjects\kelvin1324_Vehicles\Hong Kong Toyota_Coaster_Series7\parked_Van_Green_Series7_.sco
1265677270
1265677270
-1
Sceneryobjects\M3 Traffic Light AI\2Ow_1_Car1.sco
1345259634
1345259634
-1
Sceneryobjects\Map E31\kfbridge.sco
1345978466
1345978466
-1
Sceneryobjects\Map E31\kfebara.sco
1345346772
1345346772
-1
Sceneryobjects\Map E31\kfkct.sco
1346074724
1346074724
-1
Sceneryobjects\Map E31\kfs.sco
1346017042
1346017042
-1
Sceneryobjects\Map E31\kfsa.sco
1346077514
1346077514
-1
Sceneryobjects\Map E31\kfsbui.sco
1363612521
1363612521
-1
Sceneryobjects\Map E31\kfsfact.sco
1346080981
1346080981
-1
Sceneryobjects\Map E31\visbbar.sco
1351846194
1351846194
-1
Sceneryobjects\Streetobjects_RUE\single_pole.sco
1044220565
1044220565
-1
Sceneryobjects\taxidriverhk\island_small.sco
1291016761
1291016761
-1
Sceneryobjects\taxidriverhk_busstop\bushut_1980.sco
1291262948
1291262948
-1
Sceneryobjects\taxidriverhk_hkwk_lite\chatham_crash_barrier_pole.sco
1291264289
1291264289
-1
Sceneryobjects\Traffic_Light_HK_FF3170\Teletech_car_large.sco
1165108835
1165108835
-1
Sceneryobjects\Trees_MC\RHD_tree_large_01.sco
1097248121
1097248121
-1
Sceneryobjects\Trees_MC\RHD_tree_large_03.sco
1097248121
1097248121
-1
Sceneryobjects\Trees_MC\RHD_tree_medium_06.sco
1097248121
1097248121
-1
Sceneryobjects\Trees_MC\RHD_Tree_Small_07.sco
1097248122
1097248122
-1
Splines\296a\train_bridge.sli
1183142279
-
-
Splines\3dtranstudio\2line_1way _leftped.sli
1353727365
-
-
Splines\3dtranstudio\2line_1way.sli
1353727365
-
-
Splines\3dtranstudio\2spur_11m_altonaer_d_x-0-1-2_tstrd.sli
1358871867
-
-
Splines\3dtranstudio\2way_2x2line_a_noped.sli
1353727366
-
-
Splines\3dtranstudio\2way_2x2line_c_noped.sli
1353727366
-
-
Splines\3dtranstudio\invis_street.sli
1353727366
-
-
Splines\3dtranstudio\invis_street_2spur.sli
1353727366
-
-
Splines\3dtranstudio\pedonly_a.sli
1353727366
-
-
Splines\3dtranstudio\str_0spur_20m_hk.sli
1353727366
-
-
Splines\3dtranstudio\str_0spur_20m_hkped.sli
1344670322
-
-
Splines\3dtranstudio\str_0spur_40m_hkped.sli
1345347077
-
-
Splines\3dtranstudio\str_0spur_4m_gras.sli
1353727366
-
-
Splines\3dtranstudio\str_0spur_4m_hk.sli
1353727366
-
-
Splines\3dtranstudio\str_0spur_7m_gras.sli
1353727366
-
-
Splines\3dtranstudio\str_0spur_7m_hk.sli
1353727366
-
-
Splines\CDLX\Misc\KeepClearArrow.sli
1286471801
-
-
Splines\CDLX\Misc\whiteline.sli
1286433570
-
-
Splines\CDLX\Misc\whiteline_asphalt_patch.sli
1287285058
-
-
Splines\kelvin1324\0lane_barrier2_grassonly_1m.sli
1358084232
-
-
Splines\kelvin1324\0lane_barrier2_slope.sli
1499078394
-
-
Splines\kelvin1324\0lane_barrier2_slope_1.8m.sli
1358084232
-
-
Splines\kelvin1324\0lane_barrier2_slope_3.5m.sli
1358084232
-
-
Splines\kelvin1324\fence1_grey.sli
1358084236
-
-
Splines\kelvin1324\fence2_grey.sli
1358084236
-
-
Splines\M3_Spline\line_GV.sli
1312790127
-
-
Splines\M3_Spline\line_road.sli
1312790127
-
-
Splines\M3_Spline\line_white.sli
1312790127
-
-
Splines\M3_Spline\P_crossing.sli
1312790127
-
-
Splines\taxidriverhk\0lane_pedonly_concrete_narrow.sli
1353727447
-
-
Splines\taxidriverhk\0lane_pedonly_concrete_nocurb.sli
1353727447
-
-
Splines\taxidriverhk\1lane_chathamroad_flyover.sli
1353727447
-
-
Splines\taxidriverhk\1lane_gascoigneflyover.sli
1353727447
-
-
Splines\taxidriverhk\1lane_roadonly_4mwide.sli
1353727447
-
-
Splines\taxidriverhk\Chathamroad_flyover_ped.sli
1358867624
-
-
Splines\taxidriverhk_nopaths\0lane_barbedwire.sli
1353727451
-
-
Splines\taxidriverhk_nopaths\0lane_barrierfortonkin.sli
1353727451
-
-
Splines\taxidriverhk_nopaths\0lane_chathamflyover_curbonly.sli
1353727451
-
-
Splines\taxidriverhk_nopaths\0lane_crash_barrier.sli
1353727451
-
-
Splines\taxidriverhk_nopaths\0lane_doublewhiteline - a.sli
1335646842
-
-
Splines\taxidriverhk_nopaths\0lane_grasscover.sli
1353727451
-
-
Splines\taxidriverhk_nopaths\0lane_pedonly_concrete_narrow_nocurb.sli
1353727451
-
-
Splines\taxidriverhk_nopaths\0lane_pedonly_narrow.sli
1353727451
-
-
Splines\taxidriverhk_nopaths\0lane_pedonly_nocurb.sli
1353727451
-
-
Splines\taxidriverhk_nopaths\0lane_pedonly_nocurb_wide.sli
1353727451
-
-
Splines\taxidriverhk_nopaths\0lane_splineforbarrier.sli
1353727451
-
-
Splines\taxidriverhk_nopaths\0lanes_oneway_meifooflyover_bottom.sli
1353727451
-
-
Splines\taxidriverhk_nopaths\0lanes_oneway_meifooflyover_bottom_narrow.sli
1353727451
-
-
Vehicles\Isuzu_N_Series\Parked_isuzu_npr.sco
1330739377
1345693456
-1
Vehicles\Toyota_Crown\Toyota_parked_Crown_urban.sco
1187578048
1187691381
-1
