Sceneryobjects\3dtranstudio\hkstreet\ground_busstop1.sco
1063489763
1063489763
-1
Sceneryobjects\3dtranstudio\safe.sco
1053255857
1053255857
-1
Sceneryobjects\Busstops_HK\people_standing_narrow.sco
1352925428
1352925428
-1
Sceneryobjects\CDLX\KMB\NewLollipop3x3NoBoardBase.sco
1279549492
1279549492
-1
Sceneryobjects\Generic\bus_stop.sco
1210215889
1210215889
-1
Sceneryobjects\Generic\routearrow_dn.sco
1210215877
1210215877
-1
Sceneryobjects\Generic\routearrow_R.sco
1210215877
1210215877
-1
Sceneryobjects\Generic\routearrows_busstop.sco
1210216053
1210216053
-1
Sceneryobjects\H-Studio Object\Column_b_grey.sco
1110784253
1110784253
-1
Sceneryobjects\Map E31\Cswbridgea.sco
1465166037
1465166037
-1
Sceneryobjects\Map E31\Cswschoola.sco
1465168189
1465168189
-1
Sceneryobjects\SS_HKTrafficSign\SS_Pole_Green.sco
1051658049
1051658049
-1
Sceneryobjects\SS_HKTrafficSign\SS_Pole_Grey.sco
1051658064
1051658064
-1
Sceneryobjects\SS_HKTrafficSign\SS_Sign_BlackspotAhead.sco
1053071032
1053071032
-1
Sceneryobjects\SS_HKTrafficSign\SS_Sign_GiveWay.sco
1053072933
1053072933
-1
Sceneryobjects\SS_HKTrafficSign\SS_Sign_N_NoStop24.sco
1053073489
1053073489
-1
Sceneryobjects\SS_HKTrafficSign\SS_Sign_N_NoStop24C.sco
1053073494
1053073494
-1
Sceneryobjects\SS_HKTrafficSign\SS_Sign_N_NoStop712LightBus.sco
1053073540
1053073540
-1
Sceneryobjects\SS_HKTrafficSign\SS_Sign_N_NoStop81057.sco
1053073581
1053073581
-1
Sceneryobjects\SS_HKTrafficSign\SS_Sign_N_NoStop81057C.sco
1053073584
1053073584
-1
Sceneryobjects\SS_HKTrafficSign\SS_Sign_N_NoStopEnd.sco
1053073432
1053073432
-1
Sceneryobjects\SS_HKTrafficSign\SS_Sign_N_NoStopEndLightBus.sco
1053073420
1053073420
-1
Sceneryobjects\SS_HKTrafficSign\SS_Sign_NoEntry.sco
1053073669
1053073669
-1
Sceneryobjects\SS_HKTrafficSign\SS_Sign_NoLeftTurn.sco
1053073606
1053073606
-1
Sceneryobjects\SS_HKTrafficSign\SS_Sign_NoRightTurn.sco
1053073650
1053073650
-1
Sceneryobjects\SS_HKTrafficSign\SS_Sign_NoUTurns.sco
1053073851
1053073851
-1
Sceneryobjects\SS_HKTrafficSign\SS_Sign_TurnLeft.sco
1053074420
1053074420
-1
Sceneryobjects\Streetobjects_RUE\neonlight_S_bend_S.sco
1030665207
1030665207
-1
Sceneryobjects\Streetobjects_RUE\sodiumlight_2L_break_L.sco
1031241799
1031241799
-1
Sceneryobjects\Streetobjects_RUE\sodiumlight_L_break_L.sco
1031241524
1031241524
-1
Sceneryobjects\taxidriverhk_hkwk_lite\bushut_1980_large_3.sco
1291017218
1291017218
-1
Sceneryobjects\taxidriverhk_hkwk_lite\bushut_1990.sco
1291017218
1291017218
-1
Sceneryobjects\taxidriverhk_hkwk_lite\bushut_2000_2.sco
1291017218
1291017218
-1
Sceneryobjects\taxidriverhk_hkwk_lite\csw_catholic.sco
1291018594
1291018594
-1
Sceneryobjects\taxidriverhk_hkwk_lite\csw_csw-and-hingwah.sco
1291018586
1291018586
-1
Sceneryobjects\taxidriverhk_hkwk_lite\csw_fortune_fukyat.sco
1291264344
1291264344
-1
Sceneryobjects\taxidriverhk_hkwk_lite\csw_fortune_surroundings.sco
1291264407
1291264407
-1
Sceneryobjects\taxidriverhk_hkwk_lite\csw_hangchuncourt.sco
1291264344
1291264344
-1
Sceneryobjects\taxidriverhk_hkwk_lite\csw_sports.sco
1291018582
1291018582
-1
Sceneryobjects\taxidriverhk_hkwk_lite\csw_track.sco
1291018581
1291018581
-1
Sceneryobjects\taxidriverhk_hkwk_lite\csw_trade.sco
1291018580
1291018580
-1
Sceneryobjects\taxidriverhk_hkwk_lite\fence_1.sco
1226588946
1226588946
-1
Sceneryobjects\taxidriverhk_hkwk_lite\fence_2.sco
1226589147
1226589147
-1
Sceneryobjects\taxidriverhk_hkwk_lite\hingwah_nullah.sco
1291018580
1291018580
-1
Sceneryobjects\taxidriverhk_hkwk_lite\hingwah_playground.sco
1291018579
1291018579
-1
Sceneryobjects\taxidriverhk_hkwk_lite\surfacemark_brokenlineforgiveway.sco
1291016917
1291016917
-1
Sceneryobjects\taxidriverhk_hkwk_lite\surfacemark_giveway.sco
1291016921
1291016921
-1
Sceneryobjects\taxidriverhk_hkwk_lite\surfacemark_giveway_small.sco
1291016920
1291016920
-1
Sceneryobjects\taxidriverhk_hkwk_lite\tonkin_csw_mtr.sco
1291018058
1291018058
-1
Sceneryobjects\taxidriverhk_hkwk_lite\uc_353.sco
1291018489
1291018489
-1
Sceneryobjects\taxidriverhk_hkwk_lite\uc_410.sco
1291018490
1291018490
-1
Sceneryobjects\taxidriverhk_hkwk_lite\uc_shopping.sco
1291018491
1291018491
-1
Sceneryobjects\taxidriverhk_hkwk_lite\uc_unchau-and-hingwah.sco
1291018504
1291018504
-1
Sceneryobjects\taxidriverhk_hkwk_lite\uc_unchi.sco
1291018509
1291018509
-1
Sceneryobjects\taxidriverhk_hkwk_lite\uc_unhong.sco
1291018511
1291018511
-1
Sceneryobjects\taxidriverhk_hkwk_lite\uc_untai.sco
1291018512
1291018512
-1
Sceneryobjects\Traffic_Light_HK_FF3170\Teletech_car_single_L_LM.sco
1165052504
1165052504
-1
Sceneryobjects\Traffic_Light_HK_FF3170\Teletech_car_standard.sco
1162295706
1162295706
-1
Sceneryobjects\Traffic_Light_HK_FF3170\Teletech_car_standard_LM.sco
1162295709
1162295709
-1
Sceneryobjects\Traffic_Light_HK_FF3170\Teletech_car_standard_R.sco
1165115080
1165115080
-1
Sceneryobjects\Traffic_Light_HK_FF3170\Teletech_car_standard_R_RM.sco
1165115413
1165115413
-1
Sceneryobjects\Traffic_Light_HK_FF3170\Teletech_car_standard_S.sco
1165115073
1165115073
-1
Sceneryobjects\Traffic_Light_HK_FF3170\Teletech_car_standard_S_LM.sco
1165115173
1165115173
-1
Sceneryobjects\Traffic_Light_HK_FF3170\Teletech_car_standard_S_RM.sco
1165115182
1165115182
-1
Sceneryobjects\Traffic_Light_HK_FF3170\Teletech_P_LM.sco
1165112042
1165112042
-1
Sceneryobjects\Traffic_Light_HK_FF3170\Teletech_P_RM.sco
1165112051
1165112051
-1
Sceneryobjects\Trees_MC\RHD_tree_large_01.sco
1097248121
1097248121
-1
Sceneryobjects\Trees_MC\RHD_tree_medium_06.sco
1097248121
1097248121
-1
Sceneryobjects\Trees_MC\RHD_tree_medium_07.sco
1097248122
1097248122
-1
Sceneryobjects\Trees_MC\shrubbery_04_20.sco
1181629421
1181629421
-1
Sceneryobjects\Trees_MC\tree_large_01.sco
1181629460
1181629460
-1
Sceneryobjects\Trees_MC\tree_large_02.sco
1181629467
1181629467
-1
Sceneryobjects\Trees_MC\tree_large_05.sco
1181629524
1181629524
-1
Sceneryobjects\Trees_MC\tree_medium_06.sco
1181629460
1181629460
-1
Sceneryobjects\Trees_MC\tree_medium_09.sco
1181629460
1181629460
-1
Sceneryobjects\Trees_MC\Tree_Small_06.sco
1181629490
1181629490
-1
Sceneryobjects\Trees_MC\Tree_Small_08.sco
1181629490
1181629490
-1
Sceneryobjects\Trees_MC\Tree_Small_09.sco
1181629490
1181629490
-1
Sceneryobjects\Trees_MC\Tree_Small_Nrw_01.sco
1181629524
1181629524
-1
Sceneryobjects\Trees_MC\tree_tiny_01.sco
1181629460
1181629460
-1
Sceneryobjects\Verkehrszeichen_MC\Mast_Ampel_klein_1.sco
979934881
979934881
-1
Sceneryobjects\Verkehrszeichen_MC\VZ_surfmark_arrow_L.sco
1042379771
1042379771
-1
Sceneryobjects\Verkehrszeichen_MC\VZ_surfmark_arrow_R.sco
1042454964
1042454964
-1
Sceneryobjects\Verkehrszeichen_MC\VZ_surfmark_arrow_S.sco
1042454965
1042454965
-1
Sceneryobjects\Verkehrszeichen_MC\VZ_surfmark_arrow_SL.sco
1042454967
1042454967
-1
Sceneryobjects\Verkehrszeichen_MC\VZ_surfmark_arrow_SR.sco
1042454971
1042454971
-1
Splines\3dtranstudio\str_0spur_7m_hk.sli
1353727366
-
-
Splines\kelvin1324\fence1_grey.sli
1358084236
-
-
Splines\kelvin1324\fence2_grey.sli
1358084236
-
-
Splines\Map E31\cswbridgea.sli
1465164957
-
-
Splines\Map E31\cswwalla.sli
1465164359
-
-
Splines\Map E31\cswwallc.sli
1465167534
-
-
Splines\Map E31\cswwalld.sli
1465167545
-
-
Splines\Map E31\kfebartw.sli
1380823571
-
-
Splines\Marcel\str_0spur_4m.sli
1054705313
-
-
Splines\Marcel\str_0spur_7m.sli
1054705142
-
-
Splines\taxidriverhk\0lane_cswroadhedge.sli
1184074443
-
-
Splines\taxidriverhk\0lane_singlebrokenwhiteline.sli
1353727447
-
-
Splines\taxidriverhk\1lane_pedonly.sli
1353727447
-
-
Splines\taxidriverhk\1lane_pedonly_concrete.sli
1353727447
-
-
Splines\taxidriverhk\1lane_roadonly.sli
1353727447
-
-
Splines\taxidriverhk\2lanes_oneway_noped.sli
1353727447
-
-
Splines\taxidriverhk\2lanes_oneway_noped_verywide.sli
1353727447
-
-
Splines\taxidriverhk\2lanes_wcurbnoped_half.sli
1353727448
-
-
Splines\taxidriverhk\3lanes_oneway_noped.sli
1353727448
-
-
Splines\taxidriverhk\3lanes_oneway_noped_narrow.sli
1353727448
-
-
Splines\taxidriverhk\3lanes_wcurbnoped_half.sli
1353727448
-
-
Splines\taxidriverhk\4lanes_wcurbnoped_half_narrow.sli
1353727448
-
-
Splines\taxidriverhk_nopaths\0lane_barriercover.sli
1353727451
-
-
Splines\taxidriverhk_nopaths\0lane_barrierfortrees.sli
1353727451
-
-
Splines\taxidriverhk_nopaths\0lane_cswroadhedge.sli
1353727451
-
-
Splines\taxidriverhk_nopaths\0lane_doublewhiteline.sli
1353727451
-
-
Splines\taxidriverhk_nopaths\0lane_doubleyellowline.sli
1353727451
-
-
Splines\taxidriverhk_nopaths\0lane_grasscover.sli
1353727451
-
-
Splines\taxidriverhk_nopaths\0lane_hingwah_barrier.sli
1353727451
-
-
Splines\taxidriverhk_nopaths\0lane_pedonly.sli
1353727451
-
-
Splines\taxidriverhk_nopaths\0lane_pedonly_concrete.sli
1353727451
-
-
Splines\taxidriverhk_nopaths\0lane_pedonly_concrete_narrow.sli
1353727451
-
-
Splines\taxidriverhk_nopaths\0lane_pedonly_concrete_nocurb.sli
1353727451
-
-
Splines\taxidriverhk_nopaths\0lane_pedonly_nocurb.sli
1353727451
-
-
Splines\taxidriverhk_nopaths\0lane_pedonly_nocurb_wide.sli
1353727451
-
-
Splines\taxidriverhk_nopaths\0lane_road_15mwide.sli
1353727451
-
-
Splines\taxidriverhk_nopaths\0lane_singlebrokenwhiteline_frequent.sli
1353727451
-
-
Splines\taxidriverhk_nopaths\0lane_singlewhiteandyellowline.sli
1353727451
-
-
Splines\taxidriverhk_nopaths\0lane_singlewhiteline.sli
1353727451
-
-
Splines\taxidriverhk_nopaths\0lane_singleyellowline.sli
1353727451
-
-
Splines\taxidriverhk_nopaths\0lane_splineforbarrier.sli
1353727451
-
-
