Sceneryobjects\Buildings_MC\tank_2_esso.sco
1196580375
1196580375
-1
Sceneryobjects\gg\highway_wall3.sco
1112307579
1112307579
-1
Sceneryobjects\Map E31\Tyvil.sco
1427809233
1427809233
-1
Sceneryobjects\Streetobjects_RUE\neonlight_L_bend_L.sco
1196580403
1196580403
-1
Sceneryobjects\taxidriverhk_hkwk_lite\chatham_crash_barrier_pole.sco
1291264289
1291264289
-1
Sceneryobjects\Trees_MC\RHD_tree_large_01.sco
1097248121
1097248121
-1
Sceneryobjects\Trees_MC\RHD_tree_large_03.sco
1097248121
1097248121
-1
Splines\3dtranstudio\2way_2x2line_c_noped.sli
1196247872
-
-
Splines\3dtranstudio\pedonly_a.sli
1133908595
-
-
Splines\CDLX\Misc\KeepClearLineR.sli
1286480231
-
-
Splines\CDLX\Misc\whiteline.sli
1286433570
-
-
Splines\CDLX\Misc\whiteline_asphalt_patch_narrow.sli
1368620166
-
-
Splines\kelvin1324\fence1_grey.sli
1351837345
-
-
Splines\kelvin1324\fence5_grey.sli
1351837345
-
-
Splines\Map E31\fencelk2.sli
1360308474
-
-
Splines\taxidriverhk_nopaths\0lane_barriercover_narrow.sli
1133740711
-
-
Splines\taxidriverhk_nopaths\0lane_crash_barrier.sli
1194157250
-
-
Splines\taxidriverhk_nopaths\0lane_doublewhiteline.sli
1200840106
-
-
Splines\taxidriverhk_nopaths\0lane_tsuiyu_barrier.sli
1182428549
-
-
Splines\taxidriverhk_nopaths\0lane_pedonly_concrete_nocurb_wide.sli
1251169457
-
-
