Sceneryobjects\3dtranstudio\bridge_pier.sco
1056467393
1056467393
-1
Sceneryobjects\3dtranstudio\hkstreet\ground_busstop3.sco
1063489771
1063489771
-1
Sceneryobjects\3dtranstudio\hkstreet\ground_busstop4.sco
1063489776
1063489776
-1
Sceneryobjects\Busstops_HK\Bus_hut_temp_green.sco
1519428667
1519428667
-1
Sceneryobjects\Busstops_HK\people_standing_narrow.sco
1352925428
1352925428
-1
Sceneryobjects\CDLX\KMB\GlassLollipop2x2NoBase.sco
1280989521
1280989521
-1
Sceneryobjects\CDLX\KMB\GlassLollipop3x2NoBase.sco
1281132923
1281132923
-1
Sceneryobjects\CDLX\KMB\GlassLollipop3x3NoBase.sco
1280988112
1280988112
-1
Sceneryobjects\CDLX\KMB\GlassLollipop4x4NoBase.sco
1281133245
1281133245
-1
Sceneryobjects\CDLX\KMB\GlassLollipopFullNoBase.sco
1294568750
1294568750
-1
Sceneryobjects\CDLX\KMB\Helper2x2.sco
1286053976
1286053976
-1
Sceneryobjects\CDLX\KMB\NewLollipop3x3NoBoardBase.sco
1279549492
1279549492
-1
Sceneryobjects\Generic\bus_stop.sco
1210215889
1210215889
-1
Sceneryobjects\Generic\car_park.sco
1210215900
1210215900
-1
Sceneryobjects\Generic\entrypoint_bus.sco
1210215900
1210215900
-1
Sceneryobjects\Generic\routearrow_dn_dyn.sco
1210215940
1210215940
-1
Sceneryobjects\Generic\routearrow_L_dyn.sco
1210215890
1210215890
-1
Sceneryobjects\Generic\routearrow_R_dyn.sco
1210215940
1210215940
-1
Sceneryobjects\HKBTS_Bus_stop\CTB Bus stop.sco
1353686658
1353686658
-1
Sceneryobjects\HKbus\ateu.sco
1064591554
1064591554
-1
Sceneryobjects\HKbus\avw.sco
1064591574
1064591574
-1
Sceneryobjects\M3 Traffic Light AI\1Av_1St_1_Car1.sco
1345259634
1345259634
-1
Sceneryobjects\M3 Traffic Light AI\2Av_1Ow_1_Car1.sco
1345259634
1345259634
-1
Sceneryobjects\M3 Traffic Light AI\2Av_1Ow_1_Car2.sco
1345259634
1345259634
-1
Sceneryobjects\M3 Traffic Light AI\2Av_1Ow_1_Car3.sco
1345259634
1345259634
-1
Sceneryobjects\Streetobjects_RUE\single_pole.sco
1044220565
1044220565
-1
Sceneryobjects\taxidriverhk\island_small.sco
1291016761
1291016761
-1
Sceneryobjects\taxidriverhk\surfacemark_buslane.sco
1291016842
1291016842
-1
Sceneryobjects\taxidriverhk_busstop\bushut_1990_5.sco
1291017218
1291017218
-1
Sceneryobjects\taxidriverhk_busstop\bushut_2000.sco
1291017218
1291017218
-1
Sceneryobjects\taxidriverhk_busstop\bushut_2000_10pole.sco
1291017218
1291017218
-1
Sceneryobjects\taxidriverhk_busstop\bushut_2000_2.sco
1291017218
1291017218
-1
Sceneryobjects\taxidriverhk_busstop\bushut_2000_7pole.sco
1291017218
1291017218
-1
Sceneryobjects\taxidriverhk_busstop\bushut_2000_8pole_2.sco
1291017218
1291017218
-1
Sceneryobjects\taxidriverhk_busstop\bushut_2000_8pole_3.sco
1291017218
1291017218
-1
Sceneryobjects\taxidriverhk_hkwk_lite\chatham_crash_barrier_pole.sco
1291264289
1291264289
-1
Sceneryobjects\taxidriverhk_hkwk_lite\namcheongnullah_2.sco
1291018576
1291018576
-1
Sceneryobjects\taxidriverhk_meifoo\mf_busterminus.sco
1291264368
1291264368
-1
Sceneryobjects\taxidriverhk_meifoo\mf_busterminus_2.sco
1291264410
1291264410
-1
Sceneryobjects\taxidriverhk_meifoo\mf_busterminus_3.sco
1291264411
1291264411
-1
Sceneryobjects\taxidriverhk_meifoo\mf_busterminus_7.sco
1291264422
1291264422
-1
Sceneryobjects\taxidriverhk_meifoo\mf_meifoobridge_railing_end.sco
1291264394
1291264394
-1
Sceneryobjects\taxidriverhk_meifoo\mf_meifoobridge_railing_pole.sco
1291264412
1291264412
-1
Sceneryobjects\taxidriverhk_meifoo\mf_mfmtr.sco
1291264399
1291264399
-1
Sceneryobjects\taxidriverhk_meifoo\mf_mfmtr_vent.sco
1291264400
1291264400
-1
Sceneryobjects\taxidriverhk_meifoo\mf_phase2_1.sco
1291264344
1291264344
-1
Sceneryobjects\taxidriverhk_meifoo\mf_phase2_2.sco
1291264344
1291264344
-1
Sceneryobjects\taxidriverhk_meifoo\mf_phase3_1.sco
1291264344
1291264344
-1
Sceneryobjects\taxidriverhk_meifoo\mf_phase3_base.sco
1291264344
1291264344
-1
Sceneryobjects\taxidriverhk_meifoo\mf_phase4_3.sco
1291264344
1291264344
-1
Sceneryobjects\taxidriverhk_meifoo\mf_phase4_4.sco
1291264344
1291264344
-1
Sceneryobjects\taxidriverhk_meifoo\mf_phase4_5.sco
1291264344
1291264344
-1
Sceneryobjects\taxidriverhk_meifoo\mf_phase6_1.sco
1291264344
1291264344
-1
Sceneryobjects\taxidriverhk_meifoo\mf_phase6_special1.sco
1291264344
1291264344
-1
Sceneryobjects\taxidriverhk_meifoo\mf_phase7_2.sco
1291264344
1291264344
-1
Sceneryobjects\taxidriverhk_meifoo\mf_phase7_3.sco
1291264344
1291264344
-1
Sceneryobjects\taxidriverhk_meifoo\mf_phase7_base.sco
1291264344
1291264344
-1
Sceneryobjects\taxidriverhk_meifoo\mf_substation.sco
1291264344
1291264344
-1
Sceneryobjects\Traffic_Light_HK_FF3170\Teletech_car_large.sco
1165108835
1165108835
-1
Sceneryobjects\Trees_MC\RHD_tree_large_01.sco
1097248121
1097248121
-1
Sceneryobjects\Trees_MC\RHD_tree_medium_06.sco
1097248121
1097248121
-1
Sceneryobjects\Trees_MC\RHD_Tree_Small_07.sco
1097248122
1097248122
-1
Sceneryobjects\Trees_MC\tree_large_02.sco
1181629467
1181629467
-1
Sceneryobjects\UKDT\whistlehead\Road objects\Fence1_post.sco
1231889941
1231889941
-1
Splines\3dtranstudio\invis_street.sli
1353727366
-
-
Splines\3dtranstudio\ped_ab.sli
1359506301
-
-
Splines\3dtranstudio\str_0spur_20m_hk.sli
1353727366
-
-
Splines\3dtranstudio\str_0spur_20m_hkped.sli
1344670322
-
-
Splines\3dtranstudio\str_0spur_2m_hk.sli
1353727366
-
-
Splines\3dtranstudio\str_0spur_4m_gras.sli
1353727366
-
-
Splines\3dtranstudio\str_0spur_4m_hk.sli
1353727366
-
-
Splines\3dtranstudio\str_0spur_7m_hk.sli
1353727366
-
-
Splines\CDLX\Misc\KeepClearArrow.sli
1286471801
-
-
Splines\CDLX\Misc\KeepClearLine.sli
1286480113
-
-
Splines\CDLX\Misc\KeepClearLineR.sli
1286480231
-
-
Splines\CDLX\Misc\whiteline.sli
1286433570
-
-
Splines\CDLX\Misc\whiteline_asphalt_patch_narrow.sli
1368620166
-
-
Splines\HKSAR_Marcel\str_0spur_30m.sli
1177328544
-
-
Splines\invis_street.sli
1368077240
-
-
Splines\kelvin1324\0lane_path-ped5_4m_AI_NoYellowLine.sli
1515499154
-
-
Splines\kelvin1324\0lane_path-ped5_4m_fence1_AI_NoYellowLine.sli
1358084233
-
-
Splines\kelvin1324\1lanes_lro0r_4m_nopath.sli
1358084235
-
-
Splines\kelvin1324\1lanes_lro1_7m_nopath.sli
1358084235
-
-
Splines\kelvin1324\fence1_grey.sli
1358084236
-
-
Splines\kelvin1324\fence2_grey.sli
1358084236
-
-
Splines\kelvin1324\line_brokendoubleline_cluster.sli
1358084237
-
-
Splines\kelvin1324\line_brokensingleline_cluster.sli
1358084237
-
-
Splines\kelvin1324\line_doubleline.sli
1358084237
-
-
Splines\kelvin1324\line_plain2r_brokensingleline.sli
1358084237
-
-
Splines\kelvin1324\line_singleline.sli
1358084237
-
-
Splines\kelvin1324\line_singleline_brokenline.sli
1358084237
-
-
Splines\M3_Spline\line_white.sli
1312790127
-
-
Splines\M3_Spline\P_crossing.sli
1312790127
-
-
Splines\Map E31\fencelk2.sli
1360308474
-
-
Splines\taxidriverhk\0lane_pedonly_concrete_narrow.sli
1353727447
-
-
Splines\taxidriverhk\0lane_pedonly_concrete_nocurb.sli
1353727447
-
-
Splines\taxidriverhk\1lane_pedonly_concrete.sli
1353727447
-
-
Splines\taxidriverhk\1lane_roadonly_4mwide.sli
1353727447
-
-
Splines\taxidriverhk\2lanes_meilairoad_spline_2.sli
1368616468
-
-
Splines\taxidriverhk\2lanes_oneway_noped.sli
1353727447
-
-
Splines\taxidriverhk\2lanes_oneway_noped-1.sli
1353727447
-
-
Splines\taxidriverhk\3lanes_oneway_noped_narrow.sli
1353727448
-
-
Splines\taxidriverhk\3lanes_wstonebarriernoped_half.sli
1353727448
-
-
Splines\taxidriverhk_nopaths\0lane_barrierfornathan.sli
1353727451
-
-
Splines\taxidriverhk_nopaths\0lane_bridgewallwing.sli
1353727451
-
-
Splines\taxidriverhk_nopaths\0lane_crash_barrier.sli
1353727451
-
-
Splines\taxidriverhk_nopaths\0lane_metalwall.sli
1353727451
-
-
Splines\taxidriverhk_nopaths\0lane_pedonly.sli
1353727451
-
-
Splines\taxidriverhk_nopaths\0lane_pedonly_concrete.sli
1353727451
-
-
Splines\taxidriverhk_nopaths\0lane_pedonly_concrete_nocurb.sli
1353727451
-
-
Splines\taxidriverhk_nopaths\0lane_pedonly_concrete_nocurb_wide.sli
1353727451
-
-
Splines\taxidriverhk_nopaths\0lane_pedonly_narrow.sli
1353727451
-
-
Splines\taxidriverhk_nopaths\0lane_pedonly_narrow_nocurb.sli
1417940998
-
-
Splines\taxidriverhk_nopaths\0lane_pedonly_nocurb.sli
1353727451
-
-
Splines\taxidriverhk_nopaths\0lane_pedonly_nocurb_wide.sli
1353727451
-
-
Splines\taxidriverhk_nopaths\0lane_retainingwall_2.sli
1353727451
-
-
Splines\taxidriverhk_nopaths\0lane_singlebrokenline_nonfrequent.sli
1353727451
-
-
Splines\taxidriverhk_nopaths\0lane_singlebrokenwhiteline.sli
1353727451
-
-
Splines\taxidriverhk_nopaths\0lane_singlewhiteandyellowline.sli
1353727451
-
-
Splines\taxidriverhk_nopaths\0lanes_oneway_meifooflyover_bottom.sli
1353727451
-
-
Splines\taxidriverhk_nopaths\0lanes_oneway_meifooflyover_curbonly.sli
1353727451
-
-
Splines\taxidriverhk_nopaths\meilairoad_whiteline.sli
1368678003
-
-
Vehicles\Toyota_Coaster_Series3-6_HK\parked_Van_Green_Series6_.sco
1348739878
1348739878
-1
Vehicles\Toyota_Coaster_Series7_HK\parked_Van_Red_Series7_.sco
1348739869
1348739869
-1
Vehicles\Toyota_Crown\Toyota_parked_Crown_urban.sco
1187578048
1187691381
-1
Vehicles\Toyota_Echoverso\Toyota_parked_Echoverso.sco
1029800536
1082232855
-1
