Sceneryobjects\Generic\routearrow_dn_dyn.sco
1351774415
1351774415
-1
Sceneryobjects\Generic\routearrow_L_dyn.sco
1351774415
1351774415
-1
Sceneryobjects\Generic\routearrow_R_dyn.sco
1351774415
1351774415
-1
Sceneryobjects\GG2Signs\gg2_large_sign_with_lights.sco
1121495591
1121495591
-1
Sceneryobjects\Map E31\nb.sco
1331199066
1331199066
-1
Sceneryobjects\Map E31\nlhy.sco
1331129715
1331129715
-1
Sceneryobjects\Map E31\TCR.sco
1349678154
1349678154
-1
Sceneryobjects\Streetobjects_RUE\neonlight_L_bend_L.sco
1351811284
1351811284
-1
Sceneryobjects\taxidriverhk_hkwk_lite\chatham_crash_barrier_pole.sco
1291264289
1291264289
-1
Sceneryobjects\taxidriverhk_hkwk_lite\gascoigne_gascoignebridge_railing_end.sco
1291264289
1291264289
-1
Sceneryobjects\taxidriverhk_hkwk_lite\gascoigne_gascoignebridge_railing_pole.sco
1291264289
1291264289
-1
Sceneryobjects\Trees_MC\RHD_tree_large_01.sco
1312789895
1312789895
-1
Sceneryobjects\Trees_MC\RHD_tree_large_02.sco
1312789895
1312789895
-1
Sceneryobjects\Trees_MC\RHD_tree_large_03.sco
1312789895
1312789895
-1
Splines\3dtranstudio\2line_1way.sli
1132015050
-
-
Splines\3dtranstudio\highway_a.sli
1143750682
-
-
Splines\3dtranstudio\invis_street_2spur.sli
1222330849
-
-
Splines\3dtranstudio\str_0spur_4m_hk.sli
1065025632
-
-
Splines\gg_LHT\hillwall03.sli
1099479638
-
-
Splines\HKSAR_Marcel\str_0spur_20m_gras.sli
1344760663
-
-
Splines\M3_Spline\line_road.sli
1177328550
-
-
Splines\M3_Spline\line_white.sli
1177328550
-
-
Splines\Map E31\1way_2line_highway_a_NLH.sli
1365805600
-
-
Splines\Map E31\2way_2x3line_highway_a_NLH.sli
1365809818
-
-
Splines\Map E31\highway_acon_NLH.sli
1365805789
-
-
Splines\taxidriverhk\1lane_roadonly_4mwide.sli
1095659955
-
-
Splines\taxidriverhk\2lanes_8mwide.sli
1115198293
-
-
Splines\taxidriverhk_nopaths\0lane_chathamflyover_rail.sli
1358934598
-
-
Splines\taxidriverhk_nopaths\0lane_crash_barrier.sli
1194157250
-
-
Splines\taxidriverhk_nopaths\taxidriverhk_nopaths\taxidriverhk_nopaths\taxidriverhk_nopaths\0lane_splineforbarrier.sli
1312790262
-
-
