Sceneryobjects\JY4462_obj\LaiJing.sco
1328922080
1328922080
-1
Sceneryobjects\Trees_MC\RHD_tree_large_01.sco
1097248121
1097248121
-1
Splines\kelvin1324\0lane_path-ped5_10m.sli
1358084233
-
-
Splines\kelvin1324\0lane_path-ped5_2m.sli
1358084233
-
-
Splines\kelvin1324\0lane_path-ped5_4m_AI.sli
1515499138
-
-
Splines\Splines\kelvin1324\1lanes_dro_s3s_4m.sli
1350111251
-
-
Splines\Splines\kelvin1324\Highway series\Tolo_RoadRailing&sidebeton.sli
1348739490
-
-
Splines\Splines\TaiPoProject_Highway\0lanes_Tolo_nopath_verynarrow.sli
1352894850
-
-
Splines\Splines\taxidriverhk\taxidriverhk\1lane_salisburyroad_flyover.sli
1312790253
-
-
Splines\Splines\taxidriverhk\taxidriverhk\taxidriverhk\taxidriverhk\0lane_pedonly_concrete_narrow.sli
1312790251
-
-
Splines\Splines\taxidriverhk\taxidriverhk\taxidriverhk\taxidriverhk\2lanes_oneway_flyover.sli
1089498511
-
-
Splines\Splines\taxidriverhk\taxidriverhk\taxidriverhk\taxidriverhk\3lanes_oneway_noped.sli
1095589638
-
-
Splines\taxidriverhk\1lane_roadonly_4mwide.sli
1353727447
-
-
Splines\taxidriverhk_nopaths\0lane_barrierfornathan.sli
1353727451
-
-
Splines\taxidriverhk_nopaths\3lanes_oneway_noped_narrow.sli
1090169595
-
-
Sceneryobjects\Trees_MC\tree_large_02.sco
1181629467
1181629467
-1
Splines\kelvin1324\1lanes_dro_s3s_4m.sli
1358084235
-
-
Splines\kelvin1324\Highway series\Tolo_RoadRailing&sidebeton.sli
1358084240
-
-
Splines\TaiPoProject_Highway\0lanes_Tolo_nopath_verynarrow.sli
1358102678
-
-
Splines\taxidriverhk\0lane_pedonly_concrete_narrow.sli
1353727447
-
-
Splines\taxidriverhk\1lane_salisburyroad_flyover.sli
1353727447
-
-
Splines\taxidriverhk\2lanes_oneway_flyover.sli
1353727447
-
-
Splines\taxidriverhk\3lanes_oneway_noped.sli
1353727448
-
-
