Sceneryobjects\Map E31\nb.sco
1331199066
1331199066
-1
Sceneryobjects\Map E31\tcabr.sco
1346657724
1346657724
-1
Sceneryobjects\SS_HKTrafficSign\RHD_Sign_Stop (135).sco
1053074266
1053074266
-1
Sceneryobjects\SS_HKTrafficSign\SS_Pole_Grey (2).sco
1345259694
1345259694
-1
Sceneryobjects\SS_HKTrafficSign\SS_Sign_AllVehProh.sco
1053070999
1053070999
-1
Sceneryobjects\SS_HKTrafficSign\SS_Sign_L_Right (2).sco
1345259694
1345259694
-1
Sceneryobjects\Streetobjects_RUE\sodiumlight_2L_break_L.sco
1031241799
1031241799
-1
Sceneryobjects\taxidriverhk_signage\camera_ahead.sco
1291264439
1291264439
-1
Sceneryobjects\Trees_MC\shrubbery_04_05.sco
1181629455
1181629455
-1
Splines\HKBTS_Spline\ChingCheungRd\ChingCheungRd_3Lines1Way_whi_000_cone.sli
1353997680
-
-
Splines\HKBTS_Spline\ChingCheungRd\ChingCheungRd_3Lines1Way_whi_000_cone_bababa_Barrier1A.sli
1354001196
-
-
Splines\HKBTS_Spline\ChingCheungRd\ChingCheungRd_4Lines1Way_cone_l0000l_cone_surf.sli
1349810418
-
-
Splines\Map E31\twabridge.sli
1428376412
-
-
Splines\taxidriverhk\1lane_roadonly.sli
1353727447
-
-
Splines\taxidriverhk_nopaths\0lane_pedonly_concrete_narrow.sli
1353727451
-
-
Splines\taxidriverhk_nopaths\0lane_retainingwall_5.sli
1353727451
-
-
Splines\taxidriverhk_nopaths\0lane_road_1mwide.sli
1151572055
-
-
Splines\taxidriverhk_nopaths\0lane_road_7mwide.sli
1353727451
-
-
Splines\taxidriverhk_nopaths\0lane_singlebrokenwhiteline_frequent.sli
1353727451
-
-
