Splines\gg_LHT\hillwall03.sli
1099479638
-
-
Sceneryobjects\Map E31\s52barb.sco
1348839083
1348839083
-1
Sceneryobjects\Map E31\s52bard.sco
1348927780
1348927780
-1
Splines\3dtranstudio\2spur_7m_altonaer_d_noped.sli
1348648301
-
-
Splines\3dtranstudio\pedonly_a - 4mtstrd.sli
1348665447
-
-
Splines\3dtranstudio\pedonly_a - 5mgras.sli
1348648757
-
-
Splines\3dtranstudio\str_0spur_234m water.sli
1331198179
-
-
Splines\taxidriverhk_nopaths\taxidriverhk_nopaths\taxidriverhk_nopaths\taxidriverhk_nopaths\0lane_splineforbarrier.sli
1312790262
-
-
