Sceneryobjects\3dtranstudio\hkstreet\RHD_ground_busstop5.sco
1312789600
1312789600
-1
Sceneryobjects\CDLX\KMB\Helper2x2.sco
1351811258
1351811258
-1
Sceneryobjects\Generic\bus_stop.sco
1351774414
1351774414
-1
Sceneryobjects\Generic\people_standing_small.sco
1351774415
1351774415
-1
Sceneryobjects\Map E31\airfuel.sco
1347138010
1347138010
-1
Sceneryobjects\Map E31\faketreea.sco
1347126929
1347126929
-1
Sceneryobjects\S1\Bus Stop\AFT_CTB\AFT1.sco
1185457928
1185457928
-1
Sceneryobjects\S1\Bus Stop\AFT_LWB\AFT1.sco
1185219539
1185219539
-1
Sceneryobjects\S1\Bus Stop\AFT2_CTB\1.sco
1185461668
1185461668
-1
Sceneryobjects\S1\Bus Stop\AFT2_LWB\AFT2.sco
1185219668
1185219668
-1
Sceneryobjects\S1\Bus Stop\Shelter\1.sco
1185459353
1185459353
-1
Sceneryobjects\Trees_MC\RHD_tree_large_01.sco
1312789895
1312789895
-1
Sceneryobjects\Trees_MC\RHD_tree_large_03.sco
1312789895
1312789895
-1
Sceneryobjects\Trees_MC\tree_large_06.sco
1351774433
1351774433
-1
Splines\3dtranstudio\2spur_8m_altonaer_b tstrd.sli
1346669864
-
-
Splines\3dtranstudio\2way_2x2line_c tstrd.sli
1358590858
-
-
Splines\3dtranstudio\2way_2x2line_c_noped.sli
1196247872
-
-
Splines\3dtranstudio\half_8m_altonaer_1a tstrd.sli
1346669909
-
-
Splines\3dtranstudio\pedonly_a tstrd.sli
1346658763
-
-
Splines\3dtranstudio\str_0spur_4m_hk.sli
1065025632
-
-
Splines\3dtranstudio\str_0spur_7m_hk.sli
1065008832
-
-
Splines\M3_Spline\line_GV.sli
1177328550
-
-
Splines\M3_Spline\line_road.sli
1177328550
-
-
Splines\taxidriverhk\0lane_pedonly_concrete_nocurb.sli
1143107296
-
-
Splines\taxidriverhk_nopaths\0lane_barriercover_1.4m.sli
1358654167
-
-
Splines\taxidriverhk_nopaths\0lane_pedonly_concrete_narrow_nocurb.sli
1126529296
-
-
Splines\taxidriverhk_nopaths\0lane_pedonly_concrete_nocurb_wide.sli
1251169457
-
-
Splines\taxidriverhk_nopaths\0lane_tsuiyu_barrier.sli
1182428549
-
-
Splines\taxidriverhk_nopaths\taxidriverhk_nopaths\taxidriverhk_nopaths\taxidriverhk_nopaths\0lane_splineforbarrier.sli
1312790262
-
-
