Sceneryobjects\3dtranstudio\bridge_pier.sco
1056467393
1056467393
-1
Sceneryobjects\3dtranstudio\hkstreet\ground_busstop1.sco
1063489763
1063489763
-1
Sceneryobjects\3dtranstudio\hkstreet\ground_busstop2.sco
1063489766
1063489766
-1
Sceneryobjects\Busstops_HK\people_standing_narrow.sco
1352925428
1352925428
-1
Sceneryobjects\CDLX\KMB\Helper2x2.sco
1286053976
1286053976
-1
Sceneryobjects\Generic\bus_stop.sco
1210215889
1210215889
-1
Sceneryobjects\Generic\routearrow_dn.sco
1210215877
1210215877
-1
Sceneryobjects\Generic\routearrow_dn_dyn.sco
1210215940
1210215940
-1
Sceneryobjects\M3 Traffic Light AI\2Av_1Ow_1_Car1.sco
1345259634
1345259634
-1
Sceneryobjects\M3 Traffic Light AI\2Av_1Ow_1_Car2.sco
1345259634
1345259634
-1
Sceneryobjects\M3 Traffic Light AI\2Av_1Ow_1_Car3.sco
1345259634
1345259634
-1
Sceneryobjects\Map E31\Lkfs.sco
1367968937
1367968937
-1
Sceneryobjects\Map E31\Pmha.sco
1367960068
1367960068
-1
Sceneryobjects\Map E31\Pmhb.sco
1367970720
1367970720
-1
Sceneryobjects\Map E31\Pmhc.sco
1367978761
1367978761
-1
Sceneryobjects\Streetobjects_RUE\single_pole.sco
1044220565
1044220565
-1
Sceneryobjects\taxidriverhk\island_small.sco
1291016761
1291016761
-1
Sceneryobjects\taxidriverhk_busstop\bushut_1990_freetex_2.sco
1291263118
1291263118
-1
Sceneryobjects\taxidriverhk_hkwk_lite\chatham_crash_barrier_pole.sco
1291264289
1291264289
-1
Sceneryobjects\Traffic_Light_HK_FF3170\Teletech_car_large.sco
1165108835
1165108835
-1
Sceneryobjects\Trees_MC\RHD_tree_large_01.sco
1097248121
1097248121
-1
Sceneryobjects\Trees_MC\RHD_tree_large_03.sco
1097248121
1097248121
-1
Sceneryobjects\Trees_MC\RHD_tree_medium_06.sco
1097248121
1097248121
-1
Sceneryobjects\Trees_MC\RHD_tree_medium_07.sco
1097248122
1097248122
-1
Sceneryobjects\Trees_MC\RHD_tree_medium_08.sco
1097248122
1097248122
-1
Sceneryobjects\Trees_MC\tree_large_02.sco
1181629467
1181629467
-1
Sceneryobjects\Trees_MC\tree_large_06.sco
1181629460
1181629460
-1
Splines\3dtranstudio\2spur_11m_altonaer_c_noped.sli
1353727365
-
-
Splines\3dtranstudio\2spur_7m_altonaer_c_noped.sli
1348838737
-
-
Splines\3dtranstudio\invis_street.sli
1353727366
-
-
Splines\3dtranstudio\ped_tstrdab.sli
1360072337
-
-
Splines\3dtranstudio\str_0spur_4m_hk.sli
1353727366
-
-
Splines\3dtranstudio\str_0spur_7m_hk.sli
1353727366
-
-
Splines\CDLX\Misc\KeepClearArrow.sli
1286471801
-
-
Splines\CDLX\Misc\KeepClearLineR.sli
1286480231
-
-
Splines\CDLX\Misc\whiteline.sli
1286433570
-
-
Splines\CDLX\Misc\whiteline_asphalt_patch.sli
1287285058
-
-
Splines\HKBTS_Spline\KwaiChungRd_StartatKwaiFong\KwaiChungInterchange_1Line1Way_leftcon.sli
1349827540
-
-
Splines\HKBTS_Spline\KwaiChungRd_StartatKwaiFong\KwaiChungInterchange_1Line1Way_rightcon.sli
1349827362
-
-
Splines\HKBTS_Spline\KwaiChungRd_StartatKwaiFong\KwaiChungRd_1Lines1Way_bridge0_whi.sli
1349825252
-
-
Splines\HKBTS_Spline\KwaiChungRd_StartatKwaiFong\KwaiChungRd_1Lines1Way_bridge0_whi_bridge.sli
1349825549
-
-
Splines\HKBTS_Spline\KwaiChungRd_StartatKwaiFong\KwaiChungRd_2Lines1Way_0.5whitlineshortdotwhitline0.5bridgecone.sli
1349748576
-
-
Splines\HKBTS_Spline\KwaiChungRd_StartatKwaiFong\KwaiChungRd_2Lines1Way_conebridge0.5whitelineshortdotwhitline0.5bridgecone.sli
1349748072
-
-
Splines\HKBTS_Spline\KwaiChungRd_StartatKwaiFong\KwaiChungRd_3Lines1Way_whitelineshortwhitlinecone.sli
1329769718
-
-
Splines\HKBTS_Spline\TsingKwaiHighway\KwaiTsingRd_1Line1way_WHL_coneonly.sli
1345500913
-
-
Splines\kelvin1324\0lane_barrier2_straight.sli
1358084233
-
-
Splines\kelvin1324\fence1_grey.sli
1358084236
-
-
Splines\kelvin1324\fence2_grey.sli
1358084236
-
-
Splines\kelvin1324\fence5_grey.sli
1358084236
-
-
Splines\kelvin1324\line_brokendoubleline_cluster.sli
1358084237
-
-
Splines\kelvin1324\line_brokensingleline.sli
1358084237
-
-
Splines\kelvin1324\line_brokensingleline_cluster.sli
1358084237
-
-
Splines\kelvin1324\line_doubleline.sli
1358084237
-
-
Splines\kelvin1324\line_singleline.sli
1358084237
-
-
Splines\M3_Spline\line_GV.sli
1312790127
-
-
Splines\M3_Spline\P_crossing.sli
1312790127
-
-
Splines\Map E31\fencelk3.sli
1367954379
-
-
Splines\Map E31\kfebar.sli
1359903375
-
-
Splines\Map E31\pmhfence.sli
1367969260
-
-
Splines\taxidriverhk\0lane_pedonly_concrete_narrow.sli
1353727447
-
-
Splines\taxidriverhk\1lane_roadonly_4mwide.sli
1353727447
-
-
Splines\taxidriverhk_nopaths\0lane_crash_barrier.sli
1353727451
-
-
Splines\taxidriverhk_nopaths\0lane_pedonly_concrete_nocurb_wide.sli
1353727451
-
-
Vehicles\Isuzu_N_Series\Parked_isuzu_npr.sco
1330739377
1345693456
-1
Vehicles\Lexus_CT200h\Parked_lexus_ct200h.sco
1330843066
1325036851
-1
Vehicles\Tesla_Model_X\Parked_model_x.sco
1283158082
1324849160
-1
Vehicles\Toyota_Alphard\Parked_alphard.sco
1282691193
1330882214
-1
Vehicles\Toyota_Coaster_Series7_HK\parked_Van_Green_Series7_.sco
1348739869
1348739869
-1
Vehicles\Toyota_Crown\Toyota_parked_Crown_urban.sco
1187578048
1187691381
-1
Vehicles\Toyota_Echoverso\Toyota_parked_Echoverso.sco
1029800536
1082232855
-1
Vehicles\Toyota_Prius\Parked_prius_xw30.sco
1322597637
1324694340
-1
