Sceneryobjects\3dtranstudio\bridge_pier.sco
1056467393
1056467393
-1
Sceneryobjects\Map E31\Meifoomtra.sco
1464822614
1464822614
-1
Sceneryobjects\Map E31\Meifoomtrb.sco
1464822648
1464822648
-1
Sceneryobjects\taxidriverhk_meifoo\mf_meifoobridge_railing_pole.sco
1291264412
1291264412
-1
Sceneryobjects\taxidriverhk_meifoo\mf_phase1_1.sco
1291264344
1291264344
-1
Sceneryobjects\taxidriverhk_meifoo\mf_phase1_2.sco
1291264344
1291264344
-1
Sceneryobjects\taxidriverhk_meifoo\mf_phase7_1.sco
1291264344
1291264344
-1
Sceneryobjects\taxidriverhk_meifoo\mf_phase7_2.sco
1291264344
1291264344
-1
Sceneryobjects\Trees_MC\RHD_tree_large_03.sco
1097248121
1097248121
-1
Splines\3dtranstudio\str_0spur_4m_hk.sli
1353727366
-
-
Splines\3dtranstudio\str_0spur_7m_hk.sli
1353727366
-
-
Splines\CDLX\Misc\KeepClearArrow.sli
1286471801
-
-
Splines\CDLX\Misc\whiteline.sli
1286433570
-
-
Splines\CDLX\Misc\whiteline_asphalt_patch_narrow.sli
1368620166
-
-
Splines\kelvin1324\1lanes_dro12r_4m_nopath.sli
1358084235
-
-
Splines\kelvin1324\line_brokensingleline.sli
1358084237
-
-
Splines\kelvin1324\line_brokensingleline_cluster.sli
1358084237
-
-
Splines\kelvin1324\line_singleline_brokenline.sli
1358084237
-
-
Splines\M3_Spline\line_white.sli
1312790127
-
-
Splines\taxidriverhk\0lane_pedonly_concrete_narrow.sli
1353727447
-
-
Splines\taxidriverhk\1lane_pedonly_concrete.sli
1353727447
-
-
Splines\taxidriverhk\1lane_roadonly_4mwide.sli
1353727447
-
-
Splines\taxidriverhk\2lanes_oneway_noped-1.sli
1353727447
-
-
Splines\taxidriverhk\3lanes_wstonebarriernoped_half.sli
1353727448
-
-
Splines\taxidriverhk_nopaths\0lane_pedonly_concrete_nocurb.sli
1353727451
-
-
Splines\taxidriverhk_nopaths\0lanes_oneway_meifooflyover_curbonly.sli
1353727451
-
-
