Sceneryobjects\Busstops_HK\people_standing_narrow.sco
1351811226
1351811226
-1
Sceneryobjects\CDLX\KMB\NewLollipop2x2LWBFull.sco
1351811259
1351811259
-1
Sceneryobjects\Generic\routearrow_dn_dyn.sco
1351774415
1351774415
-1
Sceneryobjects\Generic\routearrow_L_dyn.sco
1351774415
1351774415
-1
Sceneryobjects\Generic\routearrow_R_dyn.sco
1351774415
1351774415
-1
Sceneryobjects\M3 Traffic Light AI\2Av_1Ow_1_Car1.sco
1177328359
1177328359
-1
Sceneryobjects\M3 Traffic Light AI\2Av_1Ow_1_Car2.sco
1177328359
1177328359
-1
Sceneryobjects\M3 Traffic Light AI\2Av_1Ow_1_Car3.sco
1177328359
1177328359
-1
Sceneryobjects\Streetobjects_RUE\neonlight_2L_bend_L.sco
1351811284
1351811284
-1
Sceneryobjects\Streetobjects_RUE\neonlight_L_bend_L.sco
1351811284
1351811284
-1
Sceneryobjects\Streetobjects_RUE\single_pole.sco
1351811284
1351811284
-1
Sceneryobjects\taxidriverhk_hkwk_lite\chatham_crash_barrier_pole.sco
1291264289
1291264289
-1
Sceneryobjects\Traffic_Light_HK_FF3170\Teletech_car_large.sco
1351811286
1351811286
-1
Sceneryobjects\Trees_MC\RHD_tree_large_02.sco
1312789895
1312789895
-1
Sceneryobjects\Trees_MC\RHD_tree_large_03.sco
1312789895
1312789895
-1
Sceneryobjects\Trees_MC\RHD_tree_medium_06.sco
1312789895
1312789895
-1
Sceneryobjects\Trees_MC\RHD_Tree_Small_06.sco
1312789895
1312789895
-1
Sceneryobjects\Trees_MC\tree_large_06.sco
1351774433
1351774433
-1
Splines\3dtranstudio\2line_1way _leftped.sli
1192905569
-
-
Splines\3dtranstudio\hkstreet\2way_2x2line_c.sli
1322946809
-
-
Splines\3dtranstudio\invis_street.sli
999109838
-
-
Splines\3dtranstudio\invis_street_2spur.sli
1222330849
-
-
Splines\3dtranstudio\invis_street_human.sli
1061633174
-
-
Splines\3dtranstudio\pedonly_a.sli
1133908595
-
-
Splines\3dtranstudio\str_0spur_4m_hk.sli
1065025632
-
-
Splines\3dtranstudio\str_0spur_7m_gras.sli
1330907635
-
-
Splines\kelvin1324\0lane_barrier2_grassonly_1m.sli
1348739485
-
-
Splines\kelvin1324\0lane_barrier2_slope.sli
1348739485
-
-
Splines\kelvin1324\0lane_barrier2_slope_1.8m.sli
1348739485
-
-
Splines\kelvin1324\0lane_barrier2_slope_3.5m.sli
1348739485
-
-
Splines\kelvin1324\fence1_grey.sli
1348739488
-
-
Splines\kelvin1324\fence2_grey.sli
1348739488
-
-
Splines\taxidriverhk\0lane_pedonly_concrete.sli
1122402903
-
-
Splines\taxidriverhk\0lane_pedonly_narrow.sli
1133519101
-
-
Splines\taxidriverhk\0lane_pedonly_nocurb.sli
1126796282
-
-
Splines\taxidriverhk_nopaths\0lane_barbedwire.sli
1183916154
-
-
Splines\taxidriverhk_nopaths\0lane_barrierfortonkin.sli
1095330490
-
-
Splines\taxidriverhk_nopaths\0lane_crash_barrier.sli
1194157250
-
-
Sceneryobjects\Generic\bus_stop.sco
1351774414
1351774414
-1
