Sceneryobjects\3dtranstudio\hkstreet\ground_busstop2 (2).sco
1345259080
1345259080
-1
Sceneryobjects\3dtranstudio\hkstreet\ground_busstop3.sco
1063489771
1063489771
-1
Sceneryobjects\3dtranstudio\hkstreet\ground_slow.sco
1063473224
1063473224
-1
Sceneryobjects\3dtranstudio\hkstreet\RHD_ground_busstop4.sco
1345259081
1345259081
-1
Sceneryobjects\64K\Gate\Gate.sco
1250932845
1250932845
-1
Sceneryobjects\Buildings_MC\portao.sco
1226475078
1226475078
-1
Sceneryobjects\Busstop\bushut_2000_2.sco
1291017218
1291017218
-1
Sceneryobjects\FUZHOUCITY\Retractable door.sco
1162176265
1162176265
-1
Sceneryobjects\Generic\car_park.sco
1210215900
1210215900
-1
Sceneryobjects\Generic\entrypoint_bus.sco
1196580385
1196580385
-1
Sceneryobjects\HK roadsurface mark\hkroadsurf_byright.sco
1177328320
1177328320
-1
Sceneryobjects\HK roadsurface mark\hkroadsurf_giveway.sco
1177328320
1177328320
-1
Sceneryobjects\HK roadsurface mark\hkroadsurf_leftlane.sco
1177328320
1177328320
-1
Sceneryobjects\HKBTS_Building\Wong Tai Sin Building_1.sco
1353686603
1353686603
-1
Sceneryobjects\kelvin1324_Misc\bollard_HK_1_LeftArrow_.sco
1351811377
1351811377
-1
Sceneryobjects\kelvin1324_Misc\bollard_HK_1_NoArrow_.sco
1351811377
1351811377
-1
Sceneryobjects\KMB Bus stop Lollipop\Lollipop2x2NoBoardBase.sco
1252886804
1252886804
-1
Sceneryobjects\KMB Bus stop Lollipop\Lollipop3x3NoBoardBase.sco
1252879124
1252879124
-1
Sceneryobjects\KMB Bus stop Lollipop\Lollipop4x4NoBoard.sco
1252879121
1252879121
-1
Sceneryobjects\KMB Bus stop Lollipop\Lollipop4x4NoBoardBase.sco
1252879119
1252879119
-1
Sceneryobjects\KMB Bus stop Lollipop\Lollipop4x5NoBoardBase.sco
1252879138
1252879138
-1
Sceneryobjects\KMB Bus stop Lollipop\LollipopNoLP.sco
1252879129
1252879129
-1
Sceneryobjects\KMB Lollipop\Lollipop2x2Full.sco
1252832015
1252832015
-1
Sceneryobjects\Map E31\kfwallb.sco
1345503044
1345503044
-1
Sceneryobjects\Map E31\tcnbar.sco
1350527770
1350527770
-1
Sceneryobjects\Newtoen SHK-01\Wong Chuk Hang Hospital\WCHH_Gate.sco
1177328418
1177328418
-1
Sceneryobjects\ProjectTWS\F1sh\Choi Hung Estate substation small_.sco
1353144885
1353144885
-1
Sceneryobjects\ProjectTWS\F1sh\Choi Hung Estate substation_.sco
1353144890
1353144890
-1
Sceneryobjects\ProjectTWS\F1sh\Choi Hung Station_substation_.sco
1383549490
1383549490
-1
Sceneryobjects\ProjectTWS\F1sh\Koon Yat + Bun Yuet House Choi Wan Estate_.sco
1353233643
1353233643
-1
Sceneryobjects\ProjectTWS\F1sh\Ngau Chi Wan Village_2_.sco
1383549493
1383549493
-1
Sceneryobjects\SS_HKTrafficSign\RHD_Sign_Stop (135).sco
1053074266
1053074266
-1
Sceneryobjects\SS_HKTrafficSign\RHD_Sign_Stop (46).sco
1053072933
1053072933
-1
Sceneryobjects\SS_HKTrafficSign\RHD_Sign_Stop (73).sco
1053073248
1053073248
-1
Sceneryobjects\SS_HKTrafficSign\RHD_SS_Sign_PubLightBusesProh.sco
1053073907
1053073907
-1
Sceneryobjects\SS_HKTrafficSign\RHD_SS_Sign_Spd70.sco
1345259705
1345259705
-1
Sceneryobjects\SS_HKTrafficSign\SS_Pole_Grey (2).sco
1345259694
1345259694
-1
Sceneryobjects\SS_HKTrafficSign\SS_Pole_Grey.sco
1051658064
1051658064
-1
Sceneryobjects\SS_HKTrafficSign\SS_Sign_GiveWay.sco
1053072933
1053072933
-1
Sceneryobjects\SS_HKTrafficSign\SS_Sign_N_NoStop712LightBus.sco
1053073540
1053073540
-1
Sceneryobjects\SS_HKTrafficSign\SS_Sign_N_NoStop77.sco
1053073516
1053073516
-1
Sceneryobjects\SS_HKTrafficSign\SS_Sign_PedAhead (2).sco
1345259694
1345259694
-1
Sceneryobjects\SS_HKTrafficSign\SS_Sign_Spd70.sco
1053074266
1053074266
-1
Sceneryobjects\SS_HKTrafficSign\SS_Sign_TwoWayAhead (2).sco
1345259694
1345259694
-1
Sceneryobjects\STN\Objects\KMB_RestHouse.sco
1351837336
1351837336
-1
Sceneryobjects\Tai Po_BusStop\TaiPo_1980s\bushut_1980_large_3.sco
1232509856
1232509856
-1
Sceneryobjects\taxidriverhk\surfacemark_brokenlineforgiveway.sco
1291016917
1291016917
-1
Sceneryobjects\taxidriverhk\telephonebooth.sco
1291016875
1291016875
-1
Sceneryobjects\taxidriverhk_busstop\bushut_2000_10pole_noad.sco
1291017218
1291017218
-1
Sceneryobjects\taxidriverhk_busstop\bushut_2000_2.sco
1291017218
1291017218
-1
Sceneryobjects\taxidriverhk_busstop\bushut_2000_7pole.sco
1291017218
1291017218
-1
Sceneryobjects\taxidriverhk_kowlooncity\hunghom_hunghomestate_hungsinghouse.sco
1291264079
1291264079
-1
Sceneryobjects\taxidriverhk_signage\signage_getinlane.sco
1291264439
1291264439
-1
Sceneryobjects\taxidriverhk_signage\signage_reducespeednow.sco
1291264439
1291264439
-1
Sceneryobjects\taxidriverhk_tst_jordan\tst_mtr.sco
1291264531
1291264531
-1
Sceneryobjects\Trees_MC\RHD_tree_large_01.sco
1097248121
1097248121
-1
Sceneryobjects\Trees_MC\RHD_tree_large_05.sco
1097248121
1097248121
-1
Sceneryobjects\Trees_MC\shrubbery_01_05.sco
1181629421
1181629421
-1
Sceneryobjects\Trees_MC\tree_large_05.sco
1181629524
1181629524
-1
Sceneryobjects\UKDT\iomex\Flora 3\Hazel 1.sco
1280485216
1280485216
-1
Sceneryobjects\whistlehead originals\STI_gate.sco
1257256620
1257256620
-1
Splines\215x\rail_boxcut_concrete.sli
1353733506
-
-
Splines\215x\rm.sli
1353733506
-
-
Splines\gg_LHT\hillwall03.sli
1353727400
-
-
Splines\HKBTS_Spline\ChingCheungRd\asp1_shortdot_2Line1Way.sli
1354074774
-
-
Splines\HKBTS_Spline\ChingCheungRd\ChingCheungRd_3Lines1Way_whi_000_cone.sli
1353997680
-
-
Splines\HKSAR_Marcel\str_0spur_25m.sli
1177328544
-
-
Splines\HKSAR_Marcel\str_0spur_30m.sli
1177328544
-
-
Splines\kelvin1324\0lane_path_1o5m.sli
1449494577
-
-
Splines\kelvin1324\0lane_path_2m_NoYellowLine.sli
1358084234
-
-
Splines\kelvin1324\0lane_path_4m_AI_NoYellowLine.sli
1351837344
-
-
Splines\kelvin1324\0lane_path_4m_NoYellowLine.sli
1512746218
-
-
Splines\kelvin1324\0lane_path-ped5_10m_AI_NoYellowLine.sli
1358084233
-
-
Splines\kelvin1324\0lane_path-ped5_4m_AI_NoYellowLine.sli
1515499154
-
-
Splines\kelvin1324\0lane_path-ped5_4m_fence1_AI_NoYellowLine.sli
1358084233
-
-
Splines\kelvin1324\0lane_path-ped5_6m_NoYellowLine.sli
1515499191
-
-
Splines\kelvin1324\fence1_grey.sli
1358084236
-
-
Splines\kelvin1324\fence2_grey.sli
1358084236
-
-
Splines\London\btv\grass_50m.sli
1368919602
-
-
Splines\Map E31\citywalkb.sli
1428377621
-
-
Splines\taxidriverhk\1lane_roadonly_wide.sli
1353727447
-
-
Splines\taxidriverhk_nopaths\0lane_crash_barrier.sli
1353727451
-
-
Splines\taxidriverhk_nopaths\0lane_doublewhiteline_onesidebroken.sli
1353727451
-
-
Splines\taxidriverhk_nopaths\0lane_road_15mwide.sli
1353727451
-
-
Splines\taxidriverhk_nopaths\0lane_road_1mwide.sli
1151572055
-
-
Splines\taxidriverhk_nopaths\0lane_road_7mwide.sli
1353727451
-
-
Splines\taxidriverhk_nopaths\0lane_singlebrokenwhiteline.sli
1353727451
-
-
Splines\taxidriverhk_nopaths\0lane_singlebrokenwhiteline_frequent.sli
1353727451
-
-
Splines\taxidriverhk_nopaths\0lane_singlewhiteandyellowline.sli
1353727451
-
-
Splines\taxidriverhk_nopaths\0lane_singlewhiteline_thick.sli
1353727451
-
-
Splines\UKDT\Westcountry3\_Walls\totnes_riverwall.sli
1319317345
-
-
Sceneryobjects\Busstops_HK\people_standing_narrow.sco
1352925428
1352925428
-1
Sceneryobjects\Generic\bus_stop.sco
1210215889
1210215889
-1
Sceneryobjects\HKBTS_Building\Wong Tai Sin Building_2.sco
1353686603
1353686603
-1
Sceneryobjects\Streetobjects_RUE\sodiumlight_2L_break_L.sco
1031241799
1031241799
-1
Sceneryobjects\UKDT\iomex\Flora 3\Basswood Tree 1.sco
1280485216
1280485216
-1
Splines\kelvin1324\0lane_path-ped5_20m.sli
1358084233
-
-
Sceneryobjects\Generic\routearrow_dn.sco
1210215877
1210215877
-1
Sceneryobjects\Generic\routearrows_busstop.sco
1210216053
1210216053
-1
