Sceneryobjects\3dtranstudio\bridge_pier.sco
1056467393
1056467393
-1
Sceneryobjects\Ivan Object\CLP_.sco
1327263878
1327263878
-1
Sceneryobjects\kelvin1324_Misc\bollard_HK_1_NoArrow_.sco
1351811377
1351811377
-1
Sceneryobjects\KowloonEast_5_11\KowloonMTR11.sco
1187976249
1187976249
-1
Sceneryobjects\Map E31\Lkwsda.sco
1367898794
1367898794
-1
Sceneryobjects\Map E31\tcabr.sco
1346657724
1346657724
-1
Sceneryobjects\ProjectTWS\F1sh\Choi Hung Estate substation small_.sco
1353144885
1353144885
-1
Sceneryobjects\ProjectTWS\F1sh\ChoiHungEstate_2_.sco
1353259148
1353259148
-1
Sceneryobjects\ProjectTWS\F1sh\Hung Ngak House Choi Hung Estate_.sco
1353256235
1353256235
-1
Sceneryobjects\ProjectTWS\F1sh\Kam Wan House Choi Hung Estate_.sco
1353256237
1353256237
-1
Sceneryobjects\ProjectTWS\F1sh\Pik Hoi House Choi Hung Estate_.sco
1353256245
1353256245
-1
Sceneryobjects\ProjectTWS\UB1329\ChoiHungEstateFences.sco
1354465721
1354465721
-1
Sceneryobjects\Streetobjects_RUE\sodiumlight_2L_break_L.sco
1031241799
1031241799
-1
Sceneryobjects\Trees_MC\RHD_fir_medium_01.sco
1097248121
1097248121
-1
Sceneryobjects\Trees_MC\RHD_shrubbery_04_20.sco
1097248121
1097248121
-1
Sceneryobjects\Trees_MC\RHD_tree_large_01.sco
1097248121
1097248121
-1
Sceneryobjects\Trees_MC\RHD_tree_medium_07.sco
1097248122
1097248122
-1
Sceneryobjects\Trees_MC\tree_medium_05.sco
1181629490
1181629490
-1
Sceneryobjects\UD6473's_Object\Road_miscs\gantry_16m_body.sco
1352995131
1352995131
-1
Sceneryobjects\UKDT\iomex\Flora 3\Black Eyed Susans.sco
1280485216
1280485216
-1
Sceneryobjects\UKDT\iomex\Flora 3\Blue Jacaranda 1.sco
1280485216
1280485216
-1
Sceneryobjects\UKDT\iomex\Flora 3\Bougainvillea 1.sco
1280485216
1280485216
-1
Sceneryobjects\UKDT\iomex\Flora 3\Carnation.sco
1280485216
1280485216
-1
Sceneryobjects\UKDT\iomex\Flora 3\Chrysanthemum Red.sco
1280485216
1280485216
-1
Sceneryobjects\UKDT\iomex\Flora 3\Daisy.sco
1280485216
1280485216
-1
Splines\296d\Ldepot_aid.sli
1353733507
-
-
Splines\CDLX\Misc\whiteline_asphalt_patch_narrow.sli
1368620166
-
-
Splines\HKSAR_Marcel\str_0spur_4m.sli
1177328544
-
-
Splines\HKSAR_Marcel\str_0spur_7m.sli
1177328544
-
-
Splines\kelvin1324\0lane_barrier5_straight.sli
1358084233
-
-
Splines\kelvin1324\0lane_path-ped5_10m.sli
1358084233
-
-
Splines\kelvin1324\0lane_path-ped5_20m.sli
1358084233
-
-
Splines\kelvin1324\0lane_path-ped5_4m_AI.sli
1515499138
-
-
Splines\kelvin1324\0lane_path-ped5_6m_AI.sli
1515499170
-
-
Splines\kelvin1324\1lanes_dro_s3s_7m.sli
1358084235
-
-
Splines\kelvin1324\sp_WSCwall1.sli
1358084238
-
-
Splines\Map E31\Map E31\twrcbridge.sli
1464752953
-
-
Splines\Splines\kelvin1324\0lane_path-ped5_6m_NoYellowLine.sli
1348739485
-
-
Splines\Splines\kelvin1324\0lane_path-ped7_6m_fence1_AI.sli
1348739485
-
-
Splines\Splines\kelvin1324\1lanes_dro_s3s_4m.sli
1350111251
-
-
Splines\Splines\kelvin1324\1lanes_dro_s3s_7m.sli
1350111086
-
-
Splines\Splines\kelvin1324\Highway series\Tolo_RoadRailing&sidebeton.sli
1348739490
-
-
Splines\Splines\Splines\taxidriverhk_nopaths\0lane_wstonebarriernoped.sli
1194539413
-
-
Splines\Splines\TaiPoProject_Highway\0lanes_Tolo_nopath_verynarrow.sli
1352894850
-
-
Splines\Splines\TaiPoProject_Highway\Standard 4m\1lines_Wide_1mShou_1mMed.sli
1416714288
-
-
Splines\Splines\taxidriverhk\taxidriverhk\taxidriverhk\taxidriverhk\0lane_pedonly_concrete.sli
1312790251
-
-
Splines\Splines\taxidriverhk\taxidriverhk\taxidriverhk\taxidriverhk\0lane_pedonly_concrete_narrow.sli
1312790251
-
-
Splines\Splines\taxidriverhk\taxidriverhk\taxidriverhk\taxidriverhk\0lane_singlewhiteline.sli
1312790251
-
-
Splines\Splines\taxidriverhk\taxidriverhk\taxidriverhk\taxidriverhk\2lanes_chathamroad_flyover_oneway.sli
1193232115
-
-
Splines\Splines\taxidriverhk\taxidriverhk\taxidriverhk\taxidriverhk\3lanes_wstonebarriernoped_half.sli
1312790256
-
-
Splines\Splines\taxidriverhk\taxidriverhk\taxidriverhk\taxidriverhk\4lanes_wstonebarriernoped_half.sli
1090352506
-
-
Splines\TaiPoProject_Highway\Line_str_BrokenSingleLine.sli
1358102678
-
-
Splines\taxidriverhk\0lane_pedonly_concrete_nocurb.sli
1353727447
-
-
Splines\taxidriverhk\1lane_roadonly.sli
1353727447
-
-
Splines\taxidriverhk\2lanes_oneway_noped_doublewhiteline.sli
1353727447
-
-
Splines\taxidriverhk\taxidriverhk\taxidriverhk\taxidriverhk\taxidriverhk\1lane_chathamroad_flyover.sli
1312790255
-
-
Splines\taxidriverhk\taxidriverhk\taxidriverhk\taxidriverhk\taxidriverhk\6lanes_3+3_flyover.sli
1312790256
-
-
Splines\taxidriverhk_nopaths\0lane_barrierfornathan.sli
1353727451
-
-
Splines\taxidriverhk_nopaths\0lane_crash_barrier.sli
1353727451
-
-
Splines\taxidriverhk_nopaths\0lane_doublewhiteline_onesidebroken.sli
1353727451
-
-
Splines\taxidriverhk_nopaths\0lane_road_1mwide.sli
1151572055
-
-
Splines\taxidriverhk_nopaths\0lane_singlebrokenline_nonfrequent.sli
1353727451
-
-
Splines\taxidriverhk_nopaths\0lane_singlewhiteline_thick.sli
1353727451
-
-
Sceneryobjects\Generic\routearrow_dn.sco
1210215877
1210215877
-1
Splines\kelvin1324\0lane_path-ped5_6m_NoYellowLine.sli
1515499191
-
-
Splines\kelvin1324\0lane_path-ped7_6m_fence1_AI.sli
1358084233
-
-
Splines\kelvin1324\1lanes_dro_s3s_4m.sli
1358084235
-
-
Splines\kelvin1324\Highway series\Tolo_RoadRailing&sidebeton.sli
1358084240
-
-
Splines\Map E31\twrcbridge.sli
1464752953
-
-
Splines\TaiPoProject_Highway\0lanes_Tolo_nopath_verynarrow.sli
1358102678
-
-
Splines\TaiPoProject_Highway\Standard 4m\1lines_Wide_1mShou_1mMed.sli
1358102679
-
-
Splines\taxidriverhk\0lane_pedonly_concrete.sli
1353727447
-
-
Splines\taxidriverhk\0lane_pedonly_concrete_narrow.sli
1353727447
-
-
Splines\taxidriverhk\0lane_singlewhiteline.sli
1353727447
-
-
Splines\taxidriverhk\1lane_chathamroad_flyover.sli
1353727447
-
-
Splines\taxidriverhk\2lanes_chathamroad_flyover_oneway.sli
1353727447
-
-
Splines\taxidriverhk\3lanes_wstonebarriernoped_half.sli
1353727448
-
-
Splines\taxidriverhk\4lanes_wstonebarriernoped_half.sli
1353727448
-
-
Splines\taxidriverhk\6lanes_3+3_flyover.sli
1353727448
-
-
Splines\taxidriverhk_nopaths\0lane_wstonebarriernoped.sli
1353727451
-
-
