Sceneryobjects\3dtranstudio\hkstreet\ground_busstop1.sco
1063489763
1063489763
-1
Sceneryobjects\3dtranstudio\hkstreet\ground_busstop3.sco
1063489771
1063489771
-1
Sceneryobjects\3dtranstudio\hkstreet\ground_busstop4.sco
1063489776
1063489776
-1
Sceneryobjects\3dtranstudio\safe.sco
1053255857
1053255857
-1
Sceneryobjects\Busstops_HK\Bus_hut_temp_M_green.sco
1352925427
1352925427
-1
Sceneryobjects\Busstops_HK\people_standing_narrow.sco
1352925428
1352925428
-1
Sceneryobjects\CDLX\KMB\GlassLollipop3x3NoBase.sco
1280988112
1280988112
-1
Sceneryobjects\CDLX\KMB\NewLollipop2x2NoBase.sco
1282491267
1282491267
-1
Sceneryobjects\CDLX\KMB\NewLollipop2x2NoBoardBase.sco
1279668362
1279668362
-1
Sceneryobjects\Generic\bus_stop.sco
1210215889
1210215889
-1
Sceneryobjects\Generic\entrypoint_bus.sco
1210215900
1210215900
-1
Sceneryobjects\Generic\routearrow_dn.sco
1210215877
1210215877
-1
Sceneryobjects\Generic\routearrow_L.sco
1210215940
1210215940
-1
Sceneryobjects\Generic\routearrows_busstop.sco
1210216053
1210216053
-1
Sceneryobjects\M3 Traffic Light AI\1Av_1St_1_Car1.sco
1345259634
1345259634
-1
Sceneryobjects\Mice122 Production\HK_Objects\FlashLight\FL_Base.sco
1351811415
1351811415
-1
Sceneryobjects\Mice122 Production\HK_Objects\FlashLight\FL_Body.sco
1351811415
1351811415
-1
Sceneryobjects\Mice122 Production\HK_Objects\FlashLight\FL_holder_N.sco
1351811415
1351811415
-1
Sceneryobjects\Mice122 Production\HK_Objects\SpeedCam\Spdcam_body.sco
1351811415
1351811415
-1
Sceneryobjects\Mice122 Production\HK_Objects\SpeedCam\Spdcam_L_holder_N.sco
1351811415
1351811415
-1
Sceneryobjects\Mice122 Production\HK_Objects\SpeedCam\Spdcam_Std_body.sco
1351811415
1351811415
-1
Sceneryobjects\SS_HKTrafficSign\SS_Pole_Green.sco
1051658049
1051658049
-1
Sceneryobjects\SS_HKTrafficSign\SS_Pole_Grey.sco
1051658064
1051658064
-1
Sceneryobjects\SS_HKTrafficSign\SS_Sign_AllVehProh.sco
1053070999
1053070999
-1
Sceneryobjects\SS_HKTrafficSign\SS_Sign_GiveWay.sco
1053072933
1053072933
-1
Sceneryobjects\SS_HKTrafficSign\SS_Sign_L_ExceptFranBuses.sco
1063680521
1063680521
-1
Sceneryobjects\SS_HKTrafficSign\SS_Sign_L_Left.sco
1063680562
1063680562
-1
Sceneryobjects\SS_HKTrafficSign\SS_Sign_N_NoStop712LightBus.sco
1053073540
1053073540
-1
Sceneryobjects\SS_HKTrafficSign\SS_Sign_N_NoStop81057.sco
1053073581
1053073581
-1
Sceneryobjects\SS_HKTrafficSign\SS_Sign_N_NoStop81057C.sco
1053073584
1053073584
-1
Sceneryobjects\SS_HKTrafficSign\SS_Sign_N_NoStopEnd.sco
1053073432
1053073432
-1
Sceneryobjects\SS_HKTrafficSign\SS_Sign_N_NoStopEndLightBus.sco
1053073420
1053073420
-1
Sceneryobjects\SS_HKTrafficSign\SS_Sign_NoEntry.sco
1053073669
1053073669
-1
Sceneryobjects\SS_HKTrafficSign\SS_Sign_NoRightTurn.sco
1053073650
1053073650
-1
Sceneryobjects\SS_HKTrafficSign\SS_Sign_NoUTurns.sco
1053073851
1053073851
-1
Sceneryobjects\SS_HKTrafficSign\SS_Sign_TurnLeft.sco
1053074420
1053074420
-1
Sceneryobjects\Streetobjects_RUE\sodiumlight_2L_break_L.sco
1031241799
1031241799
-1
Sceneryobjects\Streetobjects_RUE\sodiumlight_L_break_L.sco
1031241524
1031241524
-1
Sceneryobjects\taxidriverhk\island_small.sco
1291016761
1291016761
-1
Sceneryobjects\taxidriverhk_hkwk_lite\bushut_1980_large.sco
1291263115
1291263115
-1
Sceneryobjects\taxidriverhk_hkwk_lite\bushut_1980_large_2.sco
1291017218
1291017218
-1
Sceneryobjects\taxidriverhk_hkwk_lite\bushut_1990.sco
1291017218
1291017218
-1
Sceneryobjects\taxidriverhk_hkwk_lite\bushut_2000_2.sco
1291017218
1291017218
-1
Sceneryobjects\taxidriverhk_hkwk_lite\bushut_2000_2_noads.sco
1291017218
1291017218
-1
Sceneryobjects\taxidriverhk_hkwk_lite\bushut_2000_7pole.sco
1291017218
1291017218
-1
Sceneryobjects\taxidriverhk_hkwk_lite\bushut_laikok.sco
1291017218
1291017218
-1
Sceneryobjects\taxidriverhk_hkwk_lite\busstop_caution.sco
1291017218
1291017218
-1
Sceneryobjects\taxidriverhk_hkwk_lite\busstop_laikokbt.sco
1291017218
1291017218
-1
Sceneryobjects\taxidriverhk_hkwk_lite\busstop_stone.sco
1291017218
1291017218
-1
Sceneryobjects\taxidriverhk_hkwk_lite\csw_csw-and-tonkin.sco
1291017926
1291017926
-1
Sceneryobjects\taxidriverhk_hkwk_lite\csw_kts.sco
1291017928
1291017928
-1
Sceneryobjects\taxidriverhk_hkwk_lite\csw_stthomas.sco
1291017930
1291017930
-1
Sceneryobjects\taxidriverhk_hkwk_lite\csw_yeekok.sco
1291017934
1291017934
-1
Sceneryobjects\taxidriverhk_hkwk_lite\csw_yeekok_surroundings.sco
1291017935
1291017935
-1
Sceneryobjects\taxidriverhk_hkwk_lite\endofbarrierfortrees.sco
1291016857
1291016857
-1
Sceneryobjects\taxidriverhk_hkwk_lite\fence_1.sco
1226588946
1226588946
-1
Sceneryobjects\taxidriverhk_hkwk_lite\fence_2.sco
1226589147
1226589147
-1
Sceneryobjects\taxidriverhk_hkwk_lite\kmb_regulator_room_nologo.sco
1291017218
1291017218
-1
Sceneryobjects\taxidriverhk_hkwk_lite\lck_laikok_2.sco
1291018002
1291018002
-1
Sceneryobjects\taxidriverhk_hkwk_lite\lck_laikok_3.sco
1291018003
1291018003
-1
Sceneryobjects\taxidriverhk_hkwk_lite\lck_laikok_4.sco
1291018007
1291018007
-1
Sceneryobjects\taxidriverhk_hkwk_lite\lck_laikok_9.sco
1291018009
1291018009
-1
Sceneryobjects\taxidriverhk_hkwk_lite\lck_laikokbt.sco
1291018013
1291018013
-1
Sceneryobjects\taxidriverhk_hkwk_lite\signage_csw_15.sco
1291264439
1291264439
-1
Sceneryobjects\taxidriverhk_hkwk_lite\tonkin_csw_mtr.sco
1291018058
1291018058
-1
Sceneryobjects\taxidriverhk_hkwk_lite\tonkin_cswest.sco
1291018060
1291018060
-1
Sceneryobjects\taxidriverhk_hkwk_lite\tonkin_endofbarrierfortonkin.sco
1291018061
1291018061
-1
Sceneryobjects\taxidriverhk_hkwk_lite\tonkin_hipwo.sco
1291018063
1291018063
-1
Sceneryobjects\taxidriverhk_hkwk_lite\tonkin_nullah.sco
1291018075
1291018075
-1
Sceneryobjects\taxidriverhk_hkwk_lite\tonkin_tonkin-and-fukwing.sco
1291018091
1291018091
-1
Sceneryobjects\taxidriverhk_hkwk_lite\tonkin_unhimhouse.sco
1291018099
1291018099
-1
Sceneryobjects\taxidriverhk_hkwk_lite\tonkin_unmunhouse.sco
1291018099
1291018099
-1
Sceneryobjects\taxidriverhk_hkwk_lite\tonkin_unwaihouse.sco
1291018100
1291018100
-1
Sceneryobjects\taxidriverhk_hkwk_lite\tonkin_unyathouse.sco
1291018101
1291018101
-1
Sceneryobjects\taxidriverhk_hkwk_lite\uc_247.sco
1291017856
1291017856
-1
Sceneryobjects\taxidriverhk_hkwk_lite\uc_299.sco
1291017858
1291017858
-1
Sceneryobjects\taxidriverhk_hkwk_lite\uc_unchau-and-tonkin.sco
1291017860
1291017860
-1
Sceneryobjects\taxidriverhk_hkwk_lite\uc_unchi.sco
1291018509
1291018509
-1
Sceneryobjects\Traffic_Light_HK_FF3170\Philips_car_standard_board.sco
1151181632
1151181632
-1
Sceneryobjects\Traffic_Light_HK_FF3170\Philips_car_standard_R_board.sco
1151561984
1151561984
-1
Sceneryobjects\Traffic_Light_HK_FF3170\Philips_car_standard_S_board.sco
1151561984
1151561984
-1
Sceneryobjects\Traffic_Light_HK_FF3170\Teletech_car_large.sco
1165108835
1165108835
-1
Sceneryobjects\Traffic_Light_HK_FF3170\Teletech_car_large_S.sco
1165110123
1165110123
-1
Sceneryobjects\Traffic_Light_HK_FF3170\Teletech_car_single_L_LM.sco
1165052504
1165052504
-1
Sceneryobjects\Traffic_Light_HK_FF3170\Teletech_car_standard.sco
1162295706
1162295706
-1
Sceneryobjects\Traffic_Light_HK_FF3170\Teletech_car_standard_R_RM.sco
1165115413
1165115413
-1
Sceneryobjects\Traffic_Light_HK_FF3170\Teletech_car_standard_S.sco
1165115073
1165115073
-1
Sceneryobjects\Traffic_Light_HK_FF3170\Teletech_car_standard_S_LM.sco
1165115173
1165115173
-1
Sceneryobjects\Traffic_Light_HK_FF3170\Teletech_car_standard_S_RM.sco
1165115182
1165115182
-1
Sceneryobjects\Traffic_Light_HK_FF3170\Teletech_P.sco
1165111819
1165111819
-1
Sceneryobjects\Traffic_Light_HK_FF3170\Teletech_P_LM.sco
1165112042
1165112042
-1
Sceneryobjects\Traffic_Light_HK_FF3170\Teletech_P_RM.sco
1165112051
1165112051
-1
Sceneryobjects\Trees_MC\RHD_tree_medium_07.sco
1097248122
1097248122
-1
Sceneryobjects\Trees_MC\shrubbery_03_20.sco
1181629521
1181629521
-1
Sceneryobjects\Trees_MC\shrubbery_04_20.sco
1181629421
1181629421
-1
Sceneryobjects\Trees_MC\tree_large_01.sco
1181629460
1181629460
-1
Sceneryobjects\Trees_MC\tree_large_02.sco
1181629467
1181629467
-1
Sceneryobjects\Trees_MC\tree_large_05.sco
1181629524
1181629524
-1
Sceneryobjects\Trees_MC\tree_medium_06.sco
1181629460
1181629460
-1
Sceneryobjects\Trees_MC\tree_medium_09.sco
1181629460
1181629460
-1
Sceneryobjects\Trees_MC\Tree_Small_06.sco
1181629490
1181629490
-1
Sceneryobjects\Trees_MC\Tree_Small_07.sco
1181629460
1181629460
-1
Sceneryobjects\Trees_MC\Tree_Small_09.sco
1181629490
1181629490
-1
Sceneryobjects\Trees_MC\Tree_Small_Nrw_01.sco
1181629524
1181629524
-1
Sceneryobjects\Verkehrszeichen_MC\Mast_Ampel_klein_1.sco
979934881
979934881
-1
Sceneryobjects\Verkehrszeichen_MC\VZ_surfmark_arrow_L.sco
1042379771
1042379771
-1
Sceneryobjects\Verkehrszeichen_MC\VZ_surfmark_arrow_R.sco
1042454964
1042454964
-1
Sceneryobjects\Verkehrszeichen_MC\VZ_surfmark_arrow_S.sco
1042454965
1042454965
-1
Sceneryobjects\Verkehrszeichen_MC\VZ_surfmark_arrow_SL.sco
1042454967
1042454967
-1
Sceneryobjects\Verkehrszeichen_MC\VZ_surfmark_arrow_SR.sco
1042454971
1042454971
-1
Splines\3dtranstudio\str_0spur_7m_hk.sli
1353727366
-
-
Splines\CDLX\Misc\KeepClearLineR.sli
1286480231
-
-
Splines\CDLX\Misc\whiteline.sli
1286433570
-
-
Splines\CDLX\Misc\whiteline_asphalt_patch_narrow.sli
1368620166
-
-
Splines\kelvin1324\fence1_grey.sli
1358084236
-
-
Splines\kelvin1324\fence2_grey.sli
1358084236
-
-
Splines\kelvin1324\line_plaind2r_cross_d2.sli
1358084237
-
-
Splines\Map E31\cswwalla.sli
1465164359
-
-
Splines\Map E31\cswwallb.sli
1465166758
-
-
Splines\Map E31\kwkbsb.sli
1368566949
-
-
Splines\taxidriverhk\0lane_singlebrokenwhiteline.sli
1353727447
-
-
Splines\taxidriverhk\1lane_pedonly.sli
1353727447
-
-
Splines\taxidriverhk\1lane_pedonly_concrete.sli
1353727447
-
-
Splines\taxidriverhk\1lane_pedonly_concrete_nocurb.sli
1353727447
-
-
Splines\taxidriverhk\3lanes_oneway_noped.sli
1353727448
-
-
Splines\taxidriverhk\3lanes_wbarriernoped_half.sli
1353727448
-
-
Splines\taxidriverhk\3lanes_wcurbnoped_half.sli
1353727448
-
-
Splines\taxidriverhk\3lanes_wstonebarriernoped_half.sli
1353727448
-
-
Splines\taxidriverhk\4lanes_wcurbnoped_half.sli
1353727448
-
-
Splines\taxidriverhk_nopaths\0lane_barriercover.sli
1353727451
-
-
Splines\taxidriverhk_nopaths\0lane_barrierfortonkin.sli
1353727451
-
-
Splines\taxidriverhk_nopaths\0lane_cswroadhedge.sli
1353727451
-
-
Splines\taxidriverhk_nopaths\0lane_pedonly.sli
1353727451
-
-
Splines\taxidriverhk_nopaths\0lane_pedonly_concrete.sli
1353727451
-
-
Splines\taxidriverhk_nopaths\0lane_pedonly_concrete_narrow.sli
1353727451
-
-
Splines\taxidriverhk_nopaths\0lane_pedonly_concrete_nocurb.sli
1353727451
-
-
Splines\taxidriverhk_nopaths\0lane_pedonly_concrete_nocurb_wide.sli
1353727451
-
-
Splines\taxidriverhk_nopaths\0lane_pedonly_nocurb.sli
1353727451
-
-
Splines\taxidriverhk_nopaths\0lane_singlewhiteline.sli
1353727451
-
-
Splines\taxidriverhk_nopaths\0lane_singleyellowline.sli
1353727451
-
-
Splines\taxidriverhk_nopaths\0lane_splineforbarrier.sli
1353727451
-
-
