Sceneryobjects\Generic\car_park.sco
1351774414
1351774414
-1
Sceneryobjects\Map E31\Mtbara.sco
1378843819
1378843819
-1
Sceneryobjects\Streetobjects_RUE\neonlight_L_bend_L.sco
1351811284
1351811284
-1
Sceneryobjects\taxidriverhk_hkwk_lite\chatham_crash_barrier_pole.sco
1291264289
1291264289
-1
Sceneryobjects\Trees_MC\RHD_tree_large_01.sco
1312789895
1312789895
-1
Sceneryobjects\Trees_MC\RHD_tree_large_02.sco
1312789895
1312789895
-1
Sceneryobjects\Trees_MC\RHD_tree_large_03.sco
1312789895
1312789895
-1
Sceneryobjects\Trees_MC\RHD_Tree_Small_06.sco
1312789895
1312789895
-1
Sceneryobjects\Trees_MC\RHD_Tree_Small_07.sco
1312789895
1312789895
-1
Splines\3dtranstudio\2line_1way.sli
1132015050
-
-
Splines\3dtranstudio\str_0spur_7m_gras.sli
1330907635
-
-
Splines\kelvin1324\0lane_barrier2_slope_1.8m.sli
1348739485
-
-
Splines\taxidriverhk\0lane_pedonly_concrete_narrow.sli
1126481448
-
-
Splines\taxidriverhk\1lane_pedonly_concrete.sli
1095543106
-
-
Splines\taxidriverhk_nopaths\0lane_barrierfortonkin.sli
1095330490
-
-
Splines\taxidriverhk_nopaths\0lane_crash_barrier.sli
1194157250
-
-
Splines\taxidriverhk_nopaths\0lane_pedonly_concrete_nocurb_wide.sli
1251169457
-
-
