Sceneryobjects\Map E31\Nlhf.sco
1386510127
1386510127
-1
Sceneryobjects\Streetobjects_RUE\neonlight_2L_bend_L.sco
1351811284
1351811284
-1
Sceneryobjects\taxidriverhk_hkwk_lite\chatham_crash_barrier_pole.sco
1291264289
1291264289
-1
Sceneryobjects\Trees_MC\RHD_tree_large_01.sco
1312789895
1312789895
-1
Sceneryobjects\Trees_MC\RHD_tree_large_02.sco
1312789895
1312789895
-1
Sceneryobjects\Trees_MC\RHD_tree_large_03.sco
1312789895
1312789895
-1
Sceneryobjects\Trees_MC\RHD_tree_medium_06.sco
1312789895
1312789895
-1
Splines\3dtranstudio\invis_street_2spur.sli
1222330849
-
-
Splines\3dtranstudio\str_0spur_20m_gras.sli
1344760663
-
-
Splines\3dtranstudio\str_0spur_40m_hk.sli
1192832538
-
-
Splines\3dtranstudio\str_0spur_4m_gras.sli
1331858713
-
-
Splines\kelvin1324\0lane_barrier2_slope_3.5m.sli
1348739485
-
-
Splines\kelvin1324\fence4_grey.sli
1348739488
-
-
Splines\taxidriverhk\0lane_splineforbarrier.sli
1090226248
-
-
Splines\taxidriverhk_nopaths\0lane_crash_barrier.sli
1194157250
-
-
Splines\taxidriverhk_nopaths\0lane_pedonly_concrete_nocurb.sli
1143154397
-
-
