Sceneryobjects\Map E31\dhlwall.sco
1348666113
1348666113
-1
Sceneryobjects\Trees_MC\RHD_tree_large_03.sco
1312789895
1312789895
-1
Sceneryobjects\Trees_MC\RHD_tree_large_05.sco
1312789895
1312789895
-1
Splines\3dtranstudio\2spur_7m_altonaer_d_noped.sli
1348648301
-
-
Splines\3dtranstudio\2way_2x2line_c_noped.sli
1196247872
-
-
Splines\3dtranstudio\pedonly_a - 4mtstrd.sli
1348665447
-
-
Splines\3dtranstudio\pedonly_a - 5mgras.sli
1348648757
-
-
Splines\3dtranstudio\pedonly_a - 5mtstrd.sli
1348665386
-
-
Splines\3dtranstudio\str_0spur_20m_hk.sli
1192832509
-
-
Splines\3dtranstudio\str_0spur_234m water.sli
1331198179
-
-
Splines\3dtranstudio\str_0spur_4m_hk.sli
1065025632
-
-
Splines\3dtranstudio\str_0spur_7m_hk.sli
1065008832
-
-
Splines\gg_LHT\hillwall03.sli
1099479638
-
-
Splines\M3_Spline\line_GV.sli
1177328550
-
-
Splines\M3_Spline\line_road.sli
1177328550
-
-
Splines\taxidriverhk\1lane_roadonly_4mwide.sli
1095659955
-
-
Splines\taxidriverhk_nopaths\0lane_doublewhiteline - a.sli
1335646842
-
-
Splines\taxidriverhk_nopaths\taxidriverhk_nopaths\taxidriverhk_nopaths\taxidriverhk_nopaths\0lane_splineforbarrier.sli
1312790262
-
-
Sceneryobjects\Busstops_HK\people_standing_narrow.sco
1351811226
1351811226
-1
Sceneryobjects\Generic\bus_stop.sco
1351774414
1351774414
-1
Sceneryobjects\S1\Bus Stop\CTB S52\1.sco
1348929672
1348929672
-1
Sceneryobjects\Generic\routearrow_dn_dyn.sco
1351774415
1351774415
-1
Sceneryobjects\CDLX\KMB\Helper2x2.sco
1351811258
1351811258
-1
Sceneryobjects\taxidriverhk_hkwk_lite\chatham_crash_barrier_pole.sco
1291264289
1291264289
-1
Splines\kelvin1324\fence1_grey.sli
1348739488
-
-
Splines\taxidriverhk_nopaths\0lane_crash_barrier.sli
1194157250
-
-
