Sceneryobjects\11_City\KowloonMTR11.sco
1187976249
1187976249
-1
Sceneryobjects\HK roadsurface mark\hkroadsurf_leftlane.sco
1177328320
1177328320
-1
Sceneryobjects\Streetobjects_RUE\sodiumlight_2L_break_L.sco
1031241799
1031241799
-1
Sceneryobjects\taxidriverhk_kowlooncity\hunghom_metropolis_pole.sco
1291264301
1291264301
-1
Sceneryobjects\Trees_MC\RHD_shrubbery_04_20.sco
1097248121
1097248121
-1
Sceneryobjects\Trees_MC\RHD_tree_large_01.sco
1097248121
1097248121
-1
Sceneryobjects\Trees_MC\RHD_tree_large_02.sco
1097248121
1097248121
-1
Sceneryobjects\UKDT\iomex\Flora 3\Black Eyed Susans.sco
1280485216
1280485216
-1
Sceneryobjects\UKDT\iomex\Flora 3\Blue Jacaranda 1.sco
1280485216
1280485216
-1
Sceneryobjects\UKDT\iomex\Flora 3\Caragana 1.sco
1280485216
1280485216
-1
Sceneryobjects\UKDT\iomex\Flora 3\English Oak 1 6.sco
1280485216
1280485216
-1
Sceneryobjects\UKDT\iomex\Flora 3\European Beachgrass 1.sco
1280485216
1280485216
-1
Sceneryobjects\UKDT\iomex\Flora 3\Flowering Grass 1.sco
1280485216
1280485216
-1
Sceneryobjects\UKDT\iomex\Flora 3\Giant Miscanthus 1.sco
1280485216
1280485216
-1
Sceneryobjects\UKDT\iomex\Flora 3\Little Red Oleander 1.sco
1280485216
1280485216
-1
Sceneryobjects\UKDT\iomex\Flora 3\shrubbery_01_05.sco
1280485216
1280485216
-1
Sceneryobjects\UKDT\iomex\Flora 3\shrubbery_01_10.sco
1280485216
1280485216
-1
Sceneryobjects\UKDT\iomex\Flora 3\shrubbery_01_20.sco
1280485216
1280485216
-1
Splines\215x\rm.sli
1353733506
-
-
Splines\CDLX\Misc\whiteline_asphalt_patch_narrow.sli
1368620166
-
-
Splines\HKBTS_Spline\ChingCheungRd\ChingCheungRd_3Lines1Way_whi_000_cone.sli
1353997680
-
-
Splines\HKBTS_Spline\ChingCheungRd\con_1m.sli
1335625327
-
-
Splines\kelvin1324\0lane_barrier5_straight.sli
1358084233
-
-
Splines\kelvin1324\0lane_path_10m_AI_NoYellowLine.sli
1358084233
-
-
Splines\kelvin1324\0lane_path_2m_NoYellowLine.sli
1358084234
-
-
Splines\kelvin1324\0lane_path_6m_AI_NoYellowLine.sli
1514350408
-
-
Splines\kelvin1324\0lane_path_6m_NoYellowLine.sli
1514350429
-
-
Splines\Map E31\cswbridgea.sli
1465164957
-
-
Splines\Splines\gg_LHT\gg_LHT\hillwall04.sli
1321897632
-
-
Splines\Splines\kelvin1324\0lane_grass_1.5m_NoYellowLine_OneSide.sli
1348739485
-
-
Splines\Splines\kelvin1324\1lanes_dro_s3s_4m.sli
1350111251
-
-
Splines\Splines\kelvin1324\Highway series\Tolo_RoadRailing&sidebeton.sli
1348739490
-
-
Splines\Splines\kelvin1324\kelvin1324\kelvin1324\fence1_grey.sli
1312790120
-
-
Splines\Splines\Splines\taxidriverhk_nopaths\0lane_chathamflyover_curbonly.sli
1194160355
-
-
Splines\Splines\TaiPoProject_Highway\1lanes_Tolo_PSK.sli
1352894850
-
-
Splines\Splines\taxidriverhk\taxidriverhk\taxidriverhk\taxidriverhk\0lane_pedonly_concrete_narrow.sli
1312790251
-
-
Splines\Splines\taxidriverhk\taxidriverhk\taxidriverhk\taxidriverhk\3lanes_wstonebarriernoped_half.sli
1090858491
-
-
Splines\TaiPoProject_Highway\1lanes_Tolo.sli
1358102678
-
-
Splines\TaiPoProject_Highway\Line_str_BrokenSingleLine.sli
1358102678
-
-
Splines\taxidriverhk\0lane_pedonly_concrete_nocurb.sli
1353727447
-
-
Splines\taxidriverhk\1lane_pedonly_concrete.sli
1095590210
-
-
Splines\taxidriverhk\1lane_roadonly.sli
1353727447
-
-
Splines\taxidriverhk\1lane_roadonly_4mwide.sli
1353727447
-
-
Splines\taxidriverhk\1lane_roadonly_wide.sli
1353727447
-
-
Splines\taxidriverhk\6lanes_chathamroad_flyover_3+3.sli
1353727448
-
-
Splines\taxidriverhk_nopaths\0lane_bridgewallwing2.sli
1353727451
-
-
Splines\taxidriverhk_nopaths\0lane_crash_barrier.sli
1353727451
-
-
Splines\taxidriverhk_nopaths\0lane_hunghom_bridge.sli
1353727451
-
-
Splines\taxidriverhk_nopaths\0lane_retainingwall_4.sli
1143243723
-
-
Splines\taxidriverhk_nopaths\0lane_road_7mwide.sli
1353727451
-
-
Splines\taxidriverhk_nopaths\0lane_singlebrokenline_nonfrequent.sli
1353727451
-
-
Splines\taxidriverhk_nopaths\0lane_wstonebarriernoped.sli
1353727451
-
-
Sceneryobjects\kelvin1324_Misc\bollard_HK_1_NoArrow_.sco
1351811377
1351811377
-1
Sceneryobjects\NG1604's object\50 kmh.sco
1084137798
1084137798
-1
Sceneryobjects\SS_HKTrafficSign\RHD_SS_Sign_BendLeftAhead.sco
1345259704
1345259704
-1
Sceneryobjects\SS_HKTrafficSign\SS_Pole_Grey (2).sco
1345259694
1345259694
-1
Sceneryobjects\SS_HKTrafficSign\SS_Pole_Grey.sco
1051658064
1051658064
-1
Sceneryobjects\SS_HKTrafficSign\SS_Sign_Spd50 (2).sco
1345259694
1345259694
-1
Sceneryobjects\SS_HKTrafficSign\SS_Sign_Spd50.sco
1053074265
1053074265
-1
Sceneryobjects\taxidriverhk_signage\signage_50km_100mahead.sco
1291264439
1291264439
-1
Sceneryobjects\taxidriverhk_signage\signage_leftbend_doublearrow.sco
1291264439
1291264439
-1
Sceneryobjects\taxidriverhk_signage\signage_reducespeednow.sco
1291264439
1291264439
-1
Splines\HKSAR_Marcel\str_0spur_4m.sli
1177328544
-
-
Splines\kelvin1324\0lane_path-ped5_6m_fence1_AI_NoYellowLine.sli
1358084233
-
-
Splines\Splines\kelvin1324\1lanes_dro_s3s_7m.sli
1350111086
-
-
Splines\taxidriverhk_nopaths\0lane_doublewhiteline_onesidebroken.sli
1353727451
-
-
Splines\taxidriverhk_nopaths\0lane_road_1mwide.sli
1151572055
-
-
Splines\taxidriverhk_nopaths\0lane_singlewhiteline_thick.sli
1353727451
-
-
Splines\taxidriverhk_nopaths\0lane_singleyellowline.sli
1353727451
-
-
Sceneryobjects\Generic\routearrow_dn.sco
1210215877
1210215877
-1
Splines\gg_LHT\hillwall04.sli
1353727400
-
-
Splines\kelvin1324\0lane_grass_1.5m_NoYellowLine_OneSide.sli
1384931466
-
-
Splines\kelvin1324\1lanes_dro_s3s_4m.sli
1358084235
-
-
Splines\kelvin1324\1lanes_dro_s3s_7m.sli
1358084235
-
-
Splines\kelvin1324\fence1_grey.sli
1358084236
-
-
Splines\kelvin1324\Highway series\Tolo_RoadRailing&sidebeton.sli
1358084240
-
-
Splines\TaiPoProject_Highway\1lanes_Tolo_PSK.sli
1358102678
-
-
Splines\taxidriverhk\0lane_pedonly_concrete_narrow.sli
1353727447
-
-
Splines\taxidriverhk\3lanes_wstonebarriernoped_half.sli
1353727448
-
-
Splines\taxidriverhk_nopaths\0lane_chathamflyover_curbonly.sli
1353727451
-
-
