Sceneryobjects\3dtranstudio\bridge_pier.sco
1056467393
1056467393
-1
Sceneryobjects\3dtranstudio\hkstreet\ground_busstop1.sco
1063489763
1063489763
-1
Sceneryobjects\3dtranstudio\hkstreet\ground_busstop5.sco
1063490791
1063490791
-1
Sceneryobjects\48x\Hin Hing_.sco
1177328161
1177328161
-1
Sceneryobjects\48x\On Wing Cheong Wing_.sco
1177328161
1177328161
-1
Sceneryobjects\49x\chuk ming_.sco
1177328168
1177328168
-1
Sceneryobjects\49x\Shue_Lai_Hse_.sco
1177328168
1177328168
-1
Sceneryobjects\49x\tsuen pik_.sco
1177328168
1177328168
-1
Sceneryobjects\Busstops_HK\people_standing_narrow.sco
1352925428
1352925428
-1
Sceneryobjects\CDLX\KMB\Helper2x2.sco
1286053976
1286053976
-1
Sceneryobjects\CDLX\KMB\NewLollipop2x2LWBFull.sco
1282491296
1282491296
-1
Sceneryobjects\CDLX\KMB\NewLollipop2x2NoBase.sco
1282491267
1282491267
-1
Sceneryobjects\CDLX\KMB\NewLollipop2x2NoBoardBase.sco
1279668362
1279668362
-1
Sceneryobjects\CDLX\KMB\NewLollipop3x3NoBase.sco
1351837291
1351837291
-1
Sceneryobjects\CDLX\KMB\NewLollipop4x4NoBoardBase.sco
1281063004
1281063004
-1
Sceneryobjects\Generic\bus_stop.sco
1210215889
1210215889
-1
Sceneryobjects\Generic\routearrow_dn_dyn.sco
1210215940
1210215940
-1
Sceneryobjects\kelvin1324_Buildings\fs_NF191_bridge_pillar_.sco
1351811319
1351811319
-1
Sceneryobjects\M3 Traffic Light AI\2Av_1Ow_1_Car1.sco
1345259634
1345259634
-1
Sceneryobjects\M3 Traffic Light AI\2Av_1Ow_1_Car2.sco
1345259634
1345259634
-1
Sceneryobjects\M3 Traffic Light AI\2Av_1Ow_1_Car3.sco
1345259634
1345259634
-1
Sceneryobjects\M3 Traffic Light AI\2Ow_1_Car1.sco
1345259634
1345259634
-1
Sceneryobjects\M3 Traffic Light AI\2Ow_1_Car2.sco
1345259634
1345259634
-1
Sceneryobjects\Map E31\dhf.sco
1357949702
1357949702
-1
Sceneryobjects\Map E31\Strrb.sco
1379317435
1379317435
-1
Sceneryobjects\Map E31\Strrc.sco
1379319625
1379319625
-1
Sceneryobjects\Map E31\Strrd.sco
1381193027
1381193027
-1
Sceneryobjects\Map E31\Strrg.sco
1380738662
1380738662
-1
Sceneryobjects\Map E31\Strrh.sco
1380741544
1380741544
-1
Sceneryobjects\Map E31\tpole.sco
1331859116
1331859116
-1
Sceneryobjects\Streetobjects_RUE\neonlight_L_bend_L.sco
1030664421
1030664421
-1
Sceneryobjects\Streetobjects_RUE\single_pole.sco
1044220565
1044220565
-1
Sceneryobjects\taxidriverhk_busstop\bushut_2000_5pole_2.sco
1291017218
1291017218
-1
Sceneryobjects\taxidriverhk_hkwk_lite\gascoigne_gascoignebridge_railing_end.sco
1291264289
1291264289
-1
Sceneryobjects\taxidriverhk_hkwk_lite\gascoigne_gascoignebridge_railing_pole.sco
1291264289
1291264289
-1
Sceneryobjects\Traffic_Light_HK_FF3170\Teletech_car_large.sco
1165108835
1165108835
-1
Sceneryobjects\Trees_MC\RHD_tree_large_01.sco
1097248121
1097248121
-1
Sceneryobjects\Trees_MC\RHD_tree_large_02.sco
1097248121
1097248121
-1
Sceneryobjects\Trees_MC\RHD_tree_large_03.sco
1097248121
1097248121
-1
Sceneryobjects\Trees_MC\RHD_tree_medium_06.sco
1097248121
1097248121
-1
Sceneryobjects\Trees_MC\RHD_Tree_Small_01.sco
1097248122
1097248122
-1
Sceneryobjects\Trees_MC\RHD_Tree_Small_07.sco
1097248122
1097248122
-1
Sceneryobjects\Trees_MC\tree_medium_02.sco
1181629490
1181629490
-1
Splines\3dtranstudio\2line_1way _leftped.sli
1353727365
-
-
Splines\3dtranstudio\2line_1way.sli
1353727365
-
-
Splines\3dtranstudio\2spur_11m_altonaer_c.sli
1353727365
-
-
Splines\3dtranstudio\2spur_8m_altonaer_b_oneway.sli
1353727366
-
-
Splines\3dtranstudio\2spur_8m_altonaer_c.sli
1353727366
-
-
Splines\3dtranstudio\2way_2x2line_b.sli
1353727366
-
-
Splines\3dtranstudio\2way_2x2line_b_noped.sli
1353727366
-
-
Splines\3dtranstudio\2way_2x2line_c_noped.sli
1353727366
-
-
Splines\3dtranstudio\pedonly_a.sli
1353727366
-
-
Splines\3dtranstudio\str_0spur_20m_hk.sli
1353727366
-
-
Splines\3dtranstudio\str_0spur_20m_hkped.sli
1344670322
-
-
Splines\3dtranstudio\str_0spur_40m_hkped.sli
1345347077
-
-
Splines\3dtranstudio\str_0spur_4m_hk.sli
1353727366
-
-
Splines\3dtranstudio\str_0spur_7m_hk.sli
1353727366
-
-
Splines\kelvin1324\fence1_grey.sli
1358084236
-
-
Splines\M3_Spline\line_GV.sli
1312790127
-
-
Splines\M3_Spline\line_road.sli
1312790127
-
-
Splines\M3_Spline\line_white.sli
1312790127
-
-
Splines\M3_Spline\P_crossing.sli
1312790127
-
-
Splines\Map E31\kfebartw.sli
1380823571
-
-
Splines\Map E31\twdbridge.sli
1428381814
-
-
Splines\taxidriverhk\0lane_pedonly_concrete.sli
1353727447
-
-
Splines\taxidriverhk\0lane_pedonly_concrete_narrow.sli
1353727447
-
-
Splines\taxidriverhk\0lane_pedonly_concrete_narrow_nocurb.sli
1353727447
-
-
Splines\taxidriverhk\0lane_pedonly_concrete_nocurb.sli
1353727447
-
-
Splines\taxidriverhk\1lane_roadonly_4mwide.sli
1353727447
-
-
Splines\taxidriverhk\3lanes_gascoigneflyover.sli
1353727448
-
-
Splines\taxidriverhk_nopaths\0lane_bridgewallwing.sli
1353727451
-
-
Splines\taxidriverhk_nopaths\0lane_doublewhiteline.sli
1353727451
-
-
Splines\taxidriverhk_nopaths\0lane_pedonly_nocurb.sli
1353727451
-
-
Splines\taxidriverhk_nopaths\0lane_pedonly_nocurb_wide.sli
1353727451
-
-
Splines\taxidriverhk_nopaths\0lane_tsuiyu_barrier.sli
1353727451
-
-
Sceneryobjects\KMB Lollipop\Lollipop2x2NoBase.sco
1252832014
1252832014
-1
Sceneryobjects\KMB Lollipop\Lollipop3x3NoBoardBase.sco
1252832021
1252832021
-1
Sceneryobjects\KMB Lollipop\LollipopNoLP.sco
1252832026
1252832026
-1
Sceneryobjects\Generic\routearrows_busstop.sco
1210216053
1210216053
-1
