Sceneryobjects\296a\trainpower.sco
1183143275
1183143275
-1
Sceneryobjects\3dtranstudio\bridge_pier.sco
1056467393
1056467393
-1
Sceneryobjects\3dtranstudio\buildings\building_high01.sco
1063431857
1063431857
-1
Sceneryobjects\3dtranstudio\hkstreet\ground_busstop1.sco
1063489763
1063489763
-1
Sceneryobjects\3dtranstudio\hkstreet\ground_busstop5.sco
1063490791
1063490791
-1
Sceneryobjects\47X city\KCR_1\KCR_1_.sco
1277915569
1277915569
-1
Sceneryobjects\arisuhime_newobject\HoChuckCentre_.sco
1313763860
1313763860
-1
Sceneryobjects\arisuhime_newobject\HoChuckCentre_bridge_.sco
1313777931
1313777931
-1
Sceneryobjects\arisuhime_newobject\KFMTR_235M_.sco
1311876808
1311876808
-1
Sceneryobjects\arisuhime_newobject\KFMTR_32M_.sco
1311876808
1311876808
-1
Sceneryobjects\arisuhime_newobject\KFMTR_43M_.sco
1311876808
1311876808
-1
Sceneryobjects\arisuhime_newobject\KFMTR_58M58P260C_.sco
1311876808
1311876808
-1
Sceneryobjects\arisuhime_newobject\KFMTR_BTwall140_.sco
1311876808
1311876808
-1
Sceneryobjects\arisuhime_newobject\KFMTR_BTwall70_.sco
1311876808
1311876808
-1
Sceneryobjects\arisuhime_newobject\KFMTR_KwaiFong_.sco
1311876808
1311876808
-1
Sceneryobjects\arisuhime_newobject\KFMTR_mainbody_.sco
1311945571
1311945571
-1
Sceneryobjects\arisuhime_newobject\KFMTR_whitewall_1300_.sco
1313705226
1313705226
-1
Sceneryobjects\arisuhime_newobject\KFMTR_whitewall_2600_.sco
1313705226
1313705226
-1
Sceneryobjects\arisuhime_newobject\KTEst_BTwall140_.sco
1311876807
1311876807
-1
Sceneryobjects\arisuhime_newobject\KTEst_BTwall140-1400cm_.sco
1311914477
1311914477
-1
Sceneryobjects\arisuhime_newobject\KTEst_BTwall140-2660cm_.sco
1311914477
1311914477
-1
Sceneryobjects\arisuhime_newobject\KwaiTsuiEstate_terrace_.sco
1311876808
1311876808
-1
Sceneryobjects\arisuhime_newobject\PARKnSHOP_.sco
1313705226
1313705226
-1
Sceneryobjects\arisuhime_newobject\PH2_column_.sco
1177328195
1177328195
-1
Sceneryobjects\arisuhime_newobject\VISTACOVE_wall_.sco
1177328196
1177328196
-1
Sceneryobjects\arisuhime_TongLau\TongLau_1st-floor_03_.sco
1299031350
1299031350
-1
Sceneryobjects\arisuhime_TongLau\TongLau_shop_03_.sco
1299031074
1299031074
-1
Sceneryobjects\Busstops_HK\people_standing_narrow.sco
1352925428
1352925428
-1
Sceneryobjects\CDLX\KMB\Helper2x2.sco
1286053976
1286053976
-1
Sceneryobjects\CDLX\KMB\NewLollipop2x2LWBFull.sco
1282491296
1282491296
-1
Sceneryobjects\CDLX\KMB\NewLollipop2x2NoBase.sco
1282491267
1282491267
-1
Sceneryobjects\CDLX\KMB\NewLollipop2x2NoBoardBase.sco
1279668362
1279668362
-1
Sceneryobjects\CDLX\KMB\NewLollipop3x3NoBoardBase.sco
1279549492
1279549492
-1
Sceneryobjects\Generic\bus_stop.sco
1210215889
1210215889
-1
Sceneryobjects\Generic\entrypoint_bus.sco
1210215900
1210215900
-1
Sceneryobjects\Generic\routearrow_dn_dyn.sco
1210215940
1210215940
-1
Sceneryobjects\Generic\routearrow_L_dyn.sco
1210215890
1210215890
-1
Sceneryobjects\Generic\routearrow_R_dyn.sco
1210215940
1210215940
-1
Sceneryobjects\kelvin1324_Vehicles\Hong Kong Toyota_Coaster_Series7\parked_Van_Green_Series7_.sco
1265677270
1265677270
-1
Sceneryobjects\M3 Traffic Light AI\1Av_1St_1_Car1.sco
1345259634
1345259634
-1
Sceneryobjects\M3 Traffic Light AI\2Av_1Ow_1_Car1.sco
1345259634
1345259634
-1
Sceneryobjects\M3 Traffic Light AI\2Av_1Ow_1_Car2.sco
1345259634
1345259634
-1
Sceneryobjects\M3 Traffic Light AI\2Av_1Ow_1_Car3.sco
1345259634
1345259634
-1
Sceneryobjects\Map E31\htt.sco
1345002185
1345002185
-1
Sceneryobjects\Map E31\kcp.sco
1345684244
1345684244
-1
Sceneryobjects\Map E31\kfbar.sco
1345371087
1345371087
-1
Sceneryobjects\Map E31\kfdhw.sco
1345653579
1345653579
-1
Sceneryobjects\Map E31\kfeg.sco
1345370737
1345370737
-1
Sceneryobjects\Map E31\kfez.sco
1345630027
1345630027
-1
Sceneryobjects\Map E31\kfflya.sco
1345620636
1345620636
-1
Sceneryobjects\Map E31\kfflyb.sco
1345620645
1345620645
-1
Sceneryobjects\Map E31\kfmp.sco
1345891969
1345891969
-1
Sceneryobjects\Map E31\kfswalla.sco
1346084110
1346084110
-1
Sceneryobjects\Px\kmbbs_1_.sco
1177328426
1177328426
-1
Sceneryobjects\Streetobjects_RUE\single_pole.sco
1044220565
1044220565
-1
Sceneryobjects\taxidriverhk\island_small.sco
1291016761
1291016761
-1
Sceneryobjects\taxidriverhk_busstop\bushut_1980.sco
1291262948
1291262948
-1
Sceneryobjects\taxidriverhk_busstop\bushut_2000_5pole_2.sco
1291017218
1291017218
-1
Sceneryobjects\taxidriverhk_hkwk_lite\chatham_crash_barrier_pole.sco
1291264289
1291264289
-1
Sceneryobjects\taxidriverhk_tst_jordan\roadbarrier_1.sco
1312789878
1312789878
-1
Sceneryobjects\Traffic_Light_HK_FF3170\Teletech_car_large.sco
1165108835
1165108835
-1
Sceneryobjects\Trees_MC\RHD_tree_large_01.sco
1097248121
1097248121
-1
Sceneryobjects\Trees_MC\RHD_tree_large_03.sco
1097248121
1097248121
-1
Sceneryobjects\Trees_MC\RHD_tree_medium_06.sco
1097248121
1097248121
-1
Sceneryobjects\Trees_MC\RHD_Tree_Small_07.sco
1097248122
1097248122
-1
Splines\296a\train_bridge.sli
1183142279
-
-
Splines\3dtranstudio\2line_1way _leftped.sli
1353727365
-
-
Splines\3dtranstudio\2line_1way.sli
1353727365
-
-
Splines\3dtranstudio\2spur_11m_altonaer_d_noped.sli
1335606245
-
-
Splines\3dtranstudio\2spur_8m_altonaer_c_noped.sli
1353727366
-
-
Splines\3dtranstudio\2way_2x2line_c_noped.sli
1353727366
-
-
Splines\3dtranstudio\3dtranstudio\str_0spur_4m_hk.sli
1065025632
-
-
Splines\3dtranstudio\3line_1way.sli
1353727366
-
-
Splines\3dtranstudio\half_8m_altonaer_b.sli
1353727366
-
-
Splines\3dtranstudio\pedonly_a.sli
1353727366
-
-
Splines\3dtranstudio\str_0spur_20m_hk.sli
1353727366
-
-
Splines\3dtranstudio\str_0spur_20m_hkped.sli
1344670322
-
-
Splines\3dtranstudio\str_0spur_40m_hkped.sli
1345347077
-
-
Splines\3dtranstudio\str_0spur_4m_gras.sli
1353727366
-
-
Splines\3dtranstudio\str_0spur_4m_hk.sli
1353727366
-
-
Splines\3dtranstudio\str_0spur_7m_bar.sli
1345982917
-
-
Splines\3dtranstudio\str_0spur_7m_hk.sli
1353727366
-
-
Splines\HKF\KwaiTsuiEstate_BT.sli
1300995416
-
-
Splines\kelvin1324\0lane_barrier2_slope_1.8m.sli
1358084232
-
-
Splines\kelvin1324\0lane_barrier2_slope_3.5m.sli
1358084232
-
-
Splines\kelvin1324\fence1_grey.sli
1358084236
-
-
Splines\kelvin1324\fence2_grey.sli
1358084236
-
-
Splines\M3_Spline\line_GV.sli
1312790127
-
-
Splines\M3_Spline\line_road.sli
1312790127
-
-
Splines\M3_Spline\line_white.sli
1312790127
-
-
Splines\M3_Spline\P_crossing.sli
1312790127
-
-
Splines\Map E31\fencelk1.sli
1360308463
-
-
Splines\taxidriverhk\0lane_pedonly_concrete_narrow.sli
1353727447
-
-
Splines\taxidriverhk\0lane_pedonly_concrete_nocurb.sli
1353727447
-
-
Splines\taxidriverhk\0lane_pedonly_nocurb.sli
1353727447
-
-
Splines\taxidriverhk\1lane_roadonly_4mwide.sli
1353727447
-
-
Splines\taxidriverhk\2lanes_oneway_noped_6mwide.sli
1353727447
-
-
Splines\taxidriverhk\3lanes_oneway_noped_narrow.sli
1353727448
-
-
Splines\taxidriverhk_nopaths\0lane_barriercover.sli
1353727451
-
-
Splines\taxidriverhk_nopaths\0lane_barriercover_narrow.sli
1353727451
-
-
Splines\taxidriverhk_nopaths\0lane_barrierfornathan.sli
1353727451
-
-
Splines\taxidriverhk_nopaths\0lane_crash_barrier.sli
1353727451
-
-
Splines\taxidriverhk_nopaths\0lane_grasscover.sli
1353727451
-
-
Splines\taxidriverhk_nopaths\0lane_pedonly_concrete_narrow_nocurb.sli
1353727451
-
-
Splines\taxidriverhk_nopaths\0lane_pedonly_concrete_nocurb_wide.sli
1353727451
-
-
Splines\taxidriverhk_nopaths\0lane_pedonly_nocurb.sli
1353727451
-
-
Splines\taxidriverhk_nopaths\0lane_pedonly_nocurb_wide.sli
1353727451
-
-
Splines\taxidriverhk_nopaths\0lane_tsuiyu_barrier.sli
1353727451
-
-
Splines\taxidriverhk_nopaths\0lanes_oneway_meifooflyover_bottom.sli
1353727451
-
-
Splines\taxidriverhk_nopaths\taxidriverhk_nopaths\taxidriverhk_nopaths\taxidriverhk_nopaths\0lane_splineforbarrier.sli
1312790262
-
-
Vehicles\Toyota_Coaster_Series3-6_HK\parked_Van_Green_Series6_.sco
1348739878
1348739878
-1
Splines\taxidriverhk_nopaths\0lane_splineforbarrier.sli
1353727451
-
-
