Sceneryobjects\296a\obj_kt014.sco
1181921738
1181921738
-1
Sceneryobjects\296a\obj_kt015.sco
1181923063
1181923063
-1
Sceneryobjects\296a\obj_kt016.sco
1181968666
1181968666
-1
Sceneryobjects\296a\obj_kt017.sco
1181968845
1181968845
-1
Sceneryobjects\296a\obj_kt018.sco
1181969463
1181969463
-1
Sceneryobjects\296a\obj_kt019.sco
1181969752
1181969752
-1
Sceneryobjects\3dtranstudio\bridge_pier.sco
1056467393
1056467393
-1
Sceneryobjects\Coach2\Coach2_.sco
1353686548
1353686548
-1
Sceneryobjects\Coach2\Coach3_.sco
1353686548
1353686548
-1
Sceneryobjects\Coach2\Coach4_.sco
1253405371
1253405371
-1
Sceneryobjects\FUZHOUCITY\playground_1.sco
1177328292
1177328292
-1
Sceneryobjects\Generic\car_park.sco
1210215900
1210215900
-1
Sceneryobjects\kelvin1324_Buildings\tpc_Bridge_Lift_.sco
1351811320
1351811320
-1
Sceneryobjects\kelvin1324_Misc\bollard_HK_1_NoArrow_.sco
1351811377
1351811377
-1
Sceneryobjects\kelvin1324_Misc\HK Road Marking_TransDept Standard\HKRoadMarking_LookLeft_.sco
1351811378
1351811378
-1
Sceneryobjects\kelvin1324_Misc\HK Road Marking_TransDept Standard\HKRoadMarking_LookRight_.sco
1351811378
1351811378
-1
Sceneryobjects\M3 Traffic Light AI\1Av_1St_1_Car1.sco
1345259634
1345259634
-1
Sceneryobjects\M3 Traffic Light AI\1Av_2St_1_Car2.sco
1345259634
1345259634
-1
Sceneryobjects\M3 Traffic Light AI\1Av_2St_1_Car3.sco
1345259634
1345259634
-1
Sceneryobjects\M3 Traffic Light AI\2Av_2St_1_Car3.sco
1345259634
1345259634
-1
Sceneryobjects\ProjectTWS\F1sh\Grand Central\Grand Central_.sco
1413790233
1413790233
-1
Sceneryobjects\ProjectTWS\UB1329\Grand Central Base_.sco
1413707923
1413707923
-1
Sceneryobjects\ProjectTWS\UB1329\Yue Man Mansion_.sco
1413106773
1413106773
-1
Sceneryobjects\SS_HKTrafficSign\RHD_Sign_Stop (111).sco
1053073633
1053073633
-1
Sceneryobjects\SS_HKTrafficSign\RHD_Sign_Stop (22).sco
1053070980
1053070980
-1
Sceneryobjects\SS_HKTrafficSign\RHD_Sign_Stop (79).sco
1053073484
1053073484
-1
Sceneryobjects\SS_HKTrafficSign\RHD_SS_Pole_Grey.sco
1051658064
1051658064
-1
Sceneryobjects\SS_HKTrafficSign\RHD_SS_Sign_NoLeftTurn.sco
1345259705
1345259705
-1
Sceneryobjects\SS_HKTrafficSign\SS_Sign_N_In (2).sco
1345259694
1345259694
-1
Sceneryobjects\SS_HKTrafficSign\SS_Sign_N_NoStop24.sco
1053073489
1053073489
-1
Sceneryobjects\Streetobjects_RUE\neonlight_2L_bend_L.sco
1030664952
1030664952
-1
Sceneryobjects\Streetobjects_RUE\neonlight_L_bend_L.sco
1030664421
1030664421
-1
Sceneryobjects\taxidriverhk\surfacemark_brokenlineforgiveway.sco
1291016917
1291016917
-1
Sceneryobjects\taxidriverhk_kowlooncity\hunghom_construction_component_13.sco
1291264289
1291264289
-1
Sceneryobjects\taxidriverhk_kowlooncity\hunghom_construction_component_14.sco
1291264289
1291264289
-1
Sceneryobjects\taxidriverhk_kowlooncity\hunghom_construction_component_3.sco
1291264289
1291264289
-1
Sceneryobjects\taxidriverhk_kowlooncity\hunghom_construction_component_4.sco
1291264289
1291264289
-1
Sceneryobjects\taxidriverhk_kowlooncity\hunghom_construction_component_5.sco
1291264289
1291264289
-1
Sceneryobjects\Traffic_Light_HK_FF3170\Philips_box.sco
1151237984
1151237984
-1
Sceneryobjects\Traffic_Light_HK_FF3170\Philips_car_standard.sco
1149331922
1149331922
-1
Sceneryobjects\Traffic_Light_HK_FF3170\Philips_car_standard_board.sco
1151181632
1151181632
-1
Sceneryobjects\Traffic_Light_HK_FF3170\Philips_car_standard_L.sco
1149331984
1149331984
-1
Sceneryobjects\Traffic_Light_HK_FF3170\Philips_car_standard_R.sco
1149332002
1149332002
-1
Sceneryobjects\Traffic_Light_HK_FF3170\Philips_car_standard_S.sco
1149332005
1149332005
-1
Sceneryobjects\Traffic_Light_HK_FF3170\Philips_car_standard_S_board.sco
1151561984
1151561984
-1
Sceneryobjects\Traffic_Light_HK_FF3170\Philips_P.sco
1149053701
1149053701
-1
Sceneryobjects\Traffic_Light_HK_FF3170\Philips_P_LM.sco
1151167040
1151167040
-1
Sceneryobjects\Traffic_Light_HK_FF3170\Philips_P_RM.sco
1151167040
1151167040
-1
Sceneryobjects\Trees_MC\RHD_tree_large_01.sco
1097248121
1097248121
-1
Splines\296d\rm2.sli
1353733507
-
-
Splines\47x city\3line_1way.sli
1312790007
-
-
Splines\gg2_splines\hillwall03.sli
1312790059
-
-
Splines\kelvin1324\0lane_path_4m_fence1_NoYellowLine.sli
1358084234
-
-
Splines\kelvin1324\0lane_path-ped5_10m.sli
1358084233
-
-
Splines\kelvin1324\0lane_path-ped5_20m.sli
1358084233
-
-
Splines\kelvin1324\0lane_path-ped5_2m.sli
1358084233
-
-
Splines\kelvin1324\0lane_path-ped5_4m.sli
1515499146
-
-
Splines\kelvin1324\0lane_path-ped5_4m_AI_NoYellowLine.sli
1515499154
-
-
Splines\kelvin1324\0lane_path-ped5_4m_fence1_AI_NoYellowLine.sli
1358084233
-
-
Splines\kelvin1324\0lane_path-ped5_6m_fence1_NoYellowLine.sli
1358084233
-
-
Splines\kelvin1324\0lane_path-ped5_6m_NoYellowLine.sli
1515499191
-
-
Splines\kelvin1324\2lanes_dro2r.sli
1358084235
-
-
Splines\kelvin1324\fence1_grey.sli
1358084236
-
-
Splines\M3_Spline\P_crossing.sli
1312790127
-
-
Splines\Map E31\citywalkb.sli
1428377621
-
-
Splines\Splines\kelvin1324\0lane_path-ped5_6m_AI_NoYellowLine.sli
1348739485
-
-
Splines\Splines\kelvin1324\0lane_path-ped5_6m_fence1_AI_NoYellowLine.sli
1348739485
-
-
Splines\Splines\kelvin1324\fs_BusTerminusBridge_main.sli
1348739488
-
-
Splines\Splines\kelvin1324\Highway series\Tolo_RoadRailing&sidebeton.sli
1348739490
-
-
Splines\Splines\TaiPoProject_Highway\0lanes_Tolo_nopath_verynarrow.sli
1351837349
-
-
Splines\Splines\taxidriverhk\taxidriverhk\taxidriverhk\taxidriverhk\0lane_pedonly_concrete_narrow.sli
1312790251
-
-
Splines\Splines\taxidriverhk\taxidriverhk\taxidriverhk\taxidriverhk\0lane_pedonly_concrete_narrow_nocurb.sli
1312790251
-
-
Splines\Splines\taxidriverhk\taxidriverhk\taxidriverhk\taxidriverhk\0lane_singlewhiteline_thick.sli
1312790251
-
-
Splines\Splines\taxidriverhk\taxidriverhk\taxidriverhk\taxidriverhk\1lane_roadonly.sli
1312790255
-
-
Splines\Splines\taxidriverhk\taxidriverhk\taxidriverhk\taxidriverhk\4lanes_oneway_noped.sli
1086860924
-
-
Splines\taxidriverhk\0lane_construction.sli
1353727447
-
-
Splines\taxidriverhk\0lane_pedonly_concrete_nocurb.sli
1353727447
-
-
Splines\taxidriverhk\0lane_road_7mwide_red.sli
1353727447
-
-
Splines\taxidriverhk\2lanes_oneway_noped_wide.sli
1353727447
-
-
Splines\taxidriverhk\4lanes_oneway_noped.sli
1353727448
-
-
Splines\taxidriverhk_nopaths\0lane_barbedwire - lk.sli
1464817197
-
-
Splines\taxidriverhk_nopaths\0lane_barrierfornathan.sli
1353727451
-
-
Splines\taxidriverhk_nopaths\0lane_pedonly_concrete.sli
1353727451
-
-
Splines\taxidriverhk_nopaths\0lane_road_1mwide.sli
1151572055
-
-
Splines\taxidriverhk_nopaths\0lane_road_7mwide.sli
1353727451
-
-
Splines\taxidriverhk_nopaths\0lane_waterbarrier.sli
1353727451
-
-
Splines\tko\kttunnel02.sli
1181924134
-
-
Splines\UKDT\iomex\LH Roads v2\_Walls\Fake Warehouse Walls\White_Concrete_01.sli
1257273015
-
-
Sceneryobjects\296a\obj_kt020.sco
1181970138
1181970138
-1
Sceneryobjects\296a\obj_kt023.sco
1181980731
1181980731
-1
Sceneryobjects\Busstops_HK\people_standing_narrow.sco
1352925428
1352925428
-1
Sceneryobjects\Generic\bus_stop.sco
1210215889
1210215889
-1
Sceneryobjects\HK roadsurface mark\hkroadsurf_leftlane.sco
1177328320
1177328320
-1
Sceneryobjects\kelvin1324_Misc\HK Road Marking_TransDept Standard\HKRoadMarking_arrowStraight_.sco
1351811378
1351811378
-1
Sceneryobjects\kelvin1324_Misc\HK Road Marking_TransDept Standard\HKRoadMarking_arrowStraightLeft_.sco
1351811378
1351811378
-1
Sceneryobjects\kelvin1324_Misc\HK Road Marking_TransDept Standard\HKRoadMarking_Slow_.sco
1351811378
1351811378
-1
Sceneryobjects\KMB Bus stop Lollipop\Lollipop4x4NoBoardBase.sco
1252879119
1252879119
-1
Sceneryobjects\KMB Lollipop\Lollipop3x3NoBoardBase.sco
1252832021
1252832021
-1
Sceneryobjects\KMB Lollipop\LollipopNoLP.sco
1252832026
1252832026
-1
Sceneryobjects\M3 Traffic Light AI\1Av_1St_1_Car2.sco
1345259634
1345259634
-1
Sceneryobjects\M3 Traffic Light AI\1Av_2St_1_Car1.sco
1345259634
1345259634
-1
Sceneryobjects\SS_HKTrafficSign\RHD_Sign_Stop (106).sco
1053073669
1053073669
-1
Sceneryobjects\SS_HKTrafficSign\RHD_Sign_Stop (46).sco
1053072933
1053072933
-1
Sceneryobjects\SS_HKTrafficSign\RHD_Sign_Stop (67).sco
1063680578
1063680578
-1
Sceneryobjects\SS_HKTrafficSign\RHD_SS_Sign_BlackspotAhead.sco
1345259704
1345259704
-1
Sceneryobjects\SS_HKTrafficSign\RHD_SS_Sign_MergeTraFmRight.sco
1345259705
1345259705
-1
Sceneryobjects\SS_HKTrafficSign\SS_Sign_AheadOnly.sco
1053070980
1053070980
-1
Sceneryobjects\SS_HKTrafficSign\SS_Sign_L_Left (2).sco
1345259694
1345259694
-1
Sceneryobjects\SS_HKTrafficSign\SS_Sign_NoEntry (2).sco
1345259705
1345259705
-1
Sceneryobjects\SS_HKTrafficSign\SS_Sign_NoPedCyc (2).sco
1345259694
1345259694
-1
Sceneryobjects\SS_HKTrafficSign\SS_Sign_PedAhead (2).sco
1345259694
1345259694
-1
Sceneryobjects\SS_HKTrafficSign\SS_Sign_PubLightBusesProh (2).sco
1345259694
1345259694
-1
Sceneryobjects\SS_HKTrafficSign\SS_Sign_TurnLeft.sco
1053074420
1053074420
-1
Sceneryobjects\taxidriverhk_hkwk_lite\surfacemark_yellowbox_8mx4.3m.sco
1291016878
1291016878
-1
Sceneryobjects\Traffic_Light_HK_FF3170\Teletech_F.sco
1165109879
1165109879
-1
Sceneryobjects\Trees_MC\shrubbery_03_10.sco
1181629455
1181629455
-1
Splines\296a\rail_boxcut_concrete.sli
1181980953
-
-
Splines\296a\rail_boxcut_concrete_1tr6m.sli
1181923569
-
-
Splines\296a\rm2.sli
1181924509
-
-
Splines\296a\train_bridge.sli
1183142279
-
-
Splines\296a\train_bridge4.sli
1183142787
-
-
Splines\kelvin1324\0lane_path_2m_NoYellowLine.sli
1358084234
-
-
Splines\Splines\taxidriverhk\taxidriverhk\taxidriverhk\taxidriverhk\0lane_singlewhiteline.sli
1312790251
-
-
Splines\taxidriverhk\whiteline_asphalt_patch_narrow.sli
1368620154
-
-
Splines\taxidriverhk_nopaths\0lane_doublewhiteline.sli
1353727451
-
-
Splines\taxidriverhk_nopaths\0lane_doublewhiteline_onesidebroken.sli
1353727451
-
-
Splines\taxidriverhk_nopaths\0lane_pedonly_concrete_narrow_nocurb.sli
1353727451
-
-
Splines\taxidriverhk_nopaths\0lane_pedonly_concrete_nocurb.sli
1353727451
-
-
Splines\taxidriverhk_nopaths\0lane_pedonly_narrow.sli
1353727451
-
-
Splines\taxidriverhk_nopaths\0lane_road_15mwide.sli
1353727451
-
-
Splines\taxidriverhk_nopaths\0lane_singlewhiteline_thick.sli
1353727451
-
-
Sceneryobjects\Generic\routearrow_dn.sco
1210215877
1210215877
-1
Sceneryobjects\Generic\routearrows_busstop.sco
1210216053
1210216053
-1
Splines\kelvin1324\0lane_path-ped5_6m_AI_NoYellowLine.sli
1515499179
-
-
Splines\kelvin1324\0lane_path-ped5_6m_fence1_AI_NoYellowLine.sli
1358084233
-
-
Splines\kelvin1324\fs_BusTerminusBridge_main.sli
1495381133
-
-
Splines\kelvin1324\Highway series\Tolo_RoadRailing&sidebeton.sli
1358084240
-
-
Splines\TaiPoProject_Highway\0lanes_Tolo_nopath_verynarrow.sli
1358102678
-
-
Splines\taxidriverhk\0lane_pedonly_concrete_narrow.sli
1353727447
-
-
Splines\taxidriverhk\0lane_pedonly_concrete_narrow_nocurb.sli
1353727447
-
-
Splines\taxidriverhk\0lane_singlewhiteline.sli
1353727447
-
-
Splines\taxidriverhk\0lane_singlewhiteline_thick.sli
1353727447
-
-
Splines\taxidriverhk\1lane_roadonly.sli
1353727447
-
-
