Sceneryobjects\Map E31\tyundb.sco
1354726166
1354726166
-1
Sceneryobjects\Map E31\tyundc.sco
1354726171
1354726171
-1
Sceneryobjects\Map E31\tyundd.sco
1354726181
1354726181
-1
Splines\3dtranstudio\0lane_pedonly_gras_narrow.sli
1354150533
-
-
Splines\3dtranstudio\invis_street.sli
999109838
-
-
Splines\CDLX\Misc\whiteline.sli
1286433570
-
-
Splines\CDLX\Misc\whiteline_asphalt_patch.sli
1287285058
-
-
Splines\CDLX\TsuenWanRd\TsuenWanRd_TaiChungRd.sli
1288523176
-
-
Sceneryobjects\3dtranstudio\bridge_pier.sco
1056420289
1056420289
-1
Sceneryobjects\Trees_MC\RHD_tree_large_01.sco
1097248121
1097248121
-1
Sceneryobjects\Trees_MC\RHD_tree_large_02.sco
1097248121
1097248121
-1
Sceneryobjects\Trees_MC\tree_large_06.sco
1196580429
1196580429
-1
