Sceneryobjects\3dtranstudio\hkstreet\ground_busstop1.sco
1063459043
1063459043
-1
Sceneryobjects\3dtranstudio\hkstreet\ground_busstop2.sco
1063459046
1063459046
-1
Sceneryobjects\3dtranstudio\hkstreet\ground_busstop3.sco
1063459051
1063459051
-1
Sceneryobjects\3dtranstudio\hkstreet\ground_busstop4.sco
1063459056
1063459056
-1
Sceneryobjects\3dtranstudio\safe.sco
1053208753
1053208753
-1
Sceneryobjects\Busstops_HK\people_standing_narrow.sco
1067410857
1067410857
-1
Sceneryobjects\Generic\bus_stop.sco
1196580392
1196580392
-1
Sceneryobjects\Generic\car_park.sco
1196580424
1196580424
-1
Sceneryobjects\Generic\people_standing_small.sco
1196580424
1196580424
-1
Sceneryobjects\Generic\routearrow_dn.sco
1196580385
1196580385
-1
Sceneryobjects\Generic\routearrow_R.sco
1196580386
1196580386
-1
Sceneryobjects\Generic\routearrows_busstop.sco
1196580396
1196580396
-1
Sceneryobjects\Generic\routearrows_deadend.sco
1196580396
1196580396
-1
Sceneryobjects\Mice122 Production\HK_Lamp\lamp(y)Twins_T.sco
1149673861
1149673861
-1
Sceneryobjects\SS_HKTrafficSign\SS_Pole_Grey.sco
1051658064
1051658064
-1
Sceneryobjects\SS_HKTrafficSign\SS_Pole_Red.sco
1051658066
1051658066
-1
Sceneryobjects\SS_HKTrafficSign\SS_Pole_Yellow.sco
1051658063
1051658063
-1
Sceneryobjects\SS_HKTrafficSign\SS_Sign_AheadOnly.sco
1053070980
1053070980
-1
Sceneryobjects\SS_HKTrafficSign\SS_Sign_BendLeftAhead.sco
1053071022
1053071022
-1
Sceneryobjects\SS_HKTrafficSign\SS_Sign_BlackspotAhead.sco
1053071032
1053071032
-1
Sceneryobjects\SS_HKTrafficSign\SS_Sign_Children.sco
1053071113
1053071113
-1
Sceneryobjects\SS_HKTrafficSign\SS_Sign_GiveWay.sco
1053072933
1053072933
-1
Sceneryobjects\SS_HKTrafficSign\SS_Sign_L_ExceptAccess.sco
1063680468
1063680468
-1
Sceneryobjects\SS_HKTrafficSign\SS_Sign_L_Left.sco
1063680562
1063680562
-1
Sceneryobjects\SS_HKTrafficSign\SS_Sign_L_Right.sco
1063680578
1063680578
-1
Sceneryobjects\SS_HKTrafficSign\SS_Sign_LearnerProh.sco
1053073203
1053073203
-1
Sceneryobjects\SS_HKTrafficSign\SS_Sign_MergeTraLeft.sco
1053073258
1053073258
-1
Sceneryobjects\SS_HKTrafficSign\SS_Sign_N_NoStop712.sco
1053073523
1053073523
-1
Sceneryobjects\SS_HKTrafficSign\SS_Sign_N_NoStop712C.sco
1053073524
1053073524
-1
Sceneryobjects\SS_HKTrafficSign\SS_Sign_N_NoStop712CLightBus.sco
1053073531
1053073531
-1
Sceneryobjects\SS_HKTrafficSign\SS_Sign_N_NoStop77C.sco
1053073520
1053073520
-1
Sceneryobjects\SS_HKTrafficSign\SS_Sign_NoEntry.sco
1053073669
1053073669
-1
Sceneryobjects\SS_HKTrafficSign\SS_Sign_NoLeftTurn.sco
1053073606
1053073606
-1
Sceneryobjects\SS_HKTrafficSign\SS_Sign_NoUTurns.sco
1053073851
1053073851
-1
Sceneryobjects\SS_HKTrafficSign\SS_Sign_PubLightBusesProh.sco
1053073907
1053073907
-1
Sceneryobjects\SS_HKTrafficSign\SS_Sign_Stop.sco
1053074424
1053074424
-1
Sceneryobjects\SS_HKTrafficSign\SS_Sign_TraSignalAhead.sco
1053074472
1053074472
-1
Sceneryobjects\SS_HKTrafficSign\SS_Sign_TurnLeft.sco
1053074420
1053074420
-1
Sceneryobjects\SS_HKTrafficSign\SS_Sign_Weight55t.sco
1053074536
1053074536
-1
Sceneryobjects\Streetobjects_RUE\gibbet_beam.sco
1196580403
1196580403
-1
Sceneryobjects\Streetobjects_RUE\sodiumlight_L_break_L.sco
1196580395
1196580395
-1
Sceneryobjects\taxidriverhk_hkwk_lite\bushut_2000_12pole_2.sco
1291017218
1291017218
-1
Sceneryobjects\taxidriverhk_hkwk_lite\bushut_2000_7pole.sco
1291017218
1291017218
-1
Sceneryobjects\taxidriverhk_hkwk_lite\bushut_2000_7pole_2.sco
1291017218
1291017218
-1
Sceneryobjects\taxidriverhk_hkwk_lite\busstop_crystal.sco
1291262571
1291262571
-1
Sceneryobjects\taxidriverhk_hkwk_lite\busstop_crystal_freetex.sco
1291262573
1291262573
-1
Sceneryobjects\taxidriverhk_hkwk_lite\busstop_crystal2.sco
1291263125
1291263125
-1
Sceneryobjects\taxidriverhk_hkwk_lite\busstop_stone.sco
1291017218
1291017218
-1
Sceneryobjects\taxidriverhk_hkwk_lite\endofbarrierfortrees.sco
1291016857
1291016857
-1
Sceneryobjects\taxidriverhk_hkwk_lite\fence_1.sco
1226588946
1226588946
-1
Sceneryobjects\taxidriverhk_hkwk_lite\fence_2.sco
1226589147
1226589147
-1
Sceneryobjects\taxidriverhk_hkwk_lite\gascoigne_diocesan.sco
1291264079
1291264079
-1
Sceneryobjects\taxidriverhk_hkwk_lite\gascoigne_elizabeth.sco
1291264079
1291264079
-1
Sceneryobjects\taxidriverhk_hkwk_lite\gascoigne_gascoigne-and-chiwo.sco
1291264178
1291264178
-1
Sceneryobjects\taxidriverhk_hkwk_lite\gascoigne_gascoignebridge_elasticpole.sco
1291264301
1291264301
-1
Sceneryobjects\taxidriverhk_hkwk_lite\gascoigne_gascoignebridge_pillar.sco
1291264289
1291264289
-1
Sceneryobjects\taxidriverhk_hkwk_lite\gascoigne_gascoignebridge_railing_pole.sco
1291264289
1291264289
-1
Sceneryobjects\taxidriverhk_hkwk_lite\gascoigne_gunclub_1.sco
1291264079
1291264079
-1
Sceneryobjects\taxidriverhk_hkwk_lite\gascoigne_labour.sco
1291264079
1291264079
-1
Sceneryobjects\taxidriverhk_hkwk_lite\gascoigne_surfacemark_1.sco
1291264289
1291264289
-1
Sceneryobjects\taxidriverhk_hkwk_lite\island_small.sco
1291016761
1291016761
-1
Sceneryobjects\taxidriverhk_hkwk_lite\jordan_314.sco
1291264531
1291264531
-1
Sceneryobjects\taxidriverhk_hkwk_lite\jordan_333.sco
1291264531
1291264531
-1
Sceneryobjects\taxidriverhk_hkwk_lite\jordan_eaton.sco
1291264531
1291264531
-1
Sceneryobjects\taxidriverhk_hkwk_lite\jordan_gascoigne-and-nathan.sco
1291264586
1291264586
-1
Sceneryobjects\taxidriverhk_hkwk_lite\jordan_hks.sco
1291264531
1291264531
-1
Sceneryobjects\taxidriverhk_hkwk_lite\jordan_kimtak.sco
1291264531
1291264531
-1
Sceneryobjects\taxidriverhk_hkwk_lite\jordan_leonbon.sco
1291264531
1291264531
-1
Sceneryobjects\taxidriverhk_hkwk_lite\jordan_wingon.sco
1291264531
1291264531
-1
Sceneryobjects\taxidriverhk_hkwk_lite\signage_gascoigne_2.sco
1291264439
1291264439
-1
Sceneryobjects\taxidriverhk_hkwk_lite\signage_gascoigne_3.sco
1291264439
1291264439
-1
Sceneryobjects\taxidriverhk_hkwk_lite\signage_gascoigne_4.sco
1291264439
1291264439
-1
Sceneryobjects\taxidriverhk_hkwk_lite\surfacemark_brokenlineforgiveway.sco
1291016917
1291016917
-1
Sceneryobjects\taxidriverhk_hkwk_lite\surfacemark_doublelineforstop.sco
1291016916
1291016916
-1
Sceneryobjects\taxidriverhk_hkwk_lite\surfacemark_giveway.sco
1291016921
1291016921
-1
Sceneryobjects\taxidriverhk_hkwk_lite\surfacemark_giveway_small.sco
1291016920
1291016920
-1
Sceneryobjects\taxidriverhk_hkwk_lite\surfacemark_stop.sco
1291016919
1291016919
-1
Sceneryobjects\taxidriverhk_hkwk_lite\telephonebooth.sco
1291016875
1291016875
-1
Sceneryobjects\Traffic_Light_HK_FF3170\Philips_car_standard_board.sco
1151230789
1151230789
-1
Sceneryobjects\Traffic_Light_HK_FF3170\Philips_car_standard_S_board.sco
1151611147
1151611147
-1
Sceneryobjects\Traffic_Light_HK_FF3170\Teletech_car_standard.sco
1162295706
1162295706
-1
Sceneryobjects\Traffic_Light_HK_FF3170\Teletech_car_standard_LM.sco
1162295709
1162295709
-1
Sceneryobjects\Traffic_Light_HK_FF3170\Teletech_car_standard_RM.sco
1162295713
1162295713
-1
Sceneryobjects\Traffic_Light_HK_FF3170\Teletech_car_standard_S.sco
1165115074
1165115074
-1
Sceneryobjects\Traffic_Light_HK_FF3170\Teletech_P.sco
1165111819
1165111819
-1
Sceneryobjects\Traffic_Light_HK_FF3170\Teletech_P_LM.sco
1165112042
1165112042
-1
Sceneryobjects\Traffic_Light_HK_FF3170\Teletech_P_RM.sco
1165112052
1165112052
-1
Sceneryobjects\Trees_MC\shrubbery_04_10.sco
1196580395
1196580395
-1
Sceneryobjects\Trees_MC\shrubbery_04_20.sco
1196580397
1196580397
-1
Sceneryobjects\Trees_MC\tree_large_05.sco
1196580402
1196580402
-1
Sceneryobjects\Trees_MC\tree_large_06.sco
1196580429
1196580429
-1
Sceneryobjects\Trees_MC\tree_medium_05.sco
1196580407
1196580407
-1
Sceneryobjects\Trees_MC\tree_medium_06.sco
1196580429
1196580429
-1
Sceneryobjects\Trees_MC\Tree_Small_06.sco
1196580460
1196580460
-1
Sceneryobjects\Trees_MC\Tree_Small_07.sco
1196580407
1196580407
-1
Sceneryobjects\Verkehrszeichen_MC\Mast_Ampel_klein_1.sco
1196580402
1196580402
-1
Sceneryobjects\Verkehrszeichen_MC\VZ_surfmark_arrow_L.sco
1196580470
1196580470
-1
Sceneryobjects\Verkehrszeichen_MC\VZ_surfmark_arrow_R.sco
1196580407
1196580407
-1
Sceneryobjects\Verkehrszeichen_MC\VZ_surfmark_arrow_S.sco
1196580400
1196580400
-1
Sceneryobjects\Verkehrszeichen_MC\VZ_surfmark_arrow_SL.sco
1196580429
1196580429
-1
Sceneryobjects\Verkehrszeichen_MC\VZ_surfmark_arrow_SR.sco
1196580407
1196580407
-1
Splines\Marcel\invis_street.sli
1196580442
-
-
Splines\Marcel\str_0spur_4m.sli
1054705313
-
-
Splines\Marcel\str_0spur_7m.sli
1054705142
-
-
Splines\taxidriverhk\1lane_pedonly.sli
1090611022
-
-
Splines\taxidriverhk\1lane_pedonly_concrete.sli
1095590210
-
-
Splines\taxidriverhk\1lane_roadonly.sli
1086799912
-
-
Splines\taxidriverhk\1lane_roadonly_wide.sli
1087788400
-
-
Splines\taxidriverhk\1lane_wstonebarriernoped_half.sli
1191590757
-
-
Splines\taxidriverhk\2lanes_gascoigneflyover.sli
1192867680
-
-
Splines\taxidriverhk\2lanes_wbarriernoped_half.sli
1086946592
-
-
Splines\taxidriverhk\2lanes_wcurbnoped_half.sli
1090406584
-
-
Splines\taxidriverhk\3lanes_oneway_noped_narrow.sli
1090216699
-
-
Splines\taxidriverhk\3lanes_wbarriernoped_half.sli
1086944898
-
-
Splines\taxidriverhk\3lanes_wcurbnoped_half.sli
1094000376
-
-
Splines\taxidriverhk\4lanes_wstonebarriernoped_half.sli
1090352506
-
-
Splines\taxidriverhk_nopaths\0lane_barrierfornathan_2_half.sli
1089954807
-
-
Splines\taxidriverhk_nopaths\0lane_barrierfortrees.sli
1089825661
-
-
Splines\taxidriverhk_nopaths\0lane_construction.sli
1133739488
-
-
Splines\taxidriverhk_nopaths\0lane_doublewhiteline_onesidebroken.sli
1200840101
-
-
Splines\taxidriverhk_nopaths\0lane_doubleyellowline.sli
1122646158
-
-
Splines\taxidriverhk_nopaths\0lane_grasscover_narrow.sli
1190618515
-
-
Splines\taxidriverhk_nopaths\0lane_pedonly.sli
1086949679
-
-
Splines\taxidriverhk_nopaths\0lane_pedonly_concrete.sli
1122450006
-
-
Splines\taxidriverhk_nopaths\0lane_pedonly_concrete_narrow.sli
1126528552
-
-
Splines\taxidriverhk_nopaths\0lane_pedonly_narrow.sli
1133549820
-
-
Splines\taxidriverhk_nopaths\0lane_pedonly_nocurb_wide.sli
1184136138
-
-
Splines\taxidriverhk_nopaths\0lane_road_15mwide.sli
1133782256
-
-
Splines\taxidriverhk_nopaths\0lane_road_7mwide_red.sli
1125085192
-
-
Splines\taxidriverhk_nopaths\0lane_singlebrokenwhiteline_frequent.sli
1126528520
-
-
Splines\taxidriverhk_nopaths\0lane_singlewhiteline.sli
1122646063
-
-
Splines\taxidriverhk_nopaths\0lane_singleyellowline.sli
1122646105
-
-
Splines\taxidriverhk_nopaths\0lane_yenchowbarrier_narrow.sli
1186933645
-
-
Vehicles\MAN_F90\Man_parked_F90.sco
1190957833
1190957833
-1
