Splines\3dtranstudio\pedonly_a - 4mgras.sli
1364005776
-
-
Splines\3dtranstudio\str_0spur_4m_hk.sli
1065025632
-
-
Splines\3dtranstudio\str_0spur_7m_hk.sli
1065008832
-
-
Splines\CDLX\Misc\KeepClearArrow.sli
1286471801
-
-
Splines\CDLX\Misc\whiteline.sli
1286433570
-
-
Splines\CDLX\Misc\whiteline_asphalt_patch.sli
1287285058
-
-
Splines\CDLX\Misc\whiteline_asphalt_patch_narrow.sli
1368620166
-
-
Splines\gg2_splines\hillwall04.sli
1099939397
-
-
Splines\kelvin1324\2lanes_dro2r.sli
1348739488
-
-
Splines\kelvin1324\line_brokensingleline_cluster.sli
1348739488
-
-
Splines\kelvin1324\line_brokensingleline_short.sli
1348739488
-
-
Splines\Map E31\1way_1line_bridge_a_NLH_nobarrier.sli
1385213019
-
-
Splines\Map E31\1way_2line_noleft.sli
1385477187
-
-
Splines\Map E31\highway_acon_NLH.sli
1365805789
-
-
Splines\kelvin1324\0lane_grass_1.5m_NoYellowLine_OneSide.sli
1384931466
-
-
Splines\kelvin1324\3lanes_dro2r.sli
1348739488
-
-
Splines\kelvin1324\line_brokendoubleline_cluster.sli
1348739488
-
-
Splines\kelvin1324\line_brokenline_singleline.sli
1348739488
-
-
Splines\kelvin1324\line_brokensingleline.sli
1348739488
-
-
